[2021-09-06 14:19:06,787] {processor.py:162} INFO - Started process (PID=190) to work on /home/airflow/.local/lib/python3.8/site-packages/airflow/example_dags/example_skip_dag.py
[2021-09-06 14:19:06,788] {processor.py:613} INFO - Processing file /home/airflow/.local/lib/python3.8/site-packages/airflow/example_dags/example_skip_dag.py for tasks to queue
[2021-09-06 14:19:06,788] {logging_mixin.py:109} INFO - [2021-09-06 14:19:06,788] {dagbag.py:496} INFO - Filling up the DagBag from /home/airflow/.local/lib/python3.8/site-packages/airflow/example_dags/example_skip_dag.py
[2021-09-06 14:19:06,794] {processor.py:623} INFO - DAG(s) dict_keys(['example_skip_dag']) retrieved from /home/airflow/.local/lib/python3.8/site-packages/airflow/example_dags/example_skip_dag.py
[2021-09-06 14:19:07,825] {logging_mixin.py:109} INFO - [2021-09-06 14:19:07,825] {dag.py:1833} INFO - Sync 1 DAGs
[2021-09-06 14:19:07,829] {logging_mixin.py:109} INFO - [2021-09-06 14:19:07,829] {dag.py:1852} INFO - Creating ORM DAG for example_skip_dag
[2021-09-06 14:19:07,832] {logging_mixin.py:109} INFO - [2021-09-06 14:19:07,832] {dag.py:2306} INFO - Setting next_dagrun for example_skip_dag to 2021-09-04 00:00:00+00:00
[2021-09-06 14:19:07,837] {processor.py:170} INFO - Processing /home/airflow/.local/lib/python3.8/site-packages/airflow/example_dags/example_skip_dag.py took 1.051 seconds
[2021-09-06 14:19:37,964] {processor.py:162} INFO - Started process (PID=471) to work on /home/airflow/.local/lib/python3.8/site-packages/airflow/example_dags/example_skip_dag.py
[2021-09-06 14:19:37,964] {processor.py:613} INFO - Processing file /home/airflow/.local/lib/python3.8/site-packages/airflow/example_dags/example_skip_dag.py for tasks to queue
[2021-09-06 14:19:37,965] {logging_mixin.py:109} INFO - [2021-09-06 14:19:37,965] {dagbag.py:496} INFO - Filling up the DagBag from /home/airflow/.local/lib/python3.8/site-packages/airflow/example_dags/example_skip_dag.py
[2021-09-06 14:19:37,970] {processor.py:623} INFO - DAG(s) dict_keys(['example_skip_dag']) retrieved from /home/airflow/.local/lib/python3.8/site-packages/airflow/example_dags/example_skip_dag.py
[2021-09-06 14:19:37,980] {logging_mixin.py:109} INFO - [2021-09-06 14:19:37,980] {dag.py:1833} INFO - Sync 1 DAGs
[2021-09-06 14:19:37,985] {logging_mixin.py:109} INFO - [2021-09-06 14:19:37,985] {dag.py:2306} INFO - Setting next_dagrun for example_skip_dag to 2021-09-04 00:00:00+00:00
[2021-09-06 14:19:37,989] {processor.py:170} INFO - Processing /home/airflow/.local/lib/python3.8/site-packages/airflow/example_dags/example_skip_dag.py took 0.028 seconds
[2021-09-06 14:20:08,539] {processor.py:162} INFO - Started process (PID=524) to work on /home/airflow/.local/lib/python3.8/site-packages/airflow/example_dags/example_skip_dag.py
[2021-09-06 14:20:08,540] {processor.py:613} INFO - Processing file /home/airflow/.local/lib/python3.8/site-packages/airflow/example_dags/example_skip_dag.py for tasks to queue
[2021-09-06 14:20:08,540] {logging_mixin.py:109} INFO - [2021-09-06 14:20:08,540] {dagbag.py:496} INFO - Filling up the DagBag from /home/airflow/.local/lib/python3.8/site-packages/airflow/example_dags/example_skip_dag.py
[2021-09-06 14:20:08,545] {processor.py:623} INFO - DAG(s) dict_keys(['example_skip_dag']) retrieved from /home/airflow/.local/lib/python3.8/site-packages/airflow/example_dags/example_skip_dag.py
[2021-09-06 14:20:08,555] {logging_mixin.py:109} INFO - [2021-09-06 14:20:08,555] {dag.py:1833} INFO - Sync 1 DAGs
[2021-09-06 14:20:08,561] {logging_mixin.py:109} INFO - [2021-09-06 14:20:08,561] {dag.py:2306} INFO - Setting next_dagrun for example_skip_dag to 2021-09-04 00:00:00+00:00
[2021-09-06 14:20:08,573] {processor.py:170} INFO - Processing /home/airflow/.local/lib/python3.8/site-packages/airflow/example_dags/example_skip_dag.py took 0.035 seconds
[2021-09-06 14:20:39,127] {processor.py:162} INFO - Started process (PID=577) to work on /home/airflow/.local/lib/python3.8/site-packages/airflow/example_dags/example_skip_dag.py
[2021-09-06 14:20:39,127] {processor.py:613} INFO - Processing file /home/airflow/.local/lib/python3.8/site-packages/airflow/example_dags/example_skip_dag.py for tasks to queue
[2021-09-06 14:20:39,127] {logging_mixin.py:109} INFO - [2021-09-06 14:20:39,127] {dagbag.py:496} INFO - Filling up the DagBag from /home/airflow/.local/lib/python3.8/site-packages/airflow/example_dags/example_skip_dag.py
[2021-09-06 14:20:39,133] {processor.py:623} INFO - DAG(s) dict_keys(['example_skip_dag']) retrieved from /home/airflow/.local/lib/python3.8/site-packages/airflow/example_dags/example_skip_dag.py
[2021-09-06 14:20:39,143] {logging_mixin.py:109} INFO - [2021-09-06 14:20:39,143] {dag.py:1833} INFO - Sync 1 DAGs
[2021-09-06 14:20:39,149] {logging_mixin.py:109} INFO - [2021-09-06 14:20:39,149] {dag.py:2306} INFO - Setting next_dagrun for example_skip_dag to 2021-09-04 00:00:00+00:00
[2021-09-06 14:20:39,161] {processor.py:170} INFO - Processing /home/airflow/.local/lib/python3.8/site-packages/airflow/example_dags/example_skip_dag.py took 0.037 seconds
[2021-09-06 14:21:09,791] {processor.py:162} INFO - Started process (PID=630) to work on /home/airflow/.local/lib/python3.8/site-packages/airflow/example_dags/example_skip_dag.py
[2021-09-06 14:21:09,791] {processor.py:613} INFO - Processing file /home/airflow/.local/lib/python3.8/site-packages/airflow/example_dags/example_skip_dag.py for tasks to queue
[2021-09-06 14:21:09,791] {logging_mixin.py:109} INFO - [2021-09-06 14:21:09,791] {dagbag.py:496} INFO - Filling up the DagBag from /home/airflow/.local/lib/python3.8/site-packages/airflow/example_dags/example_skip_dag.py
[2021-09-06 14:21:09,796] {processor.py:623} INFO - DAG(s) dict_keys(['example_skip_dag']) retrieved from /home/airflow/.local/lib/python3.8/site-packages/airflow/example_dags/example_skip_dag.py
[2021-09-06 14:21:09,808] {logging_mixin.py:109} INFO - [2021-09-06 14:21:09,808] {dag.py:1833} INFO - Sync 1 DAGs
[2021-09-06 14:21:09,814] {logging_mixin.py:109} INFO - [2021-09-06 14:21:09,814] {dag.py:2306} INFO - Setting next_dagrun for example_skip_dag to 2021-09-04 00:00:00+00:00
[2021-09-06 14:21:09,826] {processor.py:170} INFO - Processing /home/airflow/.local/lib/python3.8/site-packages/airflow/example_dags/example_skip_dag.py took 0.037 seconds
[2021-09-06 14:21:40,473] {processor.py:162} INFO - Started process (PID=683) to work on /home/airflow/.local/lib/python3.8/site-packages/airflow/example_dags/example_skip_dag.py
[2021-09-06 14:21:40,474] {processor.py:613} INFO - Processing file /home/airflow/.local/lib/python3.8/site-packages/airflow/example_dags/example_skip_dag.py for tasks to queue
[2021-09-06 14:21:40,474] {logging_mixin.py:109} INFO - [2021-09-06 14:21:40,474] {dagbag.py:496} INFO - Filling up the DagBag from /home/airflow/.local/lib/python3.8/site-packages/airflow/example_dags/example_skip_dag.py
[2021-09-06 14:21:40,479] {processor.py:623} INFO - DAG(s) dict_keys(['example_skip_dag']) retrieved from /home/airflow/.local/lib/python3.8/site-packages/airflow/example_dags/example_skip_dag.py
[2021-09-06 14:21:40,489] {logging_mixin.py:109} INFO - [2021-09-06 14:21:40,489] {dag.py:1833} INFO - Sync 1 DAGs
[2021-09-06 14:21:40,495] {logging_mixin.py:109} INFO - [2021-09-06 14:21:40,495] {dag.py:2306} INFO - Setting next_dagrun for example_skip_dag to 2021-09-04 00:00:00+00:00
[2021-09-06 14:21:40,499] {processor.py:170} INFO - Processing /home/airflow/.local/lib/python3.8/site-packages/airflow/example_dags/example_skip_dag.py took 0.028 seconds
[2021-09-06 14:22:11,071] {processor.py:162} INFO - Started process (PID=736) to work on /home/airflow/.local/lib/python3.8/site-packages/airflow/example_dags/example_skip_dag.py
[2021-09-06 14:22:11,072] {processor.py:613} INFO - Processing file /home/airflow/.local/lib/python3.8/site-packages/airflow/example_dags/example_skip_dag.py for tasks to queue
[2021-09-06 14:22:11,072] {logging_mixin.py:109} INFO - [2021-09-06 14:22:11,072] {dagbag.py:496} INFO - Filling up the DagBag from /home/airflow/.local/lib/python3.8/site-packages/airflow/example_dags/example_skip_dag.py
[2021-09-06 14:22:11,077] {processor.py:623} INFO - DAG(s) dict_keys(['example_skip_dag']) retrieved from /home/airflow/.local/lib/python3.8/site-packages/airflow/example_dags/example_skip_dag.py
[2021-09-06 14:22:11,086] {logging_mixin.py:109} INFO - [2021-09-06 14:22:11,086] {dag.py:1833} INFO - Sync 1 DAGs
[2021-09-06 14:22:11,092] {logging_mixin.py:109} INFO - [2021-09-06 14:22:11,092] {dag.py:2306} INFO - Setting next_dagrun for example_skip_dag to 2021-09-04 00:00:00+00:00
[2021-09-06 14:22:11,104] {processor.py:170} INFO - Processing /home/airflow/.local/lib/python3.8/site-packages/airflow/example_dags/example_skip_dag.py took 0.035 seconds
[2021-09-06 14:22:41,604] {processor.py:162} INFO - Started process (PID=789) to work on /home/airflow/.local/lib/python3.8/site-packages/airflow/example_dags/example_skip_dag.py
[2021-09-06 14:22:41,605] {processor.py:613} INFO - Processing file /home/airflow/.local/lib/python3.8/site-packages/airflow/example_dags/example_skip_dag.py for tasks to queue
[2021-09-06 14:22:41,605] {logging_mixin.py:109} INFO - [2021-09-06 14:22:41,605] {dagbag.py:496} INFO - Filling up the DagBag from /home/airflow/.local/lib/python3.8/site-packages/airflow/example_dags/example_skip_dag.py
[2021-09-06 14:22:41,609] {processor.py:623} INFO - DAG(s) dict_keys(['example_skip_dag']) retrieved from /home/airflow/.local/lib/python3.8/site-packages/airflow/example_dags/example_skip_dag.py
[2021-09-06 14:22:41,619] {logging_mixin.py:109} INFO - [2021-09-06 14:22:41,619] {dag.py:1833} INFO - Sync 1 DAGs
[2021-09-06 14:22:41,625] {logging_mixin.py:109} INFO - [2021-09-06 14:22:41,625] {dag.py:2306} INFO - Setting next_dagrun for example_skip_dag to 2021-09-04 00:00:00+00:00
[2021-09-06 14:22:41,637] {processor.py:170} INFO - Processing /home/airflow/.local/lib/python3.8/site-packages/airflow/example_dags/example_skip_dag.py took 0.034 seconds
[2021-09-06 14:23:12,228] {processor.py:162} INFO - Started process (PID=842) to work on /home/airflow/.local/lib/python3.8/site-packages/airflow/example_dags/example_skip_dag.py
[2021-09-06 14:23:12,228] {processor.py:613} INFO - Processing file /home/airflow/.local/lib/python3.8/site-packages/airflow/example_dags/example_skip_dag.py for tasks to queue
[2021-09-06 14:23:12,228] {logging_mixin.py:109} INFO - [2021-09-06 14:23:12,228] {dagbag.py:496} INFO - Filling up the DagBag from /home/airflow/.local/lib/python3.8/site-packages/airflow/example_dags/example_skip_dag.py
[2021-09-06 14:23:12,234] {processor.py:623} INFO - DAG(s) dict_keys(['example_skip_dag']) retrieved from /home/airflow/.local/lib/python3.8/site-packages/airflow/example_dags/example_skip_dag.py
[2021-09-06 14:23:12,244] {logging_mixin.py:109} INFO - [2021-09-06 14:23:12,244] {dag.py:1833} INFO - Sync 1 DAGs
[2021-09-06 14:23:12,250] {logging_mixin.py:109} INFO - [2021-09-06 14:23:12,250] {dag.py:2306} INFO - Setting next_dagrun for example_skip_dag to 2021-09-04 00:00:00+00:00
[2021-09-06 14:23:12,262] {processor.py:170} INFO - Processing /home/airflow/.local/lib/python3.8/site-packages/airflow/example_dags/example_skip_dag.py took 0.036 seconds
[2021-09-06 14:23:42,824] {processor.py:162} INFO - Started process (PID=896) to work on /home/airflow/.local/lib/python3.8/site-packages/airflow/example_dags/example_skip_dag.py
[2021-09-06 14:23:42,824] {processor.py:613} INFO - Processing file /home/airflow/.local/lib/python3.8/site-packages/airflow/example_dags/example_skip_dag.py for tasks to queue
[2021-09-06 14:23:42,824] {logging_mixin.py:109} INFO - [2021-09-06 14:23:42,824] {dagbag.py:496} INFO - Filling up the DagBag from /home/airflow/.local/lib/python3.8/site-packages/airflow/example_dags/example_skip_dag.py
[2021-09-06 14:23:42,830] {processor.py:623} INFO - DAG(s) dict_keys(['example_skip_dag']) retrieved from /home/airflow/.local/lib/python3.8/site-packages/airflow/example_dags/example_skip_dag.py
[2021-09-06 14:23:42,839] {logging_mixin.py:109} INFO - [2021-09-06 14:23:42,839] {dag.py:1833} INFO - Sync 1 DAGs
[2021-09-06 14:23:42,845] {logging_mixin.py:109} INFO - [2021-09-06 14:23:42,845] {dag.py:2306} INFO - Setting next_dagrun for example_skip_dag to 2021-09-04 00:00:00+00:00
[2021-09-06 14:23:42,856] {processor.py:170} INFO - Processing /home/airflow/.local/lib/python3.8/site-packages/airflow/example_dags/example_skip_dag.py took 0.035 seconds
[2021-09-06 14:24:13,484] {processor.py:162} INFO - Started process (PID=950) to work on /home/airflow/.local/lib/python3.8/site-packages/airflow/example_dags/example_skip_dag.py
[2021-09-06 14:24:13,484] {processor.py:613} INFO - Processing file /home/airflow/.local/lib/python3.8/site-packages/airflow/example_dags/example_skip_dag.py for tasks to queue
[2021-09-06 14:24:13,484] {logging_mixin.py:109} INFO - [2021-09-06 14:24:13,484] {dagbag.py:496} INFO - Filling up the DagBag from /home/airflow/.local/lib/python3.8/site-packages/airflow/example_dags/example_skip_dag.py
[2021-09-06 14:24:13,489] {processor.py:623} INFO - DAG(s) dict_keys(['example_skip_dag']) retrieved from /home/airflow/.local/lib/python3.8/site-packages/airflow/example_dags/example_skip_dag.py
[2021-09-06 14:24:13,501] {logging_mixin.py:109} INFO - [2021-09-06 14:24:13,501] {dag.py:1833} INFO - Sync 1 DAGs
[2021-09-06 14:24:13,509] {logging_mixin.py:109} INFO - [2021-09-06 14:24:13,509] {dag.py:2306} INFO - Setting next_dagrun for example_skip_dag to 2021-09-04 00:00:00+00:00
[2021-09-06 14:24:13,521] {processor.py:170} INFO - Processing /home/airflow/.local/lib/python3.8/site-packages/airflow/example_dags/example_skip_dag.py took 0.039 seconds
[2021-09-06 14:24:44,063] {processor.py:162} INFO - Started process (PID=1003) to work on /home/airflow/.local/lib/python3.8/site-packages/airflow/example_dags/example_skip_dag.py
[2021-09-06 14:24:44,064] {processor.py:613} INFO - Processing file /home/airflow/.local/lib/python3.8/site-packages/airflow/example_dags/example_skip_dag.py for tasks to queue
[2021-09-06 14:24:44,064] {logging_mixin.py:109} INFO - [2021-09-06 14:24:44,064] {dagbag.py:496} INFO - Filling up the DagBag from /home/airflow/.local/lib/python3.8/site-packages/airflow/example_dags/example_skip_dag.py
[2021-09-06 14:24:44,069] {processor.py:623} INFO - DAG(s) dict_keys(['example_skip_dag']) retrieved from /home/airflow/.local/lib/python3.8/site-packages/airflow/example_dags/example_skip_dag.py
[2021-09-06 14:24:44,079] {logging_mixin.py:109} INFO - [2021-09-06 14:24:44,079] {dag.py:1833} INFO - Sync 1 DAGs
[2021-09-06 14:24:44,085] {logging_mixin.py:109} INFO - [2021-09-06 14:24:44,085] {dag.py:2306} INFO - Setting next_dagrun for example_skip_dag to 2021-09-04 00:00:00+00:00
[2021-09-06 14:24:44,097] {processor.py:170} INFO - Processing /home/airflow/.local/lib/python3.8/site-packages/airflow/example_dags/example_skip_dag.py took 0.036 seconds
[2021-09-06 14:25:14,661] {processor.py:162} INFO - Started process (PID=1056) to work on /home/airflow/.local/lib/python3.8/site-packages/airflow/example_dags/example_skip_dag.py
[2021-09-06 14:25:14,661] {processor.py:613} INFO - Processing file /home/airflow/.local/lib/python3.8/site-packages/airflow/example_dags/example_skip_dag.py for tasks to queue
[2021-09-06 14:25:14,661] {logging_mixin.py:109} INFO - [2021-09-06 14:25:14,661] {dagbag.py:496} INFO - Filling up the DagBag from /home/airflow/.local/lib/python3.8/site-packages/airflow/example_dags/example_skip_dag.py
[2021-09-06 14:25:14,668] {processor.py:623} INFO - DAG(s) dict_keys(['example_skip_dag']) retrieved from /home/airflow/.local/lib/python3.8/site-packages/airflow/example_dags/example_skip_dag.py
[2021-09-06 14:25:14,679] {logging_mixin.py:109} INFO - [2021-09-06 14:25:14,679] {dag.py:1833} INFO - Sync 1 DAGs
[2021-09-06 14:25:14,685] {logging_mixin.py:109} INFO - [2021-09-06 14:25:14,684] {dag.py:2306} INFO - Setting next_dagrun for example_skip_dag to 2021-09-04 00:00:00+00:00
[2021-09-06 14:25:14,696] {processor.py:170} INFO - Processing /home/airflow/.local/lib/python3.8/site-packages/airflow/example_dags/example_skip_dag.py took 0.037 seconds
[2021-09-06 14:25:45,236] {processor.py:162} INFO - Started process (PID=1109) to work on /home/airflow/.local/lib/python3.8/site-packages/airflow/example_dags/example_skip_dag.py
[2021-09-06 14:25:45,236] {processor.py:613} INFO - Processing file /home/airflow/.local/lib/python3.8/site-packages/airflow/example_dags/example_skip_dag.py for tasks to queue
[2021-09-06 14:25:45,237] {logging_mixin.py:109} INFO - [2021-09-06 14:25:45,236] {dagbag.py:496} INFO - Filling up the DagBag from /home/airflow/.local/lib/python3.8/site-packages/airflow/example_dags/example_skip_dag.py
[2021-09-06 14:25:45,241] {processor.py:623} INFO - DAG(s) dict_keys(['example_skip_dag']) retrieved from /home/airflow/.local/lib/python3.8/site-packages/airflow/example_dags/example_skip_dag.py
[2021-09-06 14:25:45,251] {logging_mixin.py:109} INFO - [2021-09-06 14:25:45,251] {dag.py:1833} INFO - Sync 1 DAGs
[2021-09-06 14:25:45,257] {logging_mixin.py:109} INFO - [2021-09-06 14:25:45,257] {dag.py:2306} INFO - Setting next_dagrun for example_skip_dag to 2021-09-04 00:00:00+00:00
[2021-09-06 14:25:45,269] {processor.py:170} INFO - Processing /home/airflow/.local/lib/python3.8/site-packages/airflow/example_dags/example_skip_dag.py took 0.034 seconds
[2021-09-06 14:26:15,828] {processor.py:162} INFO - Started process (PID=1162) to work on /home/airflow/.local/lib/python3.8/site-packages/airflow/example_dags/example_skip_dag.py
[2021-09-06 14:26:15,829] {processor.py:613} INFO - Processing file /home/airflow/.local/lib/python3.8/site-packages/airflow/example_dags/example_skip_dag.py for tasks to queue
[2021-09-06 14:26:15,829] {logging_mixin.py:109} INFO - [2021-09-06 14:26:15,829] {dagbag.py:496} INFO - Filling up the DagBag from /home/airflow/.local/lib/python3.8/site-packages/airflow/example_dags/example_skip_dag.py
[2021-09-06 14:26:15,834] {processor.py:623} INFO - DAG(s) dict_keys(['example_skip_dag']) retrieved from /home/airflow/.local/lib/python3.8/site-packages/airflow/example_dags/example_skip_dag.py
[2021-09-06 14:26:15,845] {logging_mixin.py:109} INFO - [2021-09-06 14:26:15,845] {dag.py:1833} INFO - Sync 1 DAGs
[2021-09-06 14:26:15,851] {logging_mixin.py:109} INFO - [2021-09-06 14:26:15,851] {dag.py:2306} INFO - Setting next_dagrun for example_skip_dag to 2021-09-04 00:00:00+00:00
[2021-09-06 14:26:15,856] {processor.py:170} INFO - Processing /home/airflow/.local/lib/python3.8/site-packages/airflow/example_dags/example_skip_dag.py took 0.030 seconds
[2021-09-06 14:26:46,438] {processor.py:162} INFO - Started process (PID=1219) to work on /home/airflow/.local/lib/python3.8/site-packages/airflow/example_dags/example_skip_dag.py
[2021-09-06 14:26:46,439] {processor.py:613} INFO - Processing file /home/airflow/.local/lib/python3.8/site-packages/airflow/example_dags/example_skip_dag.py for tasks to queue
[2021-09-06 14:26:46,439] {logging_mixin.py:109} INFO - [2021-09-06 14:26:46,439] {dagbag.py:496} INFO - Filling up the DagBag from /home/airflow/.local/lib/python3.8/site-packages/airflow/example_dags/example_skip_dag.py
[2021-09-06 14:26:46,444] {processor.py:623} INFO - DAG(s) dict_keys(['example_skip_dag']) retrieved from /home/airflow/.local/lib/python3.8/site-packages/airflow/example_dags/example_skip_dag.py
[2021-09-06 14:26:46,454] {logging_mixin.py:109} INFO - [2021-09-06 14:26:46,454] {dag.py:1833} INFO - Sync 1 DAGs
[2021-09-06 14:26:46,460] {logging_mixin.py:109} INFO - [2021-09-06 14:26:46,460] {dag.py:2306} INFO - Setting next_dagrun for example_skip_dag to 2021-09-04 00:00:00+00:00
[2021-09-06 14:26:46,472] {processor.py:170} INFO - Processing /home/airflow/.local/lib/python3.8/site-packages/airflow/example_dags/example_skip_dag.py took 0.035 seconds
[2021-09-06 14:27:17,088] {processor.py:162} INFO - Started process (PID=1272) to work on /home/airflow/.local/lib/python3.8/site-packages/airflow/example_dags/example_skip_dag.py
[2021-09-06 14:27:17,089] {processor.py:613} INFO - Processing file /home/airflow/.local/lib/python3.8/site-packages/airflow/example_dags/example_skip_dag.py for tasks to queue
[2021-09-06 14:27:17,089] {logging_mixin.py:109} INFO - [2021-09-06 14:27:17,089] {dagbag.py:496} INFO - Filling up the DagBag from /home/airflow/.local/lib/python3.8/site-packages/airflow/example_dags/example_skip_dag.py
[2021-09-06 14:27:17,094] {processor.py:623} INFO - DAG(s) dict_keys(['example_skip_dag']) retrieved from /home/airflow/.local/lib/python3.8/site-packages/airflow/example_dags/example_skip_dag.py
[2021-09-06 14:27:17,104] {logging_mixin.py:109} INFO - [2021-09-06 14:27:17,104] {dag.py:1833} INFO - Sync 1 DAGs
[2021-09-06 14:27:17,109] {logging_mixin.py:109} INFO - [2021-09-06 14:27:17,109] {dag.py:2306} INFO - Setting next_dagrun for example_skip_dag to 2021-09-04 00:00:00+00:00
[2021-09-06 14:27:17,121] {processor.py:170} INFO - Processing /home/airflow/.local/lib/python3.8/site-packages/airflow/example_dags/example_skip_dag.py took 0.035 seconds
[2021-09-06 14:27:47,574] {processor.py:162} INFO - Started process (PID=1326) to work on /home/airflow/.local/lib/python3.8/site-packages/airflow/example_dags/example_skip_dag.py
[2021-09-06 14:27:47,574] {processor.py:613} INFO - Processing file /home/airflow/.local/lib/python3.8/site-packages/airflow/example_dags/example_skip_dag.py for tasks to queue
[2021-09-06 14:27:47,574] {logging_mixin.py:109} INFO - [2021-09-06 14:27:47,574] {dagbag.py:496} INFO - Filling up the DagBag from /home/airflow/.local/lib/python3.8/site-packages/airflow/example_dags/example_skip_dag.py
[2021-09-06 14:27:47,579] {processor.py:623} INFO - DAG(s) dict_keys(['example_skip_dag']) retrieved from /home/airflow/.local/lib/python3.8/site-packages/airflow/example_dags/example_skip_dag.py
[2021-09-06 14:27:47,588] {logging_mixin.py:109} INFO - [2021-09-06 14:27:47,588] {dag.py:1833} INFO - Sync 1 DAGs
[2021-09-06 14:27:47,594] {logging_mixin.py:109} INFO - [2021-09-06 14:27:47,594] {dag.py:2306} INFO - Setting next_dagrun for example_skip_dag to 2021-09-04 00:00:00+00:00
[2021-09-06 14:27:47,598] {processor.py:170} INFO - Processing /home/airflow/.local/lib/python3.8/site-packages/airflow/example_dags/example_skip_dag.py took 0.025 seconds
[2021-09-06 14:28:18,149] {processor.py:162} INFO - Started process (PID=1379) to work on /home/airflow/.local/lib/python3.8/site-packages/airflow/example_dags/example_skip_dag.py
[2021-09-06 14:28:18,149] {processor.py:613} INFO - Processing file /home/airflow/.local/lib/python3.8/site-packages/airflow/example_dags/example_skip_dag.py for tasks to queue
[2021-09-06 14:28:18,149] {logging_mixin.py:109} INFO - [2021-09-06 14:28:18,149] {dagbag.py:496} INFO - Filling up the DagBag from /home/airflow/.local/lib/python3.8/site-packages/airflow/example_dags/example_skip_dag.py
[2021-09-06 14:28:18,155] {processor.py:623} INFO - DAG(s) dict_keys(['example_skip_dag']) retrieved from /home/airflow/.local/lib/python3.8/site-packages/airflow/example_dags/example_skip_dag.py
[2021-09-06 14:28:18,165] {logging_mixin.py:109} INFO - [2021-09-06 14:28:18,165] {dag.py:1833} INFO - Sync 1 DAGs
[2021-09-06 14:28:18,171] {logging_mixin.py:109} INFO - [2021-09-06 14:28:18,171] {dag.py:2306} INFO - Setting next_dagrun for example_skip_dag to 2021-09-04 00:00:00+00:00
[2021-09-06 14:28:18,183] {processor.py:170} INFO - Processing /home/airflow/.local/lib/python3.8/site-packages/airflow/example_dags/example_skip_dag.py took 0.036 seconds
[2021-09-06 14:28:48,739] {processor.py:162} INFO - Started process (PID=1432) to work on /home/airflow/.local/lib/python3.8/site-packages/airflow/example_dags/example_skip_dag.py
[2021-09-06 14:28:48,740] {processor.py:613} INFO - Processing file /home/airflow/.local/lib/python3.8/site-packages/airflow/example_dags/example_skip_dag.py for tasks to queue
[2021-09-06 14:28:48,740] {logging_mixin.py:109} INFO - [2021-09-06 14:28:48,740] {dagbag.py:496} INFO - Filling up the DagBag from /home/airflow/.local/lib/python3.8/site-packages/airflow/example_dags/example_skip_dag.py
[2021-09-06 14:28:48,745] {processor.py:623} INFO - DAG(s) dict_keys(['example_skip_dag']) retrieved from /home/airflow/.local/lib/python3.8/site-packages/airflow/example_dags/example_skip_dag.py
[2021-09-06 14:28:48,756] {logging_mixin.py:109} INFO - [2021-09-06 14:28:48,756] {dag.py:1833} INFO - Sync 1 DAGs
[2021-09-06 14:28:48,762] {logging_mixin.py:109} INFO - [2021-09-06 14:28:48,762] {dag.py:2306} INFO - Setting next_dagrun for example_skip_dag to 2021-09-04 00:00:00+00:00
[2021-09-06 14:28:48,766] {processor.py:170} INFO - Processing /home/airflow/.local/lib/python3.8/site-packages/airflow/example_dags/example_skip_dag.py took 0.029 seconds
[2021-09-06 14:29:19,244] {processor.py:162} INFO - Started process (PID=1485) to work on /home/airflow/.local/lib/python3.8/site-packages/airflow/example_dags/example_skip_dag.py
[2021-09-06 14:29:19,244] {processor.py:613} INFO - Processing file /home/airflow/.local/lib/python3.8/site-packages/airflow/example_dags/example_skip_dag.py for tasks to queue
[2021-09-06 14:29:19,245] {logging_mixin.py:109} INFO - [2021-09-06 14:29:19,245] {dagbag.py:496} INFO - Filling up the DagBag from /home/airflow/.local/lib/python3.8/site-packages/airflow/example_dags/example_skip_dag.py
[2021-09-06 14:29:19,250] {processor.py:623} INFO - DAG(s) dict_keys(['example_skip_dag']) retrieved from /home/airflow/.local/lib/python3.8/site-packages/airflow/example_dags/example_skip_dag.py
[2021-09-06 14:29:19,260] {logging_mixin.py:109} INFO - [2021-09-06 14:29:19,260] {dag.py:1833} INFO - Sync 1 DAGs
[2021-09-06 14:29:19,266] {logging_mixin.py:109} INFO - [2021-09-06 14:29:19,266] {dag.py:2306} INFO - Setting next_dagrun for example_skip_dag to 2021-09-04 00:00:00+00:00
[2021-09-06 14:29:19,279] {processor.py:170} INFO - Processing /home/airflow/.local/lib/python3.8/site-packages/airflow/example_dags/example_skip_dag.py took 0.037 seconds
[2021-09-06 14:29:49,797] {processor.py:162} INFO - Started process (PID=1538) to work on /home/airflow/.local/lib/python3.8/site-packages/airflow/example_dags/example_skip_dag.py
[2021-09-06 14:29:49,798] {processor.py:613} INFO - Processing file /home/airflow/.local/lib/python3.8/site-packages/airflow/example_dags/example_skip_dag.py for tasks to queue
[2021-09-06 14:29:49,798] {logging_mixin.py:109} INFO - [2021-09-06 14:29:49,798] {dagbag.py:496} INFO - Filling up the DagBag from /home/airflow/.local/lib/python3.8/site-packages/airflow/example_dags/example_skip_dag.py
[2021-09-06 14:29:49,803] {processor.py:623} INFO - DAG(s) dict_keys(['example_skip_dag']) retrieved from /home/airflow/.local/lib/python3.8/site-packages/airflow/example_dags/example_skip_dag.py
[2021-09-06 14:29:49,815] {logging_mixin.py:109} INFO - [2021-09-06 14:29:49,815] {dag.py:1833} INFO - Sync 1 DAGs
[2021-09-06 14:29:49,821] {logging_mixin.py:109} INFO - [2021-09-06 14:29:49,821] {dag.py:2306} INFO - Setting next_dagrun for example_skip_dag to 2021-09-04 00:00:00+00:00
[2021-09-06 14:29:49,826] {processor.py:170} INFO - Processing /home/airflow/.local/lib/python3.8/site-packages/airflow/example_dags/example_skip_dag.py took 0.030 seconds
[2021-09-06 14:30:20,384] {processor.py:162} INFO - Started process (PID=1591) to work on /home/airflow/.local/lib/python3.8/site-packages/airflow/example_dags/example_skip_dag.py
[2021-09-06 14:30:20,384] {processor.py:613} INFO - Processing file /home/airflow/.local/lib/python3.8/site-packages/airflow/example_dags/example_skip_dag.py for tasks to queue
[2021-09-06 14:30:20,384] {logging_mixin.py:109} INFO - [2021-09-06 14:30:20,384] {dagbag.py:496} INFO - Filling up the DagBag from /home/airflow/.local/lib/python3.8/site-packages/airflow/example_dags/example_skip_dag.py
[2021-09-06 14:30:20,389] {processor.py:623} INFO - DAG(s) dict_keys(['example_skip_dag']) retrieved from /home/airflow/.local/lib/python3.8/site-packages/airflow/example_dags/example_skip_dag.py
[2021-09-06 14:30:20,400] {logging_mixin.py:109} INFO - [2021-09-06 14:30:20,400] {dag.py:1833} INFO - Sync 1 DAGs
[2021-09-06 14:30:20,406] {logging_mixin.py:109} INFO - [2021-09-06 14:30:20,406] {dag.py:2306} INFO - Setting next_dagrun for example_skip_dag to 2021-09-04 00:00:00+00:00
[2021-09-06 14:30:20,410] {processor.py:170} INFO - Processing /home/airflow/.local/lib/python3.8/site-packages/airflow/example_dags/example_skip_dag.py took 0.028 seconds
[2021-09-06 14:30:50,954] {processor.py:162} INFO - Started process (PID=1645) to work on /home/airflow/.local/lib/python3.8/site-packages/airflow/example_dags/example_skip_dag.py
[2021-09-06 14:30:50,955] {processor.py:613} INFO - Processing file /home/airflow/.local/lib/python3.8/site-packages/airflow/example_dags/example_skip_dag.py for tasks to queue
[2021-09-06 14:30:50,955] {logging_mixin.py:109} INFO - [2021-09-06 14:30:50,955] {dagbag.py:496} INFO - Filling up the DagBag from /home/airflow/.local/lib/python3.8/site-packages/airflow/example_dags/example_skip_dag.py
[2021-09-06 14:30:50,960] {processor.py:623} INFO - DAG(s) dict_keys(['example_skip_dag']) retrieved from /home/airflow/.local/lib/python3.8/site-packages/airflow/example_dags/example_skip_dag.py
[2021-09-06 14:30:50,971] {logging_mixin.py:109} INFO - [2021-09-06 14:30:50,971] {dag.py:1833} INFO - Sync 1 DAGs
[2021-09-06 14:30:50,977] {logging_mixin.py:109} INFO - [2021-09-06 14:30:50,977] {dag.py:2306} INFO - Setting next_dagrun for example_skip_dag to 2021-09-04 00:00:00+00:00
[2021-09-06 14:30:50,981] {processor.py:170} INFO - Processing /home/airflow/.local/lib/python3.8/site-packages/airflow/example_dags/example_skip_dag.py took 0.028 seconds
[2021-09-06 14:31:21,524] {processor.py:162} INFO - Started process (PID=1698) to work on /home/airflow/.local/lib/python3.8/site-packages/airflow/example_dags/example_skip_dag.py
[2021-09-06 14:31:21,525] {processor.py:613} INFO - Processing file /home/airflow/.local/lib/python3.8/site-packages/airflow/example_dags/example_skip_dag.py for tasks to queue
[2021-09-06 14:31:21,525] {logging_mixin.py:109} INFO - [2021-09-06 14:31:21,525] {dagbag.py:496} INFO - Filling up the DagBag from /home/airflow/.local/lib/python3.8/site-packages/airflow/example_dags/example_skip_dag.py
[2021-09-06 14:31:21,529] {processor.py:623} INFO - DAG(s) dict_keys(['example_skip_dag']) retrieved from /home/airflow/.local/lib/python3.8/site-packages/airflow/example_dags/example_skip_dag.py
[2021-09-06 14:31:21,539] {logging_mixin.py:109} INFO - [2021-09-06 14:31:21,539] {dag.py:1833} INFO - Sync 1 DAGs
[2021-09-06 14:31:21,546] {logging_mixin.py:109} INFO - [2021-09-06 14:31:21,545] {dag.py:2306} INFO - Setting next_dagrun for example_skip_dag to 2021-09-04 00:00:00+00:00
[2021-09-06 14:31:21,557] {processor.py:170} INFO - Processing /home/airflow/.local/lib/python3.8/site-packages/airflow/example_dags/example_skip_dag.py took 0.035 seconds
[2021-09-06 14:31:52,129] {processor.py:162} INFO - Started process (PID=1751) to work on /home/airflow/.local/lib/python3.8/site-packages/airflow/example_dags/example_skip_dag.py
[2021-09-06 14:31:52,130] {processor.py:613} INFO - Processing file /home/airflow/.local/lib/python3.8/site-packages/airflow/example_dags/example_skip_dag.py for tasks to queue
[2021-09-06 14:31:52,130] {logging_mixin.py:109} INFO - [2021-09-06 14:31:52,130] {dagbag.py:496} INFO - Filling up the DagBag from /home/airflow/.local/lib/python3.8/site-packages/airflow/example_dags/example_skip_dag.py
[2021-09-06 14:31:52,135] {processor.py:623} INFO - DAG(s) dict_keys(['example_skip_dag']) retrieved from /home/airflow/.local/lib/python3.8/site-packages/airflow/example_dags/example_skip_dag.py
[2021-09-06 14:31:52,145] {logging_mixin.py:109} INFO - [2021-09-06 14:31:52,145] {dag.py:1833} INFO - Sync 1 DAGs
[2021-09-06 14:31:52,152] {logging_mixin.py:109} INFO - [2021-09-06 14:31:52,152] {dag.py:2306} INFO - Setting next_dagrun for example_skip_dag to 2021-09-04 00:00:00+00:00
[2021-09-06 14:31:52,164] {processor.py:170} INFO - Processing /home/airflow/.local/lib/python3.8/site-packages/airflow/example_dags/example_skip_dag.py took 0.036 seconds
[2021-09-06 14:32:22,692] {processor.py:162} INFO - Started process (PID=1805) to work on /home/airflow/.local/lib/python3.8/site-packages/airflow/example_dags/example_skip_dag.py
[2021-09-06 14:32:22,693] {processor.py:613} INFO - Processing file /home/airflow/.local/lib/python3.8/site-packages/airflow/example_dags/example_skip_dag.py for tasks to queue
[2021-09-06 14:32:22,693] {logging_mixin.py:109} INFO - [2021-09-06 14:32:22,693] {dagbag.py:496} INFO - Filling up the DagBag from /home/airflow/.local/lib/python3.8/site-packages/airflow/example_dags/example_skip_dag.py
[2021-09-06 14:32:22,699] {processor.py:623} INFO - DAG(s) dict_keys(['example_skip_dag']) retrieved from /home/airflow/.local/lib/python3.8/site-packages/airflow/example_dags/example_skip_dag.py
[2021-09-06 14:32:22,709] {logging_mixin.py:109} INFO - [2021-09-06 14:32:22,709] {dag.py:1833} INFO - Sync 1 DAGs
[2021-09-06 14:32:22,715] {logging_mixin.py:109} INFO - [2021-09-06 14:32:22,715] {dag.py:2306} INFO - Setting next_dagrun for example_skip_dag to 2021-09-04 00:00:00+00:00
[2021-09-06 14:32:22,727] {processor.py:170} INFO - Processing /home/airflow/.local/lib/python3.8/site-packages/airflow/example_dags/example_skip_dag.py took 0.037 seconds
[2021-09-06 14:32:53,244] {processor.py:162} INFO - Started process (PID=1858) to work on /home/airflow/.local/lib/python3.8/site-packages/airflow/example_dags/example_skip_dag.py
[2021-09-06 14:32:53,244] {processor.py:613} INFO - Processing file /home/airflow/.local/lib/python3.8/site-packages/airflow/example_dags/example_skip_dag.py for tasks to queue
[2021-09-06 14:32:53,245] {logging_mixin.py:109} INFO - [2021-09-06 14:32:53,245] {dagbag.py:496} INFO - Filling up the DagBag from /home/airflow/.local/lib/python3.8/site-packages/airflow/example_dags/example_skip_dag.py
[2021-09-06 14:32:53,250] {processor.py:623} INFO - DAG(s) dict_keys(['example_skip_dag']) retrieved from /home/airflow/.local/lib/python3.8/site-packages/airflow/example_dags/example_skip_dag.py
[2021-09-06 14:32:53,260] {logging_mixin.py:109} INFO - [2021-09-06 14:32:53,260] {dag.py:1833} INFO - Sync 1 DAGs
[2021-09-06 14:32:53,267] {logging_mixin.py:109} INFO - [2021-09-06 14:32:53,267] {dag.py:2306} INFO - Setting next_dagrun for example_skip_dag to 2021-09-04 00:00:00+00:00
[2021-09-06 14:32:53,271] {processor.py:170} INFO - Processing /home/airflow/.local/lib/python3.8/site-packages/airflow/example_dags/example_skip_dag.py took 0.028 seconds
[2021-09-06 14:33:23,888] {processor.py:162} INFO - Started process (PID=1911) to work on /home/airflow/.local/lib/python3.8/site-packages/airflow/example_dags/example_skip_dag.py
[2021-09-06 14:33:23,889] {processor.py:613} INFO - Processing file /home/airflow/.local/lib/python3.8/site-packages/airflow/example_dags/example_skip_dag.py for tasks to queue
[2021-09-06 14:33:23,889] {logging_mixin.py:109} INFO - [2021-09-06 14:33:23,889] {dagbag.py:496} INFO - Filling up the DagBag from /home/airflow/.local/lib/python3.8/site-packages/airflow/example_dags/example_skip_dag.py
[2021-09-06 14:33:23,894] {processor.py:623} INFO - DAG(s) dict_keys(['example_skip_dag']) retrieved from /home/airflow/.local/lib/python3.8/site-packages/airflow/example_dags/example_skip_dag.py
[2021-09-06 14:33:23,904] {logging_mixin.py:109} INFO - [2021-09-06 14:33:23,904] {dag.py:1833} INFO - Sync 1 DAGs
[2021-09-06 14:33:23,910] {logging_mixin.py:109} INFO - [2021-09-06 14:33:23,910] {dag.py:2306} INFO - Setting next_dagrun for example_skip_dag to 2021-09-04 00:00:00+00:00
[2021-09-06 14:33:23,922] {processor.py:170} INFO - Processing /home/airflow/.local/lib/python3.8/site-packages/airflow/example_dags/example_skip_dag.py took 0.035 seconds
[2021-09-06 14:33:54,517] {processor.py:162} INFO - Started process (PID=1964) to work on /home/airflow/.local/lib/python3.8/site-packages/airflow/example_dags/example_skip_dag.py
[2021-09-06 14:33:54,517] {processor.py:613} INFO - Processing file /home/airflow/.local/lib/python3.8/site-packages/airflow/example_dags/example_skip_dag.py for tasks to queue
[2021-09-06 14:33:54,518] {logging_mixin.py:109} INFO - [2021-09-06 14:33:54,518] {dagbag.py:496} INFO - Filling up the DagBag from /home/airflow/.local/lib/python3.8/site-packages/airflow/example_dags/example_skip_dag.py
[2021-09-06 14:33:54,523] {processor.py:623} INFO - DAG(s) dict_keys(['example_skip_dag']) retrieved from /home/airflow/.local/lib/python3.8/site-packages/airflow/example_dags/example_skip_dag.py
[2021-09-06 14:33:54,532] {logging_mixin.py:109} INFO - [2021-09-06 14:33:54,532] {dag.py:1833} INFO - Sync 1 DAGs
[2021-09-06 14:33:54,538] {logging_mixin.py:109} INFO - [2021-09-06 14:33:54,538] {dag.py:2306} INFO - Setting next_dagrun for example_skip_dag to 2021-09-04 00:00:00+00:00
[2021-09-06 14:33:54,550] {processor.py:170} INFO - Processing /home/airflow/.local/lib/python3.8/site-packages/airflow/example_dags/example_skip_dag.py took 0.035 seconds
[2021-09-06 14:34:25,199] {processor.py:162} INFO - Started process (PID=2017) to work on /home/airflow/.local/lib/python3.8/site-packages/airflow/example_dags/example_skip_dag.py
[2021-09-06 14:34:25,199] {processor.py:613} INFO - Processing file /home/airflow/.local/lib/python3.8/site-packages/airflow/example_dags/example_skip_dag.py for tasks to queue
[2021-09-06 14:34:25,200] {logging_mixin.py:109} INFO - [2021-09-06 14:34:25,200] {dagbag.py:496} INFO - Filling up the DagBag from /home/airflow/.local/lib/python3.8/site-packages/airflow/example_dags/example_skip_dag.py
[2021-09-06 14:34:25,204] {processor.py:623} INFO - DAG(s) dict_keys(['example_skip_dag']) retrieved from /home/airflow/.local/lib/python3.8/site-packages/airflow/example_dags/example_skip_dag.py
[2021-09-06 14:34:25,215] {logging_mixin.py:109} INFO - [2021-09-06 14:34:25,215] {dag.py:1833} INFO - Sync 1 DAGs
[2021-09-06 14:34:25,222] {logging_mixin.py:109} INFO - [2021-09-06 14:34:25,222] {dag.py:2306} INFO - Setting next_dagrun for example_skip_dag to 2021-09-04 00:00:00+00:00
[2021-09-06 14:34:25,226] {processor.py:170} INFO - Processing /home/airflow/.local/lib/python3.8/site-packages/airflow/example_dags/example_skip_dag.py took 0.029 seconds
[2021-09-06 14:34:55,778] {processor.py:162} INFO - Started process (PID=2070) to work on /home/airflow/.local/lib/python3.8/site-packages/airflow/example_dags/example_skip_dag.py
[2021-09-06 14:34:55,778] {processor.py:613} INFO - Processing file /home/airflow/.local/lib/python3.8/site-packages/airflow/example_dags/example_skip_dag.py for tasks to queue
[2021-09-06 14:34:55,779] {logging_mixin.py:109} INFO - [2021-09-06 14:34:55,779] {dagbag.py:496} INFO - Filling up the DagBag from /home/airflow/.local/lib/python3.8/site-packages/airflow/example_dags/example_skip_dag.py
[2021-09-06 14:34:55,783] {processor.py:623} INFO - DAG(s) dict_keys(['example_skip_dag']) retrieved from /home/airflow/.local/lib/python3.8/site-packages/airflow/example_dags/example_skip_dag.py
[2021-09-06 14:34:55,795] {logging_mixin.py:109} INFO - [2021-09-06 14:34:55,795] {dag.py:1833} INFO - Sync 1 DAGs
[2021-09-06 14:34:55,801] {logging_mixin.py:109} INFO - [2021-09-06 14:34:55,801] {dag.py:2306} INFO - Setting next_dagrun for example_skip_dag to 2021-09-04 00:00:00+00:00
[2021-09-06 14:34:55,813] {processor.py:170} INFO - Processing /home/airflow/.local/lib/python3.8/site-packages/airflow/example_dags/example_skip_dag.py took 0.037 seconds
[2021-09-06 14:35:26,366] {processor.py:162} INFO - Started process (PID=2123) to work on /home/airflow/.local/lib/python3.8/site-packages/airflow/example_dags/example_skip_dag.py
[2021-09-06 14:35:26,366] {processor.py:613} INFO - Processing file /home/airflow/.local/lib/python3.8/site-packages/airflow/example_dags/example_skip_dag.py for tasks to queue
[2021-09-06 14:35:26,366] {logging_mixin.py:109} INFO - [2021-09-06 14:35:26,366] {dagbag.py:496} INFO - Filling up the DagBag from /home/airflow/.local/lib/python3.8/site-packages/airflow/example_dags/example_skip_dag.py
[2021-09-06 14:35:26,371] {processor.py:623} INFO - DAG(s) dict_keys(['example_skip_dag']) retrieved from /home/airflow/.local/lib/python3.8/site-packages/airflow/example_dags/example_skip_dag.py
[2021-09-06 14:35:26,382] {logging_mixin.py:109} INFO - [2021-09-06 14:35:26,382] {dag.py:1833} INFO - Sync 1 DAGs
[2021-09-06 14:35:26,389] {logging_mixin.py:109} INFO - [2021-09-06 14:35:26,389] {dag.py:2306} INFO - Setting next_dagrun for example_skip_dag to 2021-09-04 00:00:00+00:00
[2021-09-06 14:35:26,401] {processor.py:170} INFO - Processing /home/airflow/.local/lib/python3.8/site-packages/airflow/example_dags/example_skip_dag.py took 0.036 seconds
[2021-09-06 14:35:56,995] {processor.py:162} INFO - Started process (PID=2176) to work on /home/airflow/.local/lib/python3.8/site-packages/airflow/example_dags/example_skip_dag.py
[2021-09-06 14:35:56,996] {processor.py:613} INFO - Processing file /home/airflow/.local/lib/python3.8/site-packages/airflow/example_dags/example_skip_dag.py for tasks to queue
[2021-09-06 14:35:56,996] {logging_mixin.py:109} INFO - [2021-09-06 14:35:56,996] {dagbag.py:496} INFO - Filling up the DagBag from /home/airflow/.local/lib/python3.8/site-packages/airflow/example_dags/example_skip_dag.py
[2021-09-06 14:35:57,001] {processor.py:623} INFO - DAG(s) dict_keys(['example_skip_dag']) retrieved from /home/airflow/.local/lib/python3.8/site-packages/airflow/example_dags/example_skip_dag.py
[2021-09-06 14:35:57,011] {logging_mixin.py:109} INFO - [2021-09-06 14:35:57,011] {dag.py:1833} INFO - Sync 1 DAGs
[2021-09-06 14:35:57,017] {logging_mixin.py:109} INFO - [2021-09-06 14:35:57,017] {dag.py:2306} INFO - Setting next_dagrun for example_skip_dag to 2021-09-04 00:00:00+00:00
[2021-09-06 14:35:57,029] {processor.py:170} INFO - Processing /home/airflow/.local/lib/python3.8/site-packages/airflow/example_dags/example_skip_dag.py took 0.035 seconds
[2021-09-06 14:36:27,582] {processor.py:162} INFO - Started process (PID=2229) to work on /home/airflow/.local/lib/python3.8/site-packages/airflow/example_dags/example_skip_dag.py
[2021-09-06 14:36:27,583] {processor.py:613} INFO - Processing file /home/airflow/.local/lib/python3.8/site-packages/airflow/example_dags/example_skip_dag.py for tasks to queue
[2021-09-06 14:36:27,583] {logging_mixin.py:109} INFO - [2021-09-06 14:36:27,583] {dagbag.py:496} INFO - Filling up the DagBag from /home/airflow/.local/lib/python3.8/site-packages/airflow/example_dags/example_skip_dag.py
[2021-09-06 14:36:27,588] {processor.py:623} INFO - DAG(s) dict_keys(['example_skip_dag']) retrieved from /home/airflow/.local/lib/python3.8/site-packages/airflow/example_dags/example_skip_dag.py
[2021-09-06 14:36:27,599] {logging_mixin.py:109} INFO - [2021-09-06 14:36:27,599] {dag.py:1833} INFO - Sync 1 DAGs
[2021-09-06 14:36:27,606] {logging_mixin.py:109} INFO - [2021-09-06 14:36:27,606] {dag.py:2306} INFO - Setting next_dagrun for example_skip_dag to 2021-09-04 00:00:00+00:00
[2021-09-06 14:36:27,618] {processor.py:170} INFO - Processing /home/airflow/.local/lib/python3.8/site-packages/airflow/example_dags/example_skip_dag.py took 0.037 seconds
[2021-09-06 14:36:58,146] {processor.py:162} INFO - Started process (PID=2282) to work on /home/airflow/.local/lib/python3.8/site-packages/airflow/example_dags/example_skip_dag.py
[2021-09-06 14:36:58,146] {processor.py:613} INFO - Processing file /home/airflow/.local/lib/python3.8/site-packages/airflow/example_dags/example_skip_dag.py for tasks to queue
[2021-09-06 14:36:58,147] {logging_mixin.py:109} INFO - [2021-09-06 14:36:58,146] {dagbag.py:496} INFO - Filling up the DagBag from /home/airflow/.local/lib/python3.8/site-packages/airflow/example_dags/example_skip_dag.py
[2021-09-06 14:36:58,152] {processor.py:623} INFO - DAG(s) dict_keys(['example_skip_dag']) retrieved from /home/airflow/.local/lib/python3.8/site-packages/airflow/example_dags/example_skip_dag.py
[2021-09-06 14:36:58,163] {logging_mixin.py:109} INFO - [2021-09-06 14:36:58,163] {dag.py:1833} INFO - Sync 1 DAGs
[2021-09-06 14:36:58,168] {logging_mixin.py:109} INFO - [2021-09-06 14:36:58,168] {dag.py:2306} INFO - Setting next_dagrun for example_skip_dag to 2021-09-04 00:00:00+00:00
[2021-09-06 14:36:58,180] {processor.py:170} INFO - Processing /home/airflow/.local/lib/python3.8/site-packages/airflow/example_dags/example_skip_dag.py took 0.036 seconds
[2021-09-06 14:37:28,731] {processor.py:162} INFO - Started process (PID=2343) to work on /home/airflow/.local/lib/python3.8/site-packages/airflow/example_dags/example_skip_dag.py
[2021-09-06 14:37:28,731] {processor.py:613} INFO - Processing file /home/airflow/.local/lib/python3.8/site-packages/airflow/example_dags/example_skip_dag.py for tasks to queue
[2021-09-06 14:37:28,732] {logging_mixin.py:109} INFO - [2021-09-06 14:37:28,732] {dagbag.py:496} INFO - Filling up the DagBag from /home/airflow/.local/lib/python3.8/site-packages/airflow/example_dags/example_skip_dag.py
[2021-09-06 14:37:28,736] {processor.py:623} INFO - DAG(s) dict_keys(['example_skip_dag']) retrieved from /home/airflow/.local/lib/python3.8/site-packages/airflow/example_dags/example_skip_dag.py
[2021-09-06 14:37:28,746] {logging_mixin.py:109} INFO - [2021-09-06 14:37:28,746] {dag.py:1833} INFO - Sync 1 DAGs
[2021-09-06 14:37:28,752] {logging_mixin.py:109} INFO - [2021-09-06 14:37:28,752] {dag.py:2306} INFO - Setting next_dagrun for example_skip_dag to 2021-09-04 00:00:00+00:00
[2021-09-06 14:37:28,756] {processor.py:170} INFO - Processing /home/airflow/.local/lib/python3.8/site-packages/airflow/example_dags/example_skip_dag.py took 0.026 seconds
[2021-09-06 14:37:59,273] {processor.py:162} INFO - Started process (PID=2396) to work on /home/airflow/.local/lib/python3.8/site-packages/airflow/example_dags/example_skip_dag.py
[2021-09-06 14:37:59,274] {processor.py:613} INFO - Processing file /home/airflow/.local/lib/python3.8/site-packages/airflow/example_dags/example_skip_dag.py for tasks to queue
[2021-09-06 14:37:59,274] {logging_mixin.py:109} INFO - [2021-09-06 14:37:59,274] {dagbag.py:496} INFO - Filling up the DagBag from /home/airflow/.local/lib/python3.8/site-packages/airflow/example_dags/example_skip_dag.py
[2021-09-06 14:37:59,279] {processor.py:623} INFO - DAG(s) dict_keys(['example_skip_dag']) retrieved from /home/airflow/.local/lib/python3.8/site-packages/airflow/example_dags/example_skip_dag.py
[2021-09-06 14:37:59,288] {logging_mixin.py:109} INFO - [2021-09-06 14:37:59,288] {dag.py:1833} INFO - Sync 1 DAGs
[2021-09-06 14:37:59,294] {logging_mixin.py:109} INFO - [2021-09-06 14:37:59,294] {dag.py:2306} INFO - Setting next_dagrun for example_skip_dag to 2021-09-04 00:00:00+00:00
[2021-09-06 14:37:59,306] {processor.py:170} INFO - Processing /home/airflow/.local/lib/python3.8/site-packages/airflow/example_dags/example_skip_dag.py took 0.035 seconds
[2021-09-06 14:38:29,817] {processor.py:162} INFO - Started process (PID=2449) to work on /home/airflow/.local/lib/python3.8/site-packages/airflow/example_dags/example_skip_dag.py
[2021-09-06 14:38:29,817] {processor.py:613} INFO - Processing file /home/airflow/.local/lib/python3.8/site-packages/airflow/example_dags/example_skip_dag.py for tasks to queue
[2021-09-06 14:38:29,818] {logging_mixin.py:109} INFO - [2021-09-06 14:38:29,818] {dagbag.py:496} INFO - Filling up the DagBag from /home/airflow/.local/lib/python3.8/site-packages/airflow/example_dags/example_skip_dag.py
[2021-09-06 14:38:29,823] {processor.py:623} INFO - DAG(s) dict_keys(['example_skip_dag']) retrieved from /home/airflow/.local/lib/python3.8/site-packages/airflow/example_dags/example_skip_dag.py
[2021-09-06 14:38:29,833] {logging_mixin.py:109} INFO - [2021-09-06 14:38:29,833] {dag.py:1833} INFO - Sync 1 DAGs
[2021-09-06 14:38:29,839] {logging_mixin.py:109} INFO - [2021-09-06 14:38:29,839] {dag.py:2306} INFO - Setting next_dagrun for example_skip_dag to 2021-09-04 00:00:00+00:00
[2021-09-06 14:38:29,850] {processor.py:170} INFO - Processing /home/airflow/.local/lib/python3.8/site-packages/airflow/example_dags/example_skip_dag.py took 0.035 seconds
[2021-09-06 14:39:00,387] {processor.py:162} INFO - Started process (PID=2502) to work on /home/airflow/.local/lib/python3.8/site-packages/airflow/example_dags/example_skip_dag.py
[2021-09-06 14:39:00,388] {processor.py:613} INFO - Processing file /home/airflow/.local/lib/python3.8/site-packages/airflow/example_dags/example_skip_dag.py for tasks to queue
[2021-09-06 14:39:00,388] {logging_mixin.py:109} INFO - [2021-09-06 14:39:00,388] {dagbag.py:496} INFO - Filling up the DagBag from /home/airflow/.local/lib/python3.8/site-packages/airflow/example_dags/example_skip_dag.py
[2021-09-06 14:39:00,392] {processor.py:623} INFO - DAG(s) dict_keys(['example_skip_dag']) retrieved from /home/airflow/.local/lib/python3.8/site-packages/airflow/example_dags/example_skip_dag.py
[2021-09-06 14:39:00,403] {logging_mixin.py:109} INFO - [2021-09-06 14:39:00,403] {dag.py:1833} INFO - Sync 1 DAGs
[2021-09-06 14:39:00,409] {logging_mixin.py:109} INFO - [2021-09-06 14:39:00,409] {dag.py:2306} INFO - Setting next_dagrun for example_skip_dag to 2021-09-04 00:00:00+00:00
[2021-09-06 14:39:00,413] {processor.py:170} INFO - Processing /home/airflow/.local/lib/python3.8/site-packages/airflow/example_dags/example_skip_dag.py took 0.028 seconds
[2021-09-06 14:39:31,031] {processor.py:162} INFO - Started process (PID=2555) to work on /home/airflow/.local/lib/python3.8/site-packages/airflow/example_dags/example_skip_dag.py
[2021-09-06 14:39:31,032] {processor.py:613} INFO - Processing file /home/airflow/.local/lib/python3.8/site-packages/airflow/example_dags/example_skip_dag.py for tasks to queue
[2021-09-06 14:39:31,032] {logging_mixin.py:109} INFO - [2021-09-06 14:39:31,032] {dagbag.py:496} INFO - Filling up the DagBag from /home/airflow/.local/lib/python3.8/site-packages/airflow/example_dags/example_skip_dag.py
[2021-09-06 14:39:31,038] {processor.py:623} INFO - DAG(s) dict_keys(['example_skip_dag']) retrieved from /home/airflow/.local/lib/python3.8/site-packages/airflow/example_dags/example_skip_dag.py
[2021-09-06 14:39:31,049] {logging_mixin.py:109} INFO - [2021-09-06 14:39:31,049] {dag.py:1833} INFO - Sync 1 DAGs
[2021-09-06 14:39:31,055] {logging_mixin.py:109} INFO - [2021-09-06 14:39:31,055] {dag.py:2306} INFO - Setting next_dagrun for example_skip_dag to 2021-09-04 00:00:00+00:00
[2021-09-06 14:39:31,066] {processor.py:170} INFO - Processing /home/airflow/.local/lib/python3.8/site-packages/airflow/example_dags/example_skip_dag.py took 0.037 seconds
[2021-09-06 14:40:01,599] {processor.py:162} INFO - Started process (PID=2608) to work on /home/airflow/.local/lib/python3.8/site-packages/airflow/example_dags/example_skip_dag.py
[2021-09-06 14:40:01,600] {processor.py:613} INFO - Processing file /home/airflow/.local/lib/python3.8/site-packages/airflow/example_dags/example_skip_dag.py for tasks to queue
[2021-09-06 14:40:01,601] {logging_mixin.py:109} INFO - [2021-09-06 14:40:01,600] {dagbag.py:496} INFO - Filling up the DagBag from /home/airflow/.local/lib/python3.8/site-packages/airflow/example_dags/example_skip_dag.py
[2021-09-06 14:40:01,606] {processor.py:623} INFO - DAG(s) dict_keys(['example_skip_dag']) retrieved from /home/airflow/.local/lib/python3.8/site-packages/airflow/example_dags/example_skip_dag.py
[2021-09-06 14:40:01,617] {logging_mixin.py:109} INFO - [2021-09-06 14:40:01,616] {dag.py:1833} INFO - Sync 1 DAGs
[2021-09-06 14:40:01,622] {logging_mixin.py:109} INFO - [2021-09-06 14:40:01,622] {dag.py:2306} INFO - Setting next_dagrun for example_skip_dag to 2021-09-04 00:00:00+00:00
[2021-09-06 14:40:01,633] {processor.py:170} INFO - Processing /home/airflow/.local/lib/python3.8/site-packages/airflow/example_dags/example_skip_dag.py took 0.036 seconds
[2021-09-06 14:40:32,227] {processor.py:162} INFO - Started process (PID=2661) to work on /home/airflow/.local/lib/python3.8/site-packages/airflow/example_dags/example_skip_dag.py
[2021-09-06 14:40:32,228] {processor.py:613} INFO - Processing file /home/airflow/.local/lib/python3.8/site-packages/airflow/example_dags/example_skip_dag.py for tasks to queue
[2021-09-06 14:40:32,228] {logging_mixin.py:109} INFO - [2021-09-06 14:40:32,228] {dagbag.py:496} INFO - Filling up the DagBag from /home/airflow/.local/lib/python3.8/site-packages/airflow/example_dags/example_skip_dag.py
[2021-09-06 14:40:32,233] {processor.py:623} INFO - DAG(s) dict_keys(['example_skip_dag']) retrieved from /home/airflow/.local/lib/python3.8/site-packages/airflow/example_dags/example_skip_dag.py
[2021-09-06 14:40:32,243] {logging_mixin.py:109} INFO - [2021-09-06 14:40:32,243] {dag.py:1833} INFO - Sync 1 DAGs
[2021-09-06 14:40:32,249] {logging_mixin.py:109} INFO - [2021-09-06 14:40:32,249] {dag.py:2306} INFO - Setting next_dagrun for example_skip_dag to 2021-09-04 00:00:00+00:00
[2021-09-06 14:40:32,260] {processor.py:170} INFO - Processing /home/airflow/.local/lib/python3.8/site-packages/airflow/example_dags/example_skip_dag.py took 0.035 seconds
[2021-09-06 14:41:02,783] {processor.py:162} INFO - Started process (PID=2714) to work on /home/airflow/.local/lib/python3.8/site-packages/airflow/example_dags/example_skip_dag.py
[2021-09-06 14:41:02,784] {processor.py:613} INFO - Processing file /home/airflow/.local/lib/python3.8/site-packages/airflow/example_dags/example_skip_dag.py for tasks to queue
[2021-09-06 14:41:02,784] {logging_mixin.py:109} INFO - [2021-09-06 14:41:02,784] {dagbag.py:496} INFO - Filling up the DagBag from /home/airflow/.local/lib/python3.8/site-packages/airflow/example_dags/example_skip_dag.py
[2021-09-06 14:41:02,789] {processor.py:623} INFO - DAG(s) dict_keys(['example_skip_dag']) retrieved from /home/airflow/.local/lib/python3.8/site-packages/airflow/example_dags/example_skip_dag.py
[2021-09-06 14:41:02,799] {logging_mixin.py:109} INFO - [2021-09-06 14:41:02,799] {dag.py:1833} INFO - Sync 1 DAGs
[2021-09-06 14:41:02,805] {logging_mixin.py:109} INFO - [2021-09-06 14:41:02,805] {dag.py:2306} INFO - Setting next_dagrun for example_skip_dag to 2021-09-04 00:00:00+00:00
[2021-09-06 14:41:02,817] {processor.py:170} INFO - Processing /home/airflow/.local/lib/python3.8/site-packages/airflow/example_dags/example_skip_dag.py took 0.036 seconds
[2021-09-06 14:41:33,321] {processor.py:162} INFO - Started process (PID=2767) to work on /home/airflow/.local/lib/python3.8/site-packages/airflow/example_dags/example_skip_dag.py
[2021-09-06 14:41:33,321] {processor.py:613} INFO - Processing file /home/airflow/.local/lib/python3.8/site-packages/airflow/example_dags/example_skip_dag.py for tasks to queue
[2021-09-06 14:41:33,321] {logging_mixin.py:109} INFO - [2021-09-06 14:41:33,321] {dagbag.py:496} INFO - Filling up the DagBag from /home/airflow/.local/lib/python3.8/site-packages/airflow/example_dags/example_skip_dag.py
[2021-09-06 14:41:33,326] {processor.py:623} INFO - DAG(s) dict_keys(['example_skip_dag']) retrieved from /home/airflow/.local/lib/python3.8/site-packages/airflow/example_dags/example_skip_dag.py
[2021-09-06 14:41:33,336] {logging_mixin.py:109} INFO - [2021-09-06 14:41:33,336] {dag.py:1833} INFO - Sync 1 DAGs
[2021-09-06 14:41:33,342] {logging_mixin.py:109} INFO - [2021-09-06 14:41:33,342] {dag.py:2306} INFO - Setting next_dagrun for example_skip_dag to 2021-09-04 00:00:00+00:00
[2021-09-06 14:41:33,352] {processor.py:170} INFO - Processing /home/airflow/.local/lib/python3.8/site-packages/airflow/example_dags/example_skip_dag.py took 0.033 seconds
[2021-09-06 14:42:03,899] {processor.py:162} INFO - Started process (PID=2820) to work on /home/airflow/.local/lib/python3.8/site-packages/airflow/example_dags/example_skip_dag.py
[2021-09-06 14:42:03,899] {processor.py:613} INFO - Processing file /home/airflow/.local/lib/python3.8/site-packages/airflow/example_dags/example_skip_dag.py for tasks to queue
[2021-09-06 14:42:03,900] {logging_mixin.py:109} INFO - [2021-09-06 14:42:03,900] {dagbag.py:496} INFO - Filling up the DagBag from /home/airflow/.local/lib/python3.8/site-packages/airflow/example_dags/example_skip_dag.py
[2021-09-06 14:42:03,905] {processor.py:623} INFO - DAG(s) dict_keys(['example_skip_dag']) retrieved from /home/airflow/.local/lib/python3.8/site-packages/airflow/example_dags/example_skip_dag.py
[2021-09-06 14:42:03,916] {logging_mixin.py:109} INFO - [2021-09-06 14:42:03,915] {dag.py:1833} INFO - Sync 1 DAGs
[2021-09-06 14:42:03,922] {logging_mixin.py:109} INFO - [2021-09-06 14:42:03,922] {dag.py:2306} INFO - Setting next_dagrun for example_skip_dag to 2021-09-04 00:00:00+00:00
[2021-09-06 14:42:03,933] {processor.py:170} INFO - Processing /home/airflow/.local/lib/python3.8/site-packages/airflow/example_dags/example_skip_dag.py took 0.037 seconds
[2021-09-06 14:42:34,500] {processor.py:162} INFO - Started process (PID=2873) to work on /home/airflow/.local/lib/python3.8/site-packages/airflow/example_dags/example_skip_dag.py
[2021-09-06 14:42:34,500] {processor.py:613} INFO - Processing file /home/airflow/.local/lib/python3.8/site-packages/airflow/example_dags/example_skip_dag.py for tasks to queue
[2021-09-06 14:42:34,500] {logging_mixin.py:109} INFO - [2021-09-06 14:42:34,500] {dagbag.py:496} INFO - Filling up the DagBag from /home/airflow/.local/lib/python3.8/site-packages/airflow/example_dags/example_skip_dag.py
[2021-09-06 14:42:34,505] {processor.py:623} INFO - DAG(s) dict_keys(['example_skip_dag']) retrieved from /home/airflow/.local/lib/python3.8/site-packages/airflow/example_dags/example_skip_dag.py
[2021-09-06 14:42:34,516] {logging_mixin.py:109} INFO - [2021-09-06 14:42:34,516] {dag.py:1833} INFO - Sync 1 DAGs
[2021-09-06 14:42:34,523] {logging_mixin.py:109} INFO - [2021-09-06 14:42:34,523] {dag.py:2306} INFO - Setting next_dagrun for example_skip_dag to 2021-09-04 00:00:00+00:00
[2021-09-06 14:42:34,536] {processor.py:170} INFO - Processing /home/airflow/.local/lib/python3.8/site-packages/airflow/example_dags/example_skip_dag.py took 0.038 seconds
[2021-09-06 14:43:05,295] {processor.py:162} INFO - Started process (PID=2926) to work on /home/airflow/.local/lib/python3.8/site-packages/airflow/example_dags/example_skip_dag.py
[2021-09-06 14:43:05,295] {processor.py:613} INFO - Processing file /home/airflow/.local/lib/python3.8/site-packages/airflow/example_dags/example_skip_dag.py for tasks to queue
[2021-09-06 14:43:05,295] {logging_mixin.py:109} INFO - [2021-09-06 14:43:05,295] {dagbag.py:496} INFO - Filling up the DagBag from /home/airflow/.local/lib/python3.8/site-packages/airflow/example_dags/example_skip_dag.py
[2021-09-06 14:43:05,300] {processor.py:623} INFO - DAG(s) dict_keys(['example_skip_dag']) retrieved from /home/airflow/.local/lib/python3.8/site-packages/airflow/example_dags/example_skip_dag.py
[2021-09-06 14:43:05,311] {logging_mixin.py:109} INFO - [2021-09-06 14:43:05,311] {dag.py:1833} INFO - Sync 1 DAGs
[2021-09-06 14:43:05,319] {logging_mixin.py:109} INFO - [2021-09-06 14:43:05,319] {dag.py:2306} INFO - Setting next_dagrun for example_skip_dag to 2021-09-04 00:00:00+00:00
[2021-09-06 14:43:05,331] {processor.py:170} INFO - Processing /home/airflow/.local/lib/python3.8/site-packages/airflow/example_dags/example_skip_dag.py took 0.038 seconds
[2021-09-06 14:43:35,893] {processor.py:162} INFO - Started process (PID=2979) to work on /home/airflow/.local/lib/python3.8/site-packages/airflow/example_dags/example_skip_dag.py
[2021-09-06 14:43:35,894] {processor.py:613} INFO - Processing file /home/airflow/.local/lib/python3.8/site-packages/airflow/example_dags/example_skip_dag.py for tasks to queue
[2021-09-06 14:43:35,894] {logging_mixin.py:109} INFO - [2021-09-06 14:43:35,894] {dagbag.py:496} INFO - Filling up the DagBag from /home/airflow/.local/lib/python3.8/site-packages/airflow/example_dags/example_skip_dag.py
[2021-09-06 14:43:35,899] {processor.py:623} INFO - DAG(s) dict_keys(['example_skip_dag']) retrieved from /home/airflow/.local/lib/python3.8/site-packages/airflow/example_dags/example_skip_dag.py
[2021-09-06 14:43:35,908] {logging_mixin.py:109} INFO - [2021-09-06 14:43:35,908] {dag.py:1833} INFO - Sync 1 DAGs
[2021-09-06 14:43:35,916] {logging_mixin.py:109} INFO - [2021-09-06 14:43:35,916] {dag.py:2306} INFO - Setting next_dagrun for example_skip_dag to 2021-09-04 00:00:00+00:00
[2021-09-06 14:43:35,929] {processor.py:170} INFO - Processing /home/airflow/.local/lib/python3.8/site-packages/airflow/example_dags/example_skip_dag.py took 0.037 seconds
[2021-09-06 14:44:06,498] {processor.py:162} INFO - Started process (PID=3032) to work on /home/airflow/.local/lib/python3.8/site-packages/airflow/example_dags/example_skip_dag.py
[2021-09-06 14:44:06,498] {processor.py:613} INFO - Processing file /home/airflow/.local/lib/python3.8/site-packages/airflow/example_dags/example_skip_dag.py for tasks to queue
[2021-09-06 14:44:06,499] {logging_mixin.py:109} INFO - [2021-09-06 14:44:06,499] {dagbag.py:496} INFO - Filling up the DagBag from /home/airflow/.local/lib/python3.8/site-packages/airflow/example_dags/example_skip_dag.py
[2021-09-06 14:44:06,503] {processor.py:623} INFO - DAG(s) dict_keys(['example_skip_dag']) retrieved from /home/airflow/.local/lib/python3.8/site-packages/airflow/example_dags/example_skip_dag.py
[2021-09-06 14:44:06,513] {logging_mixin.py:109} INFO - [2021-09-06 14:44:06,513] {dag.py:1833} INFO - Sync 1 DAGs
[2021-09-06 14:44:06,519] {logging_mixin.py:109} INFO - [2021-09-06 14:44:06,519] {dag.py:2306} INFO - Setting next_dagrun for example_skip_dag to 2021-09-04 00:00:00+00:00
[2021-09-06 14:44:06,531] {processor.py:170} INFO - Processing /home/airflow/.local/lib/python3.8/site-packages/airflow/example_dags/example_skip_dag.py took 0.035 seconds
[2021-09-06 14:44:37,108] {processor.py:162} INFO - Started process (PID=3085) to work on /home/airflow/.local/lib/python3.8/site-packages/airflow/example_dags/example_skip_dag.py
[2021-09-06 14:44:37,108] {processor.py:613} INFO - Processing file /home/airflow/.local/lib/python3.8/site-packages/airflow/example_dags/example_skip_dag.py for tasks to queue
[2021-09-06 14:44:37,108] {logging_mixin.py:109} INFO - [2021-09-06 14:44:37,108] {dagbag.py:496} INFO - Filling up the DagBag from /home/airflow/.local/lib/python3.8/site-packages/airflow/example_dags/example_skip_dag.py
[2021-09-06 14:44:37,113] {processor.py:623} INFO - DAG(s) dict_keys(['example_skip_dag']) retrieved from /home/airflow/.local/lib/python3.8/site-packages/airflow/example_dags/example_skip_dag.py
[2021-09-06 14:44:37,123] {logging_mixin.py:109} INFO - [2021-09-06 14:44:37,123] {dag.py:1833} INFO - Sync 1 DAGs
[2021-09-06 14:44:37,130] {logging_mixin.py:109} INFO - [2021-09-06 14:44:37,130] {dag.py:2306} INFO - Setting next_dagrun for example_skip_dag to 2021-09-04 00:00:00+00:00
[2021-09-06 14:44:37,141] {processor.py:170} INFO - Processing /home/airflow/.local/lib/python3.8/site-packages/airflow/example_dags/example_skip_dag.py took 0.035 seconds
[2021-09-06 14:45:07,721] {processor.py:162} INFO - Started process (PID=3138) to work on /home/airflow/.local/lib/python3.8/site-packages/airflow/example_dags/example_skip_dag.py
[2021-09-06 14:45:07,721] {processor.py:613} INFO - Processing file /home/airflow/.local/lib/python3.8/site-packages/airflow/example_dags/example_skip_dag.py for tasks to queue
[2021-09-06 14:45:07,721] {logging_mixin.py:109} INFO - [2021-09-06 14:45:07,721] {dagbag.py:496} INFO - Filling up the DagBag from /home/airflow/.local/lib/python3.8/site-packages/airflow/example_dags/example_skip_dag.py
[2021-09-06 14:45:07,726] {processor.py:623} INFO - DAG(s) dict_keys(['example_skip_dag']) retrieved from /home/airflow/.local/lib/python3.8/site-packages/airflow/example_dags/example_skip_dag.py
[2021-09-06 14:45:07,736] {logging_mixin.py:109} INFO - [2021-09-06 14:45:07,736] {dag.py:1833} INFO - Sync 1 DAGs
[2021-09-06 14:45:07,742] {logging_mixin.py:109} INFO - [2021-09-06 14:45:07,742] {dag.py:2306} INFO - Setting next_dagrun for example_skip_dag to 2021-09-04 00:00:00+00:00
[2021-09-06 14:45:07,754] {processor.py:170} INFO - Processing /home/airflow/.local/lib/python3.8/site-packages/airflow/example_dags/example_skip_dag.py took 0.035 seconds
[2021-09-06 14:45:38,555] {processor.py:162} INFO - Started process (PID=3191) to work on /home/airflow/.local/lib/python3.8/site-packages/airflow/example_dags/example_skip_dag.py
[2021-09-06 14:45:38,556] {processor.py:613} INFO - Processing file /home/airflow/.local/lib/python3.8/site-packages/airflow/example_dags/example_skip_dag.py for tasks to queue
[2021-09-06 14:45:38,556] {logging_mixin.py:109} INFO - [2021-09-06 14:45:38,556] {dagbag.py:496} INFO - Filling up the DagBag from /home/airflow/.local/lib/python3.8/site-packages/airflow/example_dags/example_skip_dag.py
[2021-09-06 14:45:38,561] {processor.py:623} INFO - DAG(s) dict_keys(['example_skip_dag']) retrieved from /home/airflow/.local/lib/python3.8/site-packages/airflow/example_dags/example_skip_dag.py
[2021-09-06 14:45:38,571] {logging_mixin.py:109} INFO - [2021-09-06 14:45:38,570] {dag.py:1833} INFO - Sync 1 DAGs
[2021-09-06 14:45:38,576] {logging_mixin.py:109} INFO - [2021-09-06 14:45:38,576] {dag.py:2306} INFO - Setting next_dagrun for example_skip_dag to 2021-09-04 00:00:00+00:00
[2021-09-06 14:45:38,588] {processor.py:170} INFO - Processing /home/airflow/.local/lib/python3.8/site-packages/airflow/example_dags/example_skip_dag.py took 0.034 seconds
[2021-09-06 14:46:09,123] {processor.py:162} INFO - Started process (PID=3244) to work on /home/airflow/.local/lib/python3.8/site-packages/airflow/example_dags/example_skip_dag.py
[2021-09-06 14:46:09,124] {processor.py:613} INFO - Processing file /home/airflow/.local/lib/python3.8/site-packages/airflow/example_dags/example_skip_dag.py for tasks to queue
[2021-09-06 14:46:09,125] {logging_mixin.py:109} INFO - [2021-09-06 14:46:09,125] {dagbag.py:496} INFO - Filling up the DagBag from /home/airflow/.local/lib/python3.8/site-packages/airflow/example_dags/example_skip_dag.py
[2021-09-06 14:46:09,130] {processor.py:623} INFO - DAG(s) dict_keys(['example_skip_dag']) retrieved from /home/airflow/.local/lib/python3.8/site-packages/airflow/example_dags/example_skip_dag.py
[2021-09-06 14:46:09,140] {logging_mixin.py:109} INFO - [2021-09-06 14:46:09,140] {dag.py:1833} INFO - Sync 1 DAGs
[2021-09-06 14:46:09,146] {logging_mixin.py:109} INFO - [2021-09-06 14:46:09,146] {dag.py:2306} INFO - Setting next_dagrun for example_skip_dag to 2021-09-04 00:00:00+00:00
[2021-09-06 14:46:09,151] {processor.py:170} INFO - Processing /home/airflow/.local/lib/python3.8/site-packages/airflow/example_dags/example_skip_dag.py took 0.029 seconds
[2021-09-06 14:46:39,784] {processor.py:162} INFO - Started process (PID=3297) to work on /home/airflow/.local/lib/python3.8/site-packages/airflow/example_dags/example_skip_dag.py
[2021-09-06 14:46:39,784] {processor.py:613} INFO - Processing file /home/airflow/.local/lib/python3.8/site-packages/airflow/example_dags/example_skip_dag.py for tasks to queue
[2021-09-06 14:46:39,785] {logging_mixin.py:109} INFO - [2021-09-06 14:46:39,785] {dagbag.py:496} INFO - Filling up the DagBag from /home/airflow/.local/lib/python3.8/site-packages/airflow/example_dags/example_skip_dag.py
[2021-09-06 14:46:39,789] {processor.py:623} INFO - DAG(s) dict_keys(['example_skip_dag']) retrieved from /home/airflow/.local/lib/python3.8/site-packages/airflow/example_dags/example_skip_dag.py
[2021-09-06 14:46:39,800] {logging_mixin.py:109} INFO - [2021-09-06 14:46:39,800] {dag.py:1833} INFO - Sync 1 DAGs
[2021-09-06 14:46:39,806] {logging_mixin.py:109} INFO - [2021-09-06 14:46:39,806] {dag.py:2306} INFO - Setting next_dagrun for example_skip_dag to 2021-09-04 00:00:00+00:00
[2021-09-06 14:46:39,818] {processor.py:170} INFO - Processing /home/airflow/.local/lib/python3.8/site-packages/airflow/example_dags/example_skip_dag.py took 0.035 seconds
[2021-09-06 14:47:10,348] {processor.py:162} INFO - Started process (PID=3350) to work on /home/airflow/.local/lib/python3.8/site-packages/airflow/example_dags/example_skip_dag.py
[2021-09-06 14:47:10,349] {processor.py:613} INFO - Processing file /home/airflow/.local/lib/python3.8/site-packages/airflow/example_dags/example_skip_dag.py for tasks to queue
[2021-09-06 14:47:10,349] {logging_mixin.py:109} INFO - [2021-09-06 14:47:10,349] {dagbag.py:496} INFO - Filling up the DagBag from /home/airflow/.local/lib/python3.8/site-packages/airflow/example_dags/example_skip_dag.py
[2021-09-06 14:47:10,354] {processor.py:623} INFO - DAG(s) dict_keys(['example_skip_dag']) retrieved from /home/airflow/.local/lib/python3.8/site-packages/airflow/example_dags/example_skip_dag.py
[2021-09-06 14:47:10,365] {logging_mixin.py:109} INFO - [2021-09-06 14:47:10,364] {dag.py:1833} INFO - Sync 1 DAGs
[2021-09-06 14:47:10,371] {logging_mixin.py:109} INFO - [2021-09-06 14:47:10,371] {dag.py:2306} INFO - Setting next_dagrun for example_skip_dag to 2021-09-04 00:00:00+00:00
[2021-09-06 14:47:10,383] {processor.py:170} INFO - Processing /home/airflow/.local/lib/python3.8/site-packages/airflow/example_dags/example_skip_dag.py took 0.036 seconds
[2021-09-06 14:47:40,975] {processor.py:162} INFO - Started process (PID=3403) to work on /home/airflow/.local/lib/python3.8/site-packages/airflow/example_dags/example_skip_dag.py
[2021-09-06 14:47:40,976] {processor.py:613} INFO - Processing file /home/airflow/.local/lib/python3.8/site-packages/airflow/example_dags/example_skip_dag.py for tasks to queue
[2021-09-06 14:47:40,976] {logging_mixin.py:109} INFO - [2021-09-06 14:47:40,976] {dagbag.py:496} INFO - Filling up the DagBag from /home/airflow/.local/lib/python3.8/site-packages/airflow/example_dags/example_skip_dag.py
[2021-09-06 14:47:40,982] {processor.py:623} INFO - DAG(s) dict_keys(['example_skip_dag']) retrieved from /home/airflow/.local/lib/python3.8/site-packages/airflow/example_dags/example_skip_dag.py
[2021-09-06 14:47:40,992] {logging_mixin.py:109} INFO - [2021-09-06 14:47:40,991] {dag.py:1833} INFO - Sync 1 DAGs
[2021-09-06 14:47:40,997] {logging_mixin.py:109} INFO - [2021-09-06 14:47:40,997] {dag.py:2306} INFO - Setting next_dagrun for example_skip_dag to 2021-09-04 00:00:00+00:00
[2021-09-06 14:47:41,009] {processor.py:170} INFO - Processing /home/airflow/.local/lib/python3.8/site-packages/airflow/example_dags/example_skip_dag.py took 0.036 seconds
[2021-09-06 14:48:11,524] {processor.py:162} INFO - Started process (PID=3456) to work on /home/airflow/.local/lib/python3.8/site-packages/airflow/example_dags/example_skip_dag.py
[2021-09-06 14:48:11,524] {processor.py:613} INFO - Processing file /home/airflow/.local/lib/python3.8/site-packages/airflow/example_dags/example_skip_dag.py for tasks to queue
[2021-09-06 14:48:11,524] {logging_mixin.py:109} INFO - [2021-09-06 14:48:11,524] {dagbag.py:496} INFO - Filling up the DagBag from /home/airflow/.local/lib/python3.8/site-packages/airflow/example_dags/example_skip_dag.py
[2021-09-06 14:48:11,529] {processor.py:623} INFO - DAG(s) dict_keys(['example_skip_dag']) retrieved from /home/airflow/.local/lib/python3.8/site-packages/airflow/example_dags/example_skip_dag.py
[2021-09-06 14:48:11,540] {logging_mixin.py:109} INFO - [2021-09-06 14:48:11,540] {dag.py:1833} INFO - Sync 1 DAGs
[2021-09-06 14:48:11,546] {logging_mixin.py:109} INFO - [2021-09-06 14:48:11,546] {dag.py:2306} INFO - Setting next_dagrun for example_skip_dag to 2021-09-04 00:00:00+00:00
[2021-09-06 14:48:11,558] {processor.py:170} INFO - Processing /home/airflow/.local/lib/python3.8/site-packages/airflow/example_dags/example_skip_dag.py took 0.036 seconds
[2021-09-06 14:48:42,188] {processor.py:162} INFO - Started process (PID=3509) to work on /home/airflow/.local/lib/python3.8/site-packages/airflow/example_dags/example_skip_dag.py
[2021-09-06 14:48:42,189] {processor.py:613} INFO - Processing file /home/airflow/.local/lib/python3.8/site-packages/airflow/example_dags/example_skip_dag.py for tasks to queue
[2021-09-06 14:48:42,189] {logging_mixin.py:109} INFO - [2021-09-06 14:48:42,189] {dagbag.py:496} INFO - Filling up the DagBag from /home/airflow/.local/lib/python3.8/site-packages/airflow/example_dags/example_skip_dag.py
[2021-09-06 14:48:42,194] {processor.py:623} INFO - DAG(s) dict_keys(['example_skip_dag']) retrieved from /home/airflow/.local/lib/python3.8/site-packages/airflow/example_dags/example_skip_dag.py
[2021-09-06 14:48:42,205] {logging_mixin.py:109} INFO - [2021-09-06 14:48:42,204] {dag.py:1833} INFO - Sync 1 DAGs
[2021-09-06 14:48:42,210] {logging_mixin.py:109} INFO - [2021-09-06 14:48:42,210] {dag.py:2306} INFO - Setting next_dagrun for example_skip_dag to 2021-09-04 00:00:00+00:00
[2021-09-06 14:48:42,222] {processor.py:170} INFO - Processing /home/airflow/.local/lib/python3.8/site-packages/airflow/example_dags/example_skip_dag.py took 0.035 seconds
[2021-09-06 14:49:12,811] {processor.py:162} INFO - Started process (PID=3562) to work on /home/airflow/.local/lib/python3.8/site-packages/airflow/example_dags/example_skip_dag.py
[2021-09-06 14:49:12,811] {processor.py:613} INFO - Processing file /home/airflow/.local/lib/python3.8/site-packages/airflow/example_dags/example_skip_dag.py for tasks to queue
[2021-09-06 14:49:12,811] {logging_mixin.py:109} INFO - [2021-09-06 14:49:12,811] {dagbag.py:496} INFO - Filling up the DagBag from /home/airflow/.local/lib/python3.8/site-packages/airflow/example_dags/example_skip_dag.py
[2021-09-06 14:49:12,816] {processor.py:623} INFO - DAG(s) dict_keys(['example_skip_dag']) retrieved from /home/airflow/.local/lib/python3.8/site-packages/airflow/example_dags/example_skip_dag.py
[2021-09-06 14:49:12,827] {logging_mixin.py:109} INFO - [2021-09-06 14:49:12,827] {dag.py:1833} INFO - Sync 1 DAGs
[2021-09-06 14:49:12,833] {logging_mixin.py:109} INFO - [2021-09-06 14:49:12,833] {dag.py:2306} INFO - Setting next_dagrun for example_skip_dag to 2021-09-04 00:00:00+00:00
[2021-09-06 14:49:12,840] {processor.py:170} INFO - Processing /home/airflow/.local/lib/python3.8/site-packages/airflow/example_dags/example_skip_dag.py took 0.031 seconds
[2021-09-06 14:49:43,405] {processor.py:162} INFO - Started process (PID=3615) to work on /home/airflow/.local/lib/python3.8/site-packages/airflow/example_dags/example_skip_dag.py
[2021-09-06 14:49:43,405] {processor.py:613} INFO - Processing file /home/airflow/.local/lib/python3.8/site-packages/airflow/example_dags/example_skip_dag.py for tasks to queue
[2021-09-06 14:49:43,406] {logging_mixin.py:109} INFO - [2021-09-06 14:49:43,406] {dagbag.py:496} INFO - Filling up the DagBag from /home/airflow/.local/lib/python3.8/site-packages/airflow/example_dags/example_skip_dag.py
[2021-09-06 14:49:43,410] {processor.py:623} INFO - DAG(s) dict_keys(['example_skip_dag']) retrieved from /home/airflow/.local/lib/python3.8/site-packages/airflow/example_dags/example_skip_dag.py
[2021-09-06 14:49:43,421] {logging_mixin.py:109} INFO - [2021-09-06 14:49:43,421] {dag.py:1833} INFO - Sync 1 DAGs
[2021-09-06 14:49:43,427] {logging_mixin.py:109} INFO - [2021-09-06 14:49:43,427] {dag.py:2306} INFO - Setting next_dagrun for example_skip_dag to 2021-09-04 00:00:00+00:00
[2021-09-06 14:49:43,438] {processor.py:170} INFO - Processing /home/airflow/.local/lib/python3.8/site-packages/airflow/example_dags/example_skip_dag.py took 0.036 seconds
[2021-09-06 14:50:13,996] {processor.py:162} INFO - Started process (PID=3668) to work on /home/airflow/.local/lib/python3.8/site-packages/airflow/example_dags/example_skip_dag.py
[2021-09-06 14:50:13,997] {processor.py:613} INFO - Processing file /home/airflow/.local/lib/python3.8/site-packages/airflow/example_dags/example_skip_dag.py for tasks to queue
[2021-09-06 14:50:13,997] {logging_mixin.py:109} INFO - [2021-09-06 14:50:13,997] {dagbag.py:496} INFO - Filling up the DagBag from /home/airflow/.local/lib/python3.8/site-packages/airflow/example_dags/example_skip_dag.py
[2021-09-06 14:50:14,002] {processor.py:623} INFO - DAG(s) dict_keys(['example_skip_dag']) retrieved from /home/airflow/.local/lib/python3.8/site-packages/airflow/example_dags/example_skip_dag.py
[2021-09-06 14:50:14,012] {logging_mixin.py:109} INFO - [2021-09-06 14:50:14,012] {dag.py:1833} INFO - Sync 1 DAGs
[2021-09-06 14:50:14,018] {logging_mixin.py:109} INFO - [2021-09-06 14:50:14,018] {dag.py:2306} INFO - Setting next_dagrun for example_skip_dag to 2021-09-04 00:00:00+00:00
[2021-09-06 14:50:14,030] {processor.py:170} INFO - Processing /home/airflow/.local/lib/python3.8/site-packages/airflow/example_dags/example_skip_dag.py took 0.036 seconds
[2021-09-06 14:50:44,572] {processor.py:162} INFO - Started process (PID=3721) to work on /home/airflow/.local/lib/python3.8/site-packages/airflow/example_dags/example_skip_dag.py
[2021-09-06 14:50:44,572] {processor.py:613} INFO - Processing file /home/airflow/.local/lib/python3.8/site-packages/airflow/example_dags/example_skip_dag.py for tasks to queue
[2021-09-06 14:50:44,573] {logging_mixin.py:109} INFO - [2021-09-06 14:50:44,573] {dagbag.py:496} INFO - Filling up the DagBag from /home/airflow/.local/lib/python3.8/site-packages/airflow/example_dags/example_skip_dag.py
[2021-09-06 14:50:44,578] {processor.py:623} INFO - DAG(s) dict_keys(['example_skip_dag']) retrieved from /home/airflow/.local/lib/python3.8/site-packages/airflow/example_dags/example_skip_dag.py
[2021-09-06 14:50:44,588] {logging_mixin.py:109} INFO - [2021-09-06 14:50:44,588] {dag.py:1833} INFO - Sync 1 DAGs
[2021-09-06 14:50:44,594] {logging_mixin.py:109} INFO - [2021-09-06 14:50:44,594] {dag.py:2306} INFO - Setting next_dagrun for example_skip_dag to 2021-09-04 00:00:00+00:00
[2021-09-06 14:50:44,598] {processor.py:170} INFO - Processing /home/airflow/.local/lib/python3.8/site-packages/airflow/example_dags/example_skip_dag.py took 0.029 seconds
[2021-09-06 14:51:15,182] {processor.py:162} INFO - Started process (PID=3775) to work on /home/airflow/.local/lib/python3.8/site-packages/airflow/example_dags/example_skip_dag.py
[2021-09-06 14:51:15,182] {processor.py:613} INFO - Processing file /home/airflow/.local/lib/python3.8/site-packages/airflow/example_dags/example_skip_dag.py for tasks to queue
[2021-09-06 14:51:15,183] {logging_mixin.py:109} INFO - [2021-09-06 14:51:15,183] {dagbag.py:496} INFO - Filling up the DagBag from /home/airflow/.local/lib/python3.8/site-packages/airflow/example_dags/example_skip_dag.py
[2021-09-06 14:51:15,187] {processor.py:623} INFO - DAG(s) dict_keys(['example_skip_dag']) retrieved from /home/airflow/.local/lib/python3.8/site-packages/airflow/example_dags/example_skip_dag.py
[2021-09-06 14:51:15,197] {logging_mixin.py:109} INFO - [2021-09-06 14:51:15,197] {dag.py:1833} INFO - Sync 1 DAGs
[2021-09-06 14:51:15,203] {logging_mixin.py:109} INFO - [2021-09-06 14:51:15,203] {dag.py:2306} INFO - Setting next_dagrun for example_skip_dag to 2021-09-04 00:00:00+00:00
[2021-09-06 14:51:15,215] {processor.py:170} INFO - Processing /home/airflow/.local/lib/python3.8/site-packages/airflow/example_dags/example_skip_dag.py took 0.035 seconds
[2021-09-06 14:51:45,851] {processor.py:162} INFO - Started process (PID=3828) to work on /home/airflow/.local/lib/python3.8/site-packages/airflow/example_dags/example_skip_dag.py
[2021-09-06 14:51:45,852] {processor.py:613} INFO - Processing file /home/airflow/.local/lib/python3.8/site-packages/airflow/example_dags/example_skip_dag.py for tasks to queue
[2021-09-06 14:51:45,852] {logging_mixin.py:109} INFO - [2021-09-06 14:51:45,852] {dagbag.py:496} INFO - Filling up the DagBag from /home/airflow/.local/lib/python3.8/site-packages/airflow/example_dags/example_skip_dag.py
[2021-09-06 14:51:45,857] {processor.py:623} INFO - DAG(s) dict_keys(['example_skip_dag']) retrieved from /home/airflow/.local/lib/python3.8/site-packages/airflow/example_dags/example_skip_dag.py
[2021-09-06 14:51:45,869] {logging_mixin.py:109} INFO - [2021-09-06 14:51:45,869] {dag.py:1833} INFO - Sync 1 DAGs
[2021-09-06 14:51:45,878] {logging_mixin.py:109} INFO - [2021-09-06 14:51:45,877] {dag.py:2306} INFO - Setting next_dagrun for example_skip_dag to 2021-09-04 00:00:00+00:00
[2021-09-06 14:51:45,890] {processor.py:170} INFO - Processing /home/airflow/.local/lib/python3.8/site-packages/airflow/example_dags/example_skip_dag.py took 0.040 seconds
[2021-09-06 14:52:16,411] {processor.py:162} INFO - Started process (PID=3881) to work on /home/airflow/.local/lib/python3.8/site-packages/airflow/example_dags/example_skip_dag.py
[2021-09-06 14:52:16,411] {processor.py:613} INFO - Processing file /home/airflow/.local/lib/python3.8/site-packages/airflow/example_dags/example_skip_dag.py for tasks to queue
[2021-09-06 14:52:16,412] {logging_mixin.py:109} INFO - [2021-09-06 14:52:16,412] {dagbag.py:496} INFO - Filling up the DagBag from /home/airflow/.local/lib/python3.8/site-packages/airflow/example_dags/example_skip_dag.py
[2021-09-06 14:52:16,417] {processor.py:623} INFO - DAG(s) dict_keys(['example_skip_dag']) retrieved from /home/airflow/.local/lib/python3.8/site-packages/airflow/example_dags/example_skip_dag.py
[2021-09-06 14:52:16,427] {logging_mixin.py:109} INFO - [2021-09-06 14:52:16,427] {dag.py:1833} INFO - Sync 1 DAGs
[2021-09-06 14:52:16,433] {logging_mixin.py:109} INFO - [2021-09-06 14:52:16,433] {dag.py:2306} INFO - Setting next_dagrun for example_skip_dag to 2021-09-04 00:00:00+00:00
[2021-09-06 14:52:16,446] {processor.py:170} INFO - Processing /home/airflow/.local/lib/python3.8/site-packages/airflow/example_dags/example_skip_dag.py took 0.037 seconds
[2021-09-06 14:52:46,978] {processor.py:162} INFO - Started process (PID=3934) to work on /home/airflow/.local/lib/python3.8/site-packages/airflow/example_dags/example_skip_dag.py
[2021-09-06 14:52:46,978] {processor.py:613} INFO - Processing file /home/airflow/.local/lib/python3.8/site-packages/airflow/example_dags/example_skip_dag.py for tasks to queue
[2021-09-06 14:52:46,979] {logging_mixin.py:109} INFO - [2021-09-06 14:52:46,979] {dagbag.py:496} INFO - Filling up the DagBag from /home/airflow/.local/lib/python3.8/site-packages/airflow/example_dags/example_skip_dag.py
[2021-09-06 14:52:46,983] {processor.py:623} INFO - DAG(s) dict_keys(['example_skip_dag']) retrieved from /home/airflow/.local/lib/python3.8/site-packages/airflow/example_dags/example_skip_dag.py
[2021-09-06 14:52:46,995] {logging_mixin.py:109} INFO - [2021-09-06 14:52:46,995] {dag.py:1833} INFO - Sync 1 DAGs
[2021-09-06 14:52:47,002] {logging_mixin.py:109} INFO - [2021-09-06 14:52:47,002] {dag.py:2306} INFO - Setting next_dagrun for example_skip_dag to 2021-09-04 00:00:00+00:00
[2021-09-06 14:52:47,014] {processor.py:170} INFO - Processing /home/airflow/.local/lib/python3.8/site-packages/airflow/example_dags/example_skip_dag.py took 0.038 seconds
[2021-09-06 14:53:17,547] {processor.py:162} INFO - Started process (PID=3988) to work on /home/airflow/.local/lib/python3.8/site-packages/airflow/example_dags/example_skip_dag.py
[2021-09-06 14:53:17,547] {processor.py:613} INFO - Processing file /home/airflow/.local/lib/python3.8/site-packages/airflow/example_dags/example_skip_dag.py for tasks to queue
[2021-09-06 14:53:17,547] {logging_mixin.py:109} INFO - [2021-09-06 14:53:17,547] {dagbag.py:496} INFO - Filling up the DagBag from /home/airflow/.local/lib/python3.8/site-packages/airflow/example_dags/example_skip_dag.py
[2021-09-06 14:53:17,552] {processor.py:623} INFO - DAG(s) dict_keys(['example_skip_dag']) retrieved from /home/airflow/.local/lib/python3.8/site-packages/airflow/example_dags/example_skip_dag.py
[2021-09-06 14:53:17,563] {logging_mixin.py:109} INFO - [2021-09-06 14:53:17,563] {dag.py:1833} INFO - Sync 1 DAGs
[2021-09-06 14:53:17,569] {logging_mixin.py:109} INFO - [2021-09-06 14:53:17,569] {dag.py:2306} INFO - Setting next_dagrun for example_skip_dag to 2021-09-04 00:00:00+00:00
[2021-09-06 14:53:17,581] {processor.py:170} INFO - Processing /home/airflow/.local/lib/python3.8/site-packages/airflow/example_dags/example_skip_dag.py took 0.036 seconds
[2021-09-06 14:53:48,112] {processor.py:162} INFO - Started process (PID=4041) to work on /home/airflow/.local/lib/python3.8/site-packages/airflow/example_dags/example_skip_dag.py
[2021-09-06 14:53:48,113] {processor.py:613} INFO - Processing file /home/airflow/.local/lib/python3.8/site-packages/airflow/example_dags/example_skip_dag.py for tasks to queue
[2021-09-06 14:53:48,113] {logging_mixin.py:109} INFO - [2021-09-06 14:53:48,113] {dagbag.py:496} INFO - Filling up the DagBag from /home/airflow/.local/lib/python3.8/site-packages/airflow/example_dags/example_skip_dag.py
[2021-09-06 14:53:48,118] {processor.py:623} INFO - DAG(s) dict_keys(['example_skip_dag']) retrieved from /home/airflow/.local/lib/python3.8/site-packages/airflow/example_dags/example_skip_dag.py
[2021-09-06 14:53:48,128] {logging_mixin.py:109} INFO - [2021-09-06 14:53:48,128] {dag.py:1833} INFO - Sync 1 DAGs
[2021-09-06 14:53:48,134] {logging_mixin.py:109} INFO - [2021-09-06 14:53:48,134] {dag.py:2306} INFO - Setting next_dagrun for example_skip_dag to 2021-09-04 00:00:00+00:00
[2021-09-06 14:53:48,146] {processor.py:170} INFO - Processing /home/airflow/.local/lib/python3.8/site-packages/airflow/example_dags/example_skip_dag.py took 0.034 seconds
[2021-09-06 14:54:18,712] {processor.py:162} INFO - Started process (PID=4094) to work on /home/airflow/.local/lib/python3.8/site-packages/airflow/example_dags/example_skip_dag.py
[2021-09-06 14:54:18,712] {processor.py:613} INFO - Processing file /home/airflow/.local/lib/python3.8/site-packages/airflow/example_dags/example_skip_dag.py for tasks to queue
[2021-09-06 14:54:18,713] {logging_mixin.py:109} INFO - [2021-09-06 14:54:18,713] {dagbag.py:496} INFO - Filling up the DagBag from /home/airflow/.local/lib/python3.8/site-packages/airflow/example_dags/example_skip_dag.py
[2021-09-06 14:54:18,718] {processor.py:623} INFO - DAG(s) dict_keys(['example_skip_dag']) retrieved from /home/airflow/.local/lib/python3.8/site-packages/airflow/example_dags/example_skip_dag.py
[2021-09-06 14:54:18,728] {logging_mixin.py:109} INFO - [2021-09-06 14:54:18,728] {dag.py:1833} INFO - Sync 1 DAGs
[2021-09-06 14:54:18,735] {logging_mixin.py:109} INFO - [2021-09-06 14:54:18,735] {dag.py:2306} INFO - Setting next_dagrun for example_skip_dag to 2021-09-04 00:00:00+00:00
[2021-09-06 14:54:18,747] {processor.py:170} INFO - Processing /home/airflow/.local/lib/python3.8/site-packages/airflow/example_dags/example_skip_dag.py took 0.037 seconds
[2021-09-06 14:54:49,280] {processor.py:162} INFO - Started process (PID=4147) to work on /home/airflow/.local/lib/python3.8/site-packages/airflow/example_dags/example_skip_dag.py
[2021-09-06 14:54:49,281] {processor.py:613} INFO - Processing file /home/airflow/.local/lib/python3.8/site-packages/airflow/example_dags/example_skip_dag.py for tasks to queue
[2021-09-06 14:54:49,281] {logging_mixin.py:109} INFO - [2021-09-06 14:54:49,281] {dagbag.py:496} INFO - Filling up the DagBag from /home/airflow/.local/lib/python3.8/site-packages/airflow/example_dags/example_skip_dag.py
[2021-09-06 14:54:49,286] {processor.py:623} INFO - DAG(s) dict_keys(['example_skip_dag']) retrieved from /home/airflow/.local/lib/python3.8/site-packages/airflow/example_dags/example_skip_dag.py
[2021-09-06 14:54:49,296] {logging_mixin.py:109} INFO - [2021-09-06 14:54:49,296] {dag.py:1833} INFO - Sync 1 DAGs
[2021-09-06 14:54:49,302] {logging_mixin.py:109} INFO - [2021-09-06 14:54:49,302] {dag.py:2306} INFO - Setting next_dagrun for example_skip_dag to 2021-09-04 00:00:00+00:00
[2021-09-06 14:54:49,314] {processor.py:170} INFO - Processing /home/airflow/.local/lib/python3.8/site-packages/airflow/example_dags/example_skip_dag.py took 0.035 seconds
[2021-09-06 14:55:19,878] {processor.py:162} INFO - Started process (PID=4200) to work on /home/airflow/.local/lib/python3.8/site-packages/airflow/example_dags/example_skip_dag.py
[2021-09-06 14:55:19,879] {processor.py:613} INFO - Processing file /home/airflow/.local/lib/python3.8/site-packages/airflow/example_dags/example_skip_dag.py for tasks to queue
[2021-09-06 14:55:19,879] {logging_mixin.py:109} INFO - [2021-09-06 14:55:19,879] {dagbag.py:496} INFO - Filling up the DagBag from /home/airflow/.local/lib/python3.8/site-packages/airflow/example_dags/example_skip_dag.py
[2021-09-06 14:55:19,885] {processor.py:623} INFO - DAG(s) dict_keys(['example_skip_dag']) retrieved from /home/airflow/.local/lib/python3.8/site-packages/airflow/example_dags/example_skip_dag.py
[2021-09-06 14:55:19,895] {logging_mixin.py:109} INFO - [2021-09-06 14:55:19,894] {dag.py:1833} INFO - Sync 1 DAGs
[2021-09-06 14:55:19,900] {logging_mixin.py:109} INFO - [2021-09-06 14:55:19,900] {dag.py:2306} INFO - Setting next_dagrun for example_skip_dag to 2021-09-04 00:00:00+00:00
[2021-09-06 14:55:19,912] {processor.py:170} INFO - Processing /home/airflow/.local/lib/python3.8/site-packages/airflow/example_dags/example_skip_dag.py took 0.035 seconds
[2021-09-06 14:55:50,454] {processor.py:162} INFO - Started process (PID=4253) to work on /home/airflow/.local/lib/python3.8/site-packages/airflow/example_dags/example_skip_dag.py
[2021-09-06 14:55:50,454] {processor.py:613} INFO - Processing file /home/airflow/.local/lib/python3.8/site-packages/airflow/example_dags/example_skip_dag.py for tasks to queue
[2021-09-06 14:55:50,454] {logging_mixin.py:109} INFO - [2021-09-06 14:55:50,454] {dagbag.py:496} INFO - Filling up the DagBag from /home/airflow/.local/lib/python3.8/site-packages/airflow/example_dags/example_skip_dag.py
[2021-09-06 14:55:50,459] {processor.py:623} INFO - DAG(s) dict_keys(['example_skip_dag']) retrieved from /home/airflow/.local/lib/python3.8/site-packages/airflow/example_dags/example_skip_dag.py
[2021-09-06 14:55:50,470] {logging_mixin.py:109} INFO - [2021-09-06 14:55:50,470] {dag.py:1833} INFO - Sync 1 DAGs
[2021-09-06 14:55:50,476] {logging_mixin.py:109} INFO - [2021-09-06 14:55:50,476] {dag.py:2306} INFO - Setting next_dagrun for example_skip_dag to 2021-09-04 00:00:00+00:00
[2021-09-06 14:55:50,488] {processor.py:170} INFO - Processing /home/airflow/.local/lib/python3.8/site-packages/airflow/example_dags/example_skip_dag.py took 0.036 seconds
[2021-09-06 14:56:21,055] {processor.py:162} INFO - Started process (PID=4306) to work on /home/airflow/.local/lib/python3.8/site-packages/airflow/example_dags/example_skip_dag.py
[2021-09-06 14:56:21,055] {processor.py:613} INFO - Processing file /home/airflow/.local/lib/python3.8/site-packages/airflow/example_dags/example_skip_dag.py for tasks to queue
[2021-09-06 14:56:21,056] {logging_mixin.py:109} INFO - [2021-09-06 14:56:21,056] {dagbag.py:496} INFO - Filling up the DagBag from /home/airflow/.local/lib/python3.8/site-packages/airflow/example_dags/example_skip_dag.py
[2021-09-06 14:56:21,060] {processor.py:623} INFO - DAG(s) dict_keys(['example_skip_dag']) retrieved from /home/airflow/.local/lib/python3.8/site-packages/airflow/example_dags/example_skip_dag.py
[2021-09-06 14:56:21,071] {logging_mixin.py:109} INFO - [2021-09-06 14:56:21,071] {dag.py:1833} INFO - Sync 1 DAGs
[2021-09-06 14:56:21,077] {logging_mixin.py:109} INFO - [2021-09-06 14:56:21,077] {dag.py:2306} INFO - Setting next_dagrun for example_skip_dag to 2021-09-04 00:00:00+00:00
[2021-09-06 14:56:21,089] {processor.py:170} INFO - Processing /home/airflow/.local/lib/python3.8/site-packages/airflow/example_dags/example_skip_dag.py took 0.037 seconds
[2021-09-06 14:56:51,579] {processor.py:162} INFO - Started process (PID=4360) to work on /home/airflow/.local/lib/python3.8/site-packages/airflow/example_dags/example_skip_dag.py
[2021-09-06 14:56:51,580] {processor.py:613} INFO - Processing file /home/airflow/.local/lib/python3.8/site-packages/airflow/example_dags/example_skip_dag.py for tasks to queue
[2021-09-06 14:56:51,580] {logging_mixin.py:109} INFO - [2021-09-06 14:56:51,580] {dagbag.py:496} INFO - Filling up the DagBag from /home/airflow/.local/lib/python3.8/site-packages/airflow/example_dags/example_skip_dag.py
[2021-09-06 14:56:51,585] {processor.py:623} INFO - DAG(s) dict_keys(['example_skip_dag']) retrieved from /home/airflow/.local/lib/python3.8/site-packages/airflow/example_dags/example_skip_dag.py
[2021-09-06 14:56:51,595] {logging_mixin.py:109} INFO - [2021-09-06 14:56:51,595] {dag.py:1833} INFO - Sync 1 DAGs
[2021-09-06 14:56:51,601] {logging_mixin.py:109} INFO - [2021-09-06 14:56:51,601] {dag.py:2306} INFO - Setting next_dagrun for example_skip_dag to 2021-09-04 00:00:00+00:00
[2021-09-06 14:56:51,607] {processor.py:170} INFO - Processing /home/airflow/.local/lib/python3.8/site-packages/airflow/example_dags/example_skip_dag.py took 0.029 seconds
[2021-09-06 14:57:22,200] {processor.py:162} INFO - Started process (PID=4413) to work on /home/airflow/.local/lib/python3.8/site-packages/airflow/example_dags/example_skip_dag.py
[2021-09-06 14:57:22,201] {processor.py:613} INFO - Processing file /home/airflow/.local/lib/python3.8/site-packages/airflow/example_dags/example_skip_dag.py for tasks to queue
[2021-09-06 14:57:22,201] {logging_mixin.py:109} INFO - [2021-09-06 14:57:22,201] {dagbag.py:496} INFO - Filling up the DagBag from /home/airflow/.local/lib/python3.8/site-packages/airflow/example_dags/example_skip_dag.py
[2021-09-06 14:57:22,206] {processor.py:623} INFO - DAG(s) dict_keys(['example_skip_dag']) retrieved from /home/airflow/.local/lib/python3.8/site-packages/airflow/example_dags/example_skip_dag.py
[2021-09-06 14:57:22,216] {logging_mixin.py:109} INFO - [2021-09-06 14:57:22,216] {dag.py:1833} INFO - Sync 1 DAGs
[2021-09-06 14:57:22,222] {logging_mixin.py:109} INFO - [2021-09-06 14:57:22,222] {dag.py:2306} INFO - Setting next_dagrun for example_skip_dag to 2021-09-04 00:00:00+00:00
[2021-09-06 14:57:22,234] {processor.py:170} INFO - Processing /home/airflow/.local/lib/python3.8/site-packages/airflow/example_dags/example_skip_dag.py took 0.035 seconds
[2021-09-06 14:57:52,760] {processor.py:162} INFO - Started process (PID=4473) to work on /home/airflow/.local/lib/python3.8/site-packages/airflow/example_dags/example_skip_dag.py
[2021-09-06 14:57:52,761] {processor.py:613} INFO - Processing file /home/airflow/.local/lib/python3.8/site-packages/airflow/example_dags/example_skip_dag.py for tasks to queue
[2021-09-06 14:57:52,761] {logging_mixin.py:109} INFO - [2021-09-06 14:57:52,761] {dagbag.py:496} INFO - Filling up the DagBag from /home/airflow/.local/lib/python3.8/site-packages/airflow/example_dags/example_skip_dag.py
[2021-09-06 14:57:52,766] {processor.py:623} INFO - DAG(s) dict_keys(['example_skip_dag']) retrieved from /home/airflow/.local/lib/python3.8/site-packages/airflow/example_dags/example_skip_dag.py
[2021-09-06 14:57:52,776] {logging_mixin.py:109} INFO - [2021-09-06 14:57:52,776] {dag.py:1833} INFO - Sync 1 DAGs
[2021-09-06 14:57:52,782] {logging_mixin.py:109} INFO - [2021-09-06 14:57:52,782] {dag.py:2306} INFO - Setting next_dagrun for example_skip_dag to 2021-09-04 00:00:00+00:00
[2021-09-06 14:57:52,786] {processor.py:170} INFO - Processing /home/airflow/.local/lib/python3.8/site-packages/airflow/example_dags/example_skip_dag.py took 0.028 seconds
[2021-09-06 14:58:23,360] {processor.py:162} INFO - Started process (PID=4526) to work on /home/airflow/.local/lib/python3.8/site-packages/airflow/example_dags/example_skip_dag.py
[2021-09-06 14:58:23,361] {processor.py:613} INFO - Processing file /home/airflow/.local/lib/python3.8/site-packages/airflow/example_dags/example_skip_dag.py for tasks to queue
[2021-09-06 14:58:23,361] {logging_mixin.py:109} INFO - [2021-09-06 14:58:23,361] {dagbag.py:496} INFO - Filling up the DagBag from /home/airflow/.local/lib/python3.8/site-packages/airflow/example_dags/example_skip_dag.py
[2021-09-06 14:58:23,367] {processor.py:623} INFO - DAG(s) dict_keys(['example_skip_dag']) retrieved from /home/airflow/.local/lib/python3.8/site-packages/airflow/example_dags/example_skip_dag.py
[2021-09-06 14:58:23,377] {logging_mixin.py:109} INFO - [2021-09-06 14:58:23,377] {dag.py:1833} INFO - Sync 1 DAGs
[2021-09-06 14:58:23,382] {logging_mixin.py:109} INFO - [2021-09-06 14:58:23,382] {dag.py:2306} INFO - Setting next_dagrun for example_skip_dag to 2021-09-04 00:00:00+00:00
[2021-09-06 14:58:23,394] {processor.py:170} INFO - Processing /home/airflow/.local/lib/python3.8/site-packages/airflow/example_dags/example_skip_dag.py took 0.036 seconds
[2021-09-06 14:58:53,951] {processor.py:162} INFO - Started process (PID=4579) to work on /home/airflow/.local/lib/python3.8/site-packages/airflow/example_dags/example_skip_dag.py
[2021-09-06 14:58:53,952] {processor.py:613} INFO - Processing file /home/airflow/.local/lib/python3.8/site-packages/airflow/example_dags/example_skip_dag.py for tasks to queue
[2021-09-06 14:58:53,952] {logging_mixin.py:109} INFO - [2021-09-06 14:58:53,952] {dagbag.py:496} INFO - Filling up the DagBag from /home/airflow/.local/lib/python3.8/site-packages/airflow/example_dags/example_skip_dag.py
[2021-09-06 14:58:53,957] {processor.py:623} INFO - DAG(s) dict_keys(['example_skip_dag']) retrieved from /home/airflow/.local/lib/python3.8/site-packages/airflow/example_dags/example_skip_dag.py
[2021-09-06 14:58:53,968] {logging_mixin.py:109} INFO - [2021-09-06 14:58:53,968] {dag.py:1833} INFO - Sync 1 DAGs
[2021-09-06 14:58:53,974] {logging_mixin.py:109} INFO - [2021-09-06 14:58:53,974] {dag.py:2306} INFO - Setting next_dagrun for example_skip_dag to 2021-09-04 00:00:00+00:00
[2021-09-06 14:58:53,986] {processor.py:170} INFO - Processing /home/airflow/.local/lib/python3.8/site-packages/airflow/example_dags/example_skip_dag.py took 0.036 seconds
