[2021-09-06 14:19:03,519] {processor.py:162} INFO - Started process (PID=106) to work on /home/airflow/.local/lib/python3.8/site-packages/airflow/example_dags/example_dag_decorator.py
[2021-09-06 14:19:03,519] {processor.py:613} INFO - Processing file /home/airflow/.local/lib/python3.8/site-packages/airflow/example_dags/example_dag_decorator.py for tasks to queue
[2021-09-06 14:19:03,519] {logging_mixin.py:109} INFO - [2021-09-06 14:19:03,519] {dagbag.py:496} INFO - Filling up the DagBag from /home/airflow/.local/lib/python3.8/site-packages/airflow/example_dags/example_dag_decorator.py
[2021-09-06 14:19:03,531] {processor.py:623} INFO - DAG(s) dict_keys(['example_dag_decorator']) retrieved from /home/airflow/.local/lib/python3.8/site-packages/airflow/example_dags/example_dag_decorator.py
[2021-09-06 14:19:04,586] {logging_mixin.py:109} INFO - [2021-09-06 14:19:04,586] {dag.py:1833} INFO - Sync 1 DAGs
[2021-09-06 14:19:04,589] {logging_mixin.py:109} INFO - [2021-09-06 14:19:04,589] {dag.py:1852} INFO - Creating ORM DAG for example_dag_decorator
[2021-09-06 14:19:04,591] {logging_mixin.py:109} INFO - [2021-09-06 14:19:04,591] {dag.py:2306} INFO - Setting next_dagrun for example_dag_decorator to None
[2021-09-06 14:19:04,596] {processor.py:170} INFO - Processing /home/airflow/.local/lib/python3.8/site-packages/airflow/example_dags/example_dag_decorator.py took 1.079 seconds
[2021-09-06 14:19:34,834] {processor.py:162} INFO - Started process (PID=459) to work on /home/airflow/.local/lib/python3.8/site-packages/airflow/example_dags/example_dag_decorator.py
[2021-09-06 14:19:34,835] {processor.py:613} INFO - Processing file /home/airflow/.local/lib/python3.8/site-packages/airflow/example_dags/example_dag_decorator.py for tasks to queue
[2021-09-06 14:19:34,836] {logging_mixin.py:109} INFO - [2021-09-06 14:19:34,836] {dagbag.py:496} INFO - Filling up the DagBag from /home/airflow/.local/lib/python3.8/site-packages/airflow/example_dags/example_dag_decorator.py
[2021-09-06 14:19:34,845] {processor.py:623} INFO - DAG(s) dict_keys(['example_dag_decorator']) retrieved from /home/airflow/.local/lib/python3.8/site-packages/airflow/example_dags/example_dag_decorator.py
[2021-09-06 14:19:34,989] {logging_mixin.py:109} INFO - [2021-09-06 14:19:34,989] {dag.py:1833} INFO - Sync 1 DAGs
[2021-09-06 14:19:34,994] {logging_mixin.py:109} INFO - [2021-09-06 14:19:34,994] {dag.py:2306} INFO - Setting next_dagrun for example_dag_decorator to None
[2021-09-06 14:19:35,007] {processor.py:170} INFO - Processing /home/airflow/.local/lib/python3.8/site-packages/airflow/example_dags/example_dag_decorator.py took 0.175 seconds
[2021-09-06 14:20:05,434] {processor.py:162} INFO - Started process (PID=512) to work on /home/airflow/.local/lib/python3.8/site-packages/airflow/example_dags/example_dag_decorator.py
[2021-09-06 14:20:05,434] {processor.py:613} INFO - Processing file /home/airflow/.local/lib/python3.8/site-packages/airflow/example_dags/example_dag_decorator.py for tasks to queue
[2021-09-06 14:20:05,434] {logging_mixin.py:109} INFO - [2021-09-06 14:20:05,434] {dagbag.py:496} INFO - Filling up the DagBag from /home/airflow/.local/lib/python3.8/site-packages/airflow/example_dags/example_dag_decorator.py
[2021-09-06 14:20:05,442] {processor.py:623} INFO - DAG(s) dict_keys(['example_dag_decorator']) retrieved from /home/airflow/.local/lib/python3.8/site-packages/airflow/example_dags/example_dag_decorator.py
[2021-09-06 14:20:05,586] {logging_mixin.py:109} INFO - [2021-09-06 14:20:05,586] {dag.py:1833} INFO - Sync 1 DAGs
[2021-09-06 14:20:05,591] {logging_mixin.py:109} INFO - [2021-09-06 14:20:05,591] {dag.py:2306} INFO - Setting next_dagrun for example_dag_decorator to None
[2021-09-06 14:20:05,603] {processor.py:170} INFO - Processing /home/airflow/.local/lib/python3.8/site-packages/airflow/example_dags/example_dag_decorator.py took 0.171 seconds
[2021-09-06 14:20:36,024] {processor.py:162} INFO - Started process (PID=565) to work on /home/airflow/.local/lib/python3.8/site-packages/airflow/example_dags/example_dag_decorator.py
[2021-09-06 14:20:36,025] {processor.py:613} INFO - Processing file /home/airflow/.local/lib/python3.8/site-packages/airflow/example_dags/example_dag_decorator.py for tasks to queue
[2021-09-06 14:20:36,025] {logging_mixin.py:109} INFO - [2021-09-06 14:20:36,025] {dagbag.py:496} INFO - Filling up the DagBag from /home/airflow/.local/lib/python3.8/site-packages/airflow/example_dags/example_dag_decorator.py
[2021-09-06 14:20:36,034] {processor.py:623} INFO - DAG(s) dict_keys(['example_dag_decorator']) retrieved from /home/airflow/.local/lib/python3.8/site-packages/airflow/example_dags/example_dag_decorator.py
[2021-09-06 14:20:36,176] {logging_mixin.py:109} INFO - [2021-09-06 14:20:36,176] {dag.py:1833} INFO - Sync 1 DAGs
[2021-09-06 14:20:36,181] {logging_mixin.py:109} INFO - [2021-09-06 14:20:36,181] {dag.py:2306} INFO - Setting next_dagrun for example_dag_decorator to None
[2021-09-06 14:20:36,193] {processor.py:170} INFO - Processing /home/airflow/.local/lib/python3.8/site-packages/airflow/example_dags/example_dag_decorator.py took 0.170 seconds
[2021-09-06 14:21:06,697] {processor.py:162} INFO - Started process (PID=618) to work on /home/airflow/.local/lib/python3.8/site-packages/airflow/example_dags/example_dag_decorator.py
[2021-09-06 14:21:06,698] {processor.py:613} INFO - Processing file /home/airflow/.local/lib/python3.8/site-packages/airflow/example_dags/example_dag_decorator.py for tasks to queue
[2021-09-06 14:21:06,698] {logging_mixin.py:109} INFO - [2021-09-06 14:21:06,698] {dagbag.py:496} INFO - Filling up the DagBag from /home/airflow/.local/lib/python3.8/site-packages/airflow/example_dags/example_dag_decorator.py
[2021-09-06 14:21:06,707] {processor.py:623} INFO - DAG(s) dict_keys(['example_dag_decorator']) retrieved from /home/airflow/.local/lib/python3.8/site-packages/airflow/example_dags/example_dag_decorator.py
[2021-09-06 14:21:06,852] {logging_mixin.py:109} INFO - [2021-09-06 14:21:06,852] {dag.py:1833} INFO - Sync 1 DAGs
[2021-09-06 14:21:06,858] {logging_mixin.py:109} INFO - [2021-09-06 14:21:06,858] {dag.py:2306} INFO - Setting next_dagrun for example_dag_decorator to None
[2021-09-06 14:21:06,871] {processor.py:170} INFO - Processing /home/airflow/.local/lib/python3.8/site-packages/airflow/example_dags/example_dag_decorator.py took 0.175 seconds
[2021-09-06 14:21:37,335] {processor.py:162} INFO - Started process (PID=671) to work on /home/airflow/.local/lib/python3.8/site-packages/airflow/example_dags/example_dag_decorator.py
[2021-09-06 14:21:37,335] {processor.py:613} INFO - Processing file /home/airflow/.local/lib/python3.8/site-packages/airflow/example_dags/example_dag_decorator.py for tasks to queue
[2021-09-06 14:21:37,336] {logging_mixin.py:109} INFO - [2021-09-06 14:21:37,336] {dagbag.py:496} INFO - Filling up the DagBag from /home/airflow/.local/lib/python3.8/site-packages/airflow/example_dags/example_dag_decorator.py
[2021-09-06 14:21:37,344] {processor.py:623} INFO - DAG(s) dict_keys(['example_dag_decorator']) retrieved from /home/airflow/.local/lib/python3.8/site-packages/airflow/example_dags/example_dag_decorator.py
[2021-09-06 14:21:37,488] {logging_mixin.py:109} INFO - [2021-09-06 14:21:37,488] {dag.py:1833} INFO - Sync 1 DAGs
[2021-09-06 14:21:37,493] {logging_mixin.py:109} INFO - [2021-09-06 14:21:37,493] {dag.py:2306} INFO - Setting next_dagrun for example_dag_decorator to None
[2021-09-06 14:21:37,498] {processor.py:170} INFO - Processing /home/airflow/.local/lib/python3.8/site-packages/airflow/example_dags/example_dag_decorator.py took 0.165 seconds
[2021-09-06 14:22:07,940] {processor.py:162} INFO - Started process (PID=724) to work on /home/airflow/.local/lib/python3.8/site-packages/airflow/example_dags/example_dag_decorator.py
[2021-09-06 14:22:07,941] {processor.py:613} INFO - Processing file /home/airflow/.local/lib/python3.8/site-packages/airflow/example_dags/example_dag_decorator.py for tasks to queue
[2021-09-06 14:22:07,941] {logging_mixin.py:109} INFO - [2021-09-06 14:22:07,941] {dagbag.py:496} INFO - Filling up the DagBag from /home/airflow/.local/lib/python3.8/site-packages/airflow/example_dags/example_dag_decorator.py
[2021-09-06 14:22:07,949] {processor.py:623} INFO - DAG(s) dict_keys(['example_dag_decorator']) retrieved from /home/airflow/.local/lib/python3.8/site-packages/airflow/example_dags/example_dag_decorator.py
[2021-09-06 14:22:08,096] {logging_mixin.py:109} INFO - [2021-09-06 14:22:08,096] {dag.py:1833} INFO - Sync 1 DAGs
[2021-09-06 14:22:08,101] {logging_mixin.py:109} INFO - [2021-09-06 14:22:08,101] {dag.py:2306} INFO - Setting next_dagrun for example_dag_decorator to None
[2021-09-06 14:22:08,113] {processor.py:170} INFO - Processing /home/airflow/.local/lib/python3.8/site-packages/airflow/example_dags/example_dag_decorator.py took 0.174 seconds
[2021-09-06 14:22:38,500] {processor.py:162} INFO - Started process (PID=777) to work on /home/airflow/.local/lib/python3.8/site-packages/airflow/example_dags/example_dag_decorator.py
[2021-09-06 14:22:38,500] {processor.py:613} INFO - Processing file /home/airflow/.local/lib/python3.8/site-packages/airflow/example_dags/example_dag_decorator.py for tasks to queue
[2021-09-06 14:22:38,500] {logging_mixin.py:109} INFO - [2021-09-06 14:22:38,500] {dagbag.py:496} INFO - Filling up the DagBag from /home/airflow/.local/lib/python3.8/site-packages/airflow/example_dags/example_dag_decorator.py
[2021-09-06 14:22:38,508] {processor.py:623} INFO - DAG(s) dict_keys(['example_dag_decorator']) retrieved from /home/airflow/.local/lib/python3.8/site-packages/airflow/example_dags/example_dag_decorator.py
[2021-09-06 14:22:38,654] {logging_mixin.py:109} INFO - [2021-09-06 14:22:38,654] {dag.py:1833} INFO - Sync 1 DAGs
[2021-09-06 14:22:38,659] {logging_mixin.py:109} INFO - [2021-09-06 14:22:38,659] {dag.py:2306} INFO - Setting next_dagrun for example_dag_decorator to None
[2021-09-06 14:22:38,672] {processor.py:170} INFO - Processing /home/airflow/.local/lib/python3.8/site-packages/airflow/example_dags/example_dag_decorator.py took 0.174 seconds
[2021-09-06 14:23:09,121] {processor.py:162} INFO - Started process (PID=837) to work on /home/airflow/.local/lib/python3.8/site-packages/airflow/example_dags/example_dag_decorator.py
[2021-09-06 14:23:09,121] {processor.py:613} INFO - Processing file /home/airflow/.local/lib/python3.8/site-packages/airflow/example_dags/example_dag_decorator.py for tasks to queue
[2021-09-06 14:23:09,122] {logging_mixin.py:109} INFO - [2021-09-06 14:23:09,122] {dagbag.py:496} INFO - Filling up the DagBag from /home/airflow/.local/lib/python3.8/site-packages/airflow/example_dags/example_dag_decorator.py
[2021-09-06 14:23:09,130] {processor.py:623} INFO - DAG(s) dict_keys(['example_dag_decorator']) retrieved from /home/airflow/.local/lib/python3.8/site-packages/airflow/example_dags/example_dag_decorator.py
[2021-09-06 14:23:09,276] {logging_mixin.py:109} INFO - [2021-09-06 14:23:09,275] {dag.py:1833} INFO - Sync 1 DAGs
[2021-09-06 14:23:09,281] {logging_mixin.py:109} INFO - [2021-09-06 14:23:09,281] {dag.py:2306} INFO - Setting next_dagrun for example_dag_decorator to None
[2021-09-06 14:23:09,293] {processor.py:170} INFO - Processing /home/airflow/.local/lib/python3.8/site-packages/airflow/example_dags/example_dag_decorator.py took 0.174 seconds
[2021-09-06 14:23:39,730] {processor.py:162} INFO - Started process (PID=891) to work on /home/airflow/.local/lib/python3.8/site-packages/airflow/example_dags/example_dag_decorator.py
[2021-09-06 14:23:39,731] {processor.py:613} INFO - Processing file /home/airflow/.local/lib/python3.8/site-packages/airflow/example_dags/example_dag_decorator.py for tasks to queue
[2021-09-06 14:23:39,731] {logging_mixin.py:109} INFO - [2021-09-06 14:23:39,731] {dagbag.py:496} INFO - Filling up the DagBag from /home/airflow/.local/lib/python3.8/site-packages/airflow/example_dags/example_dag_decorator.py
[2021-09-06 14:23:39,740] {processor.py:623} INFO - DAG(s) dict_keys(['example_dag_decorator']) retrieved from /home/airflow/.local/lib/python3.8/site-packages/airflow/example_dags/example_dag_decorator.py
[2021-09-06 14:23:39,884] {logging_mixin.py:109} INFO - [2021-09-06 14:23:39,884] {dag.py:1833} INFO - Sync 1 DAGs
[2021-09-06 14:23:39,889] {logging_mixin.py:109} INFO - [2021-09-06 14:23:39,889] {dag.py:2306} INFO - Setting next_dagrun for example_dag_decorator to None
[2021-09-06 14:23:39,901] {processor.py:170} INFO - Processing /home/airflow/.local/lib/python3.8/site-packages/airflow/example_dags/example_dag_decorator.py took 0.174 seconds
[2021-09-06 14:24:10,353] {processor.py:162} INFO - Started process (PID=945) to work on /home/airflow/.local/lib/python3.8/site-packages/airflow/example_dags/example_dag_decorator.py
[2021-09-06 14:24:10,353] {processor.py:613} INFO - Processing file /home/airflow/.local/lib/python3.8/site-packages/airflow/example_dags/example_dag_decorator.py for tasks to queue
[2021-09-06 14:24:10,354] {logging_mixin.py:109} INFO - [2021-09-06 14:24:10,354] {dagbag.py:496} INFO - Filling up the DagBag from /home/airflow/.local/lib/python3.8/site-packages/airflow/example_dags/example_dag_decorator.py
[2021-09-06 14:24:10,362] {processor.py:623} INFO - DAG(s) dict_keys(['example_dag_decorator']) retrieved from /home/airflow/.local/lib/python3.8/site-packages/airflow/example_dags/example_dag_decorator.py
[2021-09-06 14:24:10,506] {logging_mixin.py:109} INFO - [2021-09-06 14:24:10,506] {dag.py:1833} INFO - Sync 1 DAGs
[2021-09-06 14:24:10,512] {logging_mixin.py:109} INFO - [2021-09-06 14:24:10,511] {dag.py:2306} INFO - Setting next_dagrun for example_dag_decorator to None
[2021-09-06 14:24:10,524] {processor.py:170} INFO - Processing /home/airflow/.local/lib/python3.8/site-packages/airflow/example_dags/example_dag_decorator.py took 0.173 seconds
[2021-09-06 14:24:40,969] {processor.py:162} INFO - Started process (PID=998) to work on /home/airflow/.local/lib/python3.8/site-packages/airflow/example_dags/example_dag_decorator.py
[2021-09-06 14:24:40,969] {processor.py:613} INFO - Processing file /home/airflow/.local/lib/python3.8/site-packages/airflow/example_dags/example_dag_decorator.py for tasks to queue
[2021-09-06 14:24:40,969] {logging_mixin.py:109} INFO - [2021-09-06 14:24:40,969] {dagbag.py:496} INFO - Filling up the DagBag from /home/airflow/.local/lib/python3.8/site-packages/airflow/example_dags/example_dag_decorator.py
[2021-09-06 14:24:40,978] {processor.py:623} INFO - DAG(s) dict_keys(['example_dag_decorator']) retrieved from /home/airflow/.local/lib/python3.8/site-packages/airflow/example_dags/example_dag_decorator.py
[2021-09-06 14:24:41,126] {logging_mixin.py:109} INFO - [2021-09-06 14:24:41,126] {dag.py:1833} INFO - Sync 1 DAGs
[2021-09-06 14:24:41,132] {logging_mixin.py:109} INFO - [2021-09-06 14:24:41,132] {dag.py:2306} INFO - Setting next_dagrun for example_dag_decorator to None
[2021-09-06 14:24:41,138] {processor.py:170} INFO - Processing /home/airflow/.local/lib/python3.8/site-packages/airflow/example_dags/example_dag_decorator.py took 0.171 seconds
[2021-09-06 14:25:11,556] {processor.py:162} INFO - Started process (PID=1051) to work on /home/airflow/.local/lib/python3.8/site-packages/airflow/example_dags/example_dag_decorator.py
[2021-09-06 14:25:11,556] {processor.py:613} INFO - Processing file /home/airflow/.local/lib/python3.8/site-packages/airflow/example_dags/example_dag_decorator.py for tasks to queue
[2021-09-06 14:25:11,557] {logging_mixin.py:109} INFO - [2021-09-06 14:25:11,557] {dagbag.py:496} INFO - Filling up the DagBag from /home/airflow/.local/lib/python3.8/site-packages/airflow/example_dags/example_dag_decorator.py
[2021-09-06 14:25:11,565] {processor.py:623} INFO - DAG(s) dict_keys(['example_dag_decorator']) retrieved from /home/airflow/.local/lib/python3.8/site-packages/airflow/example_dags/example_dag_decorator.py
[2021-09-06 14:25:11,713] {logging_mixin.py:109} INFO - [2021-09-06 14:25:11,713] {dag.py:1833} INFO - Sync 1 DAGs
[2021-09-06 14:25:11,719] {logging_mixin.py:109} INFO - [2021-09-06 14:25:11,719] {dag.py:2306} INFO - Setting next_dagrun for example_dag_decorator to None
[2021-09-06 14:25:11,732] {processor.py:170} INFO - Processing /home/airflow/.local/lib/python3.8/site-packages/airflow/example_dags/example_dag_decorator.py took 0.178 seconds
[2021-09-06 14:25:42,132] {processor.py:162} INFO - Started process (PID=1104) to work on /home/airflow/.local/lib/python3.8/site-packages/airflow/example_dags/example_dag_decorator.py
[2021-09-06 14:25:42,132] {processor.py:613} INFO - Processing file /home/airflow/.local/lib/python3.8/site-packages/airflow/example_dags/example_dag_decorator.py for tasks to queue
[2021-09-06 14:25:42,132] {logging_mixin.py:109} INFO - [2021-09-06 14:25:42,132] {dagbag.py:496} INFO - Filling up the DagBag from /home/airflow/.local/lib/python3.8/site-packages/airflow/example_dags/example_dag_decorator.py
[2021-09-06 14:25:42,141] {processor.py:623} INFO - DAG(s) dict_keys(['example_dag_decorator']) retrieved from /home/airflow/.local/lib/python3.8/site-packages/airflow/example_dags/example_dag_decorator.py
[2021-09-06 14:25:42,286] {logging_mixin.py:109} INFO - [2021-09-06 14:25:42,286] {dag.py:1833} INFO - Sync 1 DAGs
[2021-09-06 14:25:42,291] {logging_mixin.py:109} INFO - [2021-09-06 14:25:42,291] {dag.py:2306} INFO - Setting next_dagrun for example_dag_decorator to None
[2021-09-06 14:25:42,303] {processor.py:170} INFO - Processing /home/airflow/.local/lib/python3.8/site-packages/airflow/example_dags/example_dag_decorator.py took 0.173 seconds
[2021-09-06 14:26:12,731] {processor.py:162} INFO - Started process (PID=1157) to work on /home/airflow/.local/lib/python3.8/site-packages/airflow/example_dags/example_dag_decorator.py
[2021-09-06 14:26:12,732] {processor.py:613} INFO - Processing file /home/airflow/.local/lib/python3.8/site-packages/airflow/example_dags/example_dag_decorator.py for tasks to queue
[2021-09-06 14:26:12,732] {logging_mixin.py:109} INFO - [2021-09-06 14:26:12,732] {dagbag.py:496} INFO - Filling up the DagBag from /home/airflow/.local/lib/python3.8/site-packages/airflow/example_dags/example_dag_decorator.py
[2021-09-06 14:26:12,740] {processor.py:623} INFO - DAG(s) dict_keys(['example_dag_decorator']) retrieved from /home/airflow/.local/lib/python3.8/site-packages/airflow/example_dags/example_dag_decorator.py
[2021-09-06 14:26:12,889] {logging_mixin.py:109} INFO - [2021-09-06 14:26:12,889] {dag.py:1833} INFO - Sync 1 DAGs
[2021-09-06 14:26:12,895] {logging_mixin.py:109} INFO - [2021-09-06 14:26:12,895] {dag.py:2306} INFO - Setting next_dagrun for example_dag_decorator to None
[2021-09-06 14:26:12,908] {processor.py:170} INFO - Processing /home/airflow/.local/lib/python3.8/site-packages/airflow/example_dags/example_dag_decorator.py took 0.179 seconds
[2021-09-06 14:26:43,334] {processor.py:162} INFO - Started process (PID=1214) to work on /home/airflow/.local/lib/python3.8/site-packages/airflow/example_dags/example_dag_decorator.py
[2021-09-06 14:26:43,335] {processor.py:613} INFO - Processing file /home/airflow/.local/lib/python3.8/site-packages/airflow/example_dags/example_dag_decorator.py for tasks to queue
[2021-09-06 14:26:43,335] {logging_mixin.py:109} INFO - [2021-09-06 14:26:43,335] {dagbag.py:496} INFO - Filling up the DagBag from /home/airflow/.local/lib/python3.8/site-packages/airflow/example_dags/example_dag_decorator.py
[2021-09-06 14:26:43,343] {processor.py:623} INFO - DAG(s) dict_keys(['example_dag_decorator']) retrieved from /home/airflow/.local/lib/python3.8/site-packages/airflow/example_dags/example_dag_decorator.py
[2021-09-06 14:26:43,488] {logging_mixin.py:109} INFO - [2021-09-06 14:26:43,488] {dag.py:1833} INFO - Sync 1 DAGs
[2021-09-06 14:26:43,495] {logging_mixin.py:109} INFO - [2021-09-06 14:26:43,495] {dag.py:2306} INFO - Setting next_dagrun for example_dag_decorator to None
[2021-09-06 14:26:43,507] {processor.py:170} INFO - Processing /home/airflow/.local/lib/python3.8/site-packages/airflow/example_dags/example_dag_decorator.py took 0.175 seconds
[2021-09-06 14:27:13,989] {processor.py:162} INFO - Started process (PID=1267) to work on /home/airflow/.local/lib/python3.8/site-packages/airflow/example_dags/example_dag_decorator.py
[2021-09-06 14:27:13,989] {processor.py:613} INFO - Processing file /home/airflow/.local/lib/python3.8/site-packages/airflow/example_dags/example_dag_decorator.py for tasks to queue
[2021-09-06 14:27:13,989] {logging_mixin.py:109} INFO - [2021-09-06 14:27:13,989] {dagbag.py:496} INFO - Filling up the DagBag from /home/airflow/.local/lib/python3.8/site-packages/airflow/example_dags/example_dag_decorator.py
[2021-09-06 14:27:13,997] {processor.py:623} INFO - DAG(s) dict_keys(['example_dag_decorator']) retrieved from /home/airflow/.local/lib/python3.8/site-packages/airflow/example_dags/example_dag_decorator.py
[2021-09-06 14:27:14,148] {logging_mixin.py:109} INFO - [2021-09-06 14:27:14,148] {dag.py:1833} INFO - Sync 1 DAGs
[2021-09-06 14:27:14,153] {logging_mixin.py:109} INFO - [2021-09-06 14:27:14,153] {dag.py:2306} INFO - Setting next_dagrun for example_dag_decorator to None
[2021-09-06 14:27:14,165] {processor.py:170} INFO - Processing /home/airflow/.local/lib/python3.8/site-packages/airflow/example_dags/example_dag_decorator.py took 0.179 seconds
[2021-09-06 14:27:44,485] {processor.py:162} INFO - Started process (PID=1321) to work on /home/airflow/.local/lib/python3.8/site-packages/airflow/example_dags/example_dag_decorator.py
[2021-09-06 14:27:44,486] {processor.py:613} INFO - Processing file /home/airflow/.local/lib/python3.8/site-packages/airflow/example_dags/example_dag_decorator.py for tasks to queue
[2021-09-06 14:27:44,487] {logging_mixin.py:109} INFO - [2021-09-06 14:27:44,487] {dagbag.py:496} INFO - Filling up the DagBag from /home/airflow/.local/lib/python3.8/site-packages/airflow/example_dags/example_dag_decorator.py
[2021-09-06 14:27:44,495] {processor.py:623} INFO - DAG(s) dict_keys(['example_dag_decorator']) retrieved from /home/airflow/.local/lib/python3.8/site-packages/airflow/example_dags/example_dag_decorator.py
[2021-09-06 14:27:44,505] {logging_mixin.py:109} INFO - [2021-09-06 14:27:44,505] {dag.py:1833} INFO - Sync 1 DAGs
[2021-09-06 14:27:44,511] {logging_mixin.py:109} INFO - [2021-09-06 14:27:44,511] {dag.py:2306} INFO - Setting next_dagrun for example_dag_decorator to None
[2021-09-06 14:27:44,518] {processor.py:170} INFO - Processing /home/airflow/.local/lib/python3.8/site-packages/airflow/example_dags/example_dag_decorator.py took 0.035 seconds
[2021-09-06 14:28:15,023] {processor.py:162} INFO - Started process (PID=1374) to work on /home/airflow/.local/lib/python3.8/site-packages/airflow/example_dags/example_dag_decorator.py
[2021-09-06 14:28:15,023] {processor.py:613} INFO - Processing file /home/airflow/.local/lib/python3.8/site-packages/airflow/example_dags/example_dag_decorator.py for tasks to queue
[2021-09-06 14:28:15,024] {logging_mixin.py:109} INFO - [2021-09-06 14:28:15,024] {dagbag.py:496} INFO - Filling up the DagBag from /home/airflow/.local/lib/python3.8/site-packages/airflow/example_dags/example_dag_decorator.py
[2021-09-06 14:28:15,032] {processor.py:623} INFO - DAG(s) dict_keys(['example_dag_decorator']) retrieved from /home/airflow/.local/lib/python3.8/site-packages/airflow/example_dags/example_dag_decorator.py
[2021-09-06 14:28:15,175] {logging_mixin.py:109} INFO - [2021-09-06 14:28:15,175] {dag.py:1833} INFO - Sync 1 DAGs
[2021-09-06 14:28:15,180] {logging_mixin.py:109} INFO - [2021-09-06 14:28:15,180] {dag.py:2306} INFO - Setting next_dagrun for example_dag_decorator to None
[2021-09-06 14:28:15,192] {processor.py:170} INFO - Processing /home/airflow/.local/lib/python3.8/site-packages/airflow/example_dags/example_dag_decorator.py took 0.171 seconds
[2021-09-06 14:28:45,633] {processor.py:162} INFO - Started process (PID=1427) to work on /home/airflow/.local/lib/python3.8/site-packages/airflow/example_dags/example_dag_decorator.py
[2021-09-06 14:28:45,634] {processor.py:613} INFO - Processing file /home/airflow/.local/lib/python3.8/site-packages/airflow/example_dags/example_dag_decorator.py for tasks to queue
[2021-09-06 14:28:45,634] {logging_mixin.py:109} INFO - [2021-09-06 14:28:45,634] {dagbag.py:496} INFO - Filling up the DagBag from /home/airflow/.local/lib/python3.8/site-packages/airflow/example_dags/example_dag_decorator.py
[2021-09-06 14:28:45,642] {processor.py:623} INFO - DAG(s) dict_keys(['example_dag_decorator']) retrieved from /home/airflow/.local/lib/python3.8/site-packages/airflow/example_dags/example_dag_decorator.py
[2021-09-06 14:28:45,652] {logging_mixin.py:109} INFO - [2021-09-06 14:28:45,652] {dag.py:1833} INFO - Sync 1 DAGs
[2021-09-06 14:28:45,658] {logging_mixin.py:109} INFO - [2021-09-06 14:28:45,658] {dag.py:2306} INFO - Setting next_dagrun for example_dag_decorator to None
[2021-09-06 14:28:45,667] {processor.py:170} INFO - Processing /home/airflow/.local/lib/python3.8/site-packages/airflow/example_dags/example_dag_decorator.py took 0.035 seconds
[2021-09-06 14:29:16,141] {processor.py:162} INFO - Started process (PID=1480) to work on /home/airflow/.local/lib/python3.8/site-packages/airflow/example_dags/example_dag_decorator.py
[2021-09-06 14:29:16,142] {processor.py:613} INFO - Processing file /home/airflow/.local/lib/python3.8/site-packages/airflow/example_dags/example_dag_decorator.py for tasks to queue
[2021-09-06 14:29:16,142] {logging_mixin.py:109} INFO - [2021-09-06 14:29:16,142] {dagbag.py:496} INFO - Filling up the DagBag from /home/airflow/.local/lib/python3.8/site-packages/airflow/example_dags/example_dag_decorator.py
[2021-09-06 14:29:16,151] {processor.py:623} INFO - DAG(s) dict_keys(['example_dag_decorator']) retrieved from /home/airflow/.local/lib/python3.8/site-packages/airflow/example_dags/example_dag_decorator.py
[2021-09-06 14:29:16,298] {logging_mixin.py:109} INFO - [2021-09-06 14:29:16,298] {dag.py:1833} INFO - Sync 1 DAGs
[2021-09-06 14:29:16,303] {logging_mixin.py:109} INFO - [2021-09-06 14:29:16,303] {dag.py:2306} INFO - Setting next_dagrun for example_dag_decorator to None
[2021-09-06 14:29:16,308] {processor.py:170} INFO - Processing /home/airflow/.local/lib/python3.8/site-packages/airflow/example_dags/example_dag_decorator.py took 0.169 seconds
[2021-09-06 14:29:46,700] {processor.py:162} INFO - Started process (PID=1533) to work on /home/airflow/.local/lib/python3.8/site-packages/airflow/example_dags/example_dag_decorator.py
[2021-09-06 14:29:46,701] {processor.py:613} INFO - Processing file /home/airflow/.local/lib/python3.8/site-packages/airflow/example_dags/example_dag_decorator.py for tasks to queue
[2021-09-06 14:29:46,701] {logging_mixin.py:109} INFO - [2021-09-06 14:29:46,701] {dagbag.py:496} INFO - Filling up the DagBag from /home/airflow/.local/lib/python3.8/site-packages/airflow/example_dags/example_dag_decorator.py
[2021-09-06 14:29:46,709] {processor.py:623} INFO - DAG(s) dict_keys(['example_dag_decorator']) retrieved from /home/airflow/.local/lib/python3.8/site-packages/airflow/example_dags/example_dag_decorator.py
[2021-09-06 14:29:46,857] {logging_mixin.py:109} INFO - [2021-09-06 14:29:46,857] {dag.py:1833} INFO - Sync 1 DAGs
[2021-09-06 14:29:46,863] {logging_mixin.py:109} INFO - [2021-09-06 14:29:46,863] {dag.py:2306} INFO - Setting next_dagrun for example_dag_decorator to None
[2021-09-06 14:29:46,876] {processor.py:170} INFO - Processing /home/airflow/.local/lib/python3.8/site-packages/airflow/example_dags/example_dag_decorator.py took 0.178 seconds
[2021-09-06 14:30:17,277] {processor.py:162} INFO - Started process (PID=1586) to work on /home/airflow/.local/lib/python3.8/site-packages/airflow/example_dags/example_dag_decorator.py
[2021-09-06 14:30:17,278] {processor.py:613} INFO - Processing file /home/airflow/.local/lib/python3.8/site-packages/airflow/example_dags/example_dag_decorator.py for tasks to queue
[2021-09-06 14:30:17,278] {logging_mixin.py:109} INFO - [2021-09-06 14:30:17,278] {dagbag.py:496} INFO - Filling up the DagBag from /home/airflow/.local/lib/python3.8/site-packages/airflow/example_dags/example_dag_decorator.py
[2021-09-06 14:30:17,287] {processor.py:623} INFO - DAG(s) dict_keys(['example_dag_decorator']) retrieved from /home/airflow/.local/lib/python3.8/site-packages/airflow/example_dags/example_dag_decorator.py
[2021-09-06 14:30:17,436] {logging_mixin.py:109} INFO - [2021-09-06 14:30:17,436] {dag.py:1833} INFO - Sync 1 DAGs
[2021-09-06 14:30:17,443] {logging_mixin.py:109} INFO - [2021-09-06 14:30:17,443] {dag.py:2306} INFO - Setting next_dagrun for example_dag_decorator to None
[2021-09-06 14:30:17,456] {processor.py:170} INFO - Processing /home/airflow/.local/lib/python3.8/site-packages/airflow/example_dags/example_dag_decorator.py took 0.181 seconds
[2021-09-06 14:30:47,849] {processor.py:162} INFO - Started process (PID=1640) to work on /home/airflow/.local/lib/python3.8/site-packages/airflow/example_dags/example_dag_decorator.py
[2021-09-06 14:30:47,849] {processor.py:613} INFO - Processing file /home/airflow/.local/lib/python3.8/site-packages/airflow/example_dags/example_dag_decorator.py for tasks to queue
[2021-09-06 14:30:47,849] {logging_mixin.py:109} INFO - [2021-09-06 14:30:47,849] {dagbag.py:496} INFO - Filling up the DagBag from /home/airflow/.local/lib/python3.8/site-packages/airflow/example_dags/example_dag_decorator.py
[2021-09-06 14:30:47,857] {processor.py:623} INFO - DAG(s) dict_keys(['example_dag_decorator']) retrieved from /home/airflow/.local/lib/python3.8/site-packages/airflow/example_dags/example_dag_decorator.py
[2021-09-06 14:30:48,000] {logging_mixin.py:109} INFO - [2021-09-06 14:30:48,000] {dag.py:1833} INFO - Sync 1 DAGs
[2021-09-06 14:30:48,006] {logging_mixin.py:109} INFO - [2021-09-06 14:30:48,006] {dag.py:2306} INFO - Setting next_dagrun for example_dag_decorator to None
[2021-09-06 14:30:48,019] {processor.py:170} INFO - Processing /home/airflow/.local/lib/python3.8/site-packages/airflow/example_dags/example_dag_decorator.py took 0.171 seconds
[2021-09-06 14:31:18,411] {processor.py:162} INFO - Started process (PID=1693) to work on /home/airflow/.local/lib/python3.8/site-packages/airflow/example_dags/example_dag_decorator.py
[2021-09-06 14:31:18,412] {processor.py:613} INFO - Processing file /home/airflow/.local/lib/python3.8/site-packages/airflow/example_dags/example_dag_decorator.py for tasks to queue
[2021-09-06 14:31:18,412] {logging_mixin.py:109} INFO - [2021-09-06 14:31:18,412] {dagbag.py:496} INFO - Filling up the DagBag from /home/airflow/.local/lib/python3.8/site-packages/airflow/example_dags/example_dag_decorator.py
[2021-09-06 14:31:18,421] {processor.py:623} INFO - DAG(s) dict_keys(['example_dag_decorator']) retrieved from /home/airflow/.local/lib/python3.8/site-packages/airflow/example_dags/example_dag_decorator.py
[2021-09-06 14:31:18,570] {logging_mixin.py:109} INFO - [2021-09-06 14:31:18,570] {dag.py:1833} INFO - Sync 1 DAGs
[2021-09-06 14:31:18,576] {logging_mixin.py:109} INFO - [2021-09-06 14:31:18,576] {dag.py:2306} INFO - Setting next_dagrun for example_dag_decorator to None
[2021-09-06 14:31:18,590] {processor.py:170} INFO - Processing /home/airflow/.local/lib/python3.8/site-packages/airflow/example_dags/example_dag_decorator.py took 0.181 seconds
[2021-09-06 14:31:49,026] {processor.py:162} INFO - Started process (PID=1746) to work on /home/airflow/.local/lib/python3.8/site-packages/airflow/example_dags/example_dag_decorator.py
[2021-09-06 14:31:49,027] {processor.py:613} INFO - Processing file /home/airflow/.local/lib/python3.8/site-packages/airflow/example_dags/example_dag_decorator.py for tasks to queue
[2021-09-06 14:31:49,027] {logging_mixin.py:109} INFO - [2021-09-06 14:31:49,027] {dagbag.py:496} INFO - Filling up the DagBag from /home/airflow/.local/lib/python3.8/site-packages/airflow/example_dags/example_dag_decorator.py
[2021-09-06 14:31:49,035] {processor.py:623} INFO - DAG(s) dict_keys(['example_dag_decorator']) retrieved from /home/airflow/.local/lib/python3.8/site-packages/airflow/example_dags/example_dag_decorator.py
[2021-09-06 14:31:49,183] {logging_mixin.py:109} INFO - [2021-09-06 14:31:49,183] {dag.py:1833} INFO - Sync 1 DAGs
[2021-09-06 14:31:49,189] {logging_mixin.py:109} INFO - [2021-09-06 14:31:49,189] {dag.py:2306} INFO - Setting next_dagrun for example_dag_decorator to None
[2021-09-06 14:31:49,202] {processor.py:170} INFO - Processing /home/airflow/.local/lib/python3.8/site-packages/airflow/example_dags/example_dag_decorator.py took 0.178 seconds
[2021-09-06 14:32:19,590] {processor.py:162} INFO - Started process (PID=1800) to work on /home/airflow/.local/lib/python3.8/site-packages/airflow/example_dags/example_dag_decorator.py
[2021-09-06 14:32:19,590] {processor.py:613} INFO - Processing file /home/airflow/.local/lib/python3.8/site-packages/airflow/example_dags/example_dag_decorator.py for tasks to queue
[2021-09-06 14:32:19,591] {logging_mixin.py:109} INFO - [2021-09-06 14:32:19,591] {dagbag.py:496} INFO - Filling up the DagBag from /home/airflow/.local/lib/python3.8/site-packages/airflow/example_dags/example_dag_decorator.py
[2021-09-06 14:32:19,599] {processor.py:623} INFO - DAG(s) dict_keys(['example_dag_decorator']) retrieved from /home/airflow/.local/lib/python3.8/site-packages/airflow/example_dags/example_dag_decorator.py
[2021-09-06 14:32:19,751] {logging_mixin.py:109} INFO - [2021-09-06 14:32:19,751] {dag.py:1833} INFO - Sync 1 DAGs
[2021-09-06 14:32:19,757] {logging_mixin.py:109} INFO - [2021-09-06 14:32:19,757] {dag.py:2306} INFO - Setting next_dagrun for example_dag_decorator to None
[2021-09-06 14:32:19,771] {processor.py:170} INFO - Processing /home/airflow/.local/lib/python3.8/site-packages/airflow/example_dags/example_dag_decorator.py took 0.183 seconds
[2021-09-06 14:32:50,149] {processor.py:162} INFO - Started process (PID=1853) to work on /home/airflow/.local/lib/python3.8/site-packages/airflow/example_dags/example_dag_decorator.py
[2021-09-06 14:32:50,149] {processor.py:613} INFO - Processing file /home/airflow/.local/lib/python3.8/site-packages/airflow/example_dags/example_dag_decorator.py for tasks to queue
[2021-09-06 14:32:50,150] {logging_mixin.py:109} INFO - [2021-09-06 14:32:50,150] {dagbag.py:496} INFO - Filling up the DagBag from /home/airflow/.local/lib/python3.8/site-packages/airflow/example_dags/example_dag_decorator.py
[2021-09-06 14:32:50,158] {processor.py:623} INFO - DAG(s) dict_keys(['example_dag_decorator']) retrieved from /home/airflow/.local/lib/python3.8/site-packages/airflow/example_dags/example_dag_decorator.py
[2021-09-06 14:32:50,167] {logging_mixin.py:109} INFO - [2021-09-06 14:32:50,167] {dag.py:1833} INFO - Sync 1 DAGs
[2021-09-06 14:32:50,173] {logging_mixin.py:109} INFO - [2021-09-06 14:32:50,173] {dag.py:2306} INFO - Setting next_dagrun for example_dag_decorator to None
[2021-09-06 14:32:50,181] {processor.py:170} INFO - Processing /home/airflow/.local/lib/python3.8/site-packages/airflow/example_dags/example_dag_decorator.py took 0.034 seconds
[2021-09-06 14:33:20,719] {processor.py:162} INFO - Started process (PID=1906) to work on /home/airflow/.local/lib/python3.8/site-packages/airflow/example_dags/example_dag_decorator.py
[2021-09-06 14:33:20,719] {processor.py:613} INFO - Processing file /home/airflow/.local/lib/python3.8/site-packages/airflow/example_dags/example_dag_decorator.py for tasks to queue
[2021-09-06 14:33:20,720] {logging_mixin.py:109} INFO - [2021-09-06 14:33:20,720] {dagbag.py:496} INFO - Filling up the DagBag from /home/airflow/.local/lib/python3.8/site-packages/airflow/example_dags/example_dag_decorator.py
[2021-09-06 14:33:20,728] {processor.py:623} INFO - DAG(s) dict_keys(['example_dag_decorator']) retrieved from /home/airflow/.local/lib/python3.8/site-packages/airflow/example_dags/example_dag_decorator.py
[2021-09-06 14:33:20,881] {logging_mixin.py:109} INFO - [2021-09-06 14:33:20,880] {dag.py:1833} INFO - Sync 1 DAGs
[2021-09-06 14:33:20,887] {logging_mixin.py:109} INFO - [2021-09-06 14:33:20,887] {dag.py:2306} INFO - Setting next_dagrun for example_dag_decorator to None
[2021-09-06 14:33:20,892] {processor.py:170} INFO - Processing /home/airflow/.local/lib/python3.8/site-packages/airflow/example_dags/example_dag_decorator.py took 0.175 seconds
[2021-09-06 14:33:51,415] {processor.py:162} INFO - Started process (PID=1959) to work on /home/airflow/.local/lib/python3.8/site-packages/airflow/example_dags/example_dag_decorator.py
[2021-09-06 14:33:51,416] {processor.py:613} INFO - Processing file /home/airflow/.local/lib/python3.8/site-packages/airflow/example_dags/example_dag_decorator.py for tasks to queue
[2021-09-06 14:33:51,416] {logging_mixin.py:109} INFO - [2021-09-06 14:33:51,416] {dagbag.py:496} INFO - Filling up the DagBag from /home/airflow/.local/lib/python3.8/site-packages/airflow/example_dags/example_dag_decorator.py
[2021-09-06 14:33:51,424] {processor.py:623} INFO - DAG(s) dict_keys(['example_dag_decorator']) retrieved from /home/airflow/.local/lib/python3.8/site-packages/airflow/example_dags/example_dag_decorator.py
[2021-09-06 14:33:51,435] {logging_mixin.py:109} INFO - [2021-09-06 14:33:51,434] {dag.py:1833} INFO - Sync 1 DAGs
[2021-09-06 14:33:51,441] {logging_mixin.py:109} INFO - [2021-09-06 14:33:51,441] {dag.py:2306} INFO - Setting next_dagrun for example_dag_decorator to None
[2021-09-06 14:33:51,446] {processor.py:170} INFO - Processing /home/airflow/.local/lib/python3.8/site-packages/airflow/example_dags/example_dag_decorator.py took 0.033 seconds
[2021-09-06 14:34:22,068] {processor.py:162} INFO - Started process (PID=2012) to work on /home/airflow/.local/lib/python3.8/site-packages/airflow/example_dags/example_dag_decorator.py
[2021-09-06 14:34:22,069] {processor.py:613} INFO - Processing file /home/airflow/.local/lib/python3.8/site-packages/airflow/example_dags/example_dag_decorator.py for tasks to queue
[2021-09-06 14:34:22,070] {logging_mixin.py:109} INFO - [2021-09-06 14:34:22,069] {dagbag.py:496} INFO - Filling up the DagBag from /home/airflow/.local/lib/python3.8/site-packages/airflow/example_dags/example_dag_decorator.py
[2021-09-06 14:34:22,078] {processor.py:623} INFO - DAG(s) dict_keys(['example_dag_decorator']) retrieved from /home/airflow/.local/lib/python3.8/site-packages/airflow/example_dags/example_dag_decorator.py
[2021-09-06 14:34:22,223] {logging_mixin.py:109} INFO - [2021-09-06 14:34:22,223] {dag.py:1833} INFO - Sync 1 DAGs
[2021-09-06 14:34:22,229] {logging_mixin.py:109} INFO - [2021-09-06 14:34:22,229] {dag.py:2306} INFO - Setting next_dagrun for example_dag_decorator to None
[2021-09-06 14:34:22,241] {processor.py:170} INFO - Processing /home/airflow/.local/lib/python3.8/site-packages/airflow/example_dags/example_dag_decorator.py took 0.175 seconds
[2021-09-06 14:34:52,689] {processor.py:162} INFO - Started process (PID=2065) to work on /home/airflow/.local/lib/python3.8/site-packages/airflow/example_dags/example_dag_decorator.py
[2021-09-06 14:34:52,690] {processor.py:613} INFO - Processing file /home/airflow/.local/lib/python3.8/site-packages/airflow/example_dags/example_dag_decorator.py for tasks to queue
[2021-09-06 14:34:52,690] {logging_mixin.py:109} INFO - [2021-09-06 14:34:52,690] {dagbag.py:496} INFO - Filling up the DagBag from /home/airflow/.local/lib/python3.8/site-packages/airflow/example_dags/example_dag_decorator.py
[2021-09-06 14:34:52,698] {processor.py:623} INFO - DAG(s) dict_keys(['example_dag_decorator']) retrieved from /home/airflow/.local/lib/python3.8/site-packages/airflow/example_dags/example_dag_decorator.py
[2021-09-06 14:34:52,845] {logging_mixin.py:109} INFO - [2021-09-06 14:34:52,845] {dag.py:1833} INFO - Sync 1 DAGs
[2021-09-06 14:34:52,850] {logging_mixin.py:109} INFO - [2021-09-06 14:34:52,850] {dag.py:2306} INFO - Setting next_dagrun for example_dag_decorator to None
[2021-09-06 14:34:52,864] {processor.py:170} INFO - Processing /home/airflow/.local/lib/python3.8/site-packages/airflow/example_dags/example_dag_decorator.py took 0.177 seconds
[2021-09-06 14:35:23,262] {processor.py:162} INFO - Started process (PID=2118) to work on /home/airflow/.local/lib/python3.8/site-packages/airflow/example_dags/example_dag_decorator.py
[2021-09-06 14:35:23,262] {processor.py:613} INFO - Processing file /home/airflow/.local/lib/python3.8/site-packages/airflow/example_dags/example_dag_decorator.py for tasks to queue
[2021-09-06 14:35:23,263] {logging_mixin.py:109} INFO - [2021-09-06 14:35:23,263] {dagbag.py:496} INFO - Filling up the DagBag from /home/airflow/.local/lib/python3.8/site-packages/airflow/example_dags/example_dag_decorator.py
[2021-09-06 14:35:23,272] {processor.py:623} INFO - DAG(s) dict_keys(['example_dag_decorator']) retrieved from /home/airflow/.local/lib/python3.8/site-packages/airflow/example_dags/example_dag_decorator.py
[2021-09-06 14:35:23,422] {logging_mixin.py:109} INFO - [2021-09-06 14:35:23,422] {dag.py:1833} INFO - Sync 1 DAGs
[2021-09-06 14:35:23,427] {logging_mixin.py:109} INFO - [2021-09-06 14:35:23,427] {dag.py:2306} INFO - Setting next_dagrun for example_dag_decorator to None
[2021-09-06 14:35:23,439] {processor.py:170} INFO - Processing /home/airflow/.local/lib/python3.8/site-packages/airflow/example_dags/example_dag_decorator.py took 0.180 seconds
[2021-09-06 14:35:53,870] {processor.py:162} INFO - Started process (PID=2171) to work on /home/airflow/.local/lib/python3.8/site-packages/airflow/example_dags/example_dag_decorator.py
[2021-09-06 14:35:53,870] {processor.py:613} INFO - Processing file /home/airflow/.local/lib/python3.8/site-packages/airflow/example_dags/example_dag_decorator.py for tasks to queue
[2021-09-06 14:35:53,871] {logging_mixin.py:109} INFO - [2021-09-06 14:35:53,871] {dagbag.py:496} INFO - Filling up the DagBag from /home/airflow/.local/lib/python3.8/site-packages/airflow/example_dags/example_dag_decorator.py
[2021-09-06 14:35:53,880] {processor.py:623} INFO - DAG(s) dict_keys(['example_dag_decorator']) retrieved from /home/airflow/.local/lib/python3.8/site-packages/airflow/example_dags/example_dag_decorator.py
[2021-09-06 14:35:54,027] {logging_mixin.py:109} INFO - [2021-09-06 14:35:54,027] {dag.py:1833} INFO - Sync 1 DAGs
[2021-09-06 14:35:54,033] {logging_mixin.py:109} INFO - [2021-09-06 14:35:54,033] {dag.py:2306} INFO - Setting next_dagrun for example_dag_decorator to None
[2021-09-06 14:35:54,045] {processor.py:170} INFO - Processing /home/airflow/.local/lib/python3.8/site-packages/airflow/example_dags/example_dag_decorator.py took 0.177 seconds
[2021-09-06 14:36:24,479] {processor.py:162} INFO - Started process (PID=2224) to work on /home/airflow/.local/lib/python3.8/site-packages/airflow/example_dags/example_dag_decorator.py
[2021-09-06 14:36:24,479] {processor.py:613} INFO - Processing file /home/airflow/.local/lib/python3.8/site-packages/airflow/example_dags/example_dag_decorator.py for tasks to queue
[2021-09-06 14:36:24,480] {logging_mixin.py:109} INFO - [2021-09-06 14:36:24,480] {dagbag.py:496} INFO - Filling up the DagBag from /home/airflow/.local/lib/python3.8/site-packages/airflow/example_dags/example_dag_decorator.py
[2021-09-06 14:36:24,489] {processor.py:623} INFO - DAG(s) dict_keys(['example_dag_decorator']) retrieved from /home/airflow/.local/lib/python3.8/site-packages/airflow/example_dags/example_dag_decorator.py
[2021-09-06 14:36:24,642] {logging_mixin.py:109} INFO - [2021-09-06 14:36:24,642] {dag.py:1833} INFO - Sync 1 DAGs
[2021-09-06 14:36:24,647] {logging_mixin.py:109} INFO - [2021-09-06 14:36:24,647] {dag.py:2306} INFO - Setting next_dagrun for example_dag_decorator to None
[2021-09-06 14:36:24,660] {processor.py:170} INFO - Processing /home/airflow/.local/lib/python3.8/site-packages/airflow/example_dags/example_dag_decorator.py took 0.183 seconds
[2021-09-06 14:36:55,044] {processor.py:162} INFO - Started process (PID=2277) to work on /home/airflow/.local/lib/python3.8/site-packages/airflow/example_dags/example_dag_decorator.py
[2021-09-06 14:36:55,044] {processor.py:613} INFO - Processing file /home/airflow/.local/lib/python3.8/site-packages/airflow/example_dags/example_dag_decorator.py for tasks to queue
[2021-09-06 14:36:55,045] {logging_mixin.py:109} INFO - [2021-09-06 14:36:55,045] {dagbag.py:496} INFO - Filling up the DagBag from /home/airflow/.local/lib/python3.8/site-packages/airflow/example_dags/example_dag_decorator.py
[2021-09-06 14:36:55,053] {processor.py:623} INFO - DAG(s) dict_keys(['example_dag_decorator']) retrieved from /home/airflow/.local/lib/python3.8/site-packages/airflow/example_dags/example_dag_decorator.py
[2021-09-06 14:36:55,195] {logging_mixin.py:109} INFO - [2021-09-06 14:36:55,195] {dag.py:1833} INFO - Sync 1 DAGs
[2021-09-06 14:36:55,200] {logging_mixin.py:109} INFO - [2021-09-06 14:36:55,200] {dag.py:2306} INFO - Setting next_dagrun for example_dag_decorator to None
[2021-09-06 14:36:55,213] {processor.py:170} INFO - Processing /home/airflow/.local/lib/python3.8/site-packages/airflow/example_dags/example_dag_decorator.py took 0.171 seconds
[2021-09-06 14:37:25,630] {processor.py:162} INFO - Started process (PID=2330) to work on /home/airflow/.local/lib/python3.8/site-packages/airflow/example_dags/example_dag_decorator.py
[2021-09-06 14:37:25,631] {processor.py:613} INFO - Processing file /home/airflow/.local/lib/python3.8/site-packages/airflow/example_dags/example_dag_decorator.py for tasks to queue
[2021-09-06 14:37:25,631] {logging_mixin.py:109} INFO - [2021-09-06 14:37:25,631] {dagbag.py:496} INFO - Filling up the DagBag from /home/airflow/.local/lib/python3.8/site-packages/airflow/example_dags/example_dag_decorator.py
[2021-09-06 14:37:25,641] {processor.py:623} INFO - DAG(s) dict_keys(['example_dag_decorator']) retrieved from /home/airflow/.local/lib/python3.8/site-packages/airflow/example_dags/example_dag_decorator.py
[2021-09-06 14:37:25,784] {logging_mixin.py:109} INFO - [2021-09-06 14:37:25,784] {dag.py:1833} INFO - Sync 1 DAGs
[2021-09-06 14:37:25,789] {logging_mixin.py:109} INFO - [2021-09-06 14:37:25,789] {dag.py:2306} INFO - Setting next_dagrun for example_dag_decorator to None
[2021-09-06 14:37:25,801] {processor.py:170} INFO - Processing /home/airflow/.local/lib/python3.8/site-packages/airflow/example_dags/example_dag_decorator.py took 0.174 seconds
[2021-09-06 14:37:56,209] {processor.py:162} INFO - Started process (PID=2384) to work on /home/airflow/.local/lib/python3.8/site-packages/airflow/example_dags/example_dag_decorator.py
[2021-09-06 14:37:56,209] {processor.py:613} INFO - Processing file /home/airflow/.local/lib/python3.8/site-packages/airflow/example_dags/example_dag_decorator.py for tasks to queue
[2021-09-06 14:37:56,210] {logging_mixin.py:109} INFO - [2021-09-06 14:37:56,210] {dagbag.py:496} INFO - Filling up the DagBag from /home/airflow/.local/lib/python3.8/site-packages/airflow/example_dags/example_dag_decorator.py
[2021-09-06 14:37:56,219] {processor.py:623} INFO - DAG(s) dict_keys(['example_dag_decorator']) retrieved from /home/airflow/.local/lib/python3.8/site-packages/airflow/example_dags/example_dag_decorator.py
[2021-09-06 14:37:56,227] {logging_mixin.py:109} INFO - [2021-09-06 14:37:56,227] {dag.py:1833} INFO - Sync 1 DAGs
[2021-09-06 14:37:56,233] {logging_mixin.py:109} INFO - [2021-09-06 14:37:56,233] {dag.py:2306} INFO - Setting next_dagrun for example_dag_decorator to None
[2021-09-06 14:37:56,241] {processor.py:170} INFO - Processing /home/airflow/.local/lib/python3.8/site-packages/airflow/example_dags/example_dag_decorator.py took 0.034 seconds
[2021-09-06 14:38:26,711] {processor.py:162} INFO - Started process (PID=2437) to work on /home/airflow/.local/lib/python3.8/site-packages/airflow/example_dags/example_dag_decorator.py
[2021-09-06 14:38:26,711] {processor.py:613} INFO - Processing file /home/airflow/.local/lib/python3.8/site-packages/airflow/example_dags/example_dag_decorator.py for tasks to queue
[2021-09-06 14:38:26,712] {logging_mixin.py:109} INFO - [2021-09-06 14:38:26,712] {dagbag.py:496} INFO - Filling up the DagBag from /home/airflow/.local/lib/python3.8/site-packages/airflow/example_dags/example_dag_decorator.py
[2021-09-06 14:38:26,719] {processor.py:623} INFO - DAG(s) dict_keys(['example_dag_decorator']) retrieved from /home/airflow/.local/lib/python3.8/site-packages/airflow/example_dags/example_dag_decorator.py
[2021-09-06 14:38:26,876] {logging_mixin.py:109} INFO - [2021-09-06 14:38:26,875] {dag.py:1833} INFO - Sync 1 DAGs
[2021-09-06 14:38:26,880] {logging_mixin.py:109} INFO - [2021-09-06 14:38:26,880] {dag.py:2306} INFO - Setting next_dagrun for example_dag_decorator to None
[2021-09-06 14:38:26,892] {processor.py:170} INFO - Processing /home/airflow/.local/lib/python3.8/site-packages/airflow/example_dags/example_dag_decorator.py took 0.183 seconds
[2021-09-06 14:38:57,329] {processor.py:162} INFO - Started process (PID=2490) to work on /home/airflow/.local/lib/python3.8/site-packages/airflow/example_dags/example_dag_decorator.py
[2021-09-06 14:38:57,329] {processor.py:613} INFO - Processing file /home/airflow/.local/lib/python3.8/site-packages/airflow/example_dags/example_dag_decorator.py for tasks to queue
[2021-09-06 14:38:57,329] {logging_mixin.py:109} INFO - [2021-09-06 14:38:57,329] {dagbag.py:496} INFO - Filling up the DagBag from /home/airflow/.local/lib/python3.8/site-packages/airflow/example_dags/example_dag_decorator.py
[2021-09-06 14:38:57,337] {processor.py:623} INFO - DAG(s) dict_keys(['example_dag_decorator']) retrieved from /home/airflow/.local/lib/python3.8/site-packages/airflow/example_dags/example_dag_decorator.py
[2021-09-06 14:38:57,348] {logging_mixin.py:109} INFO - [2021-09-06 14:38:57,348] {dag.py:1833} INFO - Sync 1 DAGs
[2021-09-06 14:38:57,354] {logging_mixin.py:109} INFO - [2021-09-06 14:38:57,354] {dag.py:2306} INFO - Setting next_dagrun for example_dag_decorator to None
[2021-09-06 14:38:57,362] {processor.py:170} INFO - Processing /home/airflow/.local/lib/python3.8/site-packages/airflow/example_dags/example_dag_decorator.py took 0.035 seconds
[2021-09-06 14:39:27,899] {processor.py:162} INFO - Started process (PID=2543) to work on /home/airflow/.local/lib/python3.8/site-packages/airflow/example_dags/example_dag_decorator.py
[2021-09-06 14:39:27,900] {processor.py:613} INFO - Processing file /home/airflow/.local/lib/python3.8/site-packages/airflow/example_dags/example_dag_decorator.py for tasks to queue
[2021-09-06 14:39:27,900] {logging_mixin.py:109} INFO - [2021-09-06 14:39:27,900] {dagbag.py:496} INFO - Filling up the DagBag from /home/airflow/.local/lib/python3.8/site-packages/airflow/example_dags/example_dag_decorator.py
[2021-09-06 14:39:27,909] {processor.py:623} INFO - DAG(s) dict_keys(['example_dag_decorator']) retrieved from /home/airflow/.local/lib/python3.8/site-packages/airflow/example_dags/example_dag_decorator.py
[2021-09-06 14:39:28,049] {logging_mixin.py:109} INFO - [2021-09-06 14:39:28,049] {dag.py:1833} INFO - Sync 1 DAGs
[2021-09-06 14:39:28,054] {logging_mixin.py:109} INFO - [2021-09-06 14:39:28,054] {dag.py:2306} INFO - Setting next_dagrun for example_dag_decorator to None
[2021-09-06 14:39:28,066] {processor.py:170} INFO - Processing /home/airflow/.local/lib/python3.8/site-packages/airflow/example_dags/example_dag_decorator.py took 0.169 seconds
[2021-09-06 14:39:58,494] {processor.py:162} INFO - Started process (PID=2596) to work on /home/airflow/.local/lib/python3.8/site-packages/airflow/example_dags/example_dag_decorator.py
[2021-09-06 14:39:58,494] {processor.py:613} INFO - Processing file /home/airflow/.local/lib/python3.8/site-packages/airflow/example_dags/example_dag_decorator.py for tasks to queue
[2021-09-06 14:39:58,495] {logging_mixin.py:109} INFO - [2021-09-06 14:39:58,495] {dagbag.py:496} INFO - Filling up the DagBag from /home/airflow/.local/lib/python3.8/site-packages/airflow/example_dags/example_dag_decorator.py
[2021-09-06 14:39:58,504] {processor.py:623} INFO - DAG(s) dict_keys(['example_dag_decorator']) retrieved from /home/airflow/.local/lib/python3.8/site-packages/airflow/example_dags/example_dag_decorator.py
[2021-09-06 14:39:58,644] {logging_mixin.py:109} INFO - [2021-09-06 14:39:58,644] {dag.py:1833} INFO - Sync 1 DAGs
[2021-09-06 14:39:58,649] {logging_mixin.py:109} INFO - [2021-09-06 14:39:58,649] {dag.py:2306} INFO - Setting next_dagrun for example_dag_decorator to None
[2021-09-06 14:39:58,662] {processor.py:170} INFO - Processing /home/airflow/.local/lib/python3.8/site-packages/airflow/example_dags/example_dag_decorator.py took 0.170 seconds
[2021-09-06 14:40:29,078] {processor.py:162} INFO - Started process (PID=2649) to work on /home/airflow/.local/lib/python3.8/site-packages/airflow/example_dags/example_dag_decorator.py
[2021-09-06 14:40:29,079] {processor.py:613} INFO - Processing file /home/airflow/.local/lib/python3.8/site-packages/airflow/example_dags/example_dag_decorator.py for tasks to queue
[2021-09-06 14:40:29,079] {logging_mixin.py:109} INFO - [2021-09-06 14:40:29,079] {dagbag.py:496} INFO - Filling up the DagBag from /home/airflow/.local/lib/python3.8/site-packages/airflow/example_dags/example_dag_decorator.py
[2021-09-06 14:40:29,088] {processor.py:623} INFO - DAG(s) dict_keys(['example_dag_decorator']) retrieved from /home/airflow/.local/lib/python3.8/site-packages/airflow/example_dags/example_dag_decorator.py
[2021-09-06 14:40:29,228] {logging_mixin.py:109} INFO - [2021-09-06 14:40:29,228] {dag.py:1833} INFO - Sync 1 DAGs
[2021-09-06 14:40:29,233] {logging_mixin.py:109} INFO - [2021-09-06 14:40:29,233] {dag.py:2306} INFO - Setting next_dagrun for example_dag_decorator to None
[2021-09-06 14:40:29,245] {processor.py:170} INFO - Processing /home/airflow/.local/lib/python3.8/site-packages/airflow/example_dags/example_dag_decorator.py took 0.169 seconds
[2021-09-06 14:40:59,692] {processor.py:162} INFO - Started process (PID=2702) to work on /home/airflow/.local/lib/python3.8/site-packages/airflow/example_dags/example_dag_decorator.py
[2021-09-06 14:40:59,694] {processor.py:613} INFO - Processing file /home/airflow/.local/lib/python3.8/site-packages/airflow/example_dags/example_dag_decorator.py for tasks to queue
[2021-09-06 14:40:59,694] {logging_mixin.py:109} INFO - [2021-09-06 14:40:59,694] {dagbag.py:496} INFO - Filling up the DagBag from /home/airflow/.local/lib/python3.8/site-packages/airflow/example_dags/example_dag_decorator.py
[2021-09-06 14:40:59,702] {processor.py:623} INFO - DAG(s) dict_keys(['example_dag_decorator']) retrieved from /home/airflow/.local/lib/python3.8/site-packages/airflow/example_dags/example_dag_decorator.py
[2021-09-06 14:40:59,850] {logging_mixin.py:109} INFO - [2021-09-06 14:40:59,850] {dag.py:1833} INFO - Sync 1 DAGs
[2021-09-06 14:40:59,856] {logging_mixin.py:109} INFO - [2021-09-06 14:40:59,856] {dag.py:2306} INFO - Setting next_dagrun for example_dag_decorator to None
[2021-09-06 14:40:59,861] {processor.py:170} INFO - Processing /home/airflow/.local/lib/python3.8/site-packages/airflow/example_dags/example_dag_decorator.py took 0.170 seconds
[2021-09-06 14:41:30,222] {processor.py:162} INFO - Started process (PID=2755) to work on /home/airflow/.local/lib/python3.8/site-packages/airflow/example_dags/example_dag_decorator.py
[2021-09-06 14:41:30,223] {processor.py:613} INFO - Processing file /home/airflow/.local/lib/python3.8/site-packages/airflow/example_dags/example_dag_decorator.py for tasks to queue
[2021-09-06 14:41:30,223] {logging_mixin.py:109} INFO - [2021-09-06 14:41:30,223] {dagbag.py:496} INFO - Filling up the DagBag from /home/airflow/.local/lib/python3.8/site-packages/airflow/example_dags/example_dag_decorator.py
[2021-09-06 14:41:30,232] {processor.py:623} INFO - DAG(s) dict_keys(['example_dag_decorator']) retrieved from /home/airflow/.local/lib/python3.8/site-packages/airflow/example_dags/example_dag_decorator.py
[2021-09-06 14:41:30,376] {logging_mixin.py:109} INFO - [2021-09-06 14:41:30,376] {dag.py:1833} INFO - Sync 1 DAGs
[2021-09-06 14:41:30,381] {logging_mixin.py:109} INFO - [2021-09-06 14:41:30,381] {dag.py:2306} INFO - Setting next_dagrun for example_dag_decorator to None
[2021-09-06 14:41:30,393] {processor.py:170} INFO - Processing /home/airflow/.local/lib/python3.8/site-packages/airflow/example_dags/example_dag_decorator.py took 0.174 seconds
[2021-09-06 14:42:00,790] {processor.py:162} INFO - Started process (PID=2808) to work on /home/airflow/.local/lib/python3.8/site-packages/airflow/example_dags/example_dag_decorator.py
[2021-09-06 14:42:00,790] {processor.py:613} INFO - Processing file /home/airflow/.local/lib/python3.8/site-packages/airflow/example_dags/example_dag_decorator.py for tasks to queue
[2021-09-06 14:42:00,791] {logging_mixin.py:109} INFO - [2021-09-06 14:42:00,791] {dagbag.py:496} INFO - Filling up the DagBag from /home/airflow/.local/lib/python3.8/site-packages/airflow/example_dags/example_dag_decorator.py
[2021-09-06 14:42:00,798] {processor.py:623} INFO - DAG(s) dict_keys(['example_dag_decorator']) retrieved from /home/airflow/.local/lib/python3.8/site-packages/airflow/example_dags/example_dag_decorator.py
[2021-09-06 14:42:00,945] {logging_mixin.py:109} INFO - [2021-09-06 14:42:00,945] {dag.py:1833} INFO - Sync 1 DAGs
[2021-09-06 14:42:00,951] {logging_mixin.py:109} INFO - [2021-09-06 14:42:00,951] {dag.py:2306} INFO - Setting next_dagrun for example_dag_decorator to None
[2021-09-06 14:42:00,964] {processor.py:170} INFO - Processing /home/airflow/.local/lib/python3.8/site-packages/airflow/example_dags/example_dag_decorator.py took 0.175 seconds
[2021-09-06 14:42:31,363] {processor.py:162} INFO - Started process (PID=2861) to work on /home/airflow/.local/lib/python3.8/site-packages/airflow/example_dags/example_dag_decorator.py
[2021-09-06 14:42:31,363] {processor.py:613} INFO - Processing file /home/airflow/.local/lib/python3.8/site-packages/airflow/example_dags/example_dag_decorator.py for tasks to queue
[2021-09-06 14:42:31,364] {logging_mixin.py:109} INFO - [2021-09-06 14:42:31,364] {dagbag.py:496} INFO - Filling up the DagBag from /home/airflow/.local/lib/python3.8/site-packages/airflow/example_dags/example_dag_decorator.py
[2021-09-06 14:42:31,372] {processor.py:623} INFO - DAG(s) dict_keys(['example_dag_decorator']) retrieved from /home/airflow/.local/lib/python3.8/site-packages/airflow/example_dags/example_dag_decorator.py
[2021-09-06 14:42:31,521] {logging_mixin.py:109} INFO - [2021-09-06 14:42:31,521] {dag.py:1833} INFO - Sync 1 DAGs
[2021-09-06 14:42:31,525] {logging_mixin.py:109} INFO - [2021-09-06 14:42:31,525] {dag.py:2306} INFO - Setting next_dagrun for example_dag_decorator to None
[2021-09-06 14:42:31,537] {processor.py:170} INFO - Processing /home/airflow/.local/lib/python3.8/site-packages/airflow/example_dags/example_dag_decorator.py took 0.177 seconds
[2021-09-06 14:43:02,152] {processor.py:162} INFO - Started process (PID=2914) to work on /home/airflow/.local/lib/python3.8/site-packages/airflow/example_dags/example_dag_decorator.py
[2021-09-06 14:43:02,152] {processor.py:613} INFO - Processing file /home/airflow/.local/lib/python3.8/site-packages/airflow/example_dags/example_dag_decorator.py for tasks to queue
[2021-09-06 14:43:02,152] {logging_mixin.py:109} INFO - [2021-09-06 14:43:02,152] {dagbag.py:496} INFO - Filling up the DagBag from /home/airflow/.local/lib/python3.8/site-packages/airflow/example_dags/example_dag_decorator.py
[2021-09-06 14:43:02,160] {processor.py:623} INFO - DAG(s) dict_keys(['example_dag_decorator']) retrieved from /home/airflow/.local/lib/python3.8/site-packages/airflow/example_dags/example_dag_decorator.py
[2021-09-06 14:43:02,312] {logging_mixin.py:109} INFO - [2021-09-06 14:43:02,312] {dag.py:1833} INFO - Sync 1 DAGs
[2021-09-06 14:43:02,317] {logging_mixin.py:109} INFO - [2021-09-06 14:43:02,317] {dag.py:2306} INFO - Setting next_dagrun for example_dag_decorator to None
[2021-09-06 14:43:02,322] {processor.py:170} INFO - Processing /home/airflow/.local/lib/python3.8/site-packages/airflow/example_dags/example_dag_decorator.py took 0.171 seconds
[2021-09-06 14:43:32,792] {processor.py:162} INFO - Started process (PID=2967) to work on /home/airflow/.local/lib/python3.8/site-packages/airflow/example_dags/example_dag_decorator.py
[2021-09-06 14:43:32,793] {processor.py:613} INFO - Processing file /home/airflow/.local/lib/python3.8/site-packages/airflow/example_dags/example_dag_decorator.py for tasks to queue
[2021-09-06 14:43:32,793] {logging_mixin.py:109} INFO - [2021-09-06 14:43:32,793] {dagbag.py:496} INFO - Filling up the DagBag from /home/airflow/.local/lib/python3.8/site-packages/airflow/example_dags/example_dag_decorator.py
[2021-09-06 14:43:32,802] {processor.py:623} INFO - DAG(s) dict_keys(['example_dag_decorator']) retrieved from /home/airflow/.local/lib/python3.8/site-packages/airflow/example_dags/example_dag_decorator.py
[2021-09-06 14:43:32,811] {logging_mixin.py:109} INFO - [2021-09-06 14:43:32,811] {dag.py:1833} INFO - Sync 1 DAGs
[2021-09-06 14:43:32,818] {logging_mixin.py:109} INFO - [2021-09-06 14:43:32,818] {dag.py:2306} INFO - Setting next_dagrun for example_dag_decorator to None
[2021-09-06 14:43:32,822] {processor.py:170} INFO - Processing /home/airflow/.local/lib/python3.8/site-packages/airflow/example_dags/example_dag_decorator.py took 0.032 seconds
[2021-09-06 14:44:03,364] {processor.py:162} INFO - Started process (PID=3020) to work on /home/airflow/.local/lib/python3.8/site-packages/airflow/example_dags/example_dag_decorator.py
[2021-09-06 14:44:03,365] {processor.py:613} INFO - Processing file /home/airflow/.local/lib/python3.8/site-packages/airflow/example_dags/example_dag_decorator.py for tasks to queue
[2021-09-06 14:44:03,365] {logging_mixin.py:109} INFO - [2021-09-06 14:44:03,365] {dagbag.py:496} INFO - Filling up the DagBag from /home/airflow/.local/lib/python3.8/site-packages/airflow/example_dags/example_dag_decorator.py
[2021-09-06 14:44:03,373] {processor.py:623} INFO - DAG(s) dict_keys(['example_dag_decorator']) retrieved from /home/airflow/.local/lib/python3.8/site-packages/airflow/example_dags/example_dag_decorator.py
[2021-09-06 14:44:03,523] {logging_mixin.py:109} INFO - [2021-09-06 14:44:03,523] {dag.py:1833} INFO - Sync 1 DAGs
[2021-09-06 14:44:03,528] {logging_mixin.py:109} INFO - [2021-09-06 14:44:03,528] {dag.py:2306} INFO - Setting next_dagrun for example_dag_decorator to None
[2021-09-06 14:44:03,533] {processor.py:170} INFO - Processing /home/airflow/.local/lib/python3.8/site-packages/airflow/example_dags/example_dag_decorator.py took 0.170 seconds
[2021-09-06 14:44:33,981] {processor.py:162} INFO - Started process (PID=3080) to work on /home/airflow/.local/lib/python3.8/site-packages/airflow/example_dags/example_dag_decorator.py
[2021-09-06 14:44:33,982] {processor.py:613} INFO - Processing file /home/airflow/.local/lib/python3.8/site-packages/airflow/example_dags/example_dag_decorator.py for tasks to queue
[2021-09-06 14:44:33,982] {logging_mixin.py:109} INFO - [2021-09-06 14:44:33,982] {dagbag.py:496} INFO - Filling up the DagBag from /home/airflow/.local/lib/python3.8/site-packages/airflow/example_dags/example_dag_decorator.py
[2021-09-06 14:44:33,990] {processor.py:623} INFO - DAG(s) dict_keys(['example_dag_decorator']) retrieved from /home/airflow/.local/lib/python3.8/site-packages/airflow/example_dags/example_dag_decorator.py
[2021-09-06 14:44:34,132] {logging_mixin.py:109} INFO - [2021-09-06 14:44:34,132] {dag.py:1833} INFO - Sync 1 DAGs
[2021-09-06 14:44:34,137] {logging_mixin.py:109} INFO - [2021-09-06 14:44:34,137] {dag.py:2306} INFO - Setting next_dagrun for example_dag_decorator to None
[2021-09-06 14:44:34,150] {processor.py:170} INFO - Processing /home/airflow/.local/lib/python3.8/site-packages/airflow/example_dags/example_dag_decorator.py took 0.170 seconds
[2021-09-06 14:45:04,584] {processor.py:162} INFO - Started process (PID=3133) to work on /home/airflow/.local/lib/python3.8/site-packages/airflow/example_dags/example_dag_decorator.py
[2021-09-06 14:45:04,585] {processor.py:613} INFO - Processing file /home/airflow/.local/lib/python3.8/site-packages/airflow/example_dags/example_dag_decorator.py for tasks to queue
[2021-09-06 14:45:04,585] {logging_mixin.py:109} INFO - [2021-09-06 14:45:04,585] {dagbag.py:496} INFO - Filling up the DagBag from /home/airflow/.local/lib/python3.8/site-packages/airflow/example_dags/example_dag_decorator.py
[2021-09-06 14:45:04,593] {processor.py:623} INFO - DAG(s) dict_keys(['example_dag_decorator']) retrieved from /home/airflow/.local/lib/python3.8/site-packages/airflow/example_dags/example_dag_decorator.py
[2021-09-06 14:45:04,737] {logging_mixin.py:109} INFO - [2021-09-06 14:45:04,737] {dag.py:1833} INFO - Sync 1 DAGs
[2021-09-06 14:45:04,743] {logging_mixin.py:109} INFO - [2021-09-06 14:45:04,743] {dag.py:2306} INFO - Setting next_dagrun for example_dag_decorator to None
[2021-09-06 14:45:04,756] {processor.py:170} INFO - Processing /home/airflow/.local/lib/python3.8/site-packages/airflow/example_dags/example_dag_decorator.py took 0.173 seconds
[2021-09-06 14:45:35,460] {processor.py:162} INFO - Started process (PID=3186) to work on /home/airflow/.local/lib/python3.8/site-packages/airflow/example_dags/example_dag_decorator.py
[2021-09-06 14:45:35,461] {processor.py:613} INFO - Processing file /home/airflow/.local/lib/python3.8/site-packages/airflow/example_dags/example_dag_decorator.py for tasks to queue
[2021-09-06 14:45:35,461] {logging_mixin.py:109} INFO - [2021-09-06 14:45:35,461] {dagbag.py:496} INFO - Filling up the DagBag from /home/airflow/.local/lib/python3.8/site-packages/airflow/example_dags/example_dag_decorator.py
[2021-09-06 14:45:35,470] {processor.py:623} INFO - DAG(s) dict_keys(['example_dag_decorator']) retrieved from /home/airflow/.local/lib/python3.8/site-packages/airflow/example_dags/example_dag_decorator.py
[2021-09-06 14:45:35,616] {logging_mixin.py:109} INFO - [2021-09-06 14:45:35,616] {dag.py:1833} INFO - Sync 1 DAGs
[2021-09-06 14:45:35,621] {logging_mixin.py:109} INFO - [2021-09-06 14:45:35,621] {dag.py:2306} INFO - Setting next_dagrun for example_dag_decorator to None
[2021-09-06 14:45:35,633] {processor.py:170} INFO - Processing /home/airflow/.local/lib/python3.8/site-packages/airflow/example_dags/example_dag_decorator.py took 0.175 seconds
[2021-09-06 14:46:06,031] {processor.py:162} INFO - Started process (PID=3239) to work on /home/airflow/.local/lib/python3.8/site-packages/airflow/example_dags/example_dag_decorator.py
[2021-09-06 14:46:06,032] {processor.py:613} INFO - Processing file /home/airflow/.local/lib/python3.8/site-packages/airflow/example_dags/example_dag_decorator.py for tasks to queue
[2021-09-06 14:46:06,032] {logging_mixin.py:109} INFO - [2021-09-06 14:46:06,032] {dagbag.py:496} INFO - Filling up the DagBag from /home/airflow/.local/lib/python3.8/site-packages/airflow/example_dags/example_dag_decorator.py
[2021-09-06 14:46:06,040] {processor.py:623} INFO - DAG(s) dict_keys(['example_dag_decorator']) retrieved from /home/airflow/.local/lib/python3.8/site-packages/airflow/example_dags/example_dag_decorator.py
[2021-09-06 14:46:06,206] {logging_mixin.py:109} INFO - [2021-09-06 14:46:06,206] {dag.py:1833} INFO - Sync 1 DAGs
[2021-09-06 14:46:06,213] {logging_mixin.py:109} INFO - [2021-09-06 14:46:06,213] {dag.py:2306} INFO - Setting next_dagrun for example_dag_decorator to None
[2021-09-06 14:46:06,218] {processor.py:170} INFO - Processing /home/airflow/.local/lib/python3.8/site-packages/airflow/example_dags/example_dag_decorator.py took 0.188 seconds
[2021-09-06 14:46:36,680] {processor.py:162} INFO - Started process (PID=3292) to work on /home/airflow/.local/lib/python3.8/site-packages/airflow/example_dags/example_dag_decorator.py
[2021-09-06 14:46:36,680] {processor.py:613} INFO - Processing file /home/airflow/.local/lib/python3.8/site-packages/airflow/example_dags/example_dag_decorator.py for tasks to queue
[2021-09-06 14:46:36,681] {logging_mixin.py:109} INFO - [2021-09-06 14:46:36,681] {dagbag.py:496} INFO - Filling up the DagBag from /home/airflow/.local/lib/python3.8/site-packages/airflow/example_dags/example_dag_decorator.py
[2021-09-06 14:46:36,690] {processor.py:623} INFO - DAG(s) dict_keys(['example_dag_decorator']) retrieved from /home/airflow/.local/lib/python3.8/site-packages/airflow/example_dags/example_dag_decorator.py
[2021-09-06 14:46:36,836] {logging_mixin.py:109} INFO - [2021-09-06 14:46:36,836] {dag.py:1833} INFO - Sync 1 DAGs
[2021-09-06 14:46:36,842] {logging_mixin.py:109} INFO - [2021-09-06 14:46:36,842] {dag.py:2306} INFO - Setting next_dagrun for example_dag_decorator to None
[2021-09-06 14:46:36,854] {processor.py:170} INFO - Processing /home/airflow/.local/lib/python3.8/site-packages/airflow/example_dags/example_dag_decorator.py took 0.177 seconds
[2021-09-06 14:47:07,253] {processor.py:162} INFO - Started process (PID=3345) to work on /home/airflow/.local/lib/python3.8/site-packages/airflow/example_dags/example_dag_decorator.py
[2021-09-06 14:47:07,253] {processor.py:613} INFO - Processing file /home/airflow/.local/lib/python3.8/site-packages/airflow/example_dags/example_dag_decorator.py for tasks to queue
[2021-09-06 14:47:07,254] {logging_mixin.py:109} INFO - [2021-09-06 14:47:07,254] {dagbag.py:496} INFO - Filling up the DagBag from /home/airflow/.local/lib/python3.8/site-packages/airflow/example_dags/example_dag_decorator.py
[2021-09-06 14:47:07,262] {processor.py:623} INFO - DAG(s) dict_keys(['example_dag_decorator']) retrieved from /home/airflow/.local/lib/python3.8/site-packages/airflow/example_dags/example_dag_decorator.py
[2021-09-06 14:47:07,411] {logging_mixin.py:109} INFO - [2021-09-06 14:47:07,411] {dag.py:1833} INFO - Sync 1 DAGs
[2021-09-06 14:47:07,417] {logging_mixin.py:109} INFO - [2021-09-06 14:47:07,416] {dag.py:2306} INFO - Setting next_dagrun for example_dag_decorator to None
[2021-09-06 14:47:07,421] {processor.py:170} INFO - Processing /home/airflow/.local/lib/python3.8/site-packages/airflow/example_dags/example_dag_decorator.py took 0.170 seconds
[2021-09-06 14:47:37,833] {processor.py:162} INFO - Started process (PID=3398) to work on /home/airflow/.local/lib/python3.8/site-packages/airflow/example_dags/example_dag_decorator.py
[2021-09-06 14:47:37,833] {processor.py:613} INFO - Processing file /home/airflow/.local/lib/python3.8/site-packages/airflow/example_dags/example_dag_decorator.py for tasks to queue
[2021-09-06 14:47:37,834] {logging_mixin.py:109} INFO - [2021-09-06 14:47:37,833] {dagbag.py:496} INFO - Filling up the DagBag from /home/airflow/.local/lib/python3.8/site-packages/airflow/example_dags/example_dag_decorator.py
[2021-09-06 14:47:37,842] {processor.py:623} INFO - DAG(s) dict_keys(['example_dag_decorator']) retrieved from /home/airflow/.local/lib/python3.8/site-packages/airflow/example_dags/example_dag_decorator.py
[2021-09-06 14:47:38,021] {logging_mixin.py:109} INFO - [2021-09-06 14:47:38,021] {dag.py:1833} INFO - Sync 1 DAGs
[2021-09-06 14:47:38,026] {logging_mixin.py:109} INFO - [2021-09-06 14:47:38,026] {dag.py:2306} INFO - Setting next_dagrun for example_dag_decorator to None
[2021-09-06 14:47:38,039] {processor.py:170} INFO - Processing /home/airflow/.local/lib/python3.8/site-packages/airflow/example_dags/example_dag_decorator.py took 0.208 seconds
[2021-09-06 14:48:08,433] {processor.py:162} INFO - Started process (PID=3451) to work on /home/airflow/.local/lib/python3.8/site-packages/airflow/example_dags/example_dag_decorator.py
[2021-09-06 14:48:08,433] {processor.py:613} INFO - Processing file /home/airflow/.local/lib/python3.8/site-packages/airflow/example_dags/example_dag_decorator.py for tasks to queue
[2021-09-06 14:48:08,434] {logging_mixin.py:109} INFO - [2021-09-06 14:48:08,434] {dagbag.py:496} INFO - Filling up the DagBag from /home/airflow/.local/lib/python3.8/site-packages/airflow/example_dags/example_dag_decorator.py
[2021-09-06 14:48:08,442] {processor.py:623} INFO - DAG(s) dict_keys(['example_dag_decorator']) retrieved from /home/airflow/.local/lib/python3.8/site-packages/airflow/example_dags/example_dag_decorator.py
[2021-09-06 14:48:08,588] {logging_mixin.py:109} INFO - [2021-09-06 14:48:08,588] {dag.py:1833} INFO - Sync 1 DAGs
[2021-09-06 14:48:08,593] {logging_mixin.py:109} INFO - [2021-09-06 14:48:08,593] {dag.py:2306} INFO - Setting next_dagrun for example_dag_decorator to None
[2021-09-06 14:48:08,598] {processor.py:170} INFO - Processing /home/airflow/.local/lib/python3.8/site-packages/airflow/example_dags/example_dag_decorator.py took 0.166 seconds
[2021-09-06 14:48:39,059] {processor.py:162} INFO - Started process (PID=3504) to work on /home/airflow/.local/lib/python3.8/site-packages/airflow/example_dags/example_dag_decorator.py
[2021-09-06 14:48:39,060] {processor.py:613} INFO - Processing file /home/airflow/.local/lib/python3.8/site-packages/airflow/example_dags/example_dag_decorator.py for tasks to queue
[2021-09-06 14:48:39,060] {logging_mixin.py:109} INFO - [2021-09-06 14:48:39,060] {dagbag.py:496} INFO - Filling up the DagBag from /home/airflow/.local/lib/python3.8/site-packages/airflow/example_dags/example_dag_decorator.py
[2021-09-06 14:48:39,068] {processor.py:623} INFO - DAG(s) dict_keys(['example_dag_decorator']) retrieved from /home/airflow/.local/lib/python3.8/site-packages/airflow/example_dags/example_dag_decorator.py
[2021-09-06 14:48:39,078] {logging_mixin.py:109} INFO - [2021-09-06 14:48:39,078] {dag.py:1833} INFO - Sync 1 DAGs
[2021-09-06 14:48:39,084] {logging_mixin.py:109} INFO - [2021-09-06 14:48:39,084] {dag.py:2306} INFO - Setting next_dagrun for example_dag_decorator to None
[2021-09-06 14:48:39,088] {processor.py:170} INFO - Processing /home/airflow/.local/lib/python3.8/site-packages/airflow/example_dags/example_dag_decorator.py took 0.031 seconds
[2021-09-06 14:49:09,701] {processor.py:162} INFO - Started process (PID=3557) to work on /home/airflow/.local/lib/python3.8/site-packages/airflow/example_dags/example_dag_decorator.py
[2021-09-06 14:49:09,702] {processor.py:613} INFO - Processing file /home/airflow/.local/lib/python3.8/site-packages/airflow/example_dags/example_dag_decorator.py for tasks to queue
[2021-09-06 14:49:09,702] {logging_mixin.py:109} INFO - [2021-09-06 14:49:09,702] {dagbag.py:496} INFO - Filling up the DagBag from /home/airflow/.local/lib/python3.8/site-packages/airflow/example_dags/example_dag_decorator.py
[2021-09-06 14:49:09,710] {processor.py:623} INFO - DAG(s) dict_keys(['example_dag_decorator']) retrieved from /home/airflow/.local/lib/python3.8/site-packages/airflow/example_dags/example_dag_decorator.py
[2021-09-06 14:49:09,863] {logging_mixin.py:109} INFO - [2021-09-06 14:49:09,863] {dag.py:1833} INFO - Sync 1 DAGs
[2021-09-06 14:49:09,869] {logging_mixin.py:109} INFO - [2021-09-06 14:49:09,868] {dag.py:2306} INFO - Setting next_dagrun for example_dag_decorator to None
[2021-09-06 14:49:09,881] {processor.py:170} INFO - Processing /home/airflow/.local/lib/python3.8/site-packages/airflow/example_dags/example_dag_decorator.py took 0.181 seconds
[2021-09-06 14:49:40,323] {processor.py:162} INFO - Started process (PID=3610) to work on /home/airflow/.local/lib/python3.8/site-packages/airflow/example_dags/example_dag_decorator.py
[2021-09-06 14:49:40,324] {processor.py:613} INFO - Processing file /home/airflow/.local/lib/python3.8/site-packages/airflow/example_dags/example_dag_decorator.py for tasks to queue
[2021-09-06 14:49:40,324] {logging_mixin.py:109} INFO - [2021-09-06 14:49:40,324] {dagbag.py:496} INFO - Filling up the DagBag from /home/airflow/.local/lib/python3.8/site-packages/airflow/example_dags/example_dag_decorator.py
[2021-09-06 14:49:40,333] {processor.py:623} INFO - DAG(s) dict_keys(['example_dag_decorator']) retrieved from /home/airflow/.local/lib/python3.8/site-packages/airflow/example_dags/example_dag_decorator.py
[2021-09-06 14:49:40,478] {logging_mixin.py:109} INFO - [2021-09-06 14:49:40,478] {dag.py:1833} INFO - Sync 1 DAGs
[2021-09-06 14:49:40,484] {logging_mixin.py:109} INFO - [2021-09-06 14:49:40,484] {dag.py:2306} INFO - Setting next_dagrun for example_dag_decorator to None
[2021-09-06 14:49:40,496] {processor.py:170} INFO - Processing /home/airflow/.local/lib/python3.8/site-packages/airflow/example_dags/example_dag_decorator.py took 0.175 seconds
[2021-09-06 14:50:10,892] {processor.py:162} INFO - Started process (PID=3663) to work on /home/airflow/.local/lib/python3.8/site-packages/airflow/example_dags/example_dag_decorator.py
[2021-09-06 14:50:10,892] {processor.py:613} INFO - Processing file /home/airflow/.local/lib/python3.8/site-packages/airflow/example_dags/example_dag_decorator.py for tasks to queue
[2021-09-06 14:50:10,893] {logging_mixin.py:109} INFO - [2021-09-06 14:50:10,893] {dagbag.py:496} INFO - Filling up the DagBag from /home/airflow/.local/lib/python3.8/site-packages/airflow/example_dags/example_dag_decorator.py
[2021-09-06 14:50:10,902] {processor.py:623} INFO - DAG(s) dict_keys(['example_dag_decorator']) retrieved from /home/airflow/.local/lib/python3.8/site-packages/airflow/example_dags/example_dag_decorator.py
[2021-09-06 14:50:11,051] {logging_mixin.py:109} INFO - [2021-09-06 14:50:11,051] {dag.py:1833} INFO - Sync 1 DAGs
[2021-09-06 14:50:11,056] {logging_mixin.py:109} INFO - [2021-09-06 14:50:11,056] {dag.py:2306} INFO - Setting next_dagrun for example_dag_decorator to None
[2021-09-06 14:50:11,062] {processor.py:170} INFO - Processing /home/airflow/.local/lib/python3.8/site-packages/airflow/example_dags/example_dag_decorator.py took 0.172 seconds
[2021-09-06 14:50:41,449] {processor.py:162} INFO - Started process (PID=3716) to work on /home/airflow/.local/lib/python3.8/site-packages/airflow/example_dags/example_dag_decorator.py
[2021-09-06 14:50:41,449] {processor.py:613} INFO - Processing file /home/airflow/.local/lib/python3.8/site-packages/airflow/example_dags/example_dag_decorator.py for tasks to queue
[2021-09-06 14:50:41,450] {logging_mixin.py:109} INFO - [2021-09-06 14:50:41,450] {dagbag.py:496} INFO - Filling up the DagBag from /home/airflow/.local/lib/python3.8/site-packages/airflow/example_dags/example_dag_decorator.py
[2021-09-06 14:50:41,458] {processor.py:623} INFO - DAG(s) dict_keys(['example_dag_decorator']) retrieved from /home/airflow/.local/lib/python3.8/site-packages/airflow/example_dags/example_dag_decorator.py
[2021-09-06 14:50:41,606] {logging_mixin.py:109} INFO - [2021-09-06 14:50:41,606] {dag.py:1833} INFO - Sync 1 DAGs
[2021-09-06 14:50:41,611] {logging_mixin.py:109} INFO - [2021-09-06 14:50:41,611] {dag.py:2306} INFO - Setting next_dagrun for example_dag_decorator to None
[2021-09-06 14:50:41,623] {processor.py:170} INFO - Processing /home/airflow/.local/lib/python3.8/site-packages/airflow/example_dags/example_dag_decorator.py took 0.176 seconds
[2021-09-06 14:51:12,082] {processor.py:162} INFO - Started process (PID=3770) to work on /home/airflow/.local/lib/python3.8/site-packages/airflow/example_dags/example_dag_decorator.py
[2021-09-06 14:51:12,083] {processor.py:613} INFO - Processing file /home/airflow/.local/lib/python3.8/site-packages/airflow/example_dags/example_dag_decorator.py for tasks to queue
[2021-09-06 14:51:12,083] {logging_mixin.py:109} INFO - [2021-09-06 14:51:12,083] {dagbag.py:496} INFO - Filling up the DagBag from /home/airflow/.local/lib/python3.8/site-packages/airflow/example_dags/example_dag_decorator.py
[2021-09-06 14:51:12,091] {processor.py:623} INFO - DAG(s) dict_keys(['example_dag_decorator']) retrieved from /home/airflow/.local/lib/python3.8/site-packages/airflow/example_dags/example_dag_decorator.py
[2021-09-06 14:51:12,237] {logging_mixin.py:109} INFO - [2021-09-06 14:51:12,237] {dag.py:1833} INFO - Sync 1 DAGs
[2021-09-06 14:51:12,241] {logging_mixin.py:109} INFO - [2021-09-06 14:51:12,241] {dag.py:2306} INFO - Setting next_dagrun for example_dag_decorator to None
[2021-09-06 14:51:12,254] {processor.py:170} INFO - Processing /home/airflow/.local/lib/python3.8/site-packages/airflow/example_dags/example_dag_decorator.py took 0.174 seconds
[2021-09-06 14:51:42,747] {processor.py:162} INFO - Started process (PID=3823) to work on /home/airflow/.local/lib/python3.8/site-packages/airflow/example_dags/example_dag_decorator.py
[2021-09-06 14:51:42,748] {processor.py:613} INFO - Processing file /home/airflow/.local/lib/python3.8/site-packages/airflow/example_dags/example_dag_decorator.py for tasks to queue
[2021-09-06 14:51:42,748] {logging_mixin.py:109} INFO - [2021-09-06 14:51:42,748] {dagbag.py:496} INFO - Filling up the DagBag from /home/airflow/.local/lib/python3.8/site-packages/airflow/example_dags/example_dag_decorator.py
[2021-09-06 14:51:42,756] {processor.py:623} INFO - DAG(s) dict_keys(['example_dag_decorator']) retrieved from /home/airflow/.local/lib/python3.8/site-packages/airflow/example_dags/example_dag_decorator.py
[2021-09-06 14:51:42,899] {logging_mixin.py:109} INFO - [2021-09-06 14:51:42,899] {dag.py:1833} INFO - Sync 1 DAGs
[2021-09-06 14:51:42,904] {logging_mixin.py:109} INFO - [2021-09-06 14:51:42,904] {dag.py:2306} INFO - Setting next_dagrun for example_dag_decorator to None
[2021-09-06 14:51:42,916] {processor.py:170} INFO - Processing /home/airflow/.local/lib/python3.8/site-packages/airflow/example_dags/example_dag_decorator.py took 0.171 seconds
[2021-09-06 14:52:13,307] {processor.py:162} INFO - Started process (PID=3876) to work on /home/airflow/.local/lib/python3.8/site-packages/airflow/example_dags/example_dag_decorator.py
[2021-09-06 14:52:13,308] {processor.py:613} INFO - Processing file /home/airflow/.local/lib/python3.8/site-packages/airflow/example_dags/example_dag_decorator.py for tasks to queue
[2021-09-06 14:52:13,308] {logging_mixin.py:109} INFO - [2021-09-06 14:52:13,308] {dagbag.py:496} INFO - Filling up the DagBag from /home/airflow/.local/lib/python3.8/site-packages/airflow/example_dags/example_dag_decorator.py
[2021-09-06 14:52:13,316] {processor.py:623} INFO - DAG(s) dict_keys(['example_dag_decorator']) retrieved from /home/airflow/.local/lib/python3.8/site-packages/airflow/example_dags/example_dag_decorator.py
[2021-09-06 14:52:13,460] {logging_mixin.py:109} INFO - [2021-09-06 14:52:13,460] {dag.py:1833} INFO - Sync 1 DAGs
[2021-09-06 14:52:13,466] {logging_mixin.py:109} INFO - [2021-09-06 14:52:13,466] {dag.py:2306} INFO - Setting next_dagrun for example_dag_decorator to None
[2021-09-06 14:52:13,478] {processor.py:170} INFO - Processing /home/airflow/.local/lib/python3.8/site-packages/airflow/example_dags/example_dag_decorator.py took 0.172 seconds
[2021-09-06 14:52:43,887] {processor.py:162} INFO - Started process (PID=3929) to work on /home/airflow/.local/lib/python3.8/site-packages/airflow/example_dags/example_dag_decorator.py
[2021-09-06 14:52:43,888] {processor.py:613} INFO - Processing file /home/airflow/.local/lib/python3.8/site-packages/airflow/example_dags/example_dag_decorator.py for tasks to queue
[2021-09-06 14:52:43,888] {logging_mixin.py:109} INFO - [2021-09-06 14:52:43,888] {dagbag.py:496} INFO - Filling up the DagBag from /home/airflow/.local/lib/python3.8/site-packages/airflow/example_dags/example_dag_decorator.py
[2021-09-06 14:52:43,897] {processor.py:623} INFO - DAG(s) dict_keys(['example_dag_decorator']) retrieved from /home/airflow/.local/lib/python3.8/site-packages/airflow/example_dags/example_dag_decorator.py
[2021-09-06 14:52:43,907] {logging_mixin.py:109} INFO - [2021-09-06 14:52:43,907] {dag.py:1833} INFO - Sync 1 DAGs
[2021-09-06 14:52:43,913] {logging_mixin.py:109} INFO - [2021-09-06 14:52:43,913] {dag.py:2306} INFO - Setting next_dagrun for example_dag_decorator to None
[2021-09-06 14:52:43,918] {processor.py:170} INFO - Processing /home/airflow/.local/lib/python3.8/site-packages/airflow/example_dags/example_dag_decorator.py took 0.033 seconds
[2021-09-06 14:53:14,435] {processor.py:162} INFO - Started process (PID=3983) to work on /home/airflow/.local/lib/python3.8/site-packages/airflow/example_dags/example_dag_decorator.py
[2021-09-06 14:53:14,435] {processor.py:613} INFO - Processing file /home/airflow/.local/lib/python3.8/site-packages/airflow/example_dags/example_dag_decorator.py for tasks to queue
[2021-09-06 14:53:14,436] {logging_mixin.py:109} INFO - [2021-09-06 14:53:14,436] {dagbag.py:496} INFO - Filling up the DagBag from /home/airflow/.local/lib/python3.8/site-packages/airflow/example_dags/example_dag_decorator.py
[2021-09-06 14:53:14,444] {processor.py:623} INFO - DAG(s) dict_keys(['example_dag_decorator']) retrieved from /home/airflow/.local/lib/python3.8/site-packages/airflow/example_dags/example_dag_decorator.py
[2021-09-06 14:53:14,590] {logging_mixin.py:109} INFO - [2021-09-06 14:53:14,590] {dag.py:1833} INFO - Sync 1 DAGs
[2021-09-06 14:53:14,596] {logging_mixin.py:109} INFO - [2021-09-06 14:53:14,596] {dag.py:2306} INFO - Setting next_dagrun for example_dag_decorator to None
[2021-09-06 14:53:14,601] {processor.py:170} INFO - Processing /home/airflow/.local/lib/python3.8/site-packages/airflow/example_dags/example_dag_decorator.py took 0.167 seconds
[2021-09-06 14:53:45,012] {processor.py:162} INFO - Started process (PID=4036) to work on /home/airflow/.local/lib/python3.8/site-packages/airflow/example_dags/example_dag_decorator.py
[2021-09-06 14:53:45,013] {processor.py:613} INFO - Processing file /home/airflow/.local/lib/python3.8/site-packages/airflow/example_dags/example_dag_decorator.py for tasks to queue
[2021-09-06 14:53:45,013] {logging_mixin.py:109} INFO - [2021-09-06 14:53:45,013] {dagbag.py:496} INFO - Filling up the DagBag from /home/airflow/.local/lib/python3.8/site-packages/airflow/example_dags/example_dag_decorator.py
[2021-09-06 14:53:45,021] {processor.py:623} INFO - DAG(s) dict_keys(['example_dag_decorator']) retrieved from /home/airflow/.local/lib/python3.8/site-packages/airflow/example_dags/example_dag_decorator.py
[2021-09-06 14:53:45,030] {logging_mixin.py:109} INFO - [2021-09-06 14:53:45,030] {dag.py:1833} INFO - Sync 1 DAGs
[2021-09-06 14:53:45,035] {logging_mixin.py:109} INFO - [2021-09-06 14:53:45,035] {dag.py:2306} INFO - Setting next_dagrun for example_dag_decorator to None
[2021-09-06 14:53:45,045] {processor.py:170} INFO - Processing /home/airflow/.local/lib/python3.8/site-packages/airflow/example_dags/example_dag_decorator.py took 0.034 seconds
[2021-09-06 14:54:15,603] {processor.py:162} INFO - Started process (PID=4089) to work on /home/airflow/.local/lib/python3.8/site-packages/airflow/example_dags/example_dag_decorator.py
[2021-09-06 14:54:15,603] {processor.py:613} INFO - Processing file /home/airflow/.local/lib/python3.8/site-packages/airflow/example_dags/example_dag_decorator.py for tasks to queue
[2021-09-06 14:54:15,604] {logging_mixin.py:109} INFO - [2021-09-06 14:54:15,604] {dagbag.py:496} INFO - Filling up the DagBag from /home/airflow/.local/lib/python3.8/site-packages/airflow/example_dags/example_dag_decorator.py
[2021-09-06 14:54:15,612] {processor.py:623} INFO - DAG(s) dict_keys(['example_dag_decorator']) retrieved from /home/airflow/.local/lib/python3.8/site-packages/airflow/example_dags/example_dag_decorator.py
[2021-09-06 14:54:15,759] {logging_mixin.py:109} INFO - [2021-09-06 14:54:15,759] {dag.py:1833} INFO - Sync 1 DAGs
[2021-09-06 14:54:15,765] {logging_mixin.py:109} INFO - [2021-09-06 14:54:15,765] {dag.py:2306} INFO - Setting next_dagrun for example_dag_decorator to None
[2021-09-06 14:54:15,777] {processor.py:170} INFO - Processing /home/airflow/.local/lib/python3.8/site-packages/airflow/example_dags/example_dag_decorator.py took 0.176 seconds
[2021-09-06 14:54:46,179] {processor.py:162} INFO - Started process (PID=4142) to work on /home/airflow/.local/lib/python3.8/site-packages/airflow/example_dags/example_dag_decorator.py
[2021-09-06 14:54:46,180] {processor.py:613} INFO - Processing file /home/airflow/.local/lib/python3.8/site-packages/airflow/example_dags/example_dag_decorator.py for tasks to queue
[2021-09-06 14:54:46,180] {logging_mixin.py:109} INFO - [2021-09-06 14:54:46,180] {dagbag.py:496} INFO - Filling up the DagBag from /home/airflow/.local/lib/python3.8/site-packages/airflow/example_dags/example_dag_decorator.py
[2021-09-06 14:54:46,189] {processor.py:623} INFO - DAG(s) dict_keys(['example_dag_decorator']) retrieved from /home/airflow/.local/lib/python3.8/site-packages/airflow/example_dags/example_dag_decorator.py
[2021-09-06 14:54:46,334] {logging_mixin.py:109} INFO - [2021-09-06 14:54:46,334] {dag.py:1833} INFO - Sync 1 DAGs
[2021-09-06 14:54:46,340] {logging_mixin.py:109} INFO - [2021-09-06 14:54:46,340] {dag.py:2306} INFO - Setting next_dagrun for example_dag_decorator to None
[2021-09-06 14:54:46,345] {processor.py:170} INFO - Processing /home/airflow/.local/lib/python3.8/site-packages/airflow/example_dags/example_dag_decorator.py took 0.168 seconds
[2021-09-06 14:55:16,777] {processor.py:162} INFO - Started process (PID=4195) to work on /home/airflow/.local/lib/python3.8/site-packages/airflow/example_dags/example_dag_decorator.py
[2021-09-06 14:55:16,778] {processor.py:613} INFO - Processing file /home/airflow/.local/lib/python3.8/site-packages/airflow/example_dags/example_dag_decorator.py for tasks to queue
[2021-09-06 14:55:16,778] {logging_mixin.py:109} INFO - [2021-09-06 14:55:16,778] {dagbag.py:496} INFO - Filling up the DagBag from /home/airflow/.local/lib/python3.8/site-packages/airflow/example_dags/example_dag_decorator.py
[2021-09-06 14:55:16,786] {processor.py:623} INFO - DAG(s) dict_keys(['example_dag_decorator']) retrieved from /home/airflow/.local/lib/python3.8/site-packages/airflow/example_dags/example_dag_decorator.py
[2021-09-06 14:55:16,930] {logging_mixin.py:109} INFO - [2021-09-06 14:55:16,930] {dag.py:1833} INFO - Sync 1 DAGs
[2021-09-06 14:55:16,936] {logging_mixin.py:109} INFO - [2021-09-06 14:55:16,936] {dag.py:2306} INFO - Setting next_dagrun for example_dag_decorator to None
[2021-09-06 14:55:16,949] {processor.py:170} INFO - Processing /home/airflow/.local/lib/python3.8/site-packages/airflow/example_dags/example_dag_decorator.py took 0.173 seconds
[2021-09-06 14:55:47,346] {processor.py:162} INFO - Started process (PID=4248) to work on /home/airflow/.local/lib/python3.8/site-packages/airflow/example_dags/example_dag_decorator.py
[2021-09-06 14:55:47,346] {processor.py:613} INFO - Processing file /home/airflow/.local/lib/python3.8/site-packages/airflow/example_dags/example_dag_decorator.py for tasks to queue
[2021-09-06 14:55:47,347] {logging_mixin.py:109} INFO - [2021-09-06 14:55:47,347] {dagbag.py:496} INFO - Filling up the DagBag from /home/airflow/.local/lib/python3.8/site-packages/airflow/example_dags/example_dag_decorator.py
[2021-09-06 14:55:47,355] {processor.py:623} INFO - DAG(s) dict_keys(['example_dag_decorator']) retrieved from /home/airflow/.local/lib/python3.8/site-packages/airflow/example_dags/example_dag_decorator.py
[2021-09-06 14:55:47,500] {logging_mixin.py:109} INFO - [2021-09-06 14:55:47,500] {dag.py:1833} INFO - Sync 1 DAGs
[2021-09-06 14:55:47,506] {logging_mixin.py:109} INFO - [2021-09-06 14:55:47,506] {dag.py:2306} INFO - Setting next_dagrun for example_dag_decorator to None
[2021-09-06 14:55:47,518] {processor.py:170} INFO - Processing /home/airflow/.local/lib/python3.8/site-packages/airflow/example_dags/example_dag_decorator.py took 0.173 seconds
[2021-09-06 14:56:17,953] {processor.py:162} INFO - Started process (PID=4301) to work on /home/airflow/.local/lib/python3.8/site-packages/airflow/example_dags/example_dag_decorator.py
[2021-09-06 14:56:17,953] {processor.py:613} INFO - Processing file /home/airflow/.local/lib/python3.8/site-packages/airflow/example_dags/example_dag_decorator.py for tasks to queue
[2021-09-06 14:56:17,954] {logging_mixin.py:109} INFO - [2021-09-06 14:56:17,954] {dagbag.py:496} INFO - Filling up the DagBag from /home/airflow/.local/lib/python3.8/site-packages/airflow/example_dags/example_dag_decorator.py
[2021-09-06 14:56:17,962] {processor.py:623} INFO - DAG(s) dict_keys(['example_dag_decorator']) retrieved from /home/airflow/.local/lib/python3.8/site-packages/airflow/example_dags/example_dag_decorator.py
[2021-09-06 14:56:18,112] {logging_mixin.py:109} INFO - [2021-09-06 14:56:18,112] {dag.py:1833} INFO - Sync 1 DAGs
[2021-09-06 14:56:18,117] {logging_mixin.py:109} INFO - [2021-09-06 14:56:18,117] {dag.py:2306} INFO - Setting next_dagrun for example_dag_decorator to None
[2021-09-06 14:56:18,123] {processor.py:170} INFO - Processing /home/airflow/.local/lib/python3.8/site-packages/airflow/example_dags/example_dag_decorator.py took 0.172 seconds
[2021-09-06 14:56:48,479] {processor.py:162} INFO - Started process (PID=4355) to work on /home/airflow/.local/lib/python3.8/site-packages/airflow/example_dags/example_dag_decorator.py
[2021-09-06 14:56:48,480] {processor.py:613} INFO - Processing file /home/airflow/.local/lib/python3.8/site-packages/airflow/example_dags/example_dag_decorator.py for tasks to queue
[2021-09-06 14:56:48,480] {logging_mixin.py:109} INFO - [2021-09-06 14:56:48,480] {dagbag.py:496} INFO - Filling up the DagBag from /home/airflow/.local/lib/python3.8/site-packages/airflow/example_dags/example_dag_decorator.py
[2021-09-06 14:56:48,488] {processor.py:623} INFO - DAG(s) dict_keys(['example_dag_decorator']) retrieved from /home/airflow/.local/lib/python3.8/site-packages/airflow/example_dags/example_dag_decorator.py
[2021-09-06 14:56:48,633] {logging_mixin.py:109} INFO - [2021-09-06 14:56:48,633] {dag.py:1833} INFO - Sync 1 DAGs
[2021-09-06 14:56:48,638] {logging_mixin.py:109} INFO - [2021-09-06 14:56:48,638] {dag.py:2306} INFO - Setting next_dagrun for example_dag_decorator to None
[2021-09-06 14:56:48,643] {processor.py:170} INFO - Processing /home/airflow/.local/lib/python3.8/site-packages/airflow/example_dags/example_dag_decorator.py took 0.166 seconds
[2021-09-06 14:57:19,089] {processor.py:162} INFO - Started process (PID=4408) to work on /home/airflow/.local/lib/python3.8/site-packages/airflow/example_dags/example_dag_decorator.py
[2021-09-06 14:57:19,089] {processor.py:613} INFO - Processing file /home/airflow/.local/lib/python3.8/site-packages/airflow/example_dags/example_dag_decorator.py for tasks to queue
[2021-09-06 14:57:19,090] {logging_mixin.py:109} INFO - [2021-09-06 14:57:19,089] {dagbag.py:496} INFO - Filling up the DagBag from /home/airflow/.local/lib/python3.8/site-packages/airflow/example_dags/example_dag_decorator.py
[2021-09-06 14:57:19,098] {processor.py:623} INFO - DAG(s) dict_keys(['example_dag_decorator']) retrieved from /home/airflow/.local/lib/python3.8/site-packages/airflow/example_dags/example_dag_decorator.py
[2021-09-06 14:57:19,250] {logging_mixin.py:109} INFO - [2021-09-06 14:57:19,250] {dag.py:1833} INFO - Sync 1 DAGs
[2021-09-06 14:57:19,256] {logging_mixin.py:109} INFO - [2021-09-06 14:57:19,256] {dag.py:2306} INFO - Setting next_dagrun for example_dag_decorator to None
[2021-09-06 14:57:19,269] {processor.py:170} INFO - Processing /home/airflow/.local/lib/python3.8/site-packages/airflow/example_dags/example_dag_decorator.py took 0.182 seconds
[2021-09-06 14:57:49,662] {processor.py:162} INFO - Started process (PID=4461) to work on /home/airflow/.local/lib/python3.8/site-packages/airflow/example_dags/example_dag_decorator.py
[2021-09-06 14:57:49,663] {processor.py:613} INFO - Processing file /home/airflow/.local/lib/python3.8/site-packages/airflow/example_dags/example_dag_decorator.py for tasks to queue
[2021-09-06 14:57:49,663] {logging_mixin.py:109} INFO - [2021-09-06 14:57:49,663] {dagbag.py:496} INFO - Filling up the DagBag from /home/airflow/.local/lib/python3.8/site-packages/airflow/example_dags/example_dag_decorator.py
[2021-09-06 14:57:49,672] {processor.py:623} INFO - DAG(s) dict_keys(['example_dag_decorator']) retrieved from /home/airflow/.local/lib/python3.8/site-packages/airflow/example_dags/example_dag_decorator.py
[2021-09-06 14:57:49,682] {logging_mixin.py:109} INFO - [2021-09-06 14:57:49,682] {dag.py:1833} INFO - Sync 1 DAGs
[2021-09-06 14:57:49,688] {logging_mixin.py:109} INFO - [2021-09-06 14:57:49,687] {dag.py:2306} INFO - Setting next_dagrun for example_dag_decorator to None
[2021-09-06 14:57:49,695] {processor.py:170} INFO - Processing /home/airflow/.local/lib/python3.8/site-packages/airflow/example_dags/example_dag_decorator.py took 0.035 seconds
[2021-09-06 14:58:20,257] {processor.py:162} INFO - Started process (PID=4514) to work on /home/airflow/.local/lib/python3.8/site-packages/airflow/example_dags/example_dag_decorator.py
[2021-09-06 14:58:20,258] {processor.py:613} INFO - Processing file /home/airflow/.local/lib/python3.8/site-packages/airflow/example_dags/example_dag_decorator.py for tasks to queue
[2021-09-06 14:58:20,258] {logging_mixin.py:109} INFO - [2021-09-06 14:58:20,258] {dagbag.py:496} INFO - Filling up the DagBag from /home/airflow/.local/lib/python3.8/site-packages/airflow/example_dags/example_dag_decorator.py
[2021-09-06 14:58:20,266] {processor.py:623} INFO - DAG(s) dict_keys(['example_dag_decorator']) retrieved from /home/airflow/.local/lib/python3.8/site-packages/airflow/example_dags/example_dag_decorator.py
[2021-09-06 14:58:20,408] {logging_mixin.py:109} INFO - [2021-09-06 14:58:20,408] {dag.py:1833} INFO - Sync 1 DAGs
[2021-09-06 14:58:20,413] {logging_mixin.py:109} INFO - [2021-09-06 14:58:20,413] {dag.py:2306} INFO - Setting next_dagrun for example_dag_decorator to None
[2021-09-06 14:58:20,426] {processor.py:170} INFO - Processing /home/airflow/.local/lib/python3.8/site-packages/airflow/example_dags/example_dag_decorator.py took 0.170 seconds
[2021-09-06 14:58:50,841] {processor.py:162} INFO - Started process (PID=4567) to work on /home/airflow/.local/lib/python3.8/site-packages/airflow/example_dags/example_dag_decorator.py
[2021-09-06 14:58:50,842] {processor.py:613} INFO - Processing file /home/airflow/.local/lib/python3.8/site-packages/airflow/example_dags/example_dag_decorator.py for tasks to queue
[2021-09-06 14:58:50,842] {logging_mixin.py:109} INFO - [2021-09-06 14:58:50,842] {dagbag.py:496} INFO - Filling up the DagBag from /home/airflow/.local/lib/python3.8/site-packages/airflow/example_dags/example_dag_decorator.py
[2021-09-06 14:58:50,851] {processor.py:623} INFO - DAG(s) dict_keys(['example_dag_decorator']) retrieved from /home/airflow/.local/lib/python3.8/site-packages/airflow/example_dags/example_dag_decorator.py
[2021-09-06 14:58:51,014] {logging_mixin.py:109} INFO - [2021-09-06 14:58:51,014] {dag.py:1833} INFO - Sync 1 DAGs
[2021-09-06 14:58:51,019] {logging_mixin.py:109} INFO - [2021-09-06 14:58:51,019] {dag.py:2306} INFO - Setting next_dagrun for example_dag_decorator to None
[2021-09-06 14:58:51,032] {processor.py:170} INFO - Processing /home/airflow/.local/lib/python3.8/site-packages/airflow/example_dags/example_dag_decorator.py took 0.192 seconds
