[2021-09-06 14:19:01,283] {processor.py:162} INFO - Started process (PID=53) to work on /home/airflow/.local/lib/python3.8/site-packages/airflow/example_dags/example_xcom.py
[2021-09-06 14:19:01,284] {processor.py:613} INFO - Processing file /home/airflow/.local/lib/python3.8/site-packages/airflow/example_dags/example_xcom.py for tasks to queue
[2021-09-06 14:19:01,284] {logging_mixin.py:109} INFO - [2021-09-06 14:19:01,284] {dagbag.py:496} INFO - Filling up the DagBag from /home/airflow/.local/lib/python3.8/site-packages/airflow/example_dags/example_xcom.py
[2021-09-06 14:19:01,289] {processor.py:623} INFO - DAG(s) dict_keys(['example_xcom']) retrieved from /home/airflow/.local/lib/python3.8/site-packages/airflow/example_dags/example_xcom.py
[2021-09-06 14:19:02,355] {logging_mixin.py:109} INFO - [2021-09-06 14:19:02,355] {dag.py:1833} INFO - Sync 1 DAGs
[2021-09-06 14:19:02,359] {logging_mixin.py:109} INFO - [2021-09-06 14:19:02,359] {dag.py:1852} INFO - Creating ORM DAG for example_xcom
[2021-09-06 14:19:02,361] {logging_mixin.py:109} INFO - [2021-09-06 14:19:02,361] {dag.py:2306} INFO - Setting next_dagrun for example_xcom to 2021-09-04 00:00:00+00:00
[2021-09-06 14:19:02,366] {processor.py:170} INFO - Processing /home/airflow/.local/lib/python3.8/site-packages/airflow/example_dags/example_xcom.py took 1.084 seconds
[2021-09-06 14:19:32,765] {processor.py:162} INFO - Started process (PID=454) to work on /home/airflow/.local/lib/python3.8/site-packages/airflow/example_dags/example_xcom.py
[2021-09-06 14:19:32,765] {processor.py:613} INFO - Processing file /home/airflow/.local/lib/python3.8/site-packages/airflow/example_dags/example_xcom.py for tasks to queue
[2021-09-06 14:19:32,766] {logging_mixin.py:109} INFO - [2021-09-06 14:19:32,766] {dagbag.py:496} INFO - Filling up the DagBag from /home/airflow/.local/lib/python3.8/site-packages/airflow/example_dags/example_xcom.py
[2021-09-06 14:19:32,771] {processor.py:623} INFO - DAG(s) dict_keys(['example_xcom']) retrieved from /home/airflow/.local/lib/python3.8/site-packages/airflow/example_dags/example_xcom.py
[2021-09-06 14:19:32,782] {logging_mixin.py:109} INFO - [2021-09-06 14:19:32,782] {dag.py:1833} INFO - Sync 1 DAGs
[2021-09-06 14:19:32,790] {logging_mixin.py:109} INFO - [2021-09-06 14:19:32,790] {dag.py:2306} INFO - Setting next_dagrun for example_xcom to 2021-09-04 00:00:00+00:00
[2021-09-06 14:19:32,801] {processor.py:170} INFO - Processing /home/airflow/.local/lib/python3.8/site-packages/airflow/example_dags/example_xcom.py took 0.037 seconds
[2021-09-06 14:20:03,340] {processor.py:162} INFO - Started process (PID=507) to work on /home/airflow/.local/lib/python3.8/site-packages/airflow/example_dags/example_xcom.py
[2021-09-06 14:20:03,340] {processor.py:613} INFO - Processing file /home/airflow/.local/lib/python3.8/site-packages/airflow/example_dags/example_xcom.py for tasks to queue
[2021-09-06 14:20:03,341] {logging_mixin.py:109} INFO - [2021-09-06 14:20:03,341] {dagbag.py:496} INFO - Filling up the DagBag from /home/airflow/.local/lib/python3.8/site-packages/airflow/example_dags/example_xcom.py
[2021-09-06 14:20:03,346] {processor.py:623} INFO - DAG(s) dict_keys(['example_xcom']) retrieved from /home/airflow/.local/lib/python3.8/site-packages/airflow/example_dags/example_xcom.py
[2021-09-06 14:20:03,356] {logging_mixin.py:109} INFO - [2021-09-06 14:20:03,356] {dag.py:1833} INFO - Sync 1 DAGs
[2021-09-06 14:20:03,361] {logging_mixin.py:109} INFO - [2021-09-06 14:20:03,361] {dag.py:2306} INFO - Setting next_dagrun for example_xcom to 2021-09-04 00:00:00+00:00
[2021-09-06 14:20:03,373] {processor.py:170} INFO - Processing /home/airflow/.local/lib/python3.8/site-packages/airflow/example_dags/example_xcom.py took 0.034 seconds
[2021-09-06 14:20:33,936] {processor.py:162} INFO - Started process (PID=560) to work on /home/airflow/.local/lib/python3.8/site-packages/airflow/example_dags/example_xcom.py
[2021-09-06 14:20:33,937] {processor.py:613} INFO - Processing file /home/airflow/.local/lib/python3.8/site-packages/airflow/example_dags/example_xcom.py for tasks to queue
[2021-09-06 14:20:33,937] {logging_mixin.py:109} INFO - [2021-09-06 14:20:33,937] {dagbag.py:496} INFO - Filling up the DagBag from /home/airflow/.local/lib/python3.8/site-packages/airflow/example_dags/example_xcom.py
[2021-09-06 14:20:33,942] {processor.py:623} INFO - DAG(s) dict_keys(['example_xcom']) retrieved from /home/airflow/.local/lib/python3.8/site-packages/airflow/example_dags/example_xcom.py
[2021-09-06 14:20:33,953] {logging_mixin.py:109} INFO - [2021-09-06 14:20:33,953] {dag.py:1833} INFO - Sync 1 DAGs
[2021-09-06 14:20:33,960] {logging_mixin.py:109} INFO - [2021-09-06 14:20:33,959] {dag.py:2306} INFO - Setting next_dagrun for example_xcom to 2021-09-04 00:00:00+00:00
[2021-09-06 14:20:33,971] {processor.py:170} INFO - Processing /home/airflow/.local/lib/python3.8/site-packages/airflow/example_dags/example_xcom.py took 0.037 seconds
[2021-09-06 14:21:04,612] {processor.py:162} INFO - Started process (PID=613) to work on /home/airflow/.local/lib/python3.8/site-packages/airflow/example_dags/example_xcom.py
[2021-09-06 14:21:04,612] {processor.py:613} INFO - Processing file /home/airflow/.local/lib/python3.8/site-packages/airflow/example_dags/example_xcom.py for tasks to queue
[2021-09-06 14:21:04,612] {logging_mixin.py:109} INFO - [2021-09-06 14:21:04,612] {dagbag.py:496} INFO - Filling up the DagBag from /home/airflow/.local/lib/python3.8/site-packages/airflow/example_dags/example_xcom.py
[2021-09-06 14:21:04,617] {processor.py:623} INFO - DAG(s) dict_keys(['example_xcom']) retrieved from /home/airflow/.local/lib/python3.8/site-packages/airflow/example_dags/example_xcom.py
[2021-09-06 14:21:04,628] {logging_mixin.py:109} INFO - [2021-09-06 14:21:04,628] {dag.py:1833} INFO - Sync 1 DAGs
[2021-09-06 14:21:04,634] {logging_mixin.py:109} INFO - [2021-09-06 14:21:04,634] {dag.py:2306} INFO - Setting next_dagrun for example_xcom to 2021-09-04 00:00:00+00:00
[2021-09-06 14:21:04,638] {processor.py:170} INFO - Processing /home/airflow/.local/lib/python3.8/site-packages/airflow/example_dags/example_xcom.py took 0.029 seconds
[2021-09-06 14:21:35,247] {processor.py:162} INFO - Started process (PID=666) to work on /home/airflow/.local/lib/python3.8/site-packages/airflow/example_dags/example_xcom.py
[2021-09-06 14:21:35,248] {processor.py:613} INFO - Processing file /home/airflow/.local/lib/python3.8/site-packages/airflow/example_dags/example_xcom.py for tasks to queue
[2021-09-06 14:21:35,248] {logging_mixin.py:109} INFO - [2021-09-06 14:21:35,248] {dagbag.py:496} INFO - Filling up the DagBag from /home/airflow/.local/lib/python3.8/site-packages/airflow/example_dags/example_xcom.py
[2021-09-06 14:21:35,253] {processor.py:623} INFO - DAG(s) dict_keys(['example_xcom']) retrieved from /home/airflow/.local/lib/python3.8/site-packages/airflow/example_dags/example_xcom.py
[2021-09-06 14:21:35,263] {logging_mixin.py:109} INFO - [2021-09-06 14:21:35,263] {dag.py:1833} INFO - Sync 1 DAGs
[2021-09-06 14:21:35,270] {logging_mixin.py:109} INFO - [2021-09-06 14:21:35,270] {dag.py:2306} INFO - Setting next_dagrun for example_xcom to 2021-09-04 00:00:00+00:00
[2021-09-06 14:21:35,274] {processor.py:170} INFO - Processing /home/airflow/.local/lib/python3.8/site-packages/airflow/example_dags/example_xcom.py took 0.029 seconds
[2021-09-06 14:22:05,848] {processor.py:162} INFO - Started process (PID=719) to work on /home/airflow/.local/lib/python3.8/site-packages/airflow/example_dags/example_xcom.py
[2021-09-06 14:22:05,848] {processor.py:613} INFO - Processing file /home/airflow/.local/lib/python3.8/site-packages/airflow/example_dags/example_xcom.py for tasks to queue
[2021-09-06 14:22:05,849] {logging_mixin.py:109} INFO - [2021-09-06 14:22:05,849] {dagbag.py:496} INFO - Filling up the DagBag from /home/airflow/.local/lib/python3.8/site-packages/airflow/example_dags/example_xcom.py
[2021-09-06 14:22:05,854] {processor.py:623} INFO - DAG(s) dict_keys(['example_xcom']) retrieved from /home/airflow/.local/lib/python3.8/site-packages/airflow/example_dags/example_xcom.py
[2021-09-06 14:22:05,864] {logging_mixin.py:109} INFO - [2021-09-06 14:22:05,864] {dag.py:1833} INFO - Sync 1 DAGs
[2021-09-06 14:22:05,871] {logging_mixin.py:109} INFO - [2021-09-06 14:22:05,871] {dag.py:2306} INFO - Setting next_dagrun for example_xcom to 2021-09-04 00:00:00+00:00
[2021-09-06 14:22:05,882] {processor.py:170} INFO - Processing /home/airflow/.local/lib/python3.8/site-packages/airflow/example_dags/example_xcom.py took 0.037 seconds
[2021-09-06 14:22:36,441] {processor.py:162} INFO - Started process (PID=772) to work on /home/airflow/.local/lib/python3.8/site-packages/airflow/example_dags/example_xcom.py
[2021-09-06 14:22:36,442] {processor.py:613} INFO - Processing file /home/airflow/.local/lib/python3.8/site-packages/airflow/example_dags/example_xcom.py for tasks to queue
[2021-09-06 14:22:36,442] {logging_mixin.py:109} INFO - [2021-09-06 14:22:36,442] {dagbag.py:496} INFO - Filling up the DagBag from /home/airflow/.local/lib/python3.8/site-packages/airflow/example_dags/example_xcom.py
[2021-09-06 14:22:36,447] {processor.py:623} INFO - DAG(s) dict_keys(['example_xcom']) retrieved from /home/airflow/.local/lib/python3.8/site-packages/airflow/example_dags/example_xcom.py
[2021-09-06 14:22:36,457] {logging_mixin.py:109} INFO - [2021-09-06 14:22:36,457] {dag.py:1833} INFO - Sync 1 DAGs
[2021-09-06 14:22:36,462] {logging_mixin.py:109} INFO - [2021-09-06 14:22:36,462] {dag.py:2306} INFO - Setting next_dagrun for example_xcom to 2021-09-04 00:00:00+00:00
[2021-09-06 14:22:36,468] {processor.py:170} INFO - Processing /home/airflow/.local/lib/python3.8/site-packages/airflow/example_dags/example_xcom.py took 0.028 seconds
[2021-09-06 14:23:07,027] {processor.py:162} INFO - Started process (PID=825) to work on /home/airflow/.local/lib/python3.8/site-packages/airflow/example_dags/example_xcom.py
[2021-09-06 14:23:07,027] {processor.py:613} INFO - Processing file /home/airflow/.local/lib/python3.8/site-packages/airflow/example_dags/example_xcom.py for tasks to queue
[2021-09-06 14:23:07,027] {logging_mixin.py:109} INFO - [2021-09-06 14:23:07,027] {dagbag.py:496} INFO - Filling up the DagBag from /home/airflow/.local/lib/python3.8/site-packages/airflow/example_dags/example_xcom.py
[2021-09-06 14:23:07,033] {processor.py:623} INFO - DAG(s) dict_keys(['example_xcom']) retrieved from /home/airflow/.local/lib/python3.8/site-packages/airflow/example_dags/example_xcom.py
[2021-09-06 14:23:07,043] {logging_mixin.py:109} INFO - [2021-09-06 14:23:07,043] {dag.py:1833} INFO - Sync 1 DAGs
[2021-09-06 14:23:07,049] {logging_mixin.py:109} INFO - [2021-09-06 14:23:07,049] {dag.py:2306} INFO - Setting next_dagrun for example_xcom to 2021-09-04 00:00:00+00:00
[2021-09-06 14:23:07,061] {processor.py:170} INFO - Processing /home/airflow/.local/lib/python3.8/site-packages/airflow/example_dags/example_xcom.py took 0.036 seconds
[2021-09-06 14:23:37,653] {processor.py:162} INFO - Started process (PID=879) to work on /home/airflow/.local/lib/python3.8/site-packages/airflow/example_dags/example_xcom.py
[2021-09-06 14:23:37,654] {processor.py:613} INFO - Processing file /home/airflow/.local/lib/python3.8/site-packages/airflow/example_dags/example_xcom.py for tasks to queue
[2021-09-06 14:23:37,654] {logging_mixin.py:109} INFO - [2021-09-06 14:23:37,654] {dagbag.py:496} INFO - Filling up the DagBag from /home/airflow/.local/lib/python3.8/site-packages/airflow/example_dags/example_xcom.py
[2021-09-06 14:23:37,659] {processor.py:623} INFO - DAG(s) dict_keys(['example_xcom']) retrieved from /home/airflow/.local/lib/python3.8/site-packages/airflow/example_dags/example_xcom.py
[2021-09-06 14:23:37,669] {logging_mixin.py:109} INFO - [2021-09-06 14:23:37,669] {dag.py:1833} INFO - Sync 1 DAGs
[2021-09-06 14:23:37,675] {logging_mixin.py:109} INFO - [2021-09-06 14:23:37,674] {dag.py:2306} INFO - Setting next_dagrun for example_xcom to 2021-09-04 00:00:00+00:00
[2021-09-06 14:23:37,679] {processor.py:170} INFO - Processing /home/airflow/.local/lib/python3.8/site-packages/airflow/example_dags/example_xcom.py took 0.028 seconds
[2021-09-06 14:24:08,265] {processor.py:162} INFO - Started process (PID=932) to work on /home/airflow/.local/lib/python3.8/site-packages/airflow/example_dags/example_xcom.py
[2021-09-06 14:24:08,265] {processor.py:613} INFO - Processing file /home/airflow/.local/lib/python3.8/site-packages/airflow/example_dags/example_xcom.py for tasks to queue
[2021-09-06 14:24:08,266] {logging_mixin.py:109} INFO - [2021-09-06 14:24:08,266] {dagbag.py:496} INFO - Filling up the DagBag from /home/airflow/.local/lib/python3.8/site-packages/airflow/example_dags/example_xcom.py
[2021-09-06 14:24:08,271] {processor.py:623} INFO - DAG(s) dict_keys(['example_xcom']) retrieved from /home/airflow/.local/lib/python3.8/site-packages/airflow/example_dags/example_xcom.py
[2021-09-06 14:24:08,280] {logging_mixin.py:109} INFO - [2021-09-06 14:24:08,280] {dag.py:1833} INFO - Sync 1 DAGs
[2021-09-06 14:24:08,286] {logging_mixin.py:109} INFO - [2021-09-06 14:24:08,286] {dag.py:2306} INFO - Setting next_dagrun for example_xcom to 2021-09-04 00:00:00+00:00
[2021-09-06 14:24:08,298] {processor.py:170} INFO - Processing /home/airflow/.local/lib/python3.8/site-packages/airflow/example_dags/example_xcom.py took 0.035 seconds
[2021-09-06 14:24:38,880] {processor.py:162} INFO - Started process (PID=986) to work on /home/airflow/.local/lib/python3.8/site-packages/airflow/example_dags/example_xcom.py
[2021-09-06 14:24:38,881] {processor.py:613} INFO - Processing file /home/airflow/.local/lib/python3.8/site-packages/airflow/example_dags/example_xcom.py for tasks to queue
[2021-09-06 14:24:38,881] {logging_mixin.py:109} INFO - [2021-09-06 14:24:38,881] {dagbag.py:496} INFO - Filling up the DagBag from /home/airflow/.local/lib/python3.8/site-packages/airflow/example_dags/example_xcom.py
[2021-09-06 14:24:38,886] {processor.py:623} INFO - DAG(s) dict_keys(['example_xcom']) retrieved from /home/airflow/.local/lib/python3.8/site-packages/airflow/example_dags/example_xcom.py
[2021-09-06 14:24:38,896] {logging_mixin.py:109} INFO - [2021-09-06 14:24:38,896] {dag.py:1833} INFO - Sync 1 DAGs
[2021-09-06 14:24:38,901] {logging_mixin.py:109} INFO - [2021-09-06 14:24:38,901] {dag.py:2306} INFO - Setting next_dagrun for example_xcom to 2021-09-04 00:00:00+00:00
[2021-09-06 14:24:38,913] {processor.py:170} INFO - Processing /home/airflow/.local/lib/python3.8/site-packages/airflow/example_dags/example_xcom.py took 0.034 seconds
[2021-09-06 14:25:09,479] {processor.py:162} INFO - Started process (PID=1039) to work on /home/airflow/.local/lib/python3.8/site-packages/airflow/example_dags/example_xcom.py
[2021-09-06 14:25:09,479] {processor.py:613} INFO - Processing file /home/airflow/.local/lib/python3.8/site-packages/airflow/example_dags/example_xcom.py for tasks to queue
[2021-09-06 14:25:09,479] {logging_mixin.py:109} INFO - [2021-09-06 14:25:09,479] {dagbag.py:496} INFO - Filling up the DagBag from /home/airflow/.local/lib/python3.8/site-packages/airflow/example_dags/example_xcom.py
[2021-09-06 14:25:09,485] {processor.py:623} INFO - DAG(s) dict_keys(['example_xcom']) retrieved from /home/airflow/.local/lib/python3.8/site-packages/airflow/example_dags/example_xcom.py
[2021-09-06 14:25:09,496] {logging_mixin.py:109} INFO - [2021-09-06 14:25:09,496] {dag.py:1833} INFO - Sync 1 DAGs
[2021-09-06 14:25:09,502] {logging_mixin.py:109} INFO - [2021-09-06 14:25:09,502] {dag.py:2306} INFO - Setting next_dagrun for example_xcom to 2021-09-04 00:00:00+00:00
[2021-09-06 14:25:09,505] {processor.py:170} INFO - Processing /home/airflow/.local/lib/python3.8/site-packages/airflow/example_dags/example_xcom.py took 0.029 seconds
[2021-09-06 14:25:40,040] {processor.py:162} INFO - Started process (PID=1092) to work on /home/airflow/.local/lib/python3.8/site-packages/airflow/example_dags/example_xcom.py
[2021-09-06 14:25:40,040] {processor.py:613} INFO - Processing file /home/airflow/.local/lib/python3.8/site-packages/airflow/example_dags/example_xcom.py for tasks to queue
[2021-09-06 14:25:40,040] {logging_mixin.py:109} INFO - [2021-09-06 14:25:40,040] {dagbag.py:496} INFO - Filling up the DagBag from /home/airflow/.local/lib/python3.8/site-packages/airflow/example_dags/example_xcom.py
[2021-09-06 14:25:40,045] {processor.py:623} INFO - DAG(s) dict_keys(['example_xcom']) retrieved from /home/airflow/.local/lib/python3.8/site-packages/airflow/example_dags/example_xcom.py
[2021-09-06 14:25:40,055] {logging_mixin.py:109} INFO - [2021-09-06 14:25:40,055] {dag.py:1833} INFO - Sync 1 DAGs
[2021-09-06 14:25:40,062] {logging_mixin.py:109} INFO - [2021-09-06 14:25:40,062] {dag.py:2306} INFO - Setting next_dagrun for example_xcom to 2021-09-04 00:00:00+00:00
[2021-09-06 14:25:40,074] {processor.py:170} INFO - Processing /home/airflow/.local/lib/python3.8/site-packages/airflow/example_dags/example_xcom.py took 0.036 seconds
[2021-09-06 14:26:10,635] {processor.py:162} INFO - Started process (PID=1145) to work on /home/airflow/.local/lib/python3.8/site-packages/airflow/example_dags/example_xcom.py
[2021-09-06 14:26:10,636] {processor.py:613} INFO - Processing file /home/airflow/.local/lib/python3.8/site-packages/airflow/example_dags/example_xcom.py for tasks to queue
[2021-09-06 14:26:10,636] {logging_mixin.py:109} INFO - [2021-09-06 14:26:10,636] {dagbag.py:496} INFO - Filling up the DagBag from /home/airflow/.local/lib/python3.8/site-packages/airflow/example_dags/example_xcom.py
[2021-09-06 14:26:10,641] {processor.py:623} INFO - DAG(s) dict_keys(['example_xcom']) retrieved from /home/airflow/.local/lib/python3.8/site-packages/airflow/example_dags/example_xcom.py
[2021-09-06 14:26:10,650] {logging_mixin.py:109} INFO - [2021-09-06 14:26:10,650] {dag.py:1833} INFO - Sync 1 DAGs
[2021-09-06 14:26:10,656] {logging_mixin.py:109} INFO - [2021-09-06 14:26:10,656] {dag.py:2306} INFO - Setting next_dagrun for example_xcom to 2021-09-04 00:00:00+00:00
[2021-09-06 14:26:10,668] {processor.py:170} INFO - Processing /home/airflow/.local/lib/python3.8/site-packages/airflow/example_dags/example_xcom.py took 0.035 seconds
[2021-09-06 14:26:41,247] {processor.py:162} INFO - Started process (PID=1209) to work on /home/airflow/.local/lib/python3.8/site-packages/airflow/example_dags/example_xcom.py
[2021-09-06 14:26:41,247] {processor.py:613} INFO - Processing file /home/airflow/.local/lib/python3.8/site-packages/airflow/example_dags/example_xcom.py for tasks to queue
[2021-09-06 14:26:41,248] {logging_mixin.py:109} INFO - [2021-09-06 14:26:41,248] {dagbag.py:496} INFO - Filling up the DagBag from /home/airflow/.local/lib/python3.8/site-packages/airflow/example_dags/example_xcom.py
[2021-09-06 14:26:41,253] {processor.py:623} INFO - DAG(s) dict_keys(['example_xcom']) retrieved from /home/airflow/.local/lib/python3.8/site-packages/airflow/example_dags/example_xcom.py
[2021-09-06 14:26:41,263] {logging_mixin.py:109} INFO - [2021-09-06 14:26:41,263] {dag.py:1833} INFO - Sync 1 DAGs
[2021-09-06 14:26:41,268] {logging_mixin.py:109} INFO - [2021-09-06 14:26:41,268] {dag.py:2306} INFO - Setting next_dagrun for example_xcom to 2021-09-04 00:00:00+00:00
[2021-09-06 14:26:41,273] {processor.py:170} INFO - Processing /home/airflow/.local/lib/python3.8/site-packages/airflow/example_dags/example_xcom.py took 0.028 seconds
[2021-09-06 14:27:11,900] {processor.py:162} INFO - Started process (PID=1262) to work on /home/airflow/.local/lib/python3.8/site-packages/airflow/example_dags/example_xcom.py
[2021-09-06 14:27:11,900] {processor.py:613} INFO - Processing file /home/airflow/.local/lib/python3.8/site-packages/airflow/example_dags/example_xcom.py for tasks to queue
[2021-09-06 14:27:11,901] {logging_mixin.py:109} INFO - [2021-09-06 14:27:11,900] {dagbag.py:496} INFO - Filling up the DagBag from /home/airflow/.local/lib/python3.8/site-packages/airflow/example_dags/example_xcom.py
[2021-09-06 14:27:11,907] {processor.py:623} INFO - DAG(s) dict_keys(['example_xcom']) retrieved from /home/airflow/.local/lib/python3.8/site-packages/airflow/example_dags/example_xcom.py
[2021-09-06 14:27:11,916] {logging_mixin.py:109} INFO - [2021-09-06 14:27:11,916] {dag.py:1833} INFO - Sync 1 DAGs
[2021-09-06 14:27:11,922] {logging_mixin.py:109} INFO - [2021-09-06 14:27:11,922] {dag.py:2306} INFO - Setting next_dagrun for example_xcom to 2021-09-04 00:00:00+00:00
[2021-09-06 14:27:11,934] {processor.py:170} INFO - Processing /home/airflow/.local/lib/python3.8/site-packages/airflow/example_dags/example_xcom.py took 0.036 seconds
[2021-09-06 14:27:42,444] {processor.py:162} INFO - Started process (PID=1316) to work on /home/airflow/.local/lib/python3.8/site-packages/airflow/example_dags/example_xcom.py
[2021-09-06 14:27:42,444] {processor.py:613} INFO - Processing file /home/airflow/.local/lib/python3.8/site-packages/airflow/example_dags/example_xcom.py for tasks to queue
[2021-09-06 14:27:42,445] {logging_mixin.py:109} INFO - [2021-09-06 14:27:42,445] {dagbag.py:496} INFO - Filling up the DagBag from /home/airflow/.local/lib/python3.8/site-packages/airflow/example_dags/example_xcom.py
[2021-09-06 14:27:42,450] {processor.py:623} INFO - DAG(s) dict_keys(['example_xcom']) retrieved from /home/airflow/.local/lib/python3.8/site-packages/airflow/example_dags/example_xcom.py
[2021-09-06 14:27:42,460] {logging_mixin.py:109} INFO - [2021-09-06 14:27:42,460] {dag.py:1833} INFO - Sync 1 DAGs
[2021-09-06 14:27:42,465] {logging_mixin.py:109} INFO - [2021-09-06 14:27:42,465] {dag.py:2306} INFO - Setting next_dagrun for example_xcom to 2021-09-04 00:00:00+00:00
[2021-09-06 14:27:42,471] {processor.py:170} INFO - Processing /home/airflow/.local/lib/python3.8/site-packages/airflow/example_dags/example_xcom.py took 0.028 seconds
[2021-09-06 14:28:12,966] {processor.py:162} INFO - Started process (PID=1369) to work on /home/airflow/.local/lib/python3.8/site-packages/airflow/example_dags/example_xcom.py
[2021-09-06 14:28:12,967] {processor.py:613} INFO - Processing file /home/airflow/.local/lib/python3.8/site-packages/airflow/example_dags/example_xcom.py for tasks to queue
[2021-09-06 14:28:12,967] {logging_mixin.py:109} INFO - [2021-09-06 14:28:12,967] {dagbag.py:496} INFO - Filling up the DagBag from /home/airflow/.local/lib/python3.8/site-packages/airflow/example_dags/example_xcom.py
[2021-09-06 14:28:12,972] {processor.py:623} INFO - DAG(s) dict_keys(['example_xcom']) retrieved from /home/airflow/.local/lib/python3.8/site-packages/airflow/example_dags/example_xcom.py
[2021-09-06 14:28:12,981] {logging_mixin.py:109} INFO - [2021-09-06 14:28:12,981] {dag.py:1833} INFO - Sync 1 DAGs
[2021-09-06 14:28:12,988] {logging_mixin.py:109} INFO - [2021-09-06 14:28:12,988] {dag.py:2306} INFO - Setting next_dagrun for example_xcom to 2021-09-04 00:00:00+00:00
[2021-09-06 14:28:12,992] {processor.py:170} INFO - Processing /home/airflow/.local/lib/python3.8/site-packages/airflow/example_dags/example_xcom.py took 0.027 seconds
[2021-09-06 14:28:43,545] {processor.py:162} INFO - Started process (PID=1422) to work on /home/airflow/.local/lib/python3.8/site-packages/airflow/example_dags/example_xcom.py
[2021-09-06 14:28:43,546] {processor.py:613} INFO - Processing file /home/airflow/.local/lib/python3.8/site-packages/airflow/example_dags/example_xcom.py for tasks to queue
[2021-09-06 14:28:43,546] {logging_mixin.py:109} INFO - [2021-09-06 14:28:43,546] {dagbag.py:496} INFO - Filling up the DagBag from /home/airflow/.local/lib/python3.8/site-packages/airflow/example_dags/example_xcom.py
[2021-09-06 14:28:43,552] {processor.py:623} INFO - DAG(s) dict_keys(['example_xcom']) retrieved from /home/airflow/.local/lib/python3.8/site-packages/airflow/example_dags/example_xcom.py
[2021-09-06 14:28:43,561] {logging_mixin.py:109} INFO - [2021-09-06 14:28:43,561] {dag.py:1833} INFO - Sync 1 DAGs
[2021-09-06 14:28:43,567] {logging_mixin.py:109} INFO - [2021-09-06 14:28:43,567] {dag.py:2306} INFO - Setting next_dagrun for example_xcom to 2021-09-04 00:00:00+00:00
[2021-09-06 14:28:43,573] {processor.py:170} INFO - Processing /home/airflow/.local/lib/python3.8/site-packages/airflow/example_dags/example_xcom.py took 0.029 seconds
[2021-09-06 14:29:13,695] {processor.py:162} INFO - Started process (PID=1475) to work on /home/airflow/.local/lib/python3.8/site-packages/airflow/example_dags/example_xcom.py
[2021-09-06 14:29:13,696] {processor.py:613} INFO - Processing file /home/airflow/.local/lib/python3.8/site-packages/airflow/example_dags/example_xcom.py for tasks to queue
[2021-09-06 14:29:13,696] {logging_mixin.py:109} INFO - [2021-09-06 14:29:13,696] {dagbag.py:496} INFO - Filling up the DagBag from /home/airflow/.local/lib/python3.8/site-packages/airflow/example_dags/example_xcom.py
[2021-09-06 14:29:13,702] {processor.py:623} INFO - DAG(s) dict_keys(['example_xcom']) retrieved from /home/airflow/.local/lib/python3.8/site-packages/airflow/example_dags/example_xcom.py
[2021-09-06 14:29:13,711] {logging_mixin.py:109} INFO - [2021-09-06 14:29:13,711] {dag.py:1833} INFO - Sync 1 DAGs
[2021-09-06 14:29:13,717] {logging_mixin.py:109} INFO - [2021-09-06 14:29:13,717] {dag.py:2306} INFO - Setting next_dagrun for example_xcom to 2021-09-04 00:00:00+00:00
[2021-09-06 14:29:13,966] {processor.py:170} INFO - Processing /home/airflow/.local/lib/python3.8/site-packages/airflow/example_dags/example_xcom.py took 0.273 seconds
[2021-09-06 14:29:44,604] {processor.py:162} INFO - Started process (PID=1528) to work on /home/airflow/.local/lib/python3.8/site-packages/airflow/example_dags/example_xcom.py
[2021-09-06 14:29:44,605] {processor.py:613} INFO - Processing file /home/airflow/.local/lib/python3.8/site-packages/airflow/example_dags/example_xcom.py for tasks to queue
[2021-09-06 14:29:44,605] {logging_mixin.py:109} INFO - [2021-09-06 14:29:44,605] {dagbag.py:496} INFO - Filling up the DagBag from /home/airflow/.local/lib/python3.8/site-packages/airflow/example_dags/example_xcom.py
[2021-09-06 14:29:44,610] {processor.py:623} INFO - DAG(s) dict_keys(['example_xcom']) retrieved from /home/airflow/.local/lib/python3.8/site-packages/airflow/example_dags/example_xcom.py
[2021-09-06 14:29:44,620] {logging_mixin.py:109} INFO - [2021-09-06 14:29:44,620] {dag.py:1833} INFO - Sync 1 DAGs
[2021-09-06 14:29:44,626] {logging_mixin.py:109} INFO - [2021-09-06 14:29:44,626] {dag.py:2306} INFO - Setting next_dagrun for example_xcom to 2021-09-04 00:00:00+00:00
[2021-09-06 14:29:44,638] {processor.py:170} INFO - Processing /home/airflow/.local/lib/python3.8/site-packages/airflow/example_dags/example_xcom.py took 0.035 seconds
[2021-09-06 14:30:15,181] {processor.py:162} INFO - Started process (PID=1581) to work on /home/airflow/.local/lib/python3.8/site-packages/airflow/example_dags/example_xcom.py
[2021-09-06 14:30:15,181] {processor.py:613} INFO - Processing file /home/airflow/.local/lib/python3.8/site-packages/airflow/example_dags/example_xcom.py for tasks to queue
[2021-09-06 14:30:15,182] {logging_mixin.py:109} INFO - [2021-09-06 14:30:15,182] {dagbag.py:496} INFO - Filling up the DagBag from /home/airflow/.local/lib/python3.8/site-packages/airflow/example_dags/example_xcom.py
[2021-09-06 14:30:15,187] {processor.py:623} INFO - DAG(s) dict_keys(['example_xcom']) retrieved from /home/airflow/.local/lib/python3.8/site-packages/airflow/example_dags/example_xcom.py
[2021-09-06 14:30:15,196] {logging_mixin.py:109} INFO - [2021-09-06 14:30:15,196] {dag.py:1833} INFO - Sync 1 DAGs
[2021-09-06 14:30:15,202] {logging_mixin.py:109} INFO - [2021-09-06 14:30:15,202] {dag.py:2306} INFO - Setting next_dagrun for example_xcom to 2021-09-04 00:00:00+00:00
[2021-09-06 14:30:15,214] {processor.py:170} INFO - Processing /home/airflow/.local/lib/python3.8/site-packages/airflow/example_dags/example_xcom.py took 0.035 seconds
[2021-09-06 14:30:45,752] {processor.py:162} INFO - Started process (PID=1635) to work on /home/airflow/.local/lib/python3.8/site-packages/airflow/example_dags/example_xcom.py
[2021-09-06 14:30:45,752] {processor.py:613} INFO - Processing file /home/airflow/.local/lib/python3.8/site-packages/airflow/example_dags/example_xcom.py for tasks to queue
[2021-09-06 14:30:45,752] {logging_mixin.py:109} INFO - [2021-09-06 14:30:45,752] {dagbag.py:496} INFO - Filling up the DagBag from /home/airflow/.local/lib/python3.8/site-packages/airflow/example_dags/example_xcom.py
[2021-09-06 14:30:45,757] {processor.py:623} INFO - DAG(s) dict_keys(['example_xcom']) retrieved from /home/airflow/.local/lib/python3.8/site-packages/airflow/example_dags/example_xcom.py
[2021-09-06 14:30:45,769] {logging_mixin.py:109} INFO - [2021-09-06 14:30:45,769] {dag.py:1833} INFO - Sync 1 DAGs
[2021-09-06 14:30:45,777] {logging_mixin.py:109} INFO - [2021-09-06 14:30:45,777] {dag.py:2306} INFO - Setting next_dagrun for example_xcom to 2021-09-04 00:00:00+00:00
[2021-09-06 14:30:45,790] {processor.py:170} INFO - Processing /home/airflow/.local/lib/python3.8/site-packages/airflow/example_dags/example_xcom.py took 0.039 seconds
[2021-09-06 14:31:16,326] {processor.py:162} INFO - Started process (PID=1688) to work on /home/airflow/.local/lib/python3.8/site-packages/airflow/example_dags/example_xcom.py
[2021-09-06 14:31:16,327] {processor.py:613} INFO - Processing file /home/airflow/.local/lib/python3.8/site-packages/airflow/example_dags/example_xcom.py for tasks to queue
[2021-09-06 14:31:16,327] {logging_mixin.py:109} INFO - [2021-09-06 14:31:16,327] {dagbag.py:496} INFO - Filling up the DagBag from /home/airflow/.local/lib/python3.8/site-packages/airflow/example_dags/example_xcom.py
[2021-09-06 14:31:16,332] {processor.py:623} INFO - DAG(s) dict_keys(['example_xcom']) retrieved from /home/airflow/.local/lib/python3.8/site-packages/airflow/example_dags/example_xcom.py
[2021-09-06 14:31:16,342] {logging_mixin.py:109} INFO - [2021-09-06 14:31:16,342] {dag.py:1833} INFO - Sync 1 DAGs
[2021-09-06 14:31:16,347] {logging_mixin.py:109} INFO - [2021-09-06 14:31:16,347] {dag.py:2306} INFO - Setting next_dagrun for example_xcom to 2021-09-04 00:00:00+00:00
[2021-09-06 14:31:16,359] {processor.py:170} INFO - Processing /home/airflow/.local/lib/python3.8/site-packages/airflow/example_dags/example_xcom.py took 0.034 seconds
[2021-09-06 14:31:46,927] {processor.py:162} INFO - Started process (PID=1741) to work on /home/airflow/.local/lib/python3.8/site-packages/airflow/example_dags/example_xcom.py
[2021-09-06 14:31:46,928] {processor.py:613} INFO - Processing file /home/airflow/.local/lib/python3.8/site-packages/airflow/example_dags/example_xcom.py for tasks to queue
[2021-09-06 14:31:46,928] {logging_mixin.py:109} INFO - [2021-09-06 14:31:46,928] {dagbag.py:496} INFO - Filling up the DagBag from /home/airflow/.local/lib/python3.8/site-packages/airflow/example_dags/example_xcom.py
[2021-09-06 14:31:46,934] {processor.py:623} INFO - DAG(s) dict_keys(['example_xcom']) retrieved from /home/airflow/.local/lib/python3.8/site-packages/airflow/example_dags/example_xcom.py
[2021-09-06 14:31:46,943] {logging_mixin.py:109} INFO - [2021-09-06 14:31:46,942] {dag.py:1833} INFO - Sync 1 DAGs
[2021-09-06 14:31:46,949] {logging_mixin.py:109} INFO - [2021-09-06 14:31:46,949] {dag.py:2306} INFO - Setting next_dagrun for example_xcom to 2021-09-04 00:00:00+00:00
[2021-09-06 14:31:46,960] {processor.py:170} INFO - Processing /home/airflow/.local/lib/python3.8/site-packages/airflow/example_dags/example_xcom.py took 0.035 seconds
[2021-09-06 14:32:17,490] {processor.py:162} INFO - Started process (PID=1795) to work on /home/airflow/.local/lib/python3.8/site-packages/airflow/example_dags/example_xcom.py
[2021-09-06 14:32:17,491] {processor.py:613} INFO - Processing file /home/airflow/.local/lib/python3.8/site-packages/airflow/example_dags/example_xcom.py for tasks to queue
[2021-09-06 14:32:17,491] {logging_mixin.py:109} INFO - [2021-09-06 14:32:17,491] {dagbag.py:496} INFO - Filling up the DagBag from /home/airflow/.local/lib/python3.8/site-packages/airflow/example_dags/example_xcom.py
[2021-09-06 14:32:17,496] {processor.py:623} INFO - DAG(s) dict_keys(['example_xcom']) retrieved from /home/airflow/.local/lib/python3.8/site-packages/airflow/example_dags/example_xcom.py
[2021-09-06 14:32:17,505] {logging_mixin.py:109} INFO - [2021-09-06 14:32:17,505] {dag.py:1833} INFO - Sync 1 DAGs
[2021-09-06 14:32:17,512] {logging_mixin.py:109} INFO - [2021-09-06 14:32:17,512] {dag.py:2306} INFO - Setting next_dagrun for example_xcom to 2021-09-04 00:00:00+00:00
[2021-09-06 14:32:17,525] {processor.py:170} INFO - Processing /home/airflow/.local/lib/python3.8/site-packages/airflow/example_dags/example_xcom.py took 0.037 seconds
[2021-09-06 14:32:48,071] {processor.py:162} INFO - Started process (PID=1848) to work on /home/airflow/.local/lib/python3.8/site-packages/airflow/example_dags/example_xcom.py
[2021-09-06 14:32:48,071] {processor.py:613} INFO - Processing file /home/airflow/.local/lib/python3.8/site-packages/airflow/example_dags/example_xcom.py for tasks to queue
[2021-09-06 14:32:48,072] {logging_mixin.py:109} INFO - [2021-09-06 14:32:48,071] {dagbag.py:496} INFO - Filling up the DagBag from /home/airflow/.local/lib/python3.8/site-packages/airflow/example_dags/example_xcom.py
[2021-09-06 14:32:48,078] {processor.py:623} INFO - DAG(s) dict_keys(['example_xcom']) retrieved from /home/airflow/.local/lib/python3.8/site-packages/airflow/example_dags/example_xcom.py
[2021-09-06 14:32:48,087] {logging_mixin.py:109} INFO - [2021-09-06 14:32:48,087] {dag.py:1833} INFO - Sync 1 DAGs
[2021-09-06 14:32:48,092] {logging_mixin.py:109} INFO - [2021-09-06 14:32:48,092] {dag.py:2306} INFO - Setting next_dagrun for example_xcom to 2021-09-04 00:00:00+00:00
[2021-09-06 14:32:48,103] {processor.py:170} INFO - Processing /home/airflow/.local/lib/python3.8/site-packages/airflow/example_dags/example_xcom.py took 0.035 seconds
[2021-09-06 14:33:18,607] {processor.py:162} INFO - Started process (PID=1901) to work on /home/airflow/.local/lib/python3.8/site-packages/airflow/example_dags/example_xcom.py
[2021-09-06 14:33:18,608] {processor.py:613} INFO - Processing file /home/airflow/.local/lib/python3.8/site-packages/airflow/example_dags/example_xcom.py for tasks to queue
[2021-09-06 14:33:18,608] {logging_mixin.py:109} INFO - [2021-09-06 14:33:18,608] {dagbag.py:496} INFO - Filling up the DagBag from /home/airflow/.local/lib/python3.8/site-packages/airflow/example_dags/example_xcom.py
[2021-09-06 14:33:18,614] {processor.py:623} INFO - DAG(s) dict_keys(['example_xcom']) retrieved from /home/airflow/.local/lib/python3.8/site-packages/airflow/example_dags/example_xcom.py
[2021-09-06 14:33:18,624] {logging_mixin.py:109} INFO - [2021-09-06 14:33:18,624] {dag.py:1833} INFO - Sync 1 DAGs
[2021-09-06 14:33:18,630] {logging_mixin.py:109} INFO - [2021-09-06 14:33:18,630] {dag.py:2306} INFO - Setting next_dagrun for example_xcom to 2021-09-04 00:00:00+00:00
[2021-09-06 14:33:18,655] {processor.py:170} INFO - Processing /home/airflow/.local/lib/python3.8/site-packages/airflow/example_dags/example_xcom.py took 0.050 seconds
[2021-09-06 14:33:49,313] {processor.py:162} INFO - Started process (PID=1954) to work on /home/airflow/.local/lib/python3.8/site-packages/airflow/example_dags/example_xcom.py
[2021-09-06 14:33:49,314] {processor.py:613} INFO - Processing file /home/airflow/.local/lib/python3.8/site-packages/airflow/example_dags/example_xcom.py for tasks to queue
[2021-09-06 14:33:49,314] {logging_mixin.py:109} INFO - [2021-09-06 14:33:49,314] {dagbag.py:496} INFO - Filling up the DagBag from /home/airflow/.local/lib/python3.8/site-packages/airflow/example_dags/example_xcom.py
[2021-09-06 14:33:49,319] {processor.py:623} INFO - DAG(s) dict_keys(['example_xcom']) retrieved from /home/airflow/.local/lib/python3.8/site-packages/airflow/example_dags/example_xcom.py
[2021-09-06 14:33:49,331] {logging_mixin.py:109} INFO - [2021-09-06 14:33:49,331] {dag.py:1833} INFO - Sync 1 DAGs
[2021-09-06 14:33:49,339] {logging_mixin.py:109} INFO - [2021-09-06 14:33:49,339] {dag.py:2306} INFO - Setting next_dagrun for example_xcom to 2021-09-04 00:00:00+00:00
[2021-09-06 14:33:49,351] {processor.py:170} INFO - Processing /home/airflow/.local/lib/python3.8/site-packages/airflow/example_dags/example_xcom.py took 0.039 seconds
[2021-09-06 14:34:19,967] {processor.py:162} INFO - Started process (PID=2007) to work on /home/airflow/.local/lib/python3.8/site-packages/airflow/example_dags/example_xcom.py
[2021-09-06 14:34:19,968] {processor.py:613} INFO - Processing file /home/airflow/.local/lib/python3.8/site-packages/airflow/example_dags/example_xcom.py for tasks to queue
[2021-09-06 14:34:19,968] {logging_mixin.py:109} INFO - [2021-09-06 14:34:19,968] {dagbag.py:496} INFO - Filling up the DagBag from /home/airflow/.local/lib/python3.8/site-packages/airflow/example_dags/example_xcom.py
[2021-09-06 14:34:19,975] {processor.py:623} INFO - DAG(s) dict_keys(['example_xcom']) retrieved from /home/airflow/.local/lib/python3.8/site-packages/airflow/example_dags/example_xcom.py
[2021-09-06 14:34:19,984] {logging_mixin.py:109} INFO - [2021-09-06 14:34:19,983] {dag.py:1833} INFO - Sync 1 DAGs
[2021-09-06 14:34:19,991] {logging_mixin.py:109} INFO - [2021-09-06 14:34:19,991] {dag.py:2306} INFO - Setting next_dagrun for example_xcom to 2021-09-04 00:00:00+00:00
[2021-09-06 14:34:20,005] {processor.py:170} INFO - Processing /home/airflow/.local/lib/python3.8/site-packages/airflow/example_dags/example_xcom.py took 0.040 seconds
[2021-09-06 14:34:50,551] {processor.py:162} INFO - Started process (PID=2060) to work on /home/airflow/.local/lib/python3.8/site-packages/airflow/example_dags/example_xcom.py
[2021-09-06 14:34:50,552] {processor.py:613} INFO - Processing file /home/airflow/.local/lib/python3.8/site-packages/airflow/example_dags/example_xcom.py for tasks to queue
[2021-09-06 14:34:50,552] {logging_mixin.py:109} INFO - [2021-09-06 14:34:50,552] {dagbag.py:496} INFO - Filling up the DagBag from /home/airflow/.local/lib/python3.8/site-packages/airflow/example_dags/example_xcom.py
[2021-09-06 14:34:50,557] {processor.py:623} INFO - DAG(s) dict_keys(['example_xcom']) retrieved from /home/airflow/.local/lib/python3.8/site-packages/airflow/example_dags/example_xcom.py
[2021-09-06 14:34:50,566] {logging_mixin.py:109} INFO - [2021-09-06 14:34:50,566] {dag.py:1833} INFO - Sync 1 DAGs
[2021-09-06 14:34:50,573] {logging_mixin.py:109} INFO - [2021-09-06 14:34:50,573] {dag.py:2306} INFO - Setting next_dagrun for example_xcom to 2021-09-04 00:00:00+00:00
[2021-09-06 14:34:50,585] {processor.py:170} INFO - Processing /home/airflow/.local/lib/python3.8/site-packages/airflow/example_dags/example_xcom.py took 0.036 seconds
[2021-09-06 14:35:21,162] {processor.py:162} INFO - Started process (PID=2113) to work on /home/airflow/.local/lib/python3.8/site-packages/airflow/example_dags/example_xcom.py
[2021-09-06 14:35:21,163] {processor.py:613} INFO - Processing file /home/airflow/.local/lib/python3.8/site-packages/airflow/example_dags/example_xcom.py for tasks to queue
[2021-09-06 14:35:21,163] {logging_mixin.py:109} INFO - [2021-09-06 14:35:21,163] {dagbag.py:496} INFO - Filling up the DagBag from /home/airflow/.local/lib/python3.8/site-packages/airflow/example_dags/example_xcom.py
[2021-09-06 14:35:21,168] {processor.py:623} INFO - DAG(s) dict_keys(['example_xcom']) retrieved from /home/airflow/.local/lib/python3.8/site-packages/airflow/example_dags/example_xcom.py
[2021-09-06 14:35:21,177] {logging_mixin.py:109} INFO - [2021-09-06 14:35:21,177] {dag.py:1833} INFO - Sync 1 DAGs
[2021-09-06 14:35:21,184] {logging_mixin.py:109} INFO - [2021-09-06 14:35:21,184] {dag.py:2306} INFO - Setting next_dagrun for example_xcom to 2021-09-04 00:00:00+00:00
[2021-09-06 14:35:21,196] {processor.py:170} INFO - Processing /home/airflow/.local/lib/python3.8/site-packages/airflow/example_dags/example_xcom.py took 0.036 seconds
[2021-09-06 14:35:51,784] {processor.py:162} INFO - Started process (PID=2166) to work on /home/airflow/.local/lib/python3.8/site-packages/airflow/example_dags/example_xcom.py
[2021-09-06 14:35:51,784] {processor.py:613} INFO - Processing file /home/airflow/.local/lib/python3.8/site-packages/airflow/example_dags/example_xcom.py for tasks to queue
[2021-09-06 14:35:51,785] {logging_mixin.py:109} INFO - [2021-09-06 14:35:51,785] {dagbag.py:496} INFO - Filling up the DagBag from /home/airflow/.local/lib/python3.8/site-packages/airflow/example_dags/example_xcom.py
[2021-09-06 14:35:51,790] {processor.py:623} INFO - DAG(s) dict_keys(['example_xcom']) retrieved from /home/airflow/.local/lib/python3.8/site-packages/airflow/example_dags/example_xcom.py
[2021-09-06 14:35:51,800] {logging_mixin.py:109} INFO - [2021-09-06 14:35:51,800] {dag.py:1833} INFO - Sync 1 DAGs
[2021-09-06 14:35:51,806] {logging_mixin.py:109} INFO - [2021-09-06 14:35:51,806] {dag.py:2306} INFO - Setting next_dagrun for example_xcom to 2021-09-04 00:00:00+00:00
[2021-09-06 14:35:51,811] {processor.py:170} INFO - Processing /home/airflow/.local/lib/python3.8/site-packages/airflow/example_dags/example_xcom.py took 0.029 seconds
[2021-09-06 14:36:22,387] {processor.py:162} INFO - Started process (PID=2219) to work on /home/airflow/.local/lib/python3.8/site-packages/airflow/example_dags/example_xcom.py
[2021-09-06 14:36:22,387] {processor.py:613} INFO - Processing file /home/airflow/.local/lib/python3.8/site-packages/airflow/example_dags/example_xcom.py for tasks to queue
[2021-09-06 14:36:22,388] {logging_mixin.py:109} INFO - [2021-09-06 14:36:22,388] {dagbag.py:496} INFO - Filling up the DagBag from /home/airflow/.local/lib/python3.8/site-packages/airflow/example_dags/example_xcom.py
[2021-09-06 14:36:22,392] {processor.py:623} INFO - DAG(s) dict_keys(['example_xcom']) retrieved from /home/airflow/.local/lib/python3.8/site-packages/airflow/example_dags/example_xcom.py
[2021-09-06 14:36:22,402] {logging_mixin.py:109} INFO - [2021-09-06 14:36:22,402] {dag.py:1833} INFO - Sync 1 DAGs
[2021-09-06 14:36:22,409] {logging_mixin.py:109} INFO - [2021-09-06 14:36:22,408] {dag.py:2306} INFO - Setting next_dagrun for example_xcom to 2021-09-04 00:00:00+00:00
[2021-09-06 14:36:22,421] {processor.py:170} INFO - Processing /home/airflow/.local/lib/python3.8/site-packages/airflow/example_dags/example_xcom.py took 0.036 seconds
[2021-09-06 14:36:52,951] {processor.py:162} INFO - Started process (PID=2272) to work on /home/airflow/.local/lib/python3.8/site-packages/airflow/example_dags/example_xcom.py
[2021-09-06 14:36:52,952] {processor.py:613} INFO - Processing file /home/airflow/.local/lib/python3.8/site-packages/airflow/example_dags/example_xcom.py for tasks to queue
[2021-09-06 14:36:52,952] {logging_mixin.py:109} INFO - [2021-09-06 14:36:52,952] {dagbag.py:496} INFO - Filling up the DagBag from /home/airflow/.local/lib/python3.8/site-packages/airflow/example_dags/example_xcom.py
[2021-09-06 14:36:52,957] {processor.py:623} INFO - DAG(s) dict_keys(['example_xcom']) retrieved from /home/airflow/.local/lib/python3.8/site-packages/airflow/example_dags/example_xcom.py
[2021-09-06 14:36:52,967] {logging_mixin.py:109} INFO - [2021-09-06 14:36:52,967] {dag.py:1833} INFO - Sync 1 DAGs
[2021-09-06 14:36:52,974] {logging_mixin.py:109} INFO - [2021-09-06 14:36:52,974] {dag.py:2306} INFO - Setting next_dagrun for example_xcom to 2021-09-04 00:00:00+00:00
[2021-09-06 14:36:52,980] {processor.py:170} INFO - Processing /home/airflow/.local/lib/python3.8/site-packages/airflow/example_dags/example_xcom.py took 0.030 seconds
[2021-09-06 14:37:23,533] {processor.py:162} INFO - Started process (PID=2325) to work on /home/airflow/.local/lib/python3.8/site-packages/airflow/example_dags/example_xcom.py
[2021-09-06 14:37:23,534] {processor.py:613} INFO - Processing file /home/airflow/.local/lib/python3.8/site-packages/airflow/example_dags/example_xcom.py for tasks to queue
[2021-09-06 14:37:23,534] {logging_mixin.py:109} INFO - [2021-09-06 14:37:23,534] {dagbag.py:496} INFO - Filling up the DagBag from /home/airflow/.local/lib/python3.8/site-packages/airflow/example_dags/example_xcom.py
[2021-09-06 14:37:23,539] {processor.py:623} INFO - DAG(s) dict_keys(['example_xcom']) retrieved from /home/airflow/.local/lib/python3.8/site-packages/airflow/example_dags/example_xcom.py
[2021-09-06 14:37:23,550] {logging_mixin.py:109} INFO - [2021-09-06 14:37:23,550] {dag.py:1833} INFO - Sync 1 DAGs
[2021-09-06 14:37:23,556] {logging_mixin.py:109} INFO - [2021-09-06 14:37:23,556] {dag.py:2306} INFO - Setting next_dagrun for example_xcom to 2021-09-04 00:00:00+00:00
[2021-09-06 14:37:23,567] {processor.py:170} INFO - Processing /home/airflow/.local/lib/python3.8/site-packages/airflow/example_dags/example_xcom.py took 0.035 seconds
[2021-09-06 14:37:54,125] {processor.py:162} INFO - Started process (PID=2379) to work on /home/airflow/.local/lib/python3.8/site-packages/airflow/example_dags/example_xcom.py
[2021-09-06 14:37:54,125] {processor.py:613} INFO - Processing file /home/airflow/.local/lib/python3.8/site-packages/airflow/example_dags/example_xcom.py for tasks to queue
[2021-09-06 14:37:54,126] {logging_mixin.py:109} INFO - [2021-09-06 14:37:54,126] {dagbag.py:496} INFO - Filling up the DagBag from /home/airflow/.local/lib/python3.8/site-packages/airflow/example_dags/example_xcom.py
[2021-09-06 14:37:54,131] {processor.py:623} INFO - DAG(s) dict_keys(['example_xcom']) retrieved from /home/airflow/.local/lib/python3.8/site-packages/airflow/example_dags/example_xcom.py
[2021-09-06 14:37:54,141] {logging_mixin.py:109} INFO - [2021-09-06 14:37:54,140] {dag.py:1833} INFO - Sync 1 DAGs
[2021-09-06 14:37:54,147] {logging_mixin.py:109} INFO - [2021-09-06 14:37:54,147] {dag.py:2306} INFO - Setting next_dagrun for example_xcom to 2021-09-04 00:00:00+00:00
[2021-09-06 14:37:54,158] {processor.py:170} INFO - Processing /home/airflow/.local/lib/python3.8/site-packages/airflow/example_dags/example_xcom.py took 0.035 seconds
[2021-09-06 14:38:24,608] {processor.py:162} INFO - Started process (PID=2432) to work on /home/airflow/.local/lib/python3.8/site-packages/airflow/example_dags/example_xcom.py
[2021-09-06 14:38:24,608] {processor.py:613} INFO - Processing file /home/airflow/.local/lib/python3.8/site-packages/airflow/example_dags/example_xcom.py for tasks to queue
[2021-09-06 14:38:24,609] {logging_mixin.py:109} INFO - [2021-09-06 14:38:24,609] {dagbag.py:496} INFO - Filling up the DagBag from /home/airflow/.local/lib/python3.8/site-packages/airflow/example_dags/example_xcom.py
[2021-09-06 14:38:24,615] {processor.py:623} INFO - DAG(s) dict_keys(['example_xcom']) retrieved from /home/airflow/.local/lib/python3.8/site-packages/airflow/example_dags/example_xcom.py
[2021-09-06 14:38:24,623] {logging_mixin.py:109} INFO - [2021-09-06 14:38:24,623] {dag.py:1833} INFO - Sync 1 DAGs
[2021-09-06 14:38:24,629] {logging_mixin.py:109} INFO - [2021-09-06 14:38:24,629] {dag.py:2306} INFO - Setting next_dagrun for example_xcom to 2021-09-04 00:00:00+00:00
[2021-09-06 14:38:24,640] {processor.py:170} INFO - Processing /home/airflow/.local/lib/python3.8/site-packages/airflow/example_dags/example_xcom.py took 0.034 seconds
[2021-09-06 14:38:55,235] {processor.py:162} INFO - Started process (PID=2485) to work on /home/airflow/.local/lib/python3.8/site-packages/airflow/example_dags/example_xcom.py
[2021-09-06 14:38:55,235] {processor.py:613} INFO - Processing file /home/airflow/.local/lib/python3.8/site-packages/airflow/example_dags/example_xcom.py for tasks to queue
[2021-09-06 14:38:55,236] {logging_mixin.py:109} INFO - [2021-09-06 14:38:55,236] {dagbag.py:496} INFO - Filling up the DagBag from /home/airflow/.local/lib/python3.8/site-packages/airflow/example_dags/example_xcom.py
[2021-09-06 14:38:55,241] {processor.py:623} INFO - DAG(s) dict_keys(['example_xcom']) retrieved from /home/airflow/.local/lib/python3.8/site-packages/airflow/example_dags/example_xcom.py
[2021-09-06 14:38:55,251] {logging_mixin.py:109} INFO - [2021-09-06 14:38:55,250] {dag.py:1833} INFO - Sync 1 DAGs
[2021-09-06 14:38:55,256] {logging_mixin.py:109} INFO - [2021-09-06 14:38:55,256] {dag.py:2306} INFO - Setting next_dagrun for example_xcom to 2021-09-04 00:00:00+00:00
[2021-09-06 14:38:55,267] {processor.py:170} INFO - Processing /home/airflow/.local/lib/python3.8/site-packages/airflow/example_dags/example_xcom.py took 0.034 seconds
[2021-09-06 14:39:25,799] {processor.py:162} INFO - Started process (PID=2538) to work on /home/airflow/.local/lib/python3.8/site-packages/airflow/example_dags/example_xcom.py
[2021-09-06 14:39:25,800] {processor.py:613} INFO - Processing file /home/airflow/.local/lib/python3.8/site-packages/airflow/example_dags/example_xcom.py for tasks to queue
[2021-09-06 14:39:25,800] {logging_mixin.py:109} INFO - [2021-09-06 14:39:25,800] {dagbag.py:496} INFO - Filling up the DagBag from /home/airflow/.local/lib/python3.8/site-packages/airflow/example_dags/example_xcom.py
[2021-09-06 14:39:25,806] {processor.py:623} INFO - DAG(s) dict_keys(['example_xcom']) retrieved from /home/airflow/.local/lib/python3.8/site-packages/airflow/example_dags/example_xcom.py
[2021-09-06 14:39:25,815] {logging_mixin.py:109} INFO - [2021-09-06 14:39:25,815] {dag.py:1833} INFO - Sync 1 DAGs
[2021-09-06 14:39:25,821] {logging_mixin.py:109} INFO - [2021-09-06 14:39:25,821] {dag.py:2306} INFO - Setting next_dagrun for example_xcom to 2021-09-04 00:00:00+00:00
[2021-09-06 14:39:25,833] {processor.py:170} INFO - Processing /home/airflow/.local/lib/python3.8/site-packages/airflow/example_dags/example_xcom.py took 0.035 seconds
[2021-09-06 14:39:56,396] {processor.py:162} INFO - Started process (PID=2591) to work on /home/airflow/.local/lib/python3.8/site-packages/airflow/example_dags/example_xcom.py
[2021-09-06 14:39:56,397] {processor.py:613} INFO - Processing file /home/airflow/.local/lib/python3.8/site-packages/airflow/example_dags/example_xcom.py for tasks to queue
[2021-09-06 14:39:56,397] {logging_mixin.py:109} INFO - [2021-09-06 14:39:56,397] {dagbag.py:496} INFO - Filling up the DagBag from /home/airflow/.local/lib/python3.8/site-packages/airflow/example_dags/example_xcom.py
[2021-09-06 14:39:56,403] {processor.py:623} INFO - DAG(s) dict_keys(['example_xcom']) retrieved from /home/airflow/.local/lib/python3.8/site-packages/airflow/example_dags/example_xcom.py
[2021-09-06 14:39:56,413] {logging_mixin.py:109} INFO - [2021-09-06 14:39:56,413] {dag.py:1833} INFO - Sync 1 DAGs
[2021-09-06 14:39:56,419] {logging_mixin.py:109} INFO - [2021-09-06 14:39:56,419] {dag.py:2306} INFO - Setting next_dagrun for example_xcom to 2021-09-04 00:00:00+00:00
[2021-09-06 14:39:56,430] {processor.py:170} INFO - Processing /home/airflow/.local/lib/python3.8/site-packages/airflow/example_dags/example_xcom.py took 0.035 seconds
[2021-09-06 14:40:26,981] {processor.py:162} INFO - Started process (PID=2644) to work on /home/airflow/.local/lib/python3.8/site-packages/airflow/example_dags/example_xcom.py
[2021-09-06 14:40:26,981] {processor.py:613} INFO - Processing file /home/airflow/.local/lib/python3.8/site-packages/airflow/example_dags/example_xcom.py for tasks to queue
[2021-09-06 14:40:26,982] {logging_mixin.py:109} INFO - [2021-09-06 14:40:26,982] {dagbag.py:496} INFO - Filling up the DagBag from /home/airflow/.local/lib/python3.8/site-packages/airflow/example_dags/example_xcom.py
[2021-09-06 14:40:26,987] {processor.py:623} INFO - DAG(s) dict_keys(['example_xcom']) retrieved from /home/airflow/.local/lib/python3.8/site-packages/airflow/example_dags/example_xcom.py
[2021-09-06 14:40:26,997] {logging_mixin.py:109} INFO - [2021-09-06 14:40:26,997] {dag.py:1833} INFO - Sync 1 DAGs
[2021-09-06 14:40:27,003] {logging_mixin.py:109} INFO - [2021-09-06 14:40:27,003] {dag.py:2306} INFO - Setting next_dagrun for example_xcom to 2021-09-04 00:00:00+00:00
[2021-09-06 14:40:27,015] {processor.py:170} INFO - Processing /home/airflow/.local/lib/python3.8/site-packages/airflow/example_dags/example_xcom.py took 0.036 seconds
[2021-09-06 14:40:57,595] {processor.py:162} INFO - Started process (PID=2697) to work on /home/airflow/.local/lib/python3.8/site-packages/airflow/example_dags/example_xcom.py
[2021-09-06 14:40:57,596] {processor.py:613} INFO - Processing file /home/airflow/.local/lib/python3.8/site-packages/airflow/example_dags/example_xcom.py for tasks to queue
[2021-09-06 14:40:57,596] {logging_mixin.py:109} INFO - [2021-09-06 14:40:57,596] {dagbag.py:496} INFO - Filling up the DagBag from /home/airflow/.local/lib/python3.8/site-packages/airflow/example_dags/example_xcom.py
[2021-09-06 14:40:57,601] {processor.py:623} INFO - DAG(s) dict_keys(['example_xcom']) retrieved from /home/airflow/.local/lib/python3.8/site-packages/airflow/example_dags/example_xcom.py
[2021-09-06 14:40:57,611] {logging_mixin.py:109} INFO - [2021-09-06 14:40:57,611] {dag.py:1833} INFO - Sync 1 DAGs
[2021-09-06 14:40:57,616] {logging_mixin.py:109} INFO - [2021-09-06 14:40:57,616] {dag.py:2306} INFO - Setting next_dagrun for example_xcom to 2021-09-04 00:00:00+00:00
[2021-09-06 14:40:57,628] {processor.py:170} INFO - Processing /home/airflow/.local/lib/python3.8/site-packages/airflow/example_dags/example_xcom.py took 0.034 seconds
[2021-09-06 14:41:28,139] {processor.py:162} INFO - Started process (PID=2750) to work on /home/airflow/.local/lib/python3.8/site-packages/airflow/example_dags/example_xcom.py
[2021-09-06 14:41:28,140] {processor.py:613} INFO - Processing file /home/airflow/.local/lib/python3.8/site-packages/airflow/example_dags/example_xcom.py for tasks to queue
[2021-09-06 14:41:28,140] {logging_mixin.py:109} INFO - [2021-09-06 14:41:28,140] {dagbag.py:496} INFO - Filling up the DagBag from /home/airflow/.local/lib/python3.8/site-packages/airflow/example_dags/example_xcom.py
[2021-09-06 14:41:28,145] {processor.py:623} INFO - DAG(s) dict_keys(['example_xcom']) retrieved from /home/airflow/.local/lib/python3.8/site-packages/airflow/example_dags/example_xcom.py
[2021-09-06 14:41:28,154] {logging_mixin.py:109} INFO - [2021-09-06 14:41:28,154] {dag.py:1833} INFO - Sync 1 DAGs
[2021-09-06 14:41:28,160] {logging_mixin.py:109} INFO - [2021-09-06 14:41:28,160] {dag.py:2306} INFO - Setting next_dagrun for example_xcom to 2021-09-04 00:00:00+00:00
[2021-09-06 14:41:28,164] {processor.py:170} INFO - Processing /home/airflow/.local/lib/python3.8/site-packages/airflow/example_dags/example_xcom.py took 0.027 seconds
[2021-09-06 14:41:58,695] {processor.py:162} INFO - Started process (PID=2803) to work on /home/airflow/.local/lib/python3.8/site-packages/airflow/example_dags/example_xcom.py
[2021-09-06 14:41:58,695] {processor.py:613} INFO - Processing file /home/airflow/.local/lib/python3.8/site-packages/airflow/example_dags/example_xcom.py for tasks to queue
[2021-09-06 14:41:58,696] {logging_mixin.py:109} INFO - [2021-09-06 14:41:58,695] {dagbag.py:496} INFO - Filling up the DagBag from /home/airflow/.local/lib/python3.8/site-packages/airflow/example_dags/example_xcom.py
[2021-09-06 14:41:58,700] {processor.py:623} INFO - DAG(s) dict_keys(['example_xcom']) retrieved from /home/airflow/.local/lib/python3.8/site-packages/airflow/example_dags/example_xcom.py
[2021-09-06 14:41:58,710] {logging_mixin.py:109} INFO - [2021-09-06 14:41:58,710] {dag.py:1833} INFO - Sync 1 DAGs
[2021-09-06 14:41:58,716] {logging_mixin.py:109} INFO - [2021-09-06 14:41:58,716] {dag.py:2306} INFO - Setting next_dagrun for example_xcom to 2021-09-04 00:00:00+00:00
[2021-09-06 14:41:58,727] {processor.py:170} INFO - Processing /home/airflow/.local/lib/python3.8/site-packages/airflow/example_dags/example_xcom.py took 0.034 seconds
[2021-09-06 14:42:29,272] {processor.py:162} INFO - Started process (PID=2856) to work on /home/airflow/.local/lib/python3.8/site-packages/airflow/example_dags/example_xcom.py
[2021-09-06 14:42:29,272] {processor.py:613} INFO - Processing file /home/airflow/.local/lib/python3.8/site-packages/airflow/example_dags/example_xcom.py for tasks to queue
[2021-09-06 14:42:29,272] {logging_mixin.py:109} INFO - [2021-09-06 14:42:29,272] {dagbag.py:496} INFO - Filling up the DagBag from /home/airflow/.local/lib/python3.8/site-packages/airflow/example_dags/example_xcom.py
[2021-09-06 14:42:29,277] {processor.py:623} INFO - DAG(s) dict_keys(['example_xcom']) retrieved from /home/airflow/.local/lib/python3.8/site-packages/airflow/example_dags/example_xcom.py
[2021-09-06 14:42:29,286] {logging_mixin.py:109} INFO - [2021-09-06 14:42:29,286] {dag.py:1833} INFO - Sync 1 DAGs
[2021-09-06 14:42:29,292] {logging_mixin.py:109} INFO - [2021-09-06 14:42:29,292] {dag.py:2306} INFO - Setting next_dagrun for example_xcom to 2021-09-04 00:00:00+00:00
[2021-09-06 14:42:29,296] {processor.py:170} INFO - Processing /home/airflow/.local/lib/python3.8/site-packages/airflow/example_dags/example_xcom.py took 0.027 seconds
[2021-09-06 14:42:59,912] {processor.py:162} INFO - Started process (PID=2909) to work on /home/airflow/.local/lib/python3.8/site-packages/airflow/example_dags/example_xcom.py
[2021-09-06 14:42:59,913] {processor.py:613} INFO - Processing file /home/airflow/.local/lib/python3.8/site-packages/airflow/example_dags/example_xcom.py for tasks to queue
[2021-09-06 14:42:59,913] {logging_mixin.py:109} INFO - [2021-09-06 14:42:59,913] {dagbag.py:496} INFO - Filling up the DagBag from /home/airflow/.local/lib/python3.8/site-packages/airflow/example_dags/example_xcom.py
[2021-09-06 14:42:59,919] {processor.py:623} INFO - DAG(s) dict_keys(['example_xcom']) retrieved from /home/airflow/.local/lib/python3.8/site-packages/airflow/example_dags/example_xcom.py
[2021-09-06 14:42:59,928] {logging_mixin.py:109} INFO - [2021-09-06 14:42:59,928] {dag.py:1833} INFO - Sync 1 DAGs
[2021-09-06 14:42:59,934] {logging_mixin.py:109} INFO - [2021-09-06 14:42:59,934] {dag.py:2306} INFO - Setting next_dagrun for example_xcom to 2021-09-04 00:00:00+00:00
[2021-09-06 14:42:59,946] {processor.py:170} INFO - Processing /home/airflow/.local/lib/python3.8/site-packages/airflow/example_dags/example_xcom.py took 0.035 seconds
[2021-09-06 14:43:30,670] {processor.py:162} INFO - Started process (PID=2962) to work on /home/airflow/.local/lib/python3.8/site-packages/airflow/example_dags/example_xcom.py
[2021-09-06 14:43:30,670] {processor.py:613} INFO - Processing file /home/airflow/.local/lib/python3.8/site-packages/airflow/example_dags/example_xcom.py for tasks to queue
[2021-09-06 14:43:30,671] {logging_mixin.py:109} INFO - [2021-09-06 14:43:30,671] {dagbag.py:496} INFO - Filling up the DagBag from /home/airflow/.local/lib/python3.8/site-packages/airflow/example_dags/example_xcom.py
[2021-09-06 14:43:30,676] {processor.py:623} INFO - DAG(s) dict_keys(['example_xcom']) retrieved from /home/airflow/.local/lib/python3.8/site-packages/airflow/example_dags/example_xcom.py
[2021-09-06 14:43:30,686] {logging_mixin.py:109} INFO - [2021-09-06 14:43:30,686] {dag.py:1833} INFO - Sync 1 DAGs
[2021-09-06 14:43:30,692] {logging_mixin.py:109} INFO - [2021-09-06 14:43:30,692] {dag.py:2306} INFO - Setting next_dagrun for example_xcom to 2021-09-04 00:00:00+00:00
[2021-09-06 14:43:30,704] {processor.py:170} INFO - Processing /home/airflow/.local/lib/python3.8/site-packages/airflow/example_dags/example_xcom.py took 0.035 seconds
[2021-09-06 14:44:01,252] {processor.py:162} INFO - Started process (PID=3015) to work on /home/airflow/.local/lib/python3.8/site-packages/airflow/example_dags/example_xcom.py
[2021-09-06 14:44:01,253] {processor.py:613} INFO - Processing file /home/airflow/.local/lib/python3.8/site-packages/airflow/example_dags/example_xcom.py for tasks to queue
[2021-09-06 14:44:01,253] {logging_mixin.py:109} INFO - [2021-09-06 14:44:01,253] {dagbag.py:496} INFO - Filling up the DagBag from /home/airflow/.local/lib/python3.8/site-packages/airflow/example_dags/example_xcom.py
[2021-09-06 14:44:01,258] {processor.py:623} INFO - DAG(s) dict_keys(['example_xcom']) retrieved from /home/airflow/.local/lib/python3.8/site-packages/airflow/example_dags/example_xcom.py
[2021-09-06 14:44:01,267] {logging_mixin.py:109} INFO - [2021-09-06 14:44:01,267] {dag.py:1833} INFO - Sync 1 DAGs
[2021-09-06 14:44:01,273] {logging_mixin.py:109} INFO - [2021-09-06 14:44:01,273] {dag.py:2306} INFO - Setting next_dagrun for example_xcom to 2021-09-04 00:00:00+00:00
[2021-09-06 14:44:01,284] {processor.py:170} INFO - Processing /home/airflow/.local/lib/python3.8/site-packages/airflow/example_dags/example_xcom.py took 0.034 seconds
[2021-09-06 14:44:31,887] {processor.py:162} INFO - Started process (PID=3068) to work on /home/airflow/.local/lib/python3.8/site-packages/airflow/example_dags/example_xcom.py
[2021-09-06 14:44:31,888] {processor.py:613} INFO - Processing file /home/airflow/.local/lib/python3.8/site-packages/airflow/example_dags/example_xcom.py for tasks to queue
[2021-09-06 14:44:31,888] {logging_mixin.py:109} INFO - [2021-09-06 14:44:31,888] {dagbag.py:496} INFO - Filling up the DagBag from /home/airflow/.local/lib/python3.8/site-packages/airflow/example_dags/example_xcom.py
[2021-09-06 14:44:31,894] {processor.py:623} INFO - DAG(s) dict_keys(['example_xcom']) retrieved from /home/airflow/.local/lib/python3.8/site-packages/airflow/example_dags/example_xcom.py
[2021-09-06 14:44:31,903] {logging_mixin.py:109} INFO - [2021-09-06 14:44:31,902] {dag.py:1833} INFO - Sync 1 DAGs
[2021-09-06 14:44:31,908] {logging_mixin.py:109} INFO - [2021-09-06 14:44:31,908] {dag.py:2306} INFO - Setting next_dagrun for example_xcom to 2021-09-04 00:00:00+00:00
[2021-09-06 14:44:31,920] {processor.py:170} INFO - Processing /home/airflow/.local/lib/python3.8/site-packages/airflow/example_dags/example_xcom.py took 0.035 seconds
[2021-09-06 14:45:02,487] {processor.py:162} INFO - Started process (PID=3121) to work on /home/airflow/.local/lib/python3.8/site-packages/airflow/example_dags/example_xcom.py
[2021-09-06 14:45:02,487] {processor.py:613} INFO - Processing file /home/airflow/.local/lib/python3.8/site-packages/airflow/example_dags/example_xcom.py for tasks to queue
[2021-09-06 14:45:02,488] {logging_mixin.py:109} INFO - [2021-09-06 14:45:02,488] {dagbag.py:496} INFO - Filling up the DagBag from /home/airflow/.local/lib/python3.8/site-packages/airflow/example_dags/example_xcom.py
[2021-09-06 14:45:02,493] {processor.py:623} INFO - DAG(s) dict_keys(['example_xcom']) retrieved from /home/airflow/.local/lib/python3.8/site-packages/airflow/example_dags/example_xcom.py
[2021-09-06 14:45:02,503] {logging_mixin.py:109} INFO - [2021-09-06 14:45:02,503] {dag.py:1833} INFO - Sync 1 DAGs
[2021-09-06 14:45:02,508] {logging_mixin.py:109} INFO - [2021-09-06 14:45:02,508] {dag.py:2306} INFO - Setting next_dagrun for example_xcom to 2021-09-04 00:00:00+00:00
[2021-09-06 14:45:02,520] {processor.py:170} INFO - Processing /home/airflow/.local/lib/python3.8/site-packages/airflow/example_dags/example_xcom.py took 0.036 seconds
[2021-09-06 14:45:33,139] {processor.py:162} INFO - Started process (PID=3174) to work on /home/airflow/.local/lib/python3.8/site-packages/airflow/example_dags/example_xcom.py
[2021-09-06 14:45:33,139] {processor.py:613} INFO - Processing file /home/airflow/.local/lib/python3.8/site-packages/airflow/example_dags/example_xcom.py for tasks to queue
[2021-09-06 14:45:33,140] {logging_mixin.py:109} INFO - [2021-09-06 14:45:33,140] {dagbag.py:496} INFO - Filling up the DagBag from /home/airflow/.local/lib/python3.8/site-packages/airflow/example_dags/example_xcom.py
[2021-09-06 14:45:33,145] {processor.py:623} INFO - DAG(s) dict_keys(['example_xcom']) retrieved from /home/airflow/.local/lib/python3.8/site-packages/airflow/example_dags/example_xcom.py
[2021-09-06 14:45:33,154] {logging_mixin.py:109} INFO - [2021-09-06 14:45:33,154] {dag.py:1833} INFO - Sync 1 DAGs
[2021-09-06 14:45:33,160] {logging_mixin.py:109} INFO - [2021-09-06 14:45:33,160] {dag.py:2306} INFO - Setting next_dagrun for example_xcom to 2021-09-04 00:00:00+00:00
[2021-09-06 14:45:33,172] {processor.py:170} INFO - Processing /home/airflow/.local/lib/python3.8/site-packages/airflow/example_dags/example_xcom.py took 0.035 seconds
[2021-09-06 14:46:03,937] {processor.py:162} INFO - Started process (PID=3227) to work on /home/airflow/.local/lib/python3.8/site-packages/airflow/example_dags/example_xcom.py
[2021-09-06 14:46:03,938] {processor.py:613} INFO - Processing file /home/airflow/.local/lib/python3.8/site-packages/airflow/example_dags/example_xcom.py for tasks to queue
[2021-09-06 14:46:03,939] {logging_mixin.py:109} INFO - [2021-09-06 14:46:03,938] {dagbag.py:496} INFO - Filling up the DagBag from /home/airflow/.local/lib/python3.8/site-packages/airflow/example_dags/example_xcom.py
[2021-09-06 14:46:03,944] {processor.py:623} INFO - DAG(s) dict_keys(['example_xcom']) retrieved from /home/airflow/.local/lib/python3.8/site-packages/airflow/example_dags/example_xcom.py
[2021-09-06 14:46:03,953] {logging_mixin.py:109} INFO - [2021-09-06 14:46:03,953] {dag.py:1833} INFO - Sync 1 DAGs
[2021-09-06 14:46:03,959] {logging_mixin.py:109} INFO - [2021-09-06 14:46:03,959] {dag.py:2306} INFO - Setting next_dagrun for example_xcom to 2021-09-04 00:00:00+00:00
[2021-09-06 14:46:03,971] {processor.py:170} INFO - Processing /home/airflow/.local/lib/python3.8/site-packages/airflow/example_dags/example_xcom.py took 0.036 seconds
[2021-09-06 14:46:34,569] {processor.py:162} INFO - Started process (PID=3280) to work on /home/airflow/.local/lib/python3.8/site-packages/airflow/example_dags/example_xcom.py
[2021-09-06 14:46:34,570] {processor.py:613} INFO - Processing file /home/airflow/.local/lib/python3.8/site-packages/airflow/example_dags/example_xcom.py for tasks to queue
[2021-09-06 14:46:34,570] {logging_mixin.py:109} INFO - [2021-09-06 14:46:34,570] {dagbag.py:496} INFO - Filling up the DagBag from /home/airflow/.local/lib/python3.8/site-packages/airflow/example_dags/example_xcom.py
[2021-09-06 14:46:34,575] {processor.py:623} INFO - DAG(s) dict_keys(['example_xcom']) retrieved from /home/airflow/.local/lib/python3.8/site-packages/airflow/example_dags/example_xcom.py
[2021-09-06 14:46:34,584] {logging_mixin.py:109} INFO - [2021-09-06 14:46:34,584] {dag.py:1833} INFO - Sync 1 DAGs
[2021-09-06 14:46:34,590] {logging_mixin.py:109} INFO - [2021-09-06 14:46:34,589] {dag.py:2306} INFO - Setting next_dagrun for example_xcom to 2021-09-04 00:00:00+00:00
[2021-09-06 14:46:34,601] {processor.py:170} INFO - Processing /home/airflow/.local/lib/python3.8/site-packages/airflow/example_dags/example_xcom.py took 0.034 seconds
[2021-09-06 14:47:05,154] {processor.py:162} INFO - Started process (PID=3333) to work on /home/airflow/.local/lib/python3.8/site-packages/airflow/example_dags/example_xcom.py
[2021-09-06 14:47:05,155] {processor.py:613} INFO - Processing file /home/airflow/.local/lib/python3.8/site-packages/airflow/example_dags/example_xcom.py for tasks to queue
[2021-09-06 14:47:05,155] {logging_mixin.py:109} INFO - [2021-09-06 14:47:05,155] {dagbag.py:496} INFO - Filling up the DagBag from /home/airflow/.local/lib/python3.8/site-packages/airflow/example_dags/example_xcom.py
[2021-09-06 14:47:05,160] {processor.py:623} INFO - DAG(s) dict_keys(['example_xcom']) retrieved from /home/airflow/.local/lib/python3.8/site-packages/airflow/example_dags/example_xcom.py
[2021-09-06 14:47:05,169] {logging_mixin.py:109} INFO - [2021-09-06 14:47:05,169] {dag.py:1833} INFO - Sync 1 DAGs
[2021-09-06 14:47:05,175] {logging_mixin.py:109} INFO - [2021-09-06 14:47:05,175] {dag.py:2306} INFO - Setting next_dagrun for example_xcom to 2021-09-04 00:00:00+00:00
[2021-09-06 14:47:05,186] {processor.py:170} INFO - Processing /home/airflow/.local/lib/python3.8/site-packages/airflow/example_dags/example_xcom.py took 0.033 seconds
[2021-09-06 14:47:35,732] {processor.py:162} INFO - Started process (PID=3386) to work on /home/airflow/.local/lib/python3.8/site-packages/airflow/example_dags/example_xcom.py
[2021-09-06 14:47:35,733] {processor.py:613} INFO - Processing file /home/airflow/.local/lib/python3.8/site-packages/airflow/example_dags/example_xcom.py for tasks to queue
[2021-09-06 14:47:35,733] {logging_mixin.py:109} INFO - [2021-09-06 14:47:35,733] {dagbag.py:496} INFO - Filling up the DagBag from /home/airflow/.local/lib/python3.8/site-packages/airflow/example_dags/example_xcom.py
[2021-09-06 14:47:35,738] {processor.py:623} INFO - DAG(s) dict_keys(['example_xcom']) retrieved from /home/airflow/.local/lib/python3.8/site-packages/airflow/example_dags/example_xcom.py
[2021-09-06 14:47:35,748] {logging_mixin.py:109} INFO - [2021-09-06 14:47:35,748] {dag.py:1833} INFO - Sync 1 DAGs
[2021-09-06 14:47:35,755] {logging_mixin.py:109} INFO - [2021-09-06 14:47:35,755] {dag.py:2306} INFO - Setting next_dagrun for example_xcom to 2021-09-04 00:00:00+00:00
[2021-09-06 14:47:35,767] {processor.py:170} INFO - Processing /home/airflow/.local/lib/python3.8/site-packages/airflow/example_dags/example_xcom.py took 0.036 seconds
[2021-09-06 14:48:06,352] {processor.py:162} INFO - Started process (PID=3439) to work on /home/airflow/.local/lib/python3.8/site-packages/airflow/example_dags/example_xcom.py
[2021-09-06 14:48:06,353] {processor.py:613} INFO - Processing file /home/airflow/.local/lib/python3.8/site-packages/airflow/example_dags/example_xcom.py for tasks to queue
[2021-09-06 14:48:06,353] {logging_mixin.py:109} INFO - [2021-09-06 14:48:06,353] {dagbag.py:496} INFO - Filling up the DagBag from /home/airflow/.local/lib/python3.8/site-packages/airflow/example_dags/example_xcom.py
[2021-09-06 14:48:06,359] {processor.py:623} INFO - DAG(s) dict_keys(['example_xcom']) retrieved from /home/airflow/.local/lib/python3.8/site-packages/airflow/example_dags/example_xcom.py
[2021-09-06 14:48:06,367] {logging_mixin.py:109} INFO - [2021-09-06 14:48:06,367] {dag.py:1833} INFO - Sync 1 DAGs
[2021-09-06 14:48:06,373] {logging_mixin.py:109} INFO - [2021-09-06 14:48:06,373] {dag.py:2306} INFO - Setting next_dagrun for example_xcom to 2021-09-04 00:00:00+00:00
[2021-09-06 14:48:06,385] {processor.py:170} INFO - Processing /home/airflow/.local/lib/python3.8/site-packages/airflow/example_dags/example_xcom.py took 0.034 seconds
[2021-09-06 14:48:36,966] {processor.py:162} INFO - Started process (PID=3499) to work on /home/airflow/.local/lib/python3.8/site-packages/airflow/example_dags/example_xcom.py
[2021-09-06 14:48:36,967] {processor.py:613} INFO - Processing file /home/airflow/.local/lib/python3.8/site-packages/airflow/example_dags/example_xcom.py for tasks to queue
[2021-09-06 14:48:36,967] {logging_mixin.py:109} INFO - [2021-09-06 14:48:36,967] {dagbag.py:496} INFO - Filling up the DagBag from /home/airflow/.local/lib/python3.8/site-packages/airflow/example_dags/example_xcom.py
[2021-09-06 14:48:36,973] {processor.py:623} INFO - DAG(s) dict_keys(['example_xcom']) retrieved from /home/airflow/.local/lib/python3.8/site-packages/airflow/example_dags/example_xcom.py
[2021-09-06 14:48:36,983] {logging_mixin.py:109} INFO - [2021-09-06 14:48:36,983] {dag.py:1833} INFO - Sync 1 DAGs
[2021-09-06 14:48:36,989] {logging_mixin.py:109} INFO - [2021-09-06 14:48:36,989] {dag.py:2306} INFO - Setting next_dagrun for example_xcom to 2021-09-04 00:00:00+00:00
[2021-09-06 14:48:36,993] {processor.py:170} INFO - Processing /home/airflow/.local/lib/python3.8/site-packages/airflow/example_dags/example_xcom.py took 0.028 seconds
[2021-09-06 14:49:07,602] {processor.py:162} INFO - Started process (PID=3552) to work on /home/airflow/.local/lib/python3.8/site-packages/airflow/example_dags/example_xcom.py
[2021-09-06 14:49:07,603] {processor.py:613} INFO - Processing file /home/airflow/.local/lib/python3.8/site-packages/airflow/example_dags/example_xcom.py for tasks to queue
[2021-09-06 14:49:07,603] {logging_mixin.py:109} INFO - [2021-09-06 14:49:07,603] {dagbag.py:496} INFO - Filling up the DagBag from /home/airflow/.local/lib/python3.8/site-packages/airflow/example_dags/example_xcom.py
[2021-09-06 14:49:07,608] {processor.py:623} INFO - DAG(s) dict_keys(['example_xcom']) retrieved from /home/airflow/.local/lib/python3.8/site-packages/airflow/example_dags/example_xcom.py
[2021-09-06 14:49:07,618] {logging_mixin.py:109} INFO - [2021-09-06 14:49:07,618] {dag.py:1833} INFO - Sync 1 DAGs
[2021-09-06 14:49:07,624] {logging_mixin.py:109} INFO - [2021-09-06 14:49:07,624] {dag.py:2306} INFO - Setting next_dagrun for example_xcom to 2021-09-04 00:00:00+00:00
[2021-09-06 14:49:07,636] {processor.py:170} INFO - Processing /home/airflow/.local/lib/python3.8/site-packages/airflow/example_dags/example_xcom.py took 0.036 seconds
[2021-09-06 14:49:38,225] {processor.py:162} INFO - Started process (PID=3605) to work on /home/airflow/.local/lib/python3.8/site-packages/airflow/example_dags/example_xcom.py
[2021-09-06 14:49:38,225] {processor.py:613} INFO - Processing file /home/airflow/.local/lib/python3.8/site-packages/airflow/example_dags/example_xcom.py for tasks to queue
[2021-09-06 14:49:38,226] {logging_mixin.py:109} INFO - [2021-09-06 14:49:38,225] {dagbag.py:496} INFO - Filling up the DagBag from /home/airflow/.local/lib/python3.8/site-packages/airflow/example_dags/example_xcom.py
[2021-09-06 14:49:38,231] {processor.py:623} INFO - DAG(s) dict_keys(['example_xcom']) retrieved from /home/airflow/.local/lib/python3.8/site-packages/airflow/example_dags/example_xcom.py
[2021-09-06 14:49:38,240] {logging_mixin.py:109} INFO - [2021-09-06 14:49:38,240] {dag.py:1833} INFO - Sync 1 DAGs
[2021-09-06 14:49:38,246] {logging_mixin.py:109} INFO - [2021-09-06 14:49:38,246] {dag.py:2306} INFO - Setting next_dagrun for example_xcom to 2021-09-04 00:00:00+00:00
[2021-09-06 14:49:38,258] {processor.py:170} INFO - Processing /home/airflow/.local/lib/python3.8/site-packages/airflow/example_dags/example_xcom.py took 0.036 seconds
[2021-09-06 14:50:08,805] {processor.py:162} INFO - Started process (PID=3658) to work on /home/airflow/.local/lib/python3.8/site-packages/airflow/example_dags/example_xcom.py
[2021-09-06 14:50:08,805] {processor.py:613} INFO - Processing file /home/airflow/.local/lib/python3.8/site-packages/airflow/example_dags/example_xcom.py for tasks to queue
[2021-09-06 14:50:08,805] {logging_mixin.py:109} INFO - [2021-09-06 14:50:08,805] {dagbag.py:496} INFO - Filling up the DagBag from /home/airflow/.local/lib/python3.8/site-packages/airflow/example_dags/example_xcom.py
[2021-09-06 14:50:08,810] {processor.py:623} INFO - DAG(s) dict_keys(['example_xcom']) retrieved from /home/airflow/.local/lib/python3.8/site-packages/airflow/example_dags/example_xcom.py
[2021-09-06 14:50:08,821] {logging_mixin.py:109} INFO - [2021-09-06 14:50:08,821] {dag.py:1833} INFO - Sync 1 DAGs
[2021-09-06 14:50:08,827] {logging_mixin.py:109} INFO - [2021-09-06 14:50:08,827] {dag.py:2306} INFO - Setting next_dagrun for example_xcom to 2021-09-04 00:00:00+00:00
[2021-09-06 14:50:08,839] {processor.py:170} INFO - Processing /home/airflow/.local/lib/python3.8/site-packages/airflow/example_dags/example_xcom.py took 0.036 seconds
[2021-09-06 14:50:39,360] {processor.py:162} INFO - Started process (PID=3711) to work on /home/airflow/.local/lib/python3.8/site-packages/airflow/example_dags/example_xcom.py
[2021-09-06 14:50:39,361] {processor.py:613} INFO - Processing file /home/airflow/.local/lib/python3.8/site-packages/airflow/example_dags/example_xcom.py for tasks to queue
[2021-09-06 14:50:39,361] {logging_mixin.py:109} INFO - [2021-09-06 14:50:39,361] {dagbag.py:496} INFO - Filling up the DagBag from /home/airflow/.local/lib/python3.8/site-packages/airflow/example_dags/example_xcom.py
[2021-09-06 14:50:39,367] {processor.py:623} INFO - DAG(s) dict_keys(['example_xcom']) retrieved from /home/airflow/.local/lib/python3.8/site-packages/airflow/example_dags/example_xcom.py
[2021-09-06 14:50:39,376] {logging_mixin.py:109} INFO - [2021-09-06 14:50:39,376] {dag.py:1833} INFO - Sync 1 DAGs
[2021-09-06 14:50:39,382] {logging_mixin.py:109} INFO - [2021-09-06 14:50:39,382] {dag.py:2306} INFO - Setting next_dagrun for example_xcom to 2021-09-04 00:00:00+00:00
[2021-09-06 14:50:39,386] {processor.py:170} INFO - Processing /home/airflow/.local/lib/python3.8/site-packages/airflow/example_dags/example_xcom.py took 0.027 seconds
[2021-09-06 14:51:09,985] {processor.py:162} INFO - Started process (PID=3765) to work on /home/airflow/.local/lib/python3.8/site-packages/airflow/example_dags/example_xcom.py
[2021-09-06 14:51:09,986] {processor.py:613} INFO - Processing file /home/airflow/.local/lib/python3.8/site-packages/airflow/example_dags/example_xcom.py for tasks to queue
[2021-09-06 14:51:09,986] {logging_mixin.py:109} INFO - [2021-09-06 14:51:09,986] {dagbag.py:496} INFO - Filling up the DagBag from /home/airflow/.local/lib/python3.8/site-packages/airflow/example_dags/example_xcom.py
[2021-09-06 14:51:09,991] {processor.py:623} INFO - DAG(s) dict_keys(['example_xcom']) retrieved from /home/airflow/.local/lib/python3.8/site-packages/airflow/example_dags/example_xcom.py
[2021-09-06 14:51:10,001] {logging_mixin.py:109} INFO - [2021-09-06 14:51:10,001] {dag.py:1833} INFO - Sync 1 DAGs
[2021-09-06 14:51:10,007] {logging_mixin.py:109} INFO - [2021-09-06 14:51:10,007] {dag.py:2306} INFO - Setting next_dagrun for example_xcom to 2021-09-04 00:00:00+00:00
[2021-09-06 14:51:10,019] {processor.py:170} INFO - Processing /home/airflow/.local/lib/python3.8/site-packages/airflow/example_dags/example_xcom.py took 0.036 seconds
[2021-09-06 14:51:40,590] {processor.py:162} INFO - Started process (PID=3818) to work on /home/airflow/.local/lib/python3.8/site-packages/airflow/example_dags/example_xcom.py
[2021-09-06 14:51:40,591] {processor.py:613} INFO - Processing file /home/airflow/.local/lib/python3.8/site-packages/airflow/example_dags/example_xcom.py for tasks to queue
[2021-09-06 14:51:40,591] {logging_mixin.py:109} INFO - [2021-09-06 14:51:40,591] {dagbag.py:496} INFO - Filling up the DagBag from /home/airflow/.local/lib/python3.8/site-packages/airflow/example_dags/example_xcom.py
[2021-09-06 14:51:40,596] {processor.py:623} INFO - DAG(s) dict_keys(['example_xcom']) retrieved from /home/airflow/.local/lib/python3.8/site-packages/airflow/example_dags/example_xcom.py
[2021-09-06 14:51:40,606] {logging_mixin.py:109} INFO - [2021-09-06 14:51:40,606] {dag.py:1833} INFO - Sync 1 DAGs
[2021-09-06 14:51:40,613] {logging_mixin.py:109} INFO - [2021-09-06 14:51:40,613] {dag.py:2306} INFO - Setting next_dagrun for example_xcom to 2021-09-04 00:00:00+00:00
[2021-09-06 14:51:40,617] {processor.py:170} INFO - Processing /home/airflow/.local/lib/python3.8/site-packages/airflow/example_dags/example_xcom.py took 0.028 seconds
[2021-09-06 14:52:11,209] {processor.py:162} INFO - Started process (PID=3871) to work on /home/airflow/.local/lib/python3.8/site-packages/airflow/example_dags/example_xcom.py
[2021-09-06 14:52:11,209] {processor.py:613} INFO - Processing file /home/airflow/.local/lib/python3.8/site-packages/airflow/example_dags/example_xcom.py for tasks to queue
[2021-09-06 14:52:11,209] {logging_mixin.py:109} INFO - [2021-09-06 14:52:11,209] {dagbag.py:496} INFO - Filling up the DagBag from /home/airflow/.local/lib/python3.8/site-packages/airflow/example_dags/example_xcom.py
[2021-09-06 14:52:11,215] {processor.py:623} INFO - DAG(s) dict_keys(['example_xcom']) retrieved from /home/airflow/.local/lib/python3.8/site-packages/airflow/example_dags/example_xcom.py
[2021-09-06 14:52:11,224] {logging_mixin.py:109} INFO - [2021-09-06 14:52:11,224] {dag.py:1833} INFO - Sync 1 DAGs
[2021-09-06 14:52:11,230] {logging_mixin.py:109} INFO - [2021-09-06 14:52:11,230] {dag.py:2306} INFO - Setting next_dagrun for example_xcom to 2021-09-04 00:00:00+00:00
[2021-09-06 14:52:11,242] {processor.py:170} INFO - Processing /home/airflow/.local/lib/python3.8/site-packages/airflow/example_dags/example_xcom.py took 0.035 seconds
[2021-09-06 14:52:41,800] {processor.py:162} INFO - Started process (PID=3924) to work on /home/airflow/.local/lib/python3.8/site-packages/airflow/example_dags/example_xcom.py
[2021-09-06 14:52:41,800] {processor.py:613} INFO - Processing file /home/airflow/.local/lib/python3.8/site-packages/airflow/example_dags/example_xcom.py for tasks to queue
[2021-09-06 14:52:41,800] {logging_mixin.py:109} INFO - [2021-09-06 14:52:41,800] {dagbag.py:496} INFO - Filling up the DagBag from /home/airflow/.local/lib/python3.8/site-packages/airflow/example_dags/example_xcom.py
[2021-09-06 14:52:41,806] {processor.py:623} INFO - DAG(s) dict_keys(['example_xcom']) retrieved from /home/airflow/.local/lib/python3.8/site-packages/airflow/example_dags/example_xcom.py
[2021-09-06 14:52:41,817] {logging_mixin.py:109} INFO - [2021-09-06 14:52:41,816] {dag.py:1833} INFO - Sync 1 DAGs
[2021-09-06 14:52:41,822] {logging_mixin.py:109} INFO - [2021-09-06 14:52:41,822] {dag.py:2306} INFO - Setting next_dagrun for example_xcom to 2021-09-04 00:00:00+00:00
[2021-09-06 14:52:41,835] {processor.py:170} INFO - Processing /home/airflow/.local/lib/python3.8/site-packages/airflow/example_dags/example_xcom.py took 0.037 seconds
[2021-09-06 14:53:12,342] {processor.py:162} INFO - Started process (PID=3978) to work on /home/airflow/.local/lib/python3.8/site-packages/airflow/example_dags/example_xcom.py
[2021-09-06 14:53:12,343] {processor.py:613} INFO - Processing file /home/airflow/.local/lib/python3.8/site-packages/airflow/example_dags/example_xcom.py for tasks to queue
[2021-09-06 14:53:12,343] {logging_mixin.py:109} INFO - [2021-09-06 14:53:12,343] {dagbag.py:496} INFO - Filling up the DagBag from /home/airflow/.local/lib/python3.8/site-packages/airflow/example_dags/example_xcom.py
[2021-09-06 14:53:12,348] {processor.py:623} INFO - DAG(s) dict_keys(['example_xcom']) retrieved from /home/airflow/.local/lib/python3.8/site-packages/airflow/example_dags/example_xcom.py
[2021-09-06 14:53:12,357] {logging_mixin.py:109} INFO - [2021-09-06 14:53:12,357] {dag.py:1833} INFO - Sync 1 DAGs
[2021-09-06 14:53:12,362] {logging_mixin.py:109} INFO - [2021-09-06 14:53:12,362] {dag.py:2306} INFO - Setting next_dagrun for example_xcom to 2021-09-04 00:00:00+00:00
[2021-09-06 14:53:12,374] {processor.py:170} INFO - Processing /home/airflow/.local/lib/python3.8/site-packages/airflow/example_dags/example_xcom.py took 0.034 seconds
[2021-09-06 14:53:42,930] {processor.py:162} INFO - Started process (PID=4031) to work on /home/airflow/.local/lib/python3.8/site-packages/airflow/example_dags/example_xcom.py
[2021-09-06 14:53:42,930] {processor.py:613} INFO - Processing file /home/airflow/.local/lib/python3.8/site-packages/airflow/example_dags/example_xcom.py for tasks to queue
[2021-09-06 14:53:42,931] {logging_mixin.py:109} INFO - [2021-09-06 14:53:42,931] {dagbag.py:496} INFO - Filling up the DagBag from /home/airflow/.local/lib/python3.8/site-packages/airflow/example_dags/example_xcom.py
[2021-09-06 14:53:42,936] {processor.py:623} INFO - DAG(s) dict_keys(['example_xcom']) retrieved from /home/airflow/.local/lib/python3.8/site-packages/airflow/example_dags/example_xcom.py
[2021-09-06 14:53:42,947] {logging_mixin.py:109} INFO - [2021-09-06 14:53:42,947] {dag.py:1833} INFO - Sync 1 DAGs
[2021-09-06 14:53:42,953] {logging_mixin.py:109} INFO - [2021-09-06 14:53:42,953] {dag.py:2306} INFO - Setting next_dagrun for example_xcom to 2021-09-04 00:00:00+00:00
[2021-09-06 14:53:42,966] {processor.py:170} INFO - Processing /home/airflow/.local/lib/python3.8/site-packages/airflow/example_dags/example_xcom.py took 0.038 seconds
[2021-09-06 14:54:13,488] {processor.py:162} INFO - Started process (PID=4084) to work on /home/airflow/.local/lib/python3.8/site-packages/airflow/example_dags/example_xcom.py
[2021-09-06 14:54:13,488] {processor.py:613} INFO - Processing file /home/airflow/.local/lib/python3.8/site-packages/airflow/example_dags/example_xcom.py for tasks to queue
[2021-09-06 14:54:13,489] {logging_mixin.py:109} INFO - [2021-09-06 14:54:13,489] {dagbag.py:496} INFO - Filling up the DagBag from /home/airflow/.local/lib/python3.8/site-packages/airflow/example_dags/example_xcom.py
[2021-09-06 14:54:13,494] {processor.py:623} INFO - DAG(s) dict_keys(['example_xcom']) retrieved from /home/airflow/.local/lib/python3.8/site-packages/airflow/example_dags/example_xcom.py
[2021-09-06 14:54:13,503] {logging_mixin.py:109} INFO - [2021-09-06 14:54:13,503] {dag.py:1833} INFO - Sync 1 DAGs
[2021-09-06 14:54:13,512] {logging_mixin.py:109} INFO - [2021-09-06 14:54:13,512] {dag.py:2306} INFO - Setting next_dagrun for example_xcom to 2021-09-04 00:00:00+00:00
[2021-09-06 14:54:13,525] {processor.py:170} INFO - Processing /home/airflow/.local/lib/python3.8/site-packages/airflow/example_dags/example_xcom.py took 0.039 seconds
[2021-09-06 14:54:44,084] {processor.py:162} INFO - Started process (PID=4137) to work on /home/airflow/.local/lib/python3.8/site-packages/airflow/example_dags/example_xcom.py
[2021-09-06 14:54:44,085] {processor.py:613} INFO - Processing file /home/airflow/.local/lib/python3.8/site-packages/airflow/example_dags/example_xcom.py for tasks to queue
[2021-09-06 14:54:44,085] {logging_mixin.py:109} INFO - [2021-09-06 14:54:44,085] {dagbag.py:496} INFO - Filling up the DagBag from /home/airflow/.local/lib/python3.8/site-packages/airflow/example_dags/example_xcom.py
[2021-09-06 14:54:44,090] {processor.py:623} INFO - DAG(s) dict_keys(['example_xcom']) retrieved from /home/airflow/.local/lib/python3.8/site-packages/airflow/example_dags/example_xcom.py
[2021-09-06 14:54:44,099] {logging_mixin.py:109} INFO - [2021-09-06 14:54:44,099] {dag.py:1833} INFO - Sync 1 DAGs
[2021-09-06 14:54:44,105] {logging_mixin.py:109} INFO - [2021-09-06 14:54:44,104] {dag.py:2306} INFO - Setting next_dagrun for example_xcom to 2021-09-04 00:00:00+00:00
[2021-09-06 14:54:44,116] {processor.py:170} INFO - Processing /home/airflow/.local/lib/python3.8/site-packages/airflow/example_dags/example_xcom.py took 0.034 seconds
[2021-09-06 14:55:14,679] {processor.py:162} INFO - Started process (PID=4190) to work on /home/airflow/.local/lib/python3.8/site-packages/airflow/example_dags/example_xcom.py
[2021-09-06 14:55:14,680] {processor.py:613} INFO - Processing file /home/airflow/.local/lib/python3.8/site-packages/airflow/example_dags/example_xcom.py for tasks to queue
[2021-09-06 14:55:14,680] {logging_mixin.py:109} INFO - [2021-09-06 14:55:14,680] {dagbag.py:496} INFO - Filling up the DagBag from /home/airflow/.local/lib/python3.8/site-packages/airflow/example_dags/example_xcom.py
[2021-09-06 14:55:14,685] {processor.py:623} INFO - DAG(s) dict_keys(['example_xcom']) retrieved from /home/airflow/.local/lib/python3.8/site-packages/airflow/example_dags/example_xcom.py
[2021-09-06 14:55:14,695] {logging_mixin.py:109} INFO - [2021-09-06 14:55:14,695] {dag.py:1833} INFO - Sync 1 DAGs
[2021-09-06 14:55:14,702] {logging_mixin.py:109} INFO - [2021-09-06 14:55:14,702] {dag.py:2306} INFO - Setting next_dagrun for example_xcom to 2021-09-04 00:00:00+00:00
[2021-09-06 14:55:14,714] {processor.py:170} INFO - Processing /home/airflow/.local/lib/python3.8/site-packages/airflow/example_dags/example_xcom.py took 0.037 seconds
[2021-09-06 14:55:45,248] {processor.py:162} INFO - Started process (PID=4243) to work on /home/airflow/.local/lib/python3.8/site-packages/airflow/example_dags/example_xcom.py
[2021-09-06 14:55:45,248] {processor.py:613} INFO - Processing file /home/airflow/.local/lib/python3.8/site-packages/airflow/example_dags/example_xcom.py for tasks to queue
[2021-09-06 14:55:45,249] {logging_mixin.py:109} INFO - [2021-09-06 14:55:45,249] {dagbag.py:496} INFO - Filling up the DagBag from /home/airflow/.local/lib/python3.8/site-packages/airflow/example_dags/example_xcom.py
[2021-09-06 14:55:45,254] {processor.py:623} INFO - DAG(s) dict_keys(['example_xcom']) retrieved from /home/airflow/.local/lib/python3.8/site-packages/airflow/example_dags/example_xcom.py
[2021-09-06 14:55:45,264] {logging_mixin.py:109} INFO - [2021-09-06 14:55:45,264] {dag.py:1833} INFO - Sync 1 DAGs
[2021-09-06 14:55:45,270] {logging_mixin.py:109} INFO - [2021-09-06 14:55:45,270] {dag.py:2306} INFO - Setting next_dagrun for example_xcom to 2021-09-04 00:00:00+00:00
[2021-09-06 14:55:45,281] {processor.py:170} INFO - Processing /home/airflow/.local/lib/python3.8/site-packages/airflow/example_dags/example_xcom.py took 0.036 seconds
[2021-09-06 14:56:15,861] {processor.py:162} INFO - Started process (PID=4296) to work on /home/airflow/.local/lib/python3.8/site-packages/airflow/example_dags/example_xcom.py
[2021-09-06 14:56:15,862] {processor.py:613} INFO - Processing file /home/airflow/.local/lib/python3.8/site-packages/airflow/example_dags/example_xcom.py for tasks to queue
[2021-09-06 14:56:15,862] {logging_mixin.py:109} INFO - [2021-09-06 14:56:15,862] {dagbag.py:496} INFO - Filling up the DagBag from /home/airflow/.local/lib/python3.8/site-packages/airflow/example_dags/example_xcom.py
[2021-09-06 14:56:15,867] {processor.py:623} INFO - DAG(s) dict_keys(['example_xcom']) retrieved from /home/airflow/.local/lib/python3.8/site-packages/airflow/example_dags/example_xcom.py
[2021-09-06 14:56:15,876] {logging_mixin.py:109} INFO - [2021-09-06 14:56:15,876] {dag.py:1833} INFO - Sync 1 DAGs
[2021-09-06 14:56:15,882] {logging_mixin.py:109} INFO - [2021-09-06 14:56:15,882] {dag.py:2306} INFO - Setting next_dagrun for example_xcom to 2021-09-04 00:00:00+00:00
[2021-09-06 14:56:15,894] {processor.py:170} INFO - Processing /home/airflow/.local/lib/python3.8/site-packages/airflow/example_dags/example_xcom.py took 0.034 seconds
[2021-09-06 14:56:46,396] {processor.py:162} INFO - Started process (PID=4350) to work on /home/airflow/.local/lib/python3.8/site-packages/airflow/example_dags/example_xcom.py
[2021-09-06 14:56:46,396] {processor.py:613} INFO - Processing file /home/airflow/.local/lib/python3.8/site-packages/airflow/example_dags/example_xcom.py for tasks to queue
[2021-09-06 14:56:46,396] {logging_mixin.py:109} INFO - [2021-09-06 14:56:46,396] {dagbag.py:496} INFO - Filling up the DagBag from /home/airflow/.local/lib/python3.8/site-packages/airflow/example_dags/example_xcom.py
[2021-09-06 14:56:46,402] {processor.py:623} INFO - DAG(s) dict_keys(['example_xcom']) retrieved from /home/airflow/.local/lib/python3.8/site-packages/airflow/example_dags/example_xcom.py
[2021-09-06 14:56:46,411] {logging_mixin.py:109} INFO - [2021-09-06 14:56:46,411] {dag.py:1833} INFO - Sync 1 DAGs
[2021-09-06 14:56:46,417] {logging_mixin.py:109} INFO - [2021-09-06 14:56:46,417] {dag.py:2306} INFO - Setting next_dagrun for example_xcom to 2021-09-04 00:00:00+00:00
[2021-09-06 14:56:46,421] {processor.py:170} INFO - Processing /home/airflow/.local/lib/python3.8/site-packages/airflow/example_dags/example_xcom.py took 0.027 seconds
[2021-09-06 14:57:16,992] {processor.py:162} INFO - Started process (PID=4403) to work on /home/airflow/.local/lib/python3.8/site-packages/airflow/example_dags/example_xcom.py
[2021-09-06 14:57:16,993] {processor.py:613} INFO - Processing file /home/airflow/.local/lib/python3.8/site-packages/airflow/example_dags/example_xcom.py for tasks to queue
[2021-09-06 14:57:16,994] {logging_mixin.py:109} INFO - [2021-09-06 14:57:16,994] {dagbag.py:496} INFO - Filling up the DagBag from /home/airflow/.local/lib/python3.8/site-packages/airflow/example_dags/example_xcom.py
[2021-09-06 14:57:16,999] {processor.py:623} INFO - DAG(s) dict_keys(['example_xcom']) retrieved from /home/airflow/.local/lib/python3.8/site-packages/airflow/example_dags/example_xcom.py
[2021-09-06 14:57:17,008] {logging_mixin.py:109} INFO - [2021-09-06 14:57:17,008] {dag.py:1833} INFO - Sync 1 DAGs
[2021-09-06 14:57:17,014] {logging_mixin.py:109} INFO - [2021-09-06 14:57:17,014] {dag.py:2306} INFO - Setting next_dagrun for example_xcom to 2021-09-04 00:00:00+00:00
[2021-09-06 14:57:17,026] {processor.py:170} INFO - Processing /home/airflow/.local/lib/python3.8/site-packages/airflow/example_dags/example_xcom.py took 0.035 seconds
[2021-09-06 14:57:47,581] {processor.py:162} INFO - Started process (PID=4456) to work on /home/airflow/.local/lib/python3.8/site-packages/airflow/example_dags/example_xcom.py
[2021-09-06 14:57:47,582] {processor.py:613} INFO - Processing file /home/airflow/.local/lib/python3.8/site-packages/airflow/example_dags/example_xcom.py for tasks to queue
[2021-09-06 14:57:47,582] {logging_mixin.py:109} INFO - [2021-09-06 14:57:47,582] {dagbag.py:496} INFO - Filling up the DagBag from /home/airflow/.local/lib/python3.8/site-packages/airflow/example_dags/example_xcom.py
[2021-09-06 14:57:47,588] {processor.py:623} INFO - DAG(s) dict_keys(['example_xcom']) retrieved from /home/airflow/.local/lib/python3.8/site-packages/airflow/example_dags/example_xcom.py
[2021-09-06 14:57:47,597] {logging_mixin.py:109} INFO - [2021-09-06 14:57:47,597] {dag.py:1833} INFO - Sync 1 DAGs
[2021-09-06 14:57:47,603] {logging_mixin.py:109} INFO - [2021-09-06 14:57:47,603] {dag.py:2306} INFO - Setting next_dagrun for example_xcom to 2021-09-04 00:00:00+00:00
[2021-09-06 14:57:47,615] {processor.py:170} INFO - Processing /home/airflow/.local/lib/python3.8/site-packages/airflow/example_dags/example_xcom.py took 0.035 seconds
[2021-09-06 14:58:18,165] {processor.py:162} INFO - Started process (PID=4509) to work on /home/airflow/.local/lib/python3.8/site-packages/airflow/example_dags/example_xcom.py
[2021-09-06 14:58:18,166] {processor.py:613} INFO - Processing file /home/airflow/.local/lib/python3.8/site-packages/airflow/example_dags/example_xcom.py for tasks to queue
[2021-09-06 14:58:18,166] {logging_mixin.py:109} INFO - [2021-09-06 14:58:18,166] {dagbag.py:496} INFO - Filling up the DagBag from /home/airflow/.local/lib/python3.8/site-packages/airflow/example_dags/example_xcom.py
[2021-09-06 14:58:18,171] {processor.py:623} INFO - DAG(s) dict_keys(['example_xcom']) retrieved from /home/airflow/.local/lib/python3.8/site-packages/airflow/example_dags/example_xcom.py
[2021-09-06 14:58:18,181] {logging_mixin.py:109} INFO - [2021-09-06 14:58:18,181] {dag.py:1833} INFO - Sync 1 DAGs
[2021-09-06 14:58:18,186] {logging_mixin.py:109} INFO - [2021-09-06 14:58:18,186] {dag.py:2306} INFO - Setting next_dagrun for example_xcom to 2021-09-04 00:00:00+00:00
[2021-09-06 14:58:18,198] {processor.py:170} INFO - Processing /home/airflow/.local/lib/python3.8/site-packages/airflow/example_dags/example_xcom.py took 0.035 seconds
[2021-09-06 14:58:48,743] {processor.py:162} INFO - Started process (PID=4562) to work on /home/airflow/.local/lib/python3.8/site-packages/airflow/example_dags/example_xcom.py
[2021-09-06 14:58:48,744] {processor.py:613} INFO - Processing file /home/airflow/.local/lib/python3.8/site-packages/airflow/example_dags/example_xcom.py for tasks to queue
[2021-09-06 14:58:48,744] {logging_mixin.py:109} INFO - [2021-09-06 14:58:48,744] {dagbag.py:496} INFO - Filling up the DagBag from /home/airflow/.local/lib/python3.8/site-packages/airflow/example_dags/example_xcom.py
[2021-09-06 14:58:48,749] {processor.py:623} INFO - DAG(s) dict_keys(['example_xcom']) retrieved from /home/airflow/.local/lib/python3.8/site-packages/airflow/example_dags/example_xcom.py
[2021-09-06 14:58:48,759] {logging_mixin.py:109} INFO - [2021-09-06 14:58:48,759] {dag.py:1833} INFO - Sync 1 DAGs
[2021-09-06 14:58:48,765] {logging_mixin.py:109} INFO - [2021-09-06 14:58:48,765] {dag.py:2306} INFO - Setting next_dagrun for example_xcom to 2021-09-04 00:00:00+00:00
[2021-09-06 14:58:48,777] {processor.py:170} INFO - Processing /home/airflow/.local/lib/python3.8/site-packages/airflow/example_dags/example_xcom.py took 0.035 seconds
