[2021-09-06 14:19:01,285] {processor.py:162} INFO - Started process (PID=54) to work on /home/airflow/.local/lib/python3.8/site-packages/airflow/example_dags/tutorial.py
[2021-09-06 14:19:01,286] {processor.py:613} INFO - Processing file /home/airflow/.local/lib/python3.8/site-packages/airflow/example_dags/tutorial.py for tasks to queue
[2021-09-06 14:19:01,286] {logging_mixin.py:109} INFO - [2021-09-06 14:19:01,286] {dagbag.py:496} INFO - Filling up the DagBag from /home/airflow/.local/lib/python3.8/site-packages/airflow/example_dags/tutorial.py
[2021-09-06 14:19:01,292] {processor.py:623} INFO - DAG(s) dict_keys(['tutorial']) retrieved from /home/airflow/.local/lib/python3.8/site-packages/airflow/example_dags/tutorial.py
[2021-09-06 14:19:02,390] {logging_mixin.py:109} INFO - [2021-09-06 14:19:02,389] {dag.py:1833} INFO - Sync 1 DAGs
[2021-09-06 14:19:02,393] {logging_mixin.py:109} INFO - [2021-09-06 14:19:02,393] {dag.py:1852} INFO - Creating ORM DAG for tutorial
[2021-09-06 14:19:02,396] {logging_mixin.py:109} INFO - [2021-09-06 14:19:02,396] {dag.py:2306} INFO - Setting next_dagrun for tutorial to 2021-09-04 00:00:00+00:00
[2021-09-06 14:19:02,400] {processor.py:170} INFO - Processing /home/airflow/.local/lib/python3.8/site-packages/airflow/example_dags/tutorial.py took 1.116 seconds
[2021-09-06 14:19:32,767] {processor.py:162} INFO - Started process (PID=455) to work on /home/airflow/.local/lib/python3.8/site-packages/airflow/example_dags/tutorial.py
[2021-09-06 14:19:32,768] {processor.py:613} INFO - Processing file /home/airflow/.local/lib/python3.8/site-packages/airflow/example_dags/tutorial.py for tasks to queue
[2021-09-06 14:19:32,768] {logging_mixin.py:109} INFO - [2021-09-06 14:19:32,768] {dagbag.py:496} INFO - Filling up the DagBag from /home/airflow/.local/lib/python3.8/site-packages/airflow/example_dags/tutorial.py
[2021-09-06 14:19:32,773] {processor.py:623} INFO - DAG(s) dict_keys(['tutorial']) retrieved from /home/airflow/.local/lib/python3.8/site-packages/airflow/example_dags/tutorial.py
[2021-09-06 14:19:32,782] {logging_mixin.py:109} INFO - [2021-09-06 14:19:32,782] {dag.py:1833} INFO - Sync 1 DAGs
[2021-09-06 14:19:32,788] {logging_mixin.py:109} INFO - [2021-09-06 14:19:32,788] {dag.py:2306} INFO - Setting next_dagrun for tutorial to 2021-09-04 00:00:00+00:00
[2021-09-06 14:19:32,800] {processor.py:170} INFO - Processing /home/airflow/.local/lib/python3.8/site-packages/airflow/example_dags/tutorial.py took 0.034 seconds
[2021-09-06 14:20:03,341] {processor.py:162} INFO - Started process (PID=508) to work on /home/airflow/.local/lib/python3.8/site-packages/airflow/example_dags/tutorial.py
[2021-09-06 14:20:03,342] {processor.py:613} INFO - Processing file /home/airflow/.local/lib/python3.8/site-packages/airflow/example_dags/tutorial.py for tasks to queue
[2021-09-06 14:20:03,342] {logging_mixin.py:109} INFO - [2021-09-06 14:20:03,342] {dagbag.py:496} INFO - Filling up the DagBag from /home/airflow/.local/lib/python3.8/site-packages/airflow/example_dags/tutorial.py
[2021-09-06 14:20:03,347] {processor.py:623} INFO - DAG(s) dict_keys(['tutorial']) retrieved from /home/airflow/.local/lib/python3.8/site-packages/airflow/example_dags/tutorial.py
[2021-09-06 14:20:03,356] {logging_mixin.py:109} INFO - [2021-09-06 14:20:03,356] {dag.py:1833} INFO - Sync 1 DAGs
[2021-09-06 14:20:03,362] {logging_mixin.py:109} INFO - [2021-09-06 14:20:03,362] {dag.py:2306} INFO - Setting next_dagrun for tutorial to 2021-09-04 00:00:00+00:00
[2021-09-06 14:20:03,374] {processor.py:170} INFO - Processing /home/airflow/.local/lib/python3.8/site-packages/airflow/example_dags/tutorial.py took 0.035 seconds
[2021-09-06 14:20:33,938] {processor.py:162} INFO - Started process (PID=561) to work on /home/airflow/.local/lib/python3.8/site-packages/airflow/example_dags/tutorial.py
[2021-09-06 14:20:33,939] {processor.py:613} INFO - Processing file /home/airflow/.local/lib/python3.8/site-packages/airflow/example_dags/tutorial.py for tasks to queue
[2021-09-06 14:20:33,939] {logging_mixin.py:109} INFO - [2021-09-06 14:20:33,939] {dagbag.py:496} INFO - Filling up the DagBag from /home/airflow/.local/lib/python3.8/site-packages/airflow/example_dags/tutorial.py
[2021-09-06 14:20:33,945] {processor.py:623} INFO - DAG(s) dict_keys(['tutorial']) retrieved from /home/airflow/.local/lib/python3.8/site-packages/airflow/example_dags/tutorial.py
[2021-09-06 14:20:33,954] {logging_mixin.py:109} INFO - [2021-09-06 14:20:33,954] {dag.py:1833} INFO - Sync 1 DAGs
[2021-09-06 14:20:33,960] {logging_mixin.py:109} INFO - [2021-09-06 14:20:33,960] {dag.py:2306} INFO - Setting next_dagrun for tutorial to 2021-09-04 00:00:00+00:00
[2021-09-06 14:20:33,972] {processor.py:170} INFO - Processing /home/airflow/.local/lib/python3.8/site-packages/airflow/example_dags/tutorial.py took 0.036 seconds
[2021-09-06 14:21:04,613] {processor.py:162} INFO - Started process (PID=614) to work on /home/airflow/.local/lib/python3.8/site-packages/airflow/example_dags/tutorial.py
[2021-09-06 14:21:04,613] {processor.py:613} INFO - Processing file /home/airflow/.local/lib/python3.8/site-packages/airflow/example_dags/tutorial.py for tasks to queue
[2021-09-06 14:21:04,614] {logging_mixin.py:109} INFO - [2021-09-06 14:21:04,614] {dagbag.py:496} INFO - Filling up the DagBag from /home/airflow/.local/lib/python3.8/site-packages/airflow/example_dags/tutorial.py
[2021-09-06 14:21:04,619] {processor.py:623} INFO - DAG(s) dict_keys(['tutorial']) retrieved from /home/airflow/.local/lib/python3.8/site-packages/airflow/example_dags/tutorial.py
[2021-09-06 14:21:04,631] {logging_mixin.py:109} INFO - [2021-09-06 14:21:04,631] {dag.py:1833} INFO - Sync 1 DAGs
[2021-09-06 14:21:04,637] {logging_mixin.py:109} INFO - [2021-09-06 14:21:04,637] {dag.py:2306} INFO - Setting next_dagrun for tutorial to 2021-09-04 00:00:00+00:00
[2021-09-06 14:21:04,641] {processor.py:170} INFO - Processing /home/airflow/.local/lib/python3.8/site-packages/airflow/example_dags/tutorial.py took 0.030 seconds
[2021-09-06 14:21:35,248] {processor.py:162} INFO - Started process (PID=667) to work on /home/airflow/.local/lib/python3.8/site-packages/airflow/example_dags/tutorial.py
[2021-09-06 14:21:35,248] {processor.py:613} INFO - Processing file /home/airflow/.local/lib/python3.8/site-packages/airflow/example_dags/tutorial.py for tasks to queue
[2021-09-06 14:21:35,248] {logging_mixin.py:109} INFO - [2021-09-06 14:21:35,248] {dagbag.py:496} INFO - Filling up the DagBag from /home/airflow/.local/lib/python3.8/site-packages/airflow/example_dags/tutorial.py
[2021-09-06 14:21:35,255] {processor.py:623} INFO - DAG(s) dict_keys(['tutorial']) retrieved from /home/airflow/.local/lib/python3.8/site-packages/airflow/example_dags/tutorial.py
[2021-09-06 14:21:35,265] {logging_mixin.py:109} INFO - [2021-09-06 14:21:35,265] {dag.py:1833} INFO - Sync 1 DAGs
[2021-09-06 14:21:35,272] {logging_mixin.py:109} INFO - [2021-09-06 14:21:35,272] {dag.py:2306} INFO - Setting next_dagrun for tutorial to 2021-09-04 00:00:00+00:00
[2021-09-06 14:21:35,276] {processor.py:170} INFO - Processing /home/airflow/.local/lib/python3.8/site-packages/airflow/example_dags/tutorial.py took 0.030 seconds
[2021-09-06 14:22:05,849] {processor.py:162} INFO - Started process (PID=720) to work on /home/airflow/.local/lib/python3.8/site-packages/airflow/example_dags/tutorial.py
[2021-09-06 14:22:05,849] {processor.py:613} INFO - Processing file /home/airflow/.local/lib/python3.8/site-packages/airflow/example_dags/tutorial.py for tasks to queue
[2021-09-06 14:22:05,849] {logging_mixin.py:109} INFO - [2021-09-06 14:22:05,849] {dagbag.py:496} INFO - Filling up the DagBag from /home/airflow/.local/lib/python3.8/site-packages/airflow/example_dags/tutorial.py
[2021-09-06 14:22:05,855] {processor.py:623} INFO - DAG(s) dict_keys(['tutorial']) retrieved from /home/airflow/.local/lib/python3.8/site-packages/airflow/example_dags/tutorial.py
[2021-09-06 14:22:05,864] {logging_mixin.py:109} INFO - [2021-09-06 14:22:05,864] {dag.py:1833} INFO - Sync 1 DAGs
[2021-09-06 14:22:05,870] {logging_mixin.py:109} INFO - [2021-09-06 14:22:05,870] {dag.py:2306} INFO - Setting next_dagrun for tutorial to 2021-09-04 00:00:00+00:00
[2021-09-06 14:22:05,881] {processor.py:170} INFO - Processing /home/airflow/.local/lib/python3.8/site-packages/airflow/example_dags/tutorial.py took 0.034 seconds
[2021-09-06 14:22:36,442] {processor.py:162} INFO - Started process (PID=773) to work on /home/airflow/.local/lib/python3.8/site-packages/airflow/example_dags/tutorial.py
[2021-09-06 14:22:36,443] {processor.py:613} INFO - Processing file /home/airflow/.local/lib/python3.8/site-packages/airflow/example_dags/tutorial.py for tasks to queue
[2021-09-06 14:22:36,443] {logging_mixin.py:109} INFO - [2021-09-06 14:22:36,443] {dagbag.py:496} INFO - Filling up the DagBag from /home/airflow/.local/lib/python3.8/site-packages/airflow/example_dags/tutorial.py
[2021-09-06 14:22:36,448] {processor.py:623} INFO - DAG(s) dict_keys(['tutorial']) retrieved from /home/airflow/.local/lib/python3.8/site-packages/airflow/example_dags/tutorial.py
[2021-09-06 14:22:36,458] {logging_mixin.py:109} INFO - [2021-09-06 14:22:36,458] {dag.py:1833} INFO - Sync 1 DAGs
[2021-09-06 14:22:36,464] {logging_mixin.py:109} INFO - [2021-09-06 14:22:36,464] {dag.py:2306} INFO - Setting next_dagrun for tutorial to 2021-09-04 00:00:00+00:00
[2021-09-06 14:22:36,468] {processor.py:170} INFO - Processing /home/airflow/.local/lib/python3.8/site-packages/airflow/example_dags/tutorial.py took 0.028 seconds
[2021-09-06 14:23:07,027] {processor.py:162} INFO - Started process (PID=826) to work on /home/airflow/.local/lib/python3.8/site-packages/airflow/example_dags/tutorial.py
[2021-09-06 14:23:07,028] {processor.py:613} INFO - Processing file /home/airflow/.local/lib/python3.8/site-packages/airflow/example_dags/tutorial.py for tasks to queue
[2021-09-06 14:23:07,028] {logging_mixin.py:109} INFO - [2021-09-06 14:23:07,028] {dagbag.py:496} INFO - Filling up the DagBag from /home/airflow/.local/lib/python3.8/site-packages/airflow/example_dags/tutorial.py
[2021-09-06 14:23:07,033] {processor.py:623} INFO - DAG(s) dict_keys(['tutorial']) retrieved from /home/airflow/.local/lib/python3.8/site-packages/airflow/example_dags/tutorial.py
[2021-09-06 14:23:07,043] {logging_mixin.py:109} INFO - [2021-09-06 14:23:07,043] {dag.py:1833} INFO - Sync 1 DAGs
[2021-09-06 14:23:07,049] {logging_mixin.py:109} INFO - [2021-09-06 14:23:07,049] {dag.py:2306} INFO - Setting next_dagrun for tutorial to 2021-09-04 00:00:00+00:00
[2021-09-06 14:23:07,061] {processor.py:170} INFO - Processing /home/airflow/.local/lib/python3.8/site-packages/airflow/example_dags/tutorial.py took 0.035 seconds
[2021-09-06 14:23:37,656] {processor.py:162} INFO - Started process (PID=880) to work on /home/airflow/.local/lib/python3.8/site-packages/airflow/example_dags/tutorial.py
[2021-09-06 14:23:37,657] {processor.py:613} INFO - Processing file /home/airflow/.local/lib/python3.8/site-packages/airflow/example_dags/tutorial.py for tasks to queue
[2021-09-06 14:23:37,658] {logging_mixin.py:109} INFO - [2021-09-06 14:23:37,658] {dagbag.py:496} INFO - Filling up the DagBag from /home/airflow/.local/lib/python3.8/site-packages/airflow/example_dags/tutorial.py
[2021-09-06 14:23:37,664] {processor.py:623} INFO - DAG(s) dict_keys(['tutorial']) retrieved from /home/airflow/.local/lib/python3.8/site-packages/airflow/example_dags/tutorial.py
[2021-09-06 14:23:37,674] {logging_mixin.py:109} INFO - [2021-09-06 14:23:37,674] {dag.py:1833} INFO - Sync 1 DAGs
[2021-09-06 14:23:37,680] {logging_mixin.py:109} INFO - [2021-09-06 14:23:37,680] {dag.py:2306} INFO - Setting next_dagrun for tutorial to 2021-09-04 00:00:00+00:00
[2021-09-06 14:23:37,685] {processor.py:170} INFO - Processing /home/airflow/.local/lib/python3.8/site-packages/airflow/example_dags/tutorial.py took 0.031 seconds
[2021-09-06 14:24:08,265] {processor.py:162} INFO - Started process (PID=933) to work on /home/airflow/.local/lib/python3.8/site-packages/airflow/example_dags/tutorial.py
[2021-09-06 14:24:08,266] {processor.py:613} INFO - Processing file /home/airflow/.local/lib/python3.8/site-packages/airflow/example_dags/tutorial.py for tasks to queue
[2021-09-06 14:24:08,266] {logging_mixin.py:109} INFO - [2021-09-06 14:24:08,266] {dagbag.py:496} INFO - Filling up the DagBag from /home/airflow/.local/lib/python3.8/site-packages/airflow/example_dags/tutorial.py
[2021-09-06 14:24:08,271] {processor.py:623} INFO - DAG(s) dict_keys(['tutorial']) retrieved from /home/airflow/.local/lib/python3.8/site-packages/airflow/example_dags/tutorial.py
[2021-09-06 14:24:08,281] {logging_mixin.py:109} INFO - [2021-09-06 14:24:08,280] {dag.py:1833} INFO - Sync 1 DAGs
[2021-09-06 14:24:08,286] {logging_mixin.py:109} INFO - [2021-09-06 14:24:08,286] {dag.py:2306} INFO - Setting next_dagrun for tutorial to 2021-09-04 00:00:00+00:00
[2021-09-06 14:24:08,299] {processor.py:170} INFO - Processing /home/airflow/.local/lib/python3.8/site-packages/airflow/example_dags/tutorial.py took 0.035 seconds
[2021-09-06 14:24:38,882] {processor.py:162} INFO - Started process (PID=987) to work on /home/airflow/.local/lib/python3.8/site-packages/airflow/example_dags/tutorial.py
[2021-09-06 14:24:38,883] {processor.py:613} INFO - Processing file /home/airflow/.local/lib/python3.8/site-packages/airflow/example_dags/tutorial.py for tasks to queue
[2021-09-06 14:24:38,883] {logging_mixin.py:109} INFO - [2021-09-06 14:24:38,883] {dagbag.py:496} INFO - Filling up the DagBag from /home/airflow/.local/lib/python3.8/site-packages/airflow/example_dags/tutorial.py
[2021-09-06 14:24:38,888] {processor.py:623} INFO - DAG(s) dict_keys(['tutorial']) retrieved from /home/airflow/.local/lib/python3.8/site-packages/airflow/example_dags/tutorial.py
[2021-09-06 14:24:38,897] {logging_mixin.py:109} INFO - [2021-09-06 14:24:38,897] {dag.py:1833} INFO - Sync 1 DAGs
[2021-09-06 14:24:38,903] {logging_mixin.py:109} INFO - [2021-09-06 14:24:38,903] {dag.py:2306} INFO - Setting next_dagrun for tutorial to 2021-09-04 00:00:00+00:00
[2021-09-06 14:24:38,913] {processor.py:170} INFO - Processing /home/airflow/.local/lib/python3.8/site-packages/airflow/example_dags/tutorial.py took 0.033 seconds
[2021-09-06 14:25:09,481] {processor.py:162} INFO - Started process (PID=1040) to work on /home/airflow/.local/lib/python3.8/site-packages/airflow/example_dags/tutorial.py
[2021-09-06 14:25:09,481] {processor.py:613} INFO - Processing file /home/airflow/.local/lib/python3.8/site-packages/airflow/example_dags/tutorial.py for tasks to queue
[2021-09-06 14:25:09,482] {logging_mixin.py:109} INFO - [2021-09-06 14:25:09,482] {dagbag.py:496} INFO - Filling up the DagBag from /home/airflow/.local/lib/python3.8/site-packages/airflow/example_dags/tutorial.py
[2021-09-06 14:25:09,487] {processor.py:623} INFO - DAG(s) dict_keys(['tutorial']) retrieved from /home/airflow/.local/lib/python3.8/site-packages/airflow/example_dags/tutorial.py
[2021-09-06 14:25:09,497] {logging_mixin.py:109} INFO - [2021-09-06 14:25:09,497] {dag.py:1833} INFO - Sync 1 DAGs
[2021-09-06 14:25:09,503] {logging_mixin.py:109} INFO - [2021-09-06 14:25:09,503] {dag.py:2306} INFO - Setting next_dagrun for tutorial to 2021-09-04 00:00:00+00:00
[2021-09-06 14:25:09,508] {processor.py:170} INFO - Processing /home/airflow/.local/lib/python3.8/site-packages/airflow/example_dags/tutorial.py took 0.029 seconds
[2021-09-06 14:25:40,041] {processor.py:162} INFO - Started process (PID=1093) to work on /home/airflow/.local/lib/python3.8/site-packages/airflow/example_dags/tutorial.py
[2021-09-06 14:25:40,042] {processor.py:613} INFO - Processing file /home/airflow/.local/lib/python3.8/site-packages/airflow/example_dags/tutorial.py for tasks to queue
[2021-09-06 14:25:40,042] {logging_mixin.py:109} INFO - [2021-09-06 14:25:40,042] {dagbag.py:496} INFO - Filling up the DagBag from /home/airflow/.local/lib/python3.8/site-packages/airflow/example_dags/tutorial.py
[2021-09-06 14:25:40,047] {processor.py:623} INFO - DAG(s) dict_keys(['tutorial']) retrieved from /home/airflow/.local/lib/python3.8/site-packages/airflow/example_dags/tutorial.py
[2021-09-06 14:25:40,056] {logging_mixin.py:109} INFO - [2021-09-06 14:25:40,056] {dag.py:1833} INFO - Sync 1 DAGs
[2021-09-06 14:25:40,062] {logging_mixin.py:109} INFO - [2021-09-06 14:25:40,062] {dag.py:2306} INFO - Setting next_dagrun for tutorial to 2021-09-04 00:00:00+00:00
[2021-09-06 14:25:40,074] {processor.py:170} INFO - Processing /home/airflow/.local/lib/python3.8/site-packages/airflow/example_dags/tutorial.py took 0.034 seconds
[2021-09-06 14:26:10,637] {processor.py:162} INFO - Started process (PID=1146) to work on /home/airflow/.local/lib/python3.8/site-packages/airflow/example_dags/tutorial.py
[2021-09-06 14:26:10,638] {processor.py:613} INFO - Processing file /home/airflow/.local/lib/python3.8/site-packages/airflow/example_dags/tutorial.py for tasks to queue
[2021-09-06 14:26:10,638] {logging_mixin.py:109} INFO - [2021-09-06 14:26:10,638] {dagbag.py:496} INFO - Filling up the DagBag from /home/airflow/.local/lib/python3.8/site-packages/airflow/example_dags/tutorial.py
[2021-09-06 14:26:10,643] {processor.py:623} INFO - DAG(s) dict_keys(['tutorial']) retrieved from /home/airflow/.local/lib/python3.8/site-packages/airflow/example_dags/tutorial.py
[2021-09-06 14:26:10,652] {logging_mixin.py:109} INFO - [2021-09-06 14:26:10,652] {dag.py:1833} INFO - Sync 1 DAGs
[2021-09-06 14:26:10,657] {logging_mixin.py:109} INFO - [2021-09-06 14:26:10,657] {dag.py:2306} INFO - Setting next_dagrun for tutorial to 2021-09-04 00:00:00+00:00
[2021-09-06 14:26:10,669] {processor.py:170} INFO - Processing /home/airflow/.local/lib/python3.8/site-packages/airflow/example_dags/tutorial.py took 0.034 seconds
[2021-09-06 14:26:41,249] {processor.py:162} INFO - Started process (PID=1210) to work on /home/airflow/.local/lib/python3.8/site-packages/airflow/example_dags/tutorial.py
[2021-09-06 14:26:41,249] {processor.py:613} INFO - Processing file /home/airflow/.local/lib/python3.8/site-packages/airflow/example_dags/tutorial.py for tasks to queue
[2021-09-06 14:26:41,250] {logging_mixin.py:109} INFO - [2021-09-06 14:26:41,249] {dagbag.py:496} INFO - Filling up the DagBag from /home/airflow/.local/lib/python3.8/site-packages/airflow/example_dags/tutorial.py
[2021-09-06 14:26:41,255] {processor.py:623} INFO - DAG(s) dict_keys(['tutorial']) retrieved from /home/airflow/.local/lib/python3.8/site-packages/airflow/example_dags/tutorial.py
[2021-09-06 14:26:41,267] {logging_mixin.py:109} INFO - [2021-09-06 14:26:41,267] {dag.py:1833} INFO - Sync 1 DAGs
[2021-09-06 14:26:41,273] {logging_mixin.py:109} INFO - [2021-09-06 14:26:41,273] {dag.py:2306} INFO - Setting next_dagrun for tutorial to 2021-09-04 00:00:00+00:00
[2021-09-06 14:26:41,277] {processor.py:170} INFO - Processing /home/airflow/.local/lib/python3.8/site-packages/airflow/example_dags/tutorial.py took 0.030 seconds
[2021-09-06 14:27:11,901] {processor.py:162} INFO - Started process (PID=1263) to work on /home/airflow/.local/lib/python3.8/site-packages/airflow/example_dags/tutorial.py
[2021-09-06 14:27:11,902] {processor.py:613} INFO - Processing file /home/airflow/.local/lib/python3.8/site-packages/airflow/example_dags/tutorial.py for tasks to queue
[2021-09-06 14:27:11,902] {logging_mixin.py:109} INFO - [2021-09-06 14:27:11,902] {dagbag.py:496} INFO - Filling up the DagBag from /home/airflow/.local/lib/python3.8/site-packages/airflow/example_dags/tutorial.py
[2021-09-06 14:27:11,908] {processor.py:623} INFO - DAG(s) dict_keys(['tutorial']) retrieved from /home/airflow/.local/lib/python3.8/site-packages/airflow/example_dags/tutorial.py
[2021-09-06 14:27:11,917] {logging_mixin.py:109} INFO - [2021-09-06 14:27:11,917] {dag.py:1833} INFO - Sync 1 DAGs
[2021-09-06 14:27:11,924] {logging_mixin.py:109} INFO - [2021-09-06 14:27:11,924] {dag.py:2306} INFO - Setting next_dagrun for tutorial to 2021-09-04 00:00:00+00:00
[2021-09-06 14:27:11,934] {processor.py:170} INFO - Processing /home/airflow/.local/lib/python3.8/site-packages/airflow/example_dags/tutorial.py took 0.035 seconds
[2021-09-06 14:27:42,444] {processor.py:162} INFO - Started process (PID=1317) to work on /home/airflow/.local/lib/python3.8/site-packages/airflow/example_dags/tutorial.py
[2021-09-06 14:27:42,445] {processor.py:613} INFO - Processing file /home/airflow/.local/lib/python3.8/site-packages/airflow/example_dags/tutorial.py for tasks to queue
[2021-09-06 14:27:42,445] {logging_mixin.py:109} INFO - [2021-09-06 14:27:42,445] {dagbag.py:496} INFO - Filling up the DagBag from /home/airflow/.local/lib/python3.8/site-packages/airflow/example_dags/tutorial.py
[2021-09-06 14:27:42,450] {processor.py:623} INFO - DAG(s) dict_keys(['tutorial']) retrieved from /home/airflow/.local/lib/python3.8/site-packages/airflow/example_dags/tutorial.py
[2021-09-06 14:27:42,460] {logging_mixin.py:109} INFO - [2021-09-06 14:27:42,460] {dag.py:1833} INFO - Sync 1 DAGs
[2021-09-06 14:27:42,466] {logging_mixin.py:109} INFO - [2021-09-06 14:27:42,466] {dag.py:2306} INFO - Setting next_dagrun for tutorial to 2021-09-04 00:00:00+00:00
[2021-09-06 14:27:42,470] {processor.py:170} INFO - Processing /home/airflow/.local/lib/python3.8/site-packages/airflow/example_dags/tutorial.py took 0.028 seconds
[2021-09-06 14:28:12,967] {processor.py:162} INFO - Started process (PID=1370) to work on /home/airflow/.local/lib/python3.8/site-packages/airflow/example_dags/tutorial.py
[2021-09-06 14:28:12,967] {processor.py:613} INFO - Processing file /home/airflow/.local/lib/python3.8/site-packages/airflow/example_dags/tutorial.py for tasks to queue
[2021-09-06 14:28:12,968] {logging_mixin.py:109} INFO - [2021-09-06 14:28:12,968] {dagbag.py:496} INFO - Filling up the DagBag from /home/airflow/.local/lib/python3.8/site-packages/airflow/example_dags/tutorial.py
[2021-09-06 14:28:12,973] {processor.py:623} INFO - DAG(s) dict_keys(['tutorial']) retrieved from /home/airflow/.local/lib/python3.8/site-packages/airflow/example_dags/tutorial.py
[2021-09-06 14:28:12,982] {logging_mixin.py:109} INFO - [2021-09-06 14:28:12,982] {dag.py:1833} INFO - Sync 1 DAGs
[2021-09-06 14:28:12,988] {logging_mixin.py:109} INFO - [2021-09-06 14:28:12,988] {dag.py:2306} INFO - Setting next_dagrun for tutorial to 2021-09-04 00:00:00+00:00
[2021-09-06 14:28:12,992] {processor.py:170} INFO - Processing /home/airflow/.local/lib/python3.8/site-packages/airflow/example_dags/tutorial.py took 0.027 seconds
[2021-09-06 14:28:43,547] {processor.py:162} INFO - Started process (PID=1423) to work on /home/airflow/.local/lib/python3.8/site-packages/airflow/example_dags/tutorial.py
[2021-09-06 14:28:43,548] {processor.py:613} INFO - Processing file /home/airflow/.local/lib/python3.8/site-packages/airflow/example_dags/tutorial.py for tasks to queue
[2021-09-06 14:28:43,548] {logging_mixin.py:109} INFO - [2021-09-06 14:28:43,548] {dagbag.py:496} INFO - Filling up the DagBag from /home/airflow/.local/lib/python3.8/site-packages/airflow/example_dags/tutorial.py
[2021-09-06 14:28:43,554] {processor.py:623} INFO - DAG(s) dict_keys(['tutorial']) retrieved from /home/airflow/.local/lib/python3.8/site-packages/airflow/example_dags/tutorial.py
[2021-09-06 14:28:43,563] {logging_mixin.py:109} INFO - [2021-09-06 14:28:43,563] {dag.py:1833} INFO - Sync 1 DAGs
[2021-09-06 14:28:43,570] {logging_mixin.py:109} INFO - [2021-09-06 14:28:43,570] {dag.py:2306} INFO - Setting next_dagrun for tutorial to 2021-09-04 00:00:00+00:00
[2021-09-06 14:28:43,576] {processor.py:170} INFO - Processing /home/airflow/.local/lib/python3.8/site-packages/airflow/example_dags/tutorial.py took 0.030 seconds
[2021-09-06 14:29:13,697] {processor.py:162} INFO - Started process (PID=1476) to work on /home/airflow/.local/lib/python3.8/site-packages/airflow/example_dags/tutorial.py
[2021-09-06 14:29:13,698] {processor.py:613} INFO - Processing file /home/airflow/.local/lib/python3.8/site-packages/airflow/example_dags/tutorial.py for tasks to queue
[2021-09-06 14:29:13,698] {logging_mixin.py:109} INFO - [2021-09-06 14:29:13,698] {dagbag.py:496} INFO - Filling up the DagBag from /home/airflow/.local/lib/python3.8/site-packages/airflow/example_dags/tutorial.py
[2021-09-06 14:29:13,704] {processor.py:623} INFO - DAG(s) dict_keys(['tutorial']) retrieved from /home/airflow/.local/lib/python3.8/site-packages/airflow/example_dags/tutorial.py
[2021-09-06 14:29:13,714] {logging_mixin.py:109} INFO - [2021-09-06 14:29:13,714] {dag.py:1833} INFO - Sync 1 DAGs
[2021-09-06 14:29:13,721] {logging_mixin.py:109} INFO - [2021-09-06 14:29:13,721] {dag.py:2306} INFO - Setting next_dagrun for tutorial to 2021-09-04 00:00:00+00:00
[2021-09-06 14:29:14,220] {processor.py:170} INFO - Processing /home/airflow/.local/lib/python3.8/site-packages/airflow/example_dags/tutorial.py took 0.524 seconds
[2021-09-06 14:29:44,646] {processor.py:162} INFO - Started process (PID=1529) to work on /home/airflow/.local/lib/python3.8/site-packages/airflow/example_dags/tutorial.py
[2021-09-06 14:29:44,646] {processor.py:613} INFO - Processing file /home/airflow/.local/lib/python3.8/site-packages/airflow/example_dags/tutorial.py for tasks to queue
[2021-09-06 14:29:44,647] {logging_mixin.py:109} INFO - [2021-09-06 14:29:44,647] {dagbag.py:496} INFO - Filling up the DagBag from /home/airflow/.local/lib/python3.8/site-packages/airflow/example_dags/tutorial.py
[2021-09-06 14:29:44,652] {processor.py:623} INFO - DAG(s) dict_keys(['tutorial']) retrieved from /home/airflow/.local/lib/python3.8/site-packages/airflow/example_dags/tutorial.py
[2021-09-06 14:29:44,661] {logging_mixin.py:109} INFO - [2021-09-06 14:29:44,661] {dag.py:1833} INFO - Sync 1 DAGs
[2021-09-06 14:29:44,667] {logging_mixin.py:109} INFO - [2021-09-06 14:29:44,667] {dag.py:2306} INFO - Setting next_dagrun for tutorial to 2021-09-04 00:00:00+00:00
[2021-09-06 14:29:44,671] {processor.py:170} INFO - Processing /home/airflow/.local/lib/python3.8/site-packages/airflow/example_dags/tutorial.py took 0.027 seconds
[2021-09-06 14:30:15,221] {processor.py:162} INFO - Started process (PID=1582) to work on /home/airflow/.local/lib/python3.8/site-packages/airflow/example_dags/tutorial.py
[2021-09-06 14:30:15,222] {processor.py:613} INFO - Processing file /home/airflow/.local/lib/python3.8/site-packages/airflow/example_dags/tutorial.py for tasks to queue
[2021-09-06 14:30:15,222] {logging_mixin.py:109} INFO - [2021-09-06 14:30:15,222] {dagbag.py:496} INFO - Filling up the DagBag from /home/airflow/.local/lib/python3.8/site-packages/airflow/example_dags/tutorial.py
[2021-09-06 14:30:15,227] {processor.py:623} INFO - DAG(s) dict_keys(['tutorial']) retrieved from /home/airflow/.local/lib/python3.8/site-packages/airflow/example_dags/tutorial.py
[2021-09-06 14:30:15,236] {logging_mixin.py:109} INFO - [2021-09-06 14:30:15,236] {dag.py:1833} INFO - Sync 1 DAGs
[2021-09-06 14:30:15,242] {logging_mixin.py:109} INFO - [2021-09-06 14:30:15,242] {dag.py:2306} INFO - Setting next_dagrun for tutorial to 2021-09-04 00:00:00+00:00
[2021-09-06 14:30:15,246] {processor.py:170} INFO - Processing /home/airflow/.local/lib/python3.8/site-packages/airflow/example_dags/tutorial.py took 0.026 seconds
[2021-09-06 14:30:45,798] {processor.py:162} INFO - Started process (PID=1636) to work on /home/airflow/.local/lib/python3.8/site-packages/airflow/example_dags/tutorial.py
[2021-09-06 14:30:45,798] {processor.py:613} INFO - Processing file /home/airflow/.local/lib/python3.8/site-packages/airflow/example_dags/tutorial.py for tasks to queue
[2021-09-06 14:30:45,798] {logging_mixin.py:109} INFO - [2021-09-06 14:30:45,798] {dagbag.py:496} INFO - Filling up the DagBag from /home/airflow/.local/lib/python3.8/site-packages/airflow/example_dags/tutorial.py
[2021-09-06 14:30:45,803] {processor.py:623} INFO - DAG(s) dict_keys(['tutorial']) retrieved from /home/airflow/.local/lib/python3.8/site-packages/airflow/example_dags/tutorial.py
[2021-09-06 14:30:45,812] {logging_mixin.py:109} INFO - [2021-09-06 14:30:45,812] {dag.py:1833} INFO - Sync 1 DAGs
[2021-09-06 14:30:45,818] {logging_mixin.py:109} INFO - [2021-09-06 14:30:45,818] {dag.py:2306} INFO - Setting next_dagrun for tutorial to 2021-09-04 00:00:00+00:00
[2021-09-06 14:30:45,822] {processor.py:170} INFO - Processing /home/airflow/.local/lib/python3.8/site-packages/airflow/example_dags/tutorial.py took 0.026 seconds
[2021-09-06 14:31:16,367] {processor.py:162} INFO - Started process (PID=1689) to work on /home/airflow/.local/lib/python3.8/site-packages/airflow/example_dags/tutorial.py
[2021-09-06 14:31:16,368] {processor.py:613} INFO - Processing file /home/airflow/.local/lib/python3.8/site-packages/airflow/example_dags/tutorial.py for tasks to queue
[2021-09-06 14:31:16,368] {logging_mixin.py:109} INFO - [2021-09-06 14:31:16,368] {dagbag.py:496} INFO - Filling up the DagBag from /home/airflow/.local/lib/python3.8/site-packages/airflow/example_dags/tutorial.py
[2021-09-06 14:31:16,373] {processor.py:623} INFO - DAG(s) dict_keys(['tutorial']) retrieved from /home/airflow/.local/lib/python3.8/site-packages/airflow/example_dags/tutorial.py
[2021-09-06 14:31:16,383] {logging_mixin.py:109} INFO - [2021-09-06 14:31:16,383] {dag.py:1833} INFO - Sync 1 DAGs
[2021-09-06 14:31:16,389] {logging_mixin.py:109} INFO - [2021-09-06 14:31:16,389] {dag.py:2306} INFO - Setting next_dagrun for tutorial to 2021-09-04 00:00:00+00:00
[2021-09-06 14:31:16,393] {processor.py:170} INFO - Processing /home/airflow/.local/lib/python3.8/site-packages/airflow/example_dags/tutorial.py took 0.027 seconds
[2021-09-06 14:31:46,968] {processor.py:162} INFO - Started process (PID=1742) to work on /home/airflow/.local/lib/python3.8/site-packages/airflow/example_dags/tutorial.py
[2021-09-06 14:31:46,969] {processor.py:613} INFO - Processing file /home/airflow/.local/lib/python3.8/site-packages/airflow/example_dags/tutorial.py for tasks to queue
[2021-09-06 14:31:46,969] {logging_mixin.py:109} INFO - [2021-09-06 14:31:46,969] {dagbag.py:496} INFO - Filling up the DagBag from /home/airflow/.local/lib/python3.8/site-packages/airflow/example_dags/tutorial.py
[2021-09-06 14:31:46,974] {processor.py:623} INFO - DAG(s) dict_keys(['tutorial']) retrieved from /home/airflow/.local/lib/python3.8/site-packages/airflow/example_dags/tutorial.py
[2021-09-06 14:31:46,983] {logging_mixin.py:109} INFO - [2021-09-06 14:31:46,983] {dag.py:1833} INFO - Sync 1 DAGs
[2021-09-06 14:31:46,988] {logging_mixin.py:109} INFO - [2021-09-06 14:31:46,988] {dag.py:2306} INFO - Setting next_dagrun for tutorial to 2021-09-04 00:00:00+00:00
[2021-09-06 14:31:46,993] {processor.py:170} INFO - Processing /home/airflow/.local/lib/python3.8/site-packages/airflow/example_dags/tutorial.py took 0.026 seconds
[2021-09-06 14:32:17,531] {processor.py:162} INFO - Started process (PID=1796) to work on /home/airflow/.local/lib/python3.8/site-packages/airflow/example_dags/tutorial.py
[2021-09-06 14:32:17,532] {processor.py:613} INFO - Processing file /home/airflow/.local/lib/python3.8/site-packages/airflow/example_dags/tutorial.py for tasks to queue
[2021-09-06 14:32:17,532] {logging_mixin.py:109} INFO - [2021-09-06 14:32:17,532] {dagbag.py:496} INFO - Filling up the DagBag from /home/airflow/.local/lib/python3.8/site-packages/airflow/example_dags/tutorial.py
[2021-09-06 14:32:17,537] {processor.py:623} INFO - DAG(s) dict_keys(['tutorial']) retrieved from /home/airflow/.local/lib/python3.8/site-packages/airflow/example_dags/tutorial.py
[2021-09-06 14:32:17,547] {logging_mixin.py:109} INFO - [2021-09-06 14:32:17,547] {dag.py:1833} INFO - Sync 1 DAGs
[2021-09-06 14:32:17,552] {logging_mixin.py:109} INFO - [2021-09-06 14:32:17,552] {dag.py:2306} INFO - Setting next_dagrun for tutorial to 2021-09-04 00:00:00+00:00
[2021-09-06 14:32:17,557] {processor.py:170} INFO - Processing /home/airflow/.local/lib/python3.8/site-packages/airflow/example_dags/tutorial.py took 0.027 seconds
[2021-09-06 14:32:48,110] {processor.py:162} INFO - Started process (PID=1849) to work on /home/airflow/.local/lib/python3.8/site-packages/airflow/example_dags/tutorial.py
[2021-09-06 14:32:48,110] {processor.py:613} INFO - Processing file /home/airflow/.local/lib/python3.8/site-packages/airflow/example_dags/tutorial.py for tasks to queue
[2021-09-06 14:32:48,111] {logging_mixin.py:109} INFO - [2021-09-06 14:32:48,111] {dagbag.py:496} INFO - Filling up the DagBag from /home/airflow/.local/lib/python3.8/site-packages/airflow/example_dags/tutorial.py
[2021-09-06 14:32:48,116] {processor.py:623} INFO - DAG(s) dict_keys(['tutorial']) retrieved from /home/airflow/.local/lib/python3.8/site-packages/airflow/example_dags/tutorial.py
[2021-09-06 14:32:48,125] {logging_mixin.py:109} INFO - [2021-09-06 14:32:48,125] {dag.py:1833} INFO - Sync 1 DAGs
[2021-09-06 14:32:48,131] {logging_mixin.py:109} INFO - [2021-09-06 14:32:48,131] {dag.py:2306} INFO - Setting next_dagrun for tutorial to 2021-09-04 00:00:00+00:00
[2021-09-06 14:32:48,135] {processor.py:170} INFO - Processing /home/airflow/.local/lib/python3.8/site-packages/airflow/example_dags/tutorial.py took 0.026 seconds
[2021-09-06 14:33:18,649] {processor.py:162} INFO - Started process (PID=1902) to work on /home/airflow/.local/lib/python3.8/site-packages/airflow/example_dags/tutorial.py
[2021-09-06 14:33:18,650] {processor.py:613} INFO - Processing file /home/airflow/.local/lib/python3.8/site-packages/airflow/example_dags/tutorial.py for tasks to queue
[2021-09-06 14:33:18,650] {logging_mixin.py:109} INFO - [2021-09-06 14:33:18,650] {dagbag.py:496} INFO - Filling up the DagBag from /home/airflow/.local/lib/python3.8/site-packages/airflow/example_dags/tutorial.py
[2021-09-06 14:33:18,655] {processor.py:623} INFO - DAG(s) dict_keys(['tutorial']) retrieved from /home/airflow/.local/lib/python3.8/site-packages/airflow/example_dags/tutorial.py
[2021-09-06 14:33:18,664] {logging_mixin.py:109} INFO - [2021-09-06 14:33:18,664] {dag.py:1833} INFO - Sync 1 DAGs
[2021-09-06 14:33:18,670] {logging_mixin.py:109} INFO - [2021-09-06 14:33:18,670] {dag.py:2306} INFO - Setting next_dagrun for tutorial to 2021-09-04 00:00:00+00:00
[2021-09-06 14:33:18,679] {processor.py:170} INFO - Processing /home/airflow/.local/lib/python3.8/site-packages/airflow/example_dags/tutorial.py took 0.031 seconds
[2021-09-06 14:33:49,358] {processor.py:162} INFO - Started process (PID=1955) to work on /home/airflow/.local/lib/python3.8/site-packages/airflow/example_dags/tutorial.py
[2021-09-06 14:33:49,359] {processor.py:613} INFO - Processing file /home/airflow/.local/lib/python3.8/site-packages/airflow/example_dags/tutorial.py for tasks to queue
[2021-09-06 14:33:49,359] {logging_mixin.py:109} INFO - [2021-09-06 14:33:49,359] {dagbag.py:496} INFO - Filling up the DagBag from /home/airflow/.local/lib/python3.8/site-packages/airflow/example_dags/tutorial.py
[2021-09-06 14:33:49,364] {processor.py:623} INFO - DAG(s) dict_keys(['tutorial']) retrieved from /home/airflow/.local/lib/python3.8/site-packages/airflow/example_dags/tutorial.py
[2021-09-06 14:33:49,375] {logging_mixin.py:109} INFO - [2021-09-06 14:33:49,375] {dag.py:1833} INFO - Sync 1 DAGs
[2021-09-06 14:33:49,381] {logging_mixin.py:109} INFO - [2021-09-06 14:33:49,381] {dag.py:2306} INFO - Setting next_dagrun for tutorial to 2021-09-04 00:00:00+00:00
[2021-09-06 14:33:49,385] {processor.py:170} INFO - Processing /home/airflow/.local/lib/python3.8/site-packages/airflow/example_dags/tutorial.py took 0.028 seconds
[2021-09-06 14:34:20,008] {processor.py:162} INFO - Started process (PID=2008) to work on /home/airflow/.local/lib/python3.8/site-packages/airflow/example_dags/tutorial.py
[2021-09-06 14:34:20,008] {processor.py:613} INFO - Processing file /home/airflow/.local/lib/python3.8/site-packages/airflow/example_dags/tutorial.py for tasks to queue
[2021-09-06 14:34:20,008] {logging_mixin.py:109} INFO - [2021-09-06 14:34:20,008] {dagbag.py:496} INFO - Filling up the DagBag from /home/airflow/.local/lib/python3.8/site-packages/airflow/example_dags/tutorial.py
[2021-09-06 14:34:20,014] {processor.py:623} INFO - DAG(s) dict_keys(['tutorial']) retrieved from /home/airflow/.local/lib/python3.8/site-packages/airflow/example_dags/tutorial.py
[2021-09-06 14:34:20,023] {logging_mixin.py:109} INFO - [2021-09-06 14:34:20,023] {dag.py:1833} INFO - Sync 1 DAGs
[2021-09-06 14:34:20,029] {logging_mixin.py:109} INFO - [2021-09-06 14:34:20,029] {dag.py:2306} INFO - Setting next_dagrun for tutorial to 2021-09-04 00:00:00+00:00
[2021-09-06 14:34:20,033] {processor.py:170} INFO - Processing /home/airflow/.local/lib/python3.8/site-packages/airflow/example_dags/tutorial.py took 0.027 seconds
[2021-09-06 14:34:50,593] {processor.py:162} INFO - Started process (PID=2061) to work on /home/airflow/.local/lib/python3.8/site-packages/airflow/example_dags/tutorial.py
[2021-09-06 14:34:50,593] {processor.py:613} INFO - Processing file /home/airflow/.local/lib/python3.8/site-packages/airflow/example_dags/tutorial.py for tasks to queue
[2021-09-06 14:34:50,593] {logging_mixin.py:109} INFO - [2021-09-06 14:34:50,593] {dagbag.py:496} INFO - Filling up the DagBag from /home/airflow/.local/lib/python3.8/site-packages/airflow/example_dags/tutorial.py
[2021-09-06 14:34:50,598] {processor.py:623} INFO - DAG(s) dict_keys(['tutorial']) retrieved from /home/airflow/.local/lib/python3.8/site-packages/airflow/example_dags/tutorial.py
[2021-09-06 14:34:50,608] {logging_mixin.py:109} INFO - [2021-09-06 14:34:50,608] {dag.py:1833} INFO - Sync 1 DAGs
[2021-09-06 14:34:50,614] {logging_mixin.py:109} INFO - [2021-09-06 14:34:50,614] {dag.py:2306} INFO - Setting next_dagrun for tutorial to 2021-09-04 00:00:00+00:00
[2021-09-06 14:34:50,618] {processor.py:170} INFO - Processing /home/airflow/.local/lib/python3.8/site-packages/airflow/example_dags/tutorial.py took 0.027 seconds
[2021-09-06 14:35:21,205] {processor.py:162} INFO - Started process (PID=2114) to work on /home/airflow/.local/lib/python3.8/site-packages/airflow/example_dags/tutorial.py
[2021-09-06 14:35:21,206] {processor.py:613} INFO - Processing file /home/airflow/.local/lib/python3.8/site-packages/airflow/example_dags/tutorial.py for tasks to queue
[2021-09-06 14:35:21,206] {logging_mixin.py:109} INFO - [2021-09-06 14:35:21,206] {dagbag.py:496} INFO - Filling up the DagBag from /home/airflow/.local/lib/python3.8/site-packages/airflow/example_dags/tutorial.py
[2021-09-06 14:35:21,211] {processor.py:623} INFO - DAG(s) dict_keys(['tutorial']) retrieved from /home/airflow/.local/lib/python3.8/site-packages/airflow/example_dags/tutorial.py
[2021-09-06 14:35:21,220] {logging_mixin.py:109} INFO - [2021-09-06 14:35:21,220] {dag.py:1833} INFO - Sync 1 DAGs
[2021-09-06 14:35:21,226] {logging_mixin.py:109} INFO - [2021-09-06 14:35:21,226] {dag.py:2306} INFO - Setting next_dagrun for tutorial to 2021-09-04 00:00:00+00:00
[2021-09-06 14:35:21,230] {processor.py:170} INFO - Processing /home/airflow/.local/lib/python3.8/site-packages/airflow/example_dags/tutorial.py took 0.026 seconds
[2021-09-06 14:35:51,819] {processor.py:162} INFO - Started process (PID=2167) to work on /home/airflow/.local/lib/python3.8/site-packages/airflow/example_dags/tutorial.py
[2021-09-06 14:35:51,819] {processor.py:613} INFO - Processing file /home/airflow/.local/lib/python3.8/site-packages/airflow/example_dags/tutorial.py for tasks to queue
[2021-09-06 14:35:51,819] {logging_mixin.py:109} INFO - [2021-09-06 14:35:51,819] {dagbag.py:496} INFO - Filling up the DagBag from /home/airflow/.local/lib/python3.8/site-packages/airflow/example_dags/tutorial.py
[2021-09-06 14:35:51,825] {processor.py:623} INFO - DAG(s) dict_keys(['tutorial']) retrieved from /home/airflow/.local/lib/python3.8/site-packages/airflow/example_dags/tutorial.py
[2021-09-06 14:35:51,833] {logging_mixin.py:109} INFO - [2021-09-06 14:35:51,833] {dag.py:1833} INFO - Sync 1 DAGs
[2021-09-06 14:35:51,839] {logging_mixin.py:109} INFO - [2021-09-06 14:35:51,839] {dag.py:2306} INFO - Setting next_dagrun for tutorial to 2021-09-04 00:00:00+00:00
[2021-09-06 14:35:51,843] {processor.py:170} INFO - Processing /home/airflow/.local/lib/python3.8/site-packages/airflow/example_dags/tutorial.py took 0.026 seconds
[2021-09-06 14:36:22,430] {processor.py:162} INFO - Started process (PID=2220) to work on /home/airflow/.local/lib/python3.8/site-packages/airflow/example_dags/tutorial.py
[2021-09-06 14:36:22,431] {processor.py:613} INFO - Processing file /home/airflow/.local/lib/python3.8/site-packages/airflow/example_dags/tutorial.py for tasks to queue
[2021-09-06 14:36:22,431] {logging_mixin.py:109} INFO - [2021-09-06 14:36:22,431] {dagbag.py:496} INFO - Filling up the DagBag from /home/airflow/.local/lib/python3.8/site-packages/airflow/example_dags/tutorial.py
[2021-09-06 14:36:22,437] {processor.py:623} INFO - DAG(s) dict_keys(['tutorial']) retrieved from /home/airflow/.local/lib/python3.8/site-packages/airflow/example_dags/tutorial.py
[2021-09-06 14:36:22,446] {logging_mixin.py:109} INFO - [2021-09-06 14:36:22,446] {dag.py:1833} INFO - Sync 1 DAGs
[2021-09-06 14:36:22,453] {logging_mixin.py:109} INFO - [2021-09-06 14:36:22,453] {dag.py:2306} INFO - Setting next_dagrun for tutorial to 2021-09-04 00:00:00+00:00
[2021-09-06 14:36:22,457] {processor.py:170} INFO - Processing /home/airflow/.local/lib/python3.8/site-packages/airflow/example_dags/tutorial.py took 0.029 seconds
[2021-09-06 14:36:52,988] {processor.py:162} INFO - Started process (PID=2273) to work on /home/airflow/.local/lib/python3.8/site-packages/airflow/example_dags/tutorial.py
[2021-09-06 14:36:52,988] {processor.py:613} INFO - Processing file /home/airflow/.local/lib/python3.8/site-packages/airflow/example_dags/tutorial.py for tasks to queue
[2021-09-06 14:36:52,988] {logging_mixin.py:109} INFO - [2021-09-06 14:36:52,988] {dagbag.py:496} INFO - Filling up the DagBag from /home/airflow/.local/lib/python3.8/site-packages/airflow/example_dags/tutorial.py
[2021-09-06 14:36:52,993] {processor.py:623} INFO - DAG(s) dict_keys(['tutorial']) retrieved from /home/airflow/.local/lib/python3.8/site-packages/airflow/example_dags/tutorial.py
[2021-09-06 14:36:53,003] {logging_mixin.py:109} INFO - [2021-09-06 14:36:53,003] {dag.py:1833} INFO - Sync 1 DAGs
[2021-09-06 14:36:53,009] {logging_mixin.py:109} INFO - [2021-09-06 14:36:53,009] {dag.py:2306} INFO - Setting next_dagrun for tutorial to 2021-09-04 00:00:00+00:00
[2021-09-06 14:36:53,012] {processor.py:170} INFO - Processing /home/airflow/.local/lib/python3.8/site-packages/airflow/example_dags/tutorial.py took 0.026 seconds
[2021-09-06 14:37:23,575] {processor.py:162} INFO - Started process (PID=2326) to work on /home/airflow/.local/lib/python3.8/site-packages/airflow/example_dags/tutorial.py
[2021-09-06 14:37:23,575] {processor.py:613} INFO - Processing file /home/airflow/.local/lib/python3.8/site-packages/airflow/example_dags/tutorial.py for tasks to queue
[2021-09-06 14:37:23,575] {logging_mixin.py:109} INFO - [2021-09-06 14:37:23,575] {dagbag.py:496} INFO - Filling up the DagBag from /home/airflow/.local/lib/python3.8/site-packages/airflow/example_dags/tutorial.py
[2021-09-06 14:37:23,581] {processor.py:623} INFO - DAG(s) dict_keys(['tutorial']) retrieved from /home/airflow/.local/lib/python3.8/site-packages/airflow/example_dags/tutorial.py
[2021-09-06 14:37:23,594] {logging_mixin.py:109} INFO - [2021-09-06 14:37:23,594] {dag.py:1833} INFO - Sync 1 DAGs
[2021-09-06 14:37:23,602] {logging_mixin.py:109} INFO - [2021-09-06 14:37:23,602] {dag.py:2306} INFO - Setting next_dagrun for tutorial to 2021-09-04 00:00:00+00:00
[2021-09-06 14:37:23,607] {processor.py:170} INFO - Processing /home/airflow/.local/lib/python3.8/site-packages/airflow/example_dags/tutorial.py took 0.034 seconds
[2021-09-06 14:37:54,168] {processor.py:162} INFO - Started process (PID=2380) to work on /home/airflow/.local/lib/python3.8/site-packages/airflow/example_dags/tutorial.py
[2021-09-06 14:37:54,169] {processor.py:613} INFO - Processing file /home/airflow/.local/lib/python3.8/site-packages/airflow/example_dags/tutorial.py for tasks to queue
[2021-09-06 14:37:54,169] {logging_mixin.py:109} INFO - [2021-09-06 14:37:54,169] {dagbag.py:496} INFO - Filling up the DagBag from /home/airflow/.local/lib/python3.8/site-packages/airflow/example_dags/tutorial.py
[2021-09-06 14:37:54,175] {processor.py:623} INFO - DAG(s) dict_keys(['tutorial']) retrieved from /home/airflow/.local/lib/python3.8/site-packages/airflow/example_dags/tutorial.py
[2021-09-06 14:37:54,184] {logging_mixin.py:109} INFO - [2021-09-06 14:37:54,184] {dag.py:1833} INFO - Sync 1 DAGs
[2021-09-06 14:37:54,190] {logging_mixin.py:109} INFO - [2021-09-06 14:37:54,190] {dag.py:2306} INFO - Setting next_dagrun for tutorial to 2021-09-04 00:00:00+00:00
[2021-09-06 14:37:54,194] {processor.py:170} INFO - Processing /home/airflow/.local/lib/python3.8/site-packages/airflow/example_dags/tutorial.py took 0.028 seconds
[2021-09-06 14:38:24,648] {processor.py:162} INFO - Started process (PID=2433) to work on /home/airflow/.local/lib/python3.8/site-packages/airflow/example_dags/tutorial.py
[2021-09-06 14:38:24,648] {processor.py:613} INFO - Processing file /home/airflow/.local/lib/python3.8/site-packages/airflow/example_dags/tutorial.py for tasks to queue
[2021-09-06 14:38:24,648] {logging_mixin.py:109} INFO - [2021-09-06 14:38:24,648] {dagbag.py:496} INFO - Filling up the DagBag from /home/airflow/.local/lib/python3.8/site-packages/airflow/example_dags/tutorial.py
[2021-09-06 14:38:24,653] {processor.py:623} INFO - DAG(s) dict_keys(['tutorial']) retrieved from /home/airflow/.local/lib/python3.8/site-packages/airflow/example_dags/tutorial.py
[2021-09-06 14:38:24,663] {logging_mixin.py:109} INFO - [2021-09-06 14:38:24,663] {dag.py:1833} INFO - Sync 1 DAGs
[2021-09-06 14:38:24,669] {logging_mixin.py:109} INFO - [2021-09-06 14:38:24,669] {dag.py:2306} INFO - Setting next_dagrun for tutorial to 2021-09-04 00:00:00+00:00
[2021-09-06 14:38:24,673] {processor.py:170} INFO - Processing /home/airflow/.local/lib/python3.8/site-packages/airflow/example_dags/tutorial.py took 0.026 seconds
[2021-09-06 14:38:55,275] {processor.py:162} INFO - Started process (PID=2486) to work on /home/airflow/.local/lib/python3.8/site-packages/airflow/example_dags/tutorial.py
[2021-09-06 14:38:55,275] {processor.py:613} INFO - Processing file /home/airflow/.local/lib/python3.8/site-packages/airflow/example_dags/tutorial.py for tasks to queue
[2021-09-06 14:38:55,275] {logging_mixin.py:109} INFO - [2021-09-06 14:38:55,275] {dagbag.py:496} INFO - Filling up the DagBag from /home/airflow/.local/lib/python3.8/site-packages/airflow/example_dags/tutorial.py
[2021-09-06 14:38:55,280] {processor.py:623} INFO - DAG(s) dict_keys(['tutorial']) retrieved from /home/airflow/.local/lib/python3.8/site-packages/airflow/example_dags/tutorial.py
[2021-09-06 14:38:55,290] {logging_mixin.py:109} INFO - [2021-09-06 14:38:55,290] {dag.py:1833} INFO - Sync 1 DAGs
[2021-09-06 14:38:55,295] {logging_mixin.py:109} INFO - [2021-09-06 14:38:55,295] {dag.py:2306} INFO - Setting next_dagrun for tutorial to 2021-09-04 00:00:00+00:00
[2021-09-06 14:38:55,299] {processor.py:170} INFO - Processing /home/airflow/.local/lib/python3.8/site-packages/airflow/example_dags/tutorial.py took 0.026 seconds
[2021-09-06 14:39:25,841] {processor.py:162} INFO - Started process (PID=2539) to work on /home/airflow/.local/lib/python3.8/site-packages/airflow/example_dags/tutorial.py
[2021-09-06 14:39:25,842] {processor.py:613} INFO - Processing file /home/airflow/.local/lib/python3.8/site-packages/airflow/example_dags/tutorial.py for tasks to queue
[2021-09-06 14:39:25,842] {logging_mixin.py:109} INFO - [2021-09-06 14:39:25,842] {dagbag.py:496} INFO - Filling up the DagBag from /home/airflow/.local/lib/python3.8/site-packages/airflow/example_dags/tutorial.py
[2021-09-06 14:39:25,847] {processor.py:623} INFO - DAG(s) dict_keys(['tutorial']) retrieved from /home/airflow/.local/lib/python3.8/site-packages/airflow/example_dags/tutorial.py
[2021-09-06 14:39:25,857] {logging_mixin.py:109} INFO - [2021-09-06 14:39:25,857] {dag.py:1833} INFO - Sync 1 DAGs
[2021-09-06 14:39:25,863] {logging_mixin.py:109} INFO - [2021-09-06 14:39:25,863] {dag.py:2306} INFO - Setting next_dagrun for tutorial to 2021-09-04 00:00:00+00:00
[2021-09-06 14:39:25,867] {processor.py:170} INFO - Processing /home/airflow/.local/lib/python3.8/site-packages/airflow/example_dags/tutorial.py took 0.027 seconds
[2021-09-06 14:39:56,438] {processor.py:162} INFO - Started process (PID=2592) to work on /home/airflow/.local/lib/python3.8/site-packages/airflow/example_dags/tutorial.py
[2021-09-06 14:39:56,439] {processor.py:613} INFO - Processing file /home/airflow/.local/lib/python3.8/site-packages/airflow/example_dags/tutorial.py for tasks to queue
[2021-09-06 14:39:56,439] {logging_mixin.py:109} INFO - [2021-09-06 14:39:56,439] {dagbag.py:496} INFO - Filling up the DagBag from /home/airflow/.local/lib/python3.8/site-packages/airflow/example_dags/tutorial.py
[2021-09-06 14:39:56,444] {processor.py:623} INFO - DAG(s) dict_keys(['tutorial']) retrieved from /home/airflow/.local/lib/python3.8/site-packages/airflow/example_dags/tutorial.py
[2021-09-06 14:39:56,453] {logging_mixin.py:109} INFO - [2021-09-06 14:39:56,453] {dag.py:1833} INFO - Sync 1 DAGs
[2021-09-06 14:39:56,458] {logging_mixin.py:109} INFO - [2021-09-06 14:39:56,458] {dag.py:2306} INFO - Setting next_dagrun for tutorial to 2021-09-04 00:00:00+00:00
[2021-09-06 14:39:56,462] {processor.py:170} INFO - Processing /home/airflow/.local/lib/python3.8/site-packages/airflow/example_dags/tutorial.py took 0.026 seconds
[2021-09-06 14:40:27,022] {processor.py:162} INFO - Started process (PID=2645) to work on /home/airflow/.local/lib/python3.8/site-packages/airflow/example_dags/tutorial.py
[2021-09-06 14:40:27,023] {processor.py:613} INFO - Processing file /home/airflow/.local/lib/python3.8/site-packages/airflow/example_dags/tutorial.py for tasks to queue
[2021-09-06 14:40:27,023] {logging_mixin.py:109} INFO - [2021-09-06 14:40:27,023] {dagbag.py:496} INFO - Filling up the DagBag from /home/airflow/.local/lib/python3.8/site-packages/airflow/example_dags/tutorial.py
[2021-09-06 14:40:27,028] {processor.py:623} INFO - DAG(s) dict_keys(['tutorial']) retrieved from /home/airflow/.local/lib/python3.8/site-packages/airflow/example_dags/tutorial.py
[2021-09-06 14:40:27,037] {logging_mixin.py:109} INFO - [2021-09-06 14:40:27,037] {dag.py:1833} INFO - Sync 1 DAGs
[2021-09-06 14:40:27,043] {logging_mixin.py:109} INFO - [2021-09-06 14:40:27,043] {dag.py:2306} INFO - Setting next_dagrun for tutorial to 2021-09-04 00:00:00+00:00
[2021-09-06 14:40:27,048] {processor.py:170} INFO - Processing /home/airflow/.local/lib/python3.8/site-packages/airflow/example_dags/tutorial.py took 0.026 seconds
[2021-09-06 14:40:57,636] {processor.py:162} INFO - Started process (PID=2698) to work on /home/airflow/.local/lib/python3.8/site-packages/airflow/example_dags/tutorial.py
[2021-09-06 14:40:57,637] {processor.py:613} INFO - Processing file /home/airflow/.local/lib/python3.8/site-packages/airflow/example_dags/tutorial.py for tasks to queue
[2021-09-06 14:40:57,637] {logging_mixin.py:109} INFO - [2021-09-06 14:40:57,637] {dagbag.py:496} INFO - Filling up the DagBag from /home/airflow/.local/lib/python3.8/site-packages/airflow/example_dags/tutorial.py
[2021-09-06 14:40:57,642] {processor.py:623} INFO - DAG(s) dict_keys(['tutorial']) retrieved from /home/airflow/.local/lib/python3.8/site-packages/airflow/example_dags/tutorial.py
[2021-09-06 14:40:57,652] {logging_mixin.py:109} INFO - [2021-09-06 14:40:57,652] {dag.py:1833} INFO - Sync 1 DAGs
[2021-09-06 14:40:57,658] {logging_mixin.py:109} INFO - [2021-09-06 14:40:57,658] {dag.py:2306} INFO - Setting next_dagrun for tutorial to 2021-09-04 00:00:00+00:00
[2021-09-06 14:40:57,662] {processor.py:170} INFO - Processing /home/airflow/.local/lib/python3.8/site-packages/airflow/example_dags/tutorial.py took 0.028 seconds
[2021-09-06 14:41:28,171] {processor.py:162} INFO - Started process (PID=2751) to work on /home/airflow/.local/lib/python3.8/site-packages/airflow/example_dags/tutorial.py
[2021-09-06 14:41:28,171] {processor.py:613} INFO - Processing file /home/airflow/.local/lib/python3.8/site-packages/airflow/example_dags/tutorial.py for tasks to queue
[2021-09-06 14:41:28,172] {logging_mixin.py:109} INFO - [2021-09-06 14:41:28,171] {dagbag.py:496} INFO - Filling up the DagBag from /home/airflow/.local/lib/python3.8/site-packages/airflow/example_dags/tutorial.py
[2021-09-06 14:41:28,176] {processor.py:623} INFO - DAG(s) dict_keys(['tutorial']) retrieved from /home/airflow/.local/lib/python3.8/site-packages/airflow/example_dags/tutorial.py
[2021-09-06 14:41:28,185] {logging_mixin.py:109} INFO - [2021-09-06 14:41:28,185] {dag.py:1833} INFO - Sync 1 DAGs
[2021-09-06 14:41:28,191] {logging_mixin.py:109} INFO - [2021-09-06 14:41:28,191] {dag.py:2306} INFO - Setting next_dagrun for tutorial to 2021-09-04 00:00:00+00:00
[2021-09-06 14:41:28,195] {processor.py:170} INFO - Processing /home/airflow/.local/lib/python3.8/site-packages/airflow/example_dags/tutorial.py took 0.025 seconds
[2021-09-06 14:41:58,737] {processor.py:162} INFO - Started process (PID=2804) to work on /home/airflow/.local/lib/python3.8/site-packages/airflow/example_dags/tutorial.py
[2021-09-06 14:41:58,737] {processor.py:613} INFO - Processing file /home/airflow/.local/lib/python3.8/site-packages/airflow/example_dags/tutorial.py for tasks to queue
[2021-09-06 14:41:58,738] {logging_mixin.py:109} INFO - [2021-09-06 14:41:58,737] {dagbag.py:496} INFO - Filling up the DagBag from /home/airflow/.local/lib/python3.8/site-packages/airflow/example_dags/tutorial.py
[2021-09-06 14:41:58,744] {processor.py:623} INFO - DAG(s) dict_keys(['tutorial']) retrieved from /home/airflow/.local/lib/python3.8/site-packages/airflow/example_dags/tutorial.py
[2021-09-06 14:41:58,753] {logging_mixin.py:109} INFO - [2021-09-06 14:41:58,753] {dag.py:1833} INFO - Sync 1 DAGs
[2021-09-06 14:41:58,759] {logging_mixin.py:109} INFO - [2021-09-06 14:41:58,759] {dag.py:2306} INFO - Setting next_dagrun for tutorial to 2021-09-04 00:00:00+00:00
[2021-09-06 14:41:58,763] {processor.py:170} INFO - Processing /home/airflow/.local/lib/python3.8/site-packages/airflow/example_dags/tutorial.py took 0.028 seconds
[2021-09-06 14:42:29,304] {processor.py:162} INFO - Started process (PID=2857) to work on /home/airflow/.local/lib/python3.8/site-packages/airflow/example_dags/tutorial.py
[2021-09-06 14:42:29,304] {processor.py:613} INFO - Processing file /home/airflow/.local/lib/python3.8/site-packages/airflow/example_dags/tutorial.py for tasks to queue
[2021-09-06 14:42:29,304] {logging_mixin.py:109} INFO - [2021-09-06 14:42:29,304] {dagbag.py:496} INFO - Filling up the DagBag from /home/airflow/.local/lib/python3.8/site-packages/airflow/example_dags/tutorial.py
[2021-09-06 14:42:29,309] {processor.py:623} INFO - DAG(s) dict_keys(['tutorial']) retrieved from /home/airflow/.local/lib/python3.8/site-packages/airflow/example_dags/tutorial.py
[2021-09-06 14:42:29,319] {logging_mixin.py:109} INFO - [2021-09-06 14:42:29,319] {dag.py:1833} INFO - Sync 1 DAGs
[2021-09-06 14:42:29,324] {logging_mixin.py:109} INFO - [2021-09-06 14:42:29,324] {dag.py:2306} INFO - Setting next_dagrun for tutorial to 2021-09-04 00:00:00+00:00
[2021-09-06 14:42:29,328] {processor.py:170} INFO - Processing /home/airflow/.local/lib/python3.8/site-packages/airflow/example_dags/tutorial.py took 0.026 seconds
[2021-09-06 14:42:59,955] {processor.py:162} INFO - Started process (PID=2910) to work on /home/airflow/.local/lib/python3.8/site-packages/airflow/example_dags/tutorial.py
[2021-09-06 14:42:59,955] {processor.py:613} INFO - Processing file /home/airflow/.local/lib/python3.8/site-packages/airflow/example_dags/tutorial.py for tasks to queue
[2021-09-06 14:42:59,956] {logging_mixin.py:109} INFO - [2021-09-06 14:42:59,956] {dagbag.py:496} INFO - Filling up the DagBag from /home/airflow/.local/lib/python3.8/site-packages/airflow/example_dags/tutorial.py
[2021-09-06 14:42:59,961] {processor.py:623} INFO - DAG(s) dict_keys(['tutorial']) retrieved from /home/airflow/.local/lib/python3.8/site-packages/airflow/example_dags/tutorial.py
[2021-09-06 14:42:59,970] {logging_mixin.py:109} INFO - [2021-09-06 14:42:59,970] {dag.py:1833} INFO - Sync 1 DAGs
[2021-09-06 14:42:59,976] {logging_mixin.py:109} INFO - [2021-09-06 14:42:59,976] {dag.py:2306} INFO - Setting next_dagrun for tutorial to 2021-09-04 00:00:00+00:00
[2021-09-06 14:43:00,135] {processor.py:170} INFO - Processing /home/airflow/.local/lib/python3.8/site-packages/airflow/example_dags/tutorial.py took 0.181 seconds
[2021-09-06 14:43:30,711] {processor.py:162} INFO - Started process (PID=2963) to work on /home/airflow/.local/lib/python3.8/site-packages/airflow/example_dags/tutorial.py
[2021-09-06 14:43:30,712] {processor.py:613} INFO - Processing file /home/airflow/.local/lib/python3.8/site-packages/airflow/example_dags/tutorial.py for tasks to queue
[2021-09-06 14:43:30,712] {logging_mixin.py:109} INFO - [2021-09-06 14:43:30,712] {dagbag.py:496} INFO - Filling up the DagBag from /home/airflow/.local/lib/python3.8/site-packages/airflow/example_dags/tutorial.py
[2021-09-06 14:43:30,717] {processor.py:623} INFO - DAG(s) dict_keys(['tutorial']) retrieved from /home/airflow/.local/lib/python3.8/site-packages/airflow/example_dags/tutorial.py
[2021-09-06 14:43:30,726] {logging_mixin.py:109} INFO - [2021-09-06 14:43:30,726] {dag.py:1833} INFO - Sync 1 DAGs
[2021-09-06 14:43:30,732] {logging_mixin.py:109} INFO - [2021-09-06 14:43:30,732] {dag.py:2306} INFO - Setting next_dagrun for tutorial to 2021-09-04 00:00:00+00:00
[2021-09-06 14:43:30,736] {processor.py:170} INFO - Processing /home/airflow/.local/lib/python3.8/site-packages/airflow/example_dags/tutorial.py took 0.026 seconds
[2021-09-06 14:44:01,291] {processor.py:162} INFO - Started process (PID=3016) to work on /home/airflow/.local/lib/python3.8/site-packages/airflow/example_dags/tutorial.py
[2021-09-06 14:44:01,292] {processor.py:613} INFO - Processing file /home/airflow/.local/lib/python3.8/site-packages/airflow/example_dags/tutorial.py for tasks to queue
[2021-09-06 14:44:01,292] {logging_mixin.py:109} INFO - [2021-09-06 14:44:01,292] {dagbag.py:496} INFO - Filling up the DagBag from /home/airflow/.local/lib/python3.8/site-packages/airflow/example_dags/tutorial.py
[2021-09-06 14:44:01,297] {processor.py:623} INFO - DAG(s) dict_keys(['tutorial']) retrieved from /home/airflow/.local/lib/python3.8/site-packages/airflow/example_dags/tutorial.py
[2021-09-06 14:44:01,306] {logging_mixin.py:109} INFO - [2021-09-06 14:44:01,306] {dag.py:1833} INFO - Sync 1 DAGs
[2021-09-06 14:44:01,311] {logging_mixin.py:109} INFO - [2021-09-06 14:44:01,311] {dag.py:2306} INFO - Setting next_dagrun for tutorial to 2021-09-04 00:00:00+00:00
[2021-09-06 14:44:01,316] {processor.py:170} INFO - Processing /home/airflow/.local/lib/python3.8/site-packages/airflow/example_dags/tutorial.py took 0.026 seconds
[2021-09-06 14:44:31,927] {processor.py:162} INFO - Started process (PID=3069) to work on /home/airflow/.local/lib/python3.8/site-packages/airflow/example_dags/tutorial.py
[2021-09-06 14:44:31,928] {processor.py:613} INFO - Processing file /home/airflow/.local/lib/python3.8/site-packages/airflow/example_dags/tutorial.py for tasks to queue
[2021-09-06 14:44:31,928] {logging_mixin.py:109} INFO - [2021-09-06 14:44:31,928] {dagbag.py:496} INFO - Filling up the DagBag from /home/airflow/.local/lib/python3.8/site-packages/airflow/example_dags/tutorial.py
[2021-09-06 14:44:31,933] {processor.py:623} INFO - DAG(s) dict_keys(['tutorial']) retrieved from /home/airflow/.local/lib/python3.8/site-packages/airflow/example_dags/tutorial.py
[2021-09-06 14:44:31,943] {logging_mixin.py:109} INFO - [2021-09-06 14:44:31,943] {dag.py:1833} INFO - Sync 1 DAGs
[2021-09-06 14:44:31,949] {logging_mixin.py:109} INFO - [2021-09-06 14:44:31,949] {dag.py:2306} INFO - Setting next_dagrun for tutorial to 2021-09-04 00:00:00+00:00
[2021-09-06 14:44:31,953] {processor.py:170} INFO - Processing /home/airflow/.local/lib/python3.8/site-packages/airflow/example_dags/tutorial.py took 0.027 seconds
[2021-09-06 14:45:02,527] {processor.py:162} INFO - Started process (PID=3122) to work on /home/airflow/.local/lib/python3.8/site-packages/airflow/example_dags/tutorial.py
[2021-09-06 14:45:02,527] {processor.py:613} INFO - Processing file /home/airflow/.local/lib/python3.8/site-packages/airflow/example_dags/tutorial.py for tasks to queue
[2021-09-06 14:45:02,528] {logging_mixin.py:109} INFO - [2021-09-06 14:45:02,527] {dagbag.py:496} INFO - Filling up the DagBag from /home/airflow/.local/lib/python3.8/site-packages/airflow/example_dags/tutorial.py
[2021-09-06 14:45:02,533] {processor.py:623} INFO - DAG(s) dict_keys(['tutorial']) retrieved from /home/airflow/.local/lib/python3.8/site-packages/airflow/example_dags/tutorial.py
[2021-09-06 14:45:02,541] {logging_mixin.py:109} INFO - [2021-09-06 14:45:02,541] {dag.py:1833} INFO - Sync 1 DAGs
[2021-09-06 14:45:02,548] {logging_mixin.py:109} INFO - [2021-09-06 14:45:02,548] {dag.py:2306} INFO - Setting next_dagrun for tutorial to 2021-09-04 00:00:00+00:00
[2021-09-06 14:45:02,552] {processor.py:170} INFO - Processing /home/airflow/.local/lib/python3.8/site-packages/airflow/example_dags/tutorial.py took 0.027 seconds
[2021-09-06 14:45:33,181] {processor.py:162} INFO - Started process (PID=3175) to work on /home/airflow/.local/lib/python3.8/site-packages/airflow/example_dags/tutorial.py
[2021-09-06 14:45:33,181] {processor.py:613} INFO - Processing file /home/airflow/.local/lib/python3.8/site-packages/airflow/example_dags/tutorial.py for tasks to queue
[2021-09-06 14:45:33,181] {logging_mixin.py:109} INFO - [2021-09-06 14:45:33,181] {dagbag.py:496} INFO - Filling up the DagBag from /home/airflow/.local/lib/python3.8/site-packages/airflow/example_dags/tutorial.py
[2021-09-06 14:45:33,186] {processor.py:623} INFO - DAG(s) dict_keys(['tutorial']) retrieved from /home/airflow/.local/lib/python3.8/site-packages/airflow/example_dags/tutorial.py
[2021-09-06 14:45:33,196] {logging_mixin.py:109} INFO - [2021-09-06 14:45:33,196] {dag.py:1833} INFO - Sync 1 DAGs
[2021-09-06 14:45:33,202] {logging_mixin.py:109} INFO - [2021-09-06 14:45:33,202] {dag.py:2306} INFO - Setting next_dagrun for tutorial to 2021-09-04 00:00:00+00:00
[2021-09-06 14:45:33,206] {processor.py:170} INFO - Processing /home/airflow/.local/lib/python3.8/site-packages/airflow/example_dags/tutorial.py took 0.027 seconds
[2021-09-06 14:46:03,980] {processor.py:162} INFO - Started process (PID=3228) to work on /home/airflow/.local/lib/python3.8/site-packages/airflow/example_dags/tutorial.py
[2021-09-06 14:46:03,981] {processor.py:613} INFO - Processing file /home/airflow/.local/lib/python3.8/site-packages/airflow/example_dags/tutorial.py for tasks to queue
[2021-09-06 14:46:03,981] {logging_mixin.py:109} INFO - [2021-09-06 14:46:03,981] {dagbag.py:496} INFO - Filling up the DagBag from /home/airflow/.local/lib/python3.8/site-packages/airflow/example_dags/tutorial.py
[2021-09-06 14:46:03,986] {processor.py:623} INFO - DAG(s) dict_keys(['tutorial']) retrieved from /home/airflow/.local/lib/python3.8/site-packages/airflow/example_dags/tutorial.py
[2021-09-06 14:46:03,995] {logging_mixin.py:109} INFO - [2021-09-06 14:46:03,995] {dag.py:1833} INFO - Sync 1 DAGs
[2021-09-06 14:46:04,001] {logging_mixin.py:109} INFO - [2021-09-06 14:46:04,001] {dag.py:2306} INFO - Setting next_dagrun for tutorial to 2021-09-04 00:00:00+00:00
[2021-09-06 14:46:04,005] {processor.py:170} INFO - Processing /home/airflow/.local/lib/python3.8/site-packages/airflow/example_dags/tutorial.py took 0.026 seconds
[2021-09-06 14:46:34,609] {processor.py:162} INFO - Started process (PID=3281) to work on /home/airflow/.local/lib/python3.8/site-packages/airflow/example_dags/tutorial.py
[2021-09-06 14:46:34,609] {processor.py:613} INFO - Processing file /home/airflow/.local/lib/python3.8/site-packages/airflow/example_dags/tutorial.py for tasks to queue
[2021-09-06 14:46:34,609] {logging_mixin.py:109} INFO - [2021-09-06 14:46:34,609] {dagbag.py:496} INFO - Filling up the DagBag from /home/airflow/.local/lib/python3.8/site-packages/airflow/example_dags/tutorial.py
[2021-09-06 14:46:34,614] {processor.py:623} INFO - DAG(s) dict_keys(['tutorial']) retrieved from /home/airflow/.local/lib/python3.8/site-packages/airflow/example_dags/tutorial.py
[2021-09-06 14:46:34,623] {logging_mixin.py:109} INFO - [2021-09-06 14:46:34,623] {dag.py:1833} INFO - Sync 1 DAGs
[2021-09-06 14:46:34,629] {logging_mixin.py:109} INFO - [2021-09-06 14:46:34,629] {dag.py:2306} INFO - Setting next_dagrun for tutorial to 2021-09-04 00:00:00+00:00
[2021-09-06 14:46:34,633] {processor.py:170} INFO - Processing /home/airflow/.local/lib/python3.8/site-packages/airflow/example_dags/tutorial.py took 0.025 seconds
[2021-09-06 14:47:05,194] {processor.py:162} INFO - Started process (PID=3334) to work on /home/airflow/.local/lib/python3.8/site-packages/airflow/example_dags/tutorial.py
[2021-09-06 14:47:05,195] {processor.py:613} INFO - Processing file /home/airflow/.local/lib/python3.8/site-packages/airflow/example_dags/tutorial.py for tasks to queue
[2021-09-06 14:47:05,195] {logging_mixin.py:109} INFO - [2021-09-06 14:47:05,195] {dagbag.py:496} INFO - Filling up the DagBag from /home/airflow/.local/lib/python3.8/site-packages/airflow/example_dags/tutorial.py
[2021-09-06 14:47:05,200] {processor.py:623} INFO - DAG(s) dict_keys(['tutorial']) retrieved from /home/airflow/.local/lib/python3.8/site-packages/airflow/example_dags/tutorial.py
[2021-09-06 14:47:05,211] {logging_mixin.py:109} INFO - [2021-09-06 14:47:05,211] {dag.py:1833} INFO - Sync 1 DAGs
[2021-09-06 14:47:05,217] {logging_mixin.py:109} INFO - [2021-09-06 14:47:05,217] {dag.py:2306} INFO - Setting next_dagrun for tutorial to 2021-09-04 00:00:00+00:00
[2021-09-06 14:47:05,221] {processor.py:170} INFO - Processing /home/airflow/.local/lib/python3.8/site-packages/airflow/example_dags/tutorial.py took 0.027 seconds
[2021-09-06 14:47:35,775] {processor.py:162} INFO - Started process (PID=3387) to work on /home/airflow/.local/lib/python3.8/site-packages/airflow/example_dags/tutorial.py
[2021-09-06 14:47:35,776] {processor.py:613} INFO - Processing file /home/airflow/.local/lib/python3.8/site-packages/airflow/example_dags/tutorial.py for tasks to queue
[2021-09-06 14:47:35,776] {logging_mixin.py:109} INFO - [2021-09-06 14:47:35,776] {dagbag.py:496} INFO - Filling up the DagBag from /home/airflow/.local/lib/python3.8/site-packages/airflow/example_dags/tutorial.py
[2021-09-06 14:47:35,781] {processor.py:623} INFO - DAG(s) dict_keys(['tutorial']) retrieved from /home/airflow/.local/lib/python3.8/site-packages/airflow/example_dags/tutorial.py
[2021-09-06 14:47:35,792] {logging_mixin.py:109} INFO - [2021-09-06 14:47:35,792] {dag.py:1833} INFO - Sync 1 DAGs
[2021-09-06 14:47:35,798] {logging_mixin.py:109} INFO - [2021-09-06 14:47:35,798] {dag.py:2306} INFO - Setting next_dagrun for tutorial to 2021-09-04 00:00:00+00:00
[2021-09-06 14:47:35,802] {processor.py:170} INFO - Processing /home/airflow/.local/lib/python3.8/site-packages/airflow/example_dags/tutorial.py took 0.028 seconds
[2021-09-06 14:48:06,393] {processor.py:162} INFO - Started process (PID=3440) to work on /home/airflow/.local/lib/python3.8/site-packages/airflow/example_dags/tutorial.py
[2021-09-06 14:48:06,393] {processor.py:613} INFO - Processing file /home/airflow/.local/lib/python3.8/site-packages/airflow/example_dags/tutorial.py for tasks to queue
[2021-09-06 14:48:06,394] {logging_mixin.py:109} INFO - [2021-09-06 14:48:06,394] {dagbag.py:496} INFO - Filling up the DagBag from /home/airflow/.local/lib/python3.8/site-packages/airflow/example_dags/tutorial.py
[2021-09-06 14:48:06,399] {processor.py:623} INFO - DAG(s) dict_keys(['tutorial']) retrieved from /home/airflow/.local/lib/python3.8/site-packages/airflow/example_dags/tutorial.py
[2021-09-06 14:48:06,408] {logging_mixin.py:109} INFO - [2021-09-06 14:48:06,408] {dag.py:1833} INFO - Sync 1 DAGs
[2021-09-06 14:48:06,414] {logging_mixin.py:109} INFO - [2021-09-06 14:48:06,414] {dag.py:2306} INFO - Setting next_dagrun for tutorial to 2021-09-04 00:00:00+00:00
[2021-09-06 14:48:06,418] {processor.py:170} INFO - Processing /home/airflow/.local/lib/python3.8/site-packages/airflow/example_dags/tutorial.py took 0.026 seconds
[2021-09-06 14:48:37,001] {processor.py:162} INFO - Started process (PID=3500) to work on /home/airflow/.local/lib/python3.8/site-packages/airflow/example_dags/tutorial.py
[2021-09-06 14:48:37,001] {processor.py:613} INFO - Processing file /home/airflow/.local/lib/python3.8/site-packages/airflow/example_dags/tutorial.py for tasks to queue
[2021-09-06 14:48:37,002] {logging_mixin.py:109} INFO - [2021-09-06 14:48:37,002] {dagbag.py:496} INFO - Filling up the DagBag from /home/airflow/.local/lib/python3.8/site-packages/airflow/example_dags/tutorial.py
[2021-09-06 14:48:37,007] {processor.py:623} INFO - DAG(s) dict_keys(['tutorial']) retrieved from /home/airflow/.local/lib/python3.8/site-packages/airflow/example_dags/tutorial.py
[2021-09-06 14:48:37,016] {logging_mixin.py:109} INFO - [2021-09-06 14:48:37,016] {dag.py:1833} INFO - Sync 1 DAGs
[2021-09-06 14:48:37,023] {logging_mixin.py:109} INFO - [2021-09-06 14:48:37,023] {dag.py:2306} INFO - Setting next_dagrun for tutorial to 2021-09-04 00:00:00+00:00
[2021-09-06 14:48:37,027] {processor.py:170} INFO - Processing /home/airflow/.local/lib/python3.8/site-packages/airflow/example_dags/tutorial.py took 0.027 seconds
[2021-09-06 14:49:07,644] {processor.py:162} INFO - Started process (PID=3553) to work on /home/airflow/.local/lib/python3.8/site-packages/airflow/example_dags/tutorial.py
[2021-09-06 14:49:07,644] {processor.py:613} INFO - Processing file /home/airflow/.local/lib/python3.8/site-packages/airflow/example_dags/tutorial.py for tasks to queue
[2021-09-06 14:49:07,644] {logging_mixin.py:109} INFO - [2021-09-06 14:49:07,644] {dagbag.py:496} INFO - Filling up the DagBag from /home/airflow/.local/lib/python3.8/site-packages/airflow/example_dags/tutorial.py
[2021-09-06 14:49:07,649] {processor.py:623} INFO - DAG(s) dict_keys(['tutorial']) retrieved from /home/airflow/.local/lib/python3.8/site-packages/airflow/example_dags/tutorial.py
[2021-09-06 14:49:07,659] {logging_mixin.py:109} INFO - [2021-09-06 14:49:07,659] {dag.py:1833} INFO - Sync 1 DAGs
[2021-09-06 14:49:07,665] {logging_mixin.py:109} INFO - [2021-09-06 14:49:07,665] {dag.py:2306} INFO - Setting next_dagrun for tutorial to 2021-09-04 00:00:00+00:00
[2021-09-06 14:49:07,669] {processor.py:170} INFO - Processing /home/airflow/.local/lib/python3.8/site-packages/airflow/example_dags/tutorial.py took 0.027 seconds
[2021-09-06 14:49:38,265] {processor.py:162} INFO - Started process (PID=3606) to work on /home/airflow/.local/lib/python3.8/site-packages/airflow/example_dags/tutorial.py
[2021-09-06 14:49:38,266] {processor.py:613} INFO - Processing file /home/airflow/.local/lib/python3.8/site-packages/airflow/example_dags/tutorial.py for tasks to queue
[2021-09-06 14:49:38,266] {logging_mixin.py:109} INFO - [2021-09-06 14:49:38,266] {dagbag.py:496} INFO - Filling up the DagBag from /home/airflow/.local/lib/python3.8/site-packages/airflow/example_dags/tutorial.py
[2021-09-06 14:49:38,271] {processor.py:623} INFO - DAG(s) dict_keys(['tutorial']) retrieved from /home/airflow/.local/lib/python3.8/site-packages/airflow/example_dags/tutorial.py
[2021-09-06 14:49:38,280] {logging_mixin.py:109} INFO - [2021-09-06 14:49:38,280] {dag.py:1833} INFO - Sync 1 DAGs
[2021-09-06 14:49:38,286] {logging_mixin.py:109} INFO - [2021-09-06 14:49:38,286] {dag.py:2306} INFO - Setting next_dagrun for tutorial to 2021-09-04 00:00:00+00:00
[2021-09-06 14:49:38,291] {processor.py:170} INFO - Processing /home/airflow/.local/lib/python3.8/site-packages/airflow/example_dags/tutorial.py took 0.027 seconds
[2021-09-06 14:50:08,847] {processor.py:162} INFO - Started process (PID=3659) to work on /home/airflow/.local/lib/python3.8/site-packages/airflow/example_dags/tutorial.py
[2021-09-06 14:50:08,847] {processor.py:613} INFO - Processing file /home/airflow/.local/lib/python3.8/site-packages/airflow/example_dags/tutorial.py for tasks to queue
[2021-09-06 14:50:08,848] {logging_mixin.py:109} INFO - [2021-09-06 14:50:08,848] {dagbag.py:496} INFO - Filling up the DagBag from /home/airflow/.local/lib/python3.8/site-packages/airflow/example_dags/tutorial.py
[2021-09-06 14:50:08,854] {processor.py:623} INFO - DAG(s) dict_keys(['tutorial']) retrieved from /home/airflow/.local/lib/python3.8/site-packages/airflow/example_dags/tutorial.py
[2021-09-06 14:50:08,863] {logging_mixin.py:109} INFO - [2021-09-06 14:50:08,863] {dag.py:1833} INFO - Sync 1 DAGs
[2021-09-06 14:50:08,869] {logging_mixin.py:109} INFO - [2021-09-06 14:50:08,869] {dag.py:2306} INFO - Setting next_dagrun for tutorial to 2021-09-04 00:00:00+00:00
[2021-09-06 14:50:08,873] {processor.py:170} INFO - Processing /home/airflow/.local/lib/python3.8/site-packages/airflow/example_dags/tutorial.py took 0.028 seconds
[2021-09-06 14:50:39,395] {processor.py:162} INFO - Started process (PID=3712) to work on /home/airflow/.local/lib/python3.8/site-packages/airflow/example_dags/tutorial.py
[2021-09-06 14:50:39,395] {processor.py:613} INFO - Processing file /home/airflow/.local/lib/python3.8/site-packages/airflow/example_dags/tutorial.py for tasks to queue
[2021-09-06 14:50:39,396] {logging_mixin.py:109} INFO - [2021-09-06 14:50:39,395] {dagbag.py:496} INFO - Filling up the DagBag from /home/airflow/.local/lib/python3.8/site-packages/airflow/example_dags/tutorial.py
[2021-09-06 14:50:39,402] {processor.py:623} INFO - DAG(s) dict_keys(['tutorial']) retrieved from /home/airflow/.local/lib/python3.8/site-packages/airflow/example_dags/tutorial.py
[2021-09-06 14:50:39,411] {logging_mixin.py:109} INFO - [2021-09-06 14:50:39,411] {dag.py:1833} INFO - Sync 1 DAGs
[2021-09-06 14:50:39,418] {logging_mixin.py:109} INFO - [2021-09-06 14:50:39,417] {dag.py:2306} INFO - Setting next_dagrun for tutorial to 2021-09-04 00:00:00+00:00
[2021-09-06 14:50:39,422] {processor.py:170} INFO - Processing /home/airflow/.local/lib/python3.8/site-packages/airflow/example_dags/tutorial.py took 0.030 seconds
[2021-09-06 14:51:10,026] {processor.py:162} INFO - Started process (PID=3766) to work on /home/airflow/.local/lib/python3.8/site-packages/airflow/example_dags/tutorial.py
[2021-09-06 14:51:10,026] {processor.py:613} INFO - Processing file /home/airflow/.local/lib/python3.8/site-packages/airflow/example_dags/tutorial.py for tasks to queue
[2021-09-06 14:51:10,027] {logging_mixin.py:109} INFO - [2021-09-06 14:51:10,027] {dagbag.py:496} INFO - Filling up the DagBag from /home/airflow/.local/lib/python3.8/site-packages/airflow/example_dags/tutorial.py
[2021-09-06 14:51:10,032] {processor.py:623} INFO - DAG(s) dict_keys(['tutorial']) retrieved from /home/airflow/.local/lib/python3.8/site-packages/airflow/example_dags/tutorial.py
[2021-09-06 14:51:10,041] {logging_mixin.py:109} INFO - [2021-09-06 14:51:10,041] {dag.py:1833} INFO - Sync 1 DAGs
[2021-09-06 14:51:10,048] {logging_mixin.py:109} INFO - [2021-09-06 14:51:10,048] {dag.py:2306} INFO - Setting next_dagrun for tutorial to 2021-09-04 00:00:00+00:00
[2021-09-06 14:51:10,052] {processor.py:170} INFO - Processing /home/airflow/.local/lib/python3.8/site-packages/airflow/example_dags/tutorial.py took 0.028 seconds
[2021-09-06 14:51:40,658] {processor.py:162} INFO - Started process (PID=3819) to work on /home/airflow/.local/lib/python3.8/site-packages/airflow/example_dags/tutorial.py
[2021-09-06 14:51:40,658] {processor.py:613} INFO - Processing file /home/airflow/.local/lib/python3.8/site-packages/airflow/example_dags/tutorial.py for tasks to queue
[2021-09-06 14:51:40,658] {logging_mixin.py:109} INFO - [2021-09-06 14:51:40,658] {dagbag.py:496} INFO - Filling up the DagBag from /home/airflow/.local/lib/python3.8/site-packages/airflow/example_dags/tutorial.py
[2021-09-06 14:51:40,663] {processor.py:623} INFO - DAG(s) dict_keys(['tutorial']) retrieved from /home/airflow/.local/lib/python3.8/site-packages/airflow/example_dags/tutorial.py
[2021-09-06 14:51:40,673] {logging_mixin.py:109} INFO - [2021-09-06 14:51:40,673] {dag.py:1833} INFO - Sync 1 DAGs
[2021-09-06 14:51:40,679] {logging_mixin.py:109} INFO - [2021-09-06 14:51:40,679] {dag.py:2306} INFO - Setting next_dagrun for tutorial to 2021-09-04 00:00:00+00:00
[2021-09-06 14:51:40,683] {processor.py:170} INFO - Processing /home/airflow/.local/lib/python3.8/site-packages/airflow/example_dags/tutorial.py took 0.027 seconds
[2021-09-06 14:52:11,249] {processor.py:162} INFO - Started process (PID=3872) to work on /home/airflow/.local/lib/python3.8/site-packages/airflow/example_dags/tutorial.py
[2021-09-06 14:52:11,250] {processor.py:613} INFO - Processing file /home/airflow/.local/lib/python3.8/site-packages/airflow/example_dags/tutorial.py for tasks to queue
[2021-09-06 14:52:11,250] {logging_mixin.py:109} INFO - [2021-09-06 14:52:11,250] {dagbag.py:496} INFO - Filling up the DagBag from /home/airflow/.local/lib/python3.8/site-packages/airflow/example_dags/tutorial.py
[2021-09-06 14:52:11,255] {processor.py:623} INFO - DAG(s) dict_keys(['tutorial']) retrieved from /home/airflow/.local/lib/python3.8/site-packages/airflow/example_dags/tutorial.py
[2021-09-06 14:52:11,264] {logging_mixin.py:109} INFO - [2021-09-06 14:52:11,264] {dag.py:1833} INFO - Sync 1 DAGs
[2021-09-06 14:52:11,269] {logging_mixin.py:109} INFO - [2021-09-06 14:52:11,269] {dag.py:2306} INFO - Setting next_dagrun for tutorial to 2021-09-04 00:00:00+00:00
[2021-09-06 14:52:11,273] {processor.py:170} INFO - Processing /home/airflow/.local/lib/python3.8/site-packages/airflow/example_dags/tutorial.py took 0.025 seconds
[2021-09-06 14:52:41,843] {processor.py:162} INFO - Started process (PID=3925) to work on /home/airflow/.local/lib/python3.8/site-packages/airflow/example_dags/tutorial.py
[2021-09-06 14:52:41,843] {processor.py:613} INFO - Processing file /home/airflow/.local/lib/python3.8/site-packages/airflow/example_dags/tutorial.py for tasks to queue
[2021-09-06 14:52:41,844] {logging_mixin.py:109} INFO - [2021-09-06 14:52:41,844] {dagbag.py:496} INFO - Filling up the DagBag from /home/airflow/.local/lib/python3.8/site-packages/airflow/example_dags/tutorial.py
[2021-09-06 14:52:41,849] {processor.py:623} INFO - DAG(s) dict_keys(['tutorial']) retrieved from /home/airflow/.local/lib/python3.8/site-packages/airflow/example_dags/tutorial.py
[2021-09-06 14:52:41,859] {logging_mixin.py:109} INFO - [2021-09-06 14:52:41,859] {dag.py:1833} INFO - Sync 1 DAGs
[2021-09-06 14:52:41,864] {logging_mixin.py:109} INFO - [2021-09-06 14:52:41,864] {dag.py:2306} INFO - Setting next_dagrun for tutorial to 2021-09-04 00:00:00+00:00
[2021-09-06 14:52:41,869] {processor.py:170} INFO - Processing /home/airflow/.local/lib/python3.8/site-packages/airflow/example_dags/tutorial.py took 0.027 seconds
[2021-09-06 14:53:12,382] {processor.py:162} INFO - Started process (PID=3979) to work on /home/airflow/.local/lib/python3.8/site-packages/airflow/example_dags/tutorial.py
[2021-09-06 14:53:12,382] {processor.py:613} INFO - Processing file /home/airflow/.local/lib/python3.8/site-packages/airflow/example_dags/tutorial.py for tasks to queue
[2021-09-06 14:53:12,382] {logging_mixin.py:109} INFO - [2021-09-06 14:53:12,382] {dagbag.py:496} INFO - Filling up the DagBag from /home/airflow/.local/lib/python3.8/site-packages/airflow/example_dags/tutorial.py
[2021-09-06 14:53:12,387] {processor.py:623} INFO - DAG(s) dict_keys(['tutorial']) retrieved from /home/airflow/.local/lib/python3.8/site-packages/airflow/example_dags/tutorial.py
[2021-09-06 14:53:12,396] {logging_mixin.py:109} INFO - [2021-09-06 14:53:12,396] {dag.py:1833} INFO - Sync 1 DAGs
[2021-09-06 14:53:12,402] {logging_mixin.py:109} INFO - [2021-09-06 14:53:12,402] {dag.py:2306} INFO - Setting next_dagrun for tutorial to 2021-09-04 00:00:00+00:00
[2021-09-06 14:53:12,406] {processor.py:170} INFO - Processing /home/airflow/.local/lib/python3.8/site-packages/airflow/example_dags/tutorial.py took 0.025 seconds
[2021-09-06 14:53:42,973] {processor.py:162} INFO - Started process (PID=4032) to work on /home/airflow/.local/lib/python3.8/site-packages/airflow/example_dags/tutorial.py
[2021-09-06 14:53:42,973] {processor.py:613} INFO - Processing file /home/airflow/.local/lib/python3.8/site-packages/airflow/example_dags/tutorial.py for tasks to queue
[2021-09-06 14:53:42,973] {logging_mixin.py:109} INFO - [2021-09-06 14:53:42,973] {dagbag.py:496} INFO - Filling up the DagBag from /home/airflow/.local/lib/python3.8/site-packages/airflow/example_dags/tutorial.py
[2021-09-06 14:53:42,978] {processor.py:623} INFO - DAG(s) dict_keys(['tutorial']) retrieved from /home/airflow/.local/lib/python3.8/site-packages/airflow/example_dags/tutorial.py
[2021-09-06 14:53:42,988] {logging_mixin.py:109} INFO - [2021-09-06 14:53:42,988] {dag.py:1833} INFO - Sync 1 DAGs
[2021-09-06 14:53:42,995] {logging_mixin.py:109} INFO - [2021-09-06 14:53:42,994] {dag.py:2306} INFO - Setting next_dagrun for tutorial to 2021-09-04 00:00:00+00:00
[2021-09-06 14:53:42,999] {processor.py:170} INFO - Processing /home/airflow/.local/lib/python3.8/site-packages/airflow/example_dags/tutorial.py took 0.027 seconds
[2021-09-06 14:54:13,549] {processor.py:162} INFO - Started process (PID=4085) to work on /home/airflow/.local/lib/python3.8/site-packages/airflow/example_dags/tutorial.py
[2021-09-06 14:54:13,550] {processor.py:613} INFO - Processing file /home/airflow/.local/lib/python3.8/site-packages/airflow/example_dags/tutorial.py for tasks to queue
[2021-09-06 14:54:13,550] {logging_mixin.py:109} INFO - [2021-09-06 14:54:13,550] {dagbag.py:496} INFO - Filling up the DagBag from /home/airflow/.local/lib/python3.8/site-packages/airflow/example_dags/tutorial.py
[2021-09-06 14:54:13,555] {processor.py:623} INFO - DAG(s) dict_keys(['tutorial']) retrieved from /home/airflow/.local/lib/python3.8/site-packages/airflow/example_dags/tutorial.py
[2021-09-06 14:54:13,564] {logging_mixin.py:109} INFO - [2021-09-06 14:54:13,564] {dag.py:1833} INFO - Sync 1 DAGs
[2021-09-06 14:54:13,570] {logging_mixin.py:109} INFO - [2021-09-06 14:54:13,570] {dag.py:2306} INFO - Setting next_dagrun for tutorial to 2021-09-04 00:00:00+00:00
[2021-09-06 14:54:13,575] {processor.py:170} INFO - Processing /home/airflow/.local/lib/python3.8/site-packages/airflow/example_dags/tutorial.py took 0.027 seconds
[2021-09-06 14:54:44,124] {processor.py:162} INFO - Started process (PID=4138) to work on /home/airflow/.local/lib/python3.8/site-packages/airflow/example_dags/tutorial.py
[2021-09-06 14:54:44,125] {processor.py:613} INFO - Processing file /home/airflow/.local/lib/python3.8/site-packages/airflow/example_dags/tutorial.py for tasks to queue
[2021-09-06 14:54:44,125] {logging_mixin.py:109} INFO - [2021-09-06 14:54:44,125] {dagbag.py:496} INFO - Filling up the DagBag from /home/airflow/.local/lib/python3.8/site-packages/airflow/example_dags/tutorial.py
[2021-09-06 14:54:44,130] {processor.py:623} INFO - DAG(s) dict_keys(['tutorial']) retrieved from /home/airflow/.local/lib/python3.8/site-packages/airflow/example_dags/tutorial.py
[2021-09-06 14:54:44,139] {logging_mixin.py:109} INFO - [2021-09-06 14:54:44,139] {dag.py:1833} INFO - Sync 1 DAGs
[2021-09-06 14:54:44,145] {logging_mixin.py:109} INFO - [2021-09-06 14:54:44,145] {dag.py:2306} INFO - Setting next_dagrun for tutorial to 2021-09-04 00:00:00+00:00
[2021-09-06 14:54:44,149] {processor.py:170} INFO - Processing /home/airflow/.local/lib/python3.8/site-packages/airflow/example_dags/tutorial.py took 0.026 seconds
[2021-09-06 14:55:14,721] {processor.py:162} INFO - Started process (PID=4191) to work on /home/airflow/.local/lib/python3.8/site-packages/airflow/example_dags/tutorial.py
[2021-09-06 14:55:14,721] {processor.py:613} INFO - Processing file /home/airflow/.local/lib/python3.8/site-packages/airflow/example_dags/tutorial.py for tasks to queue
[2021-09-06 14:55:14,722] {logging_mixin.py:109} INFO - [2021-09-06 14:55:14,721] {dagbag.py:496} INFO - Filling up the DagBag from /home/airflow/.local/lib/python3.8/site-packages/airflow/example_dags/tutorial.py
[2021-09-06 14:55:14,726] {processor.py:623} INFO - DAG(s) dict_keys(['tutorial']) retrieved from /home/airflow/.local/lib/python3.8/site-packages/airflow/example_dags/tutorial.py
[2021-09-06 14:55:14,736] {logging_mixin.py:109} INFO - [2021-09-06 14:55:14,736] {dag.py:1833} INFO - Sync 1 DAGs
[2021-09-06 14:55:14,742] {logging_mixin.py:109} INFO - [2021-09-06 14:55:14,742] {dag.py:2306} INFO - Setting next_dagrun for tutorial to 2021-09-04 00:00:00+00:00
[2021-09-06 14:55:14,746] {processor.py:170} INFO - Processing /home/airflow/.local/lib/python3.8/site-packages/airflow/example_dags/tutorial.py took 0.026 seconds
[2021-09-06 14:55:45,290] {processor.py:162} INFO - Started process (PID=4244) to work on /home/airflow/.local/lib/python3.8/site-packages/airflow/example_dags/tutorial.py
[2021-09-06 14:55:45,290] {processor.py:613} INFO - Processing file /home/airflow/.local/lib/python3.8/site-packages/airflow/example_dags/tutorial.py for tasks to queue
[2021-09-06 14:55:45,291] {logging_mixin.py:109} INFO - [2021-09-06 14:55:45,291] {dagbag.py:496} INFO - Filling up the DagBag from /home/airflow/.local/lib/python3.8/site-packages/airflow/example_dags/tutorial.py
[2021-09-06 14:55:45,296] {processor.py:623} INFO - DAG(s) dict_keys(['tutorial']) retrieved from /home/airflow/.local/lib/python3.8/site-packages/airflow/example_dags/tutorial.py
[2021-09-06 14:55:45,305] {logging_mixin.py:109} INFO - [2021-09-06 14:55:45,305] {dag.py:1833} INFO - Sync 1 DAGs
[2021-09-06 14:55:45,311] {logging_mixin.py:109} INFO - [2021-09-06 14:55:45,311] {dag.py:2306} INFO - Setting next_dagrun for tutorial to 2021-09-04 00:00:00+00:00
[2021-09-06 14:55:45,315] {processor.py:170} INFO - Processing /home/airflow/.local/lib/python3.8/site-packages/airflow/example_dags/tutorial.py took 0.026 seconds
[2021-09-06 14:56:15,903] {processor.py:162} INFO - Started process (PID=4297) to work on /home/airflow/.local/lib/python3.8/site-packages/airflow/example_dags/tutorial.py
[2021-09-06 14:56:15,904] {processor.py:613} INFO - Processing file /home/airflow/.local/lib/python3.8/site-packages/airflow/example_dags/tutorial.py for tasks to queue
[2021-09-06 14:56:15,904] {logging_mixin.py:109} INFO - [2021-09-06 14:56:15,904] {dagbag.py:496} INFO - Filling up the DagBag from /home/airflow/.local/lib/python3.8/site-packages/airflow/example_dags/tutorial.py
[2021-09-06 14:56:15,909] {processor.py:623} INFO - DAG(s) dict_keys(['tutorial']) retrieved from /home/airflow/.local/lib/python3.8/site-packages/airflow/example_dags/tutorial.py
[2021-09-06 14:56:15,918] {logging_mixin.py:109} INFO - [2021-09-06 14:56:15,918] {dag.py:1833} INFO - Sync 1 DAGs
[2021-09-06 14:56:15,924] {logging_mixin.py:109} INFO - [2021-09-06 14:56:15,924] {dag.py:2306} INFO - Setting next_dagrun for tutorial to 2021-09-04 00:00:00+00:00
[2021-09-06 14:56:15,928] {processor.py:170} INFO - Processing /home/airflow/.local/lib/python3.8/site-packages/airflow/example_dags/tutorial.py took 0.027 seconds
[2021-09-06 14:56:46,428] {processor.py:162} INFO - Started process (PID=4351) to work on /home/airflow/.local/lib/python3.8/site-packages/airflow/example_dags/tutorial.py
[2021-09-06 14:56:46,428] {processor.py:613} INFO - Processing file /home/airflow/.local/lib/python3.8/site-packages/airflow/example_dags/tutorial.py for tasks to queue
[2021-09-06 14:56:46,429] {logging_mixin.py:109} INFO - [2021-09-06 14:56:46,429] {dagbag.py:496} INFO - Filling up the DagBag from /home/airflow/.local/lib/python3.8/site-packages/airflow/example_dags/tutorial.py
[2021-09-06 14:56:46,434] {processor.py:623} INFO - DAG(s) dict_keys(['tutorial']) retrieved from /home/airflow/.local/lib/python3.8/site-packages/airflow/example_dags/tutorial.py
[2021-09-06 14:56:46,444] {logging_mixin.py:109} INFO - [2021-09-06 14:56:46,444] {dag.py:1833} INFO - Sync 1 DAGs
[2021-09-06 14:56:46,449] {logging_mixin.py:109} INFO - [2021-09-06 14:56:46,449] {dag.py:2306} INFO - Setting next_dagrun for tutorial to 2021-09-04 00:00:00+00:00
[2021-09-06 14:56:46,453] {processor.py:170} INFO - Processing /home/airflow/.local/lib/python3.8/site-packages/airflow/example_dags/tutorial.py took 0.027 seconds
[2021-09-06 14:57:17,034] {processor.py:162} INFO - Started process (PID=4404) to work on /home/airflow/.local/lib/python3.8/site-packages/airflow/example_dags/tutorial.py
[2021-09-06 14:57:17,034] {processor.py:613} INFO - Processing file /home/airflow/.local/lib/python3.8/site-packages/airflow/example_dags/tutorial.py for tasks to queue
[2021-09-06 14:57:17,035] {logging_mixin.py:109} INFO - [2021-09-06 14:57:17,035] {dagbag.py:496} INFO - Filling up the DagBag from /home/airflow/.local/lib/python3.8/site-packages/airflow/example_dags/tutorial.py
[2021-09-06 14:57:17,040] {processor.py:623} INFO - DAG(s) dict_keys(['tutorial']) retrieved from /home/airflow/.local/lib/python3.8/site-packages/airflow/example_dags/tutorial.py
[2021-09-06 14:57:17,049] {logging_mixin.py:109} INFO - [2021-09-06 14:57:17,049] {dag.py:1833} INFO - Sync 1 DAGs
[2021-09-06 14:57:17,055] {logging_mixin.py:109} INFO - [2021-09-06 14:57:17,055] {dag.py:2306} INFO - Setting next_dagrun for tutorial to 2021-09-04 00:00:00+00:00
[2021-09-06 14:57:17,059] {processor.py:170} INFO - Processing /home/airflow/.local/lib/python3.8/site-packages/airflow/example_dags/tutorial.py took 0.027 seconds
[2021-09-06 14:57:47,623] {processor.py:162} INFO - Started process (PID=4457) to work on /home/airflow/.local/lib/python3.8/site-packages/airflow/example_dags/tutorial.py
[2021-09-06 14:57:47,623] {processor.py:613} INFO - Processing file /home/airflow/.local/lib/python3.8/site-packages/airflow/example_dags/tutorial.py for tasks to queue
[2021-09-06 14:57:47,623] {logging_mixin.py:109} INFO - [2021-09-06 14:57:47,623] {dagbag.py:496} INFO - Filling up the DagBag from /home/airflow/.local/lib/python3.8/site-packages/airflow/example_dags/tutorial.py
[2021-09-06 14:57:47,629] {processor.py:623} INFO - DAG(s) dict_keys(['tutorial']) retrieved from /home/airflow/.local/lib/python3.8/site-packages/airflow/example_dags/tutorial.py
[2021-09-06 14:57:47,638] {logging_mixin.py:109} INFO - [2021-09-06 14:57:47,638] {dag.py:1833} INFO - Sync 1 DAGs
[2021-09-06 14:57:47,644] {logging_mixin.py:109} INFO - [2021-09-06 14:57:47,644] {dag.py:2306} INFO - Setting next_dagrun for tutorial to 2021-09-04 00:00:00+00:00
[2021-09-06 14:57:47,648] {processor.py:170} INFO - Processing /home/airflow/.local/lib/python3.8/site-packages/airflow/example_dags/tutorial.py took 0.026 seconds
[2021-09-06 14:58:18,205] {processor.py:162} INFO - Started process (PID=4510) to work on /home/airflow/.local/lib/python3.8/site-packages/airflow/example_dags/tutorial.py
[2021-09-06 14:58:18,205] {processor.py:613} INFO - Processing file /home/airflow/.local/lib/python3.8/site-packages/airflow/example_dags/tutorial.py for tasks to queue
[2021-09-06 14:58:18,205] {logging_mixin.py:109} INFO - [2021-09-06 14:58:18,205] {dagbag.py:496} INFO - Filling up the DagBag from /home/airflow/.local/lib/python3.8/site-packages/airflow/example_dags/tutorial.py
[2021-09-06 14:58:18,210] {processor.py:623} INFO - DAG(s) dict_keys(['tutorial']) retrieved from /home/airflow/.local/lib/python3.8/site-packages/airflow/example_dags/tutorial.py
[2021-09-06 14:58:18,220] {logging_mixin.py:109} INFO - [2021-09-06 14:58:18,220] {dag.py:1833} INFO - Sync 1 DAGs
[2021-09-06 14:58:18,226] {logging_mixin.py:109} INFO - [2021-09-06 14:58:18,226] {dag.py:2306} INFO - Setting next_dagrun for tutorial to 2021-09-04 00:00:00+00:00
[2021-09-06 14:58:18,230] {processor.py:170} INFO - Processing /home/airflow/.local/lib/python3.8/site-packages/airflow/example_dags/tutorial.py took 0.027 seconds
[2021-09-06 14:58:48,784] {processor.py:162} INFO - Started process (PID=4563) to work on /home/airflow/.local/lib/python3.8/site-packages/airflow/example_dags/tutorial.py
[2021-09-06 14:58:48,785] {processor.py:613} INFO - Processing file /home/airflow/.local/lib/python3.8/site-packages/airflow/example_dags/tutorial.py for tasks to queue
[2021-09-06 14:58:48,785] {logging_mixin.py:109} INFO - [2021-09-06 14:58:48,785] {dagbag.py:496} INFO - Filling up the DagBag from /home/airflow/.local/lib/python3.8/site-packages/airflow/example_dags/tutorial.py
[2021-09-06 14:58:48,790] {processor.py:623} INFO - DAG(s) dict_keys(['tutorial']) retrieved from /home/airflow/.local/lib/python3.8/site-packages/airflow/example_dags/tutorial.py
[2021-09-06 14:58:48,799] {logging_mixin.py:109} INFO - [2021-09-06 14:58:48,799] {dag.py:1833} INFO - Sync 1 DAGs
[2021-09-06 14:58:48,805] {logging_mixin.py:109} INFO - [2021-09-06 14:58:48,805] {dag.py:2306} INFO - Setting next_dagrun for tutorial to 2021-09-04 00:00:00+00:00
[2021-09-06 14:58:48,809] {processor.py:170} INFO - Processing /home/airflow/.local/lib/python3.8/site-packages/airflow/example_dags/tutorial.py took 0.026 seconds
