[2021-09-06 14:18:53,933] {processor.py:162} INFO - Started process (PID=26) to work on /opt/airflow/dags/dag.py
[2021-09-06 14:18:53,934] {processor.py:613} INFO - Processing file /opt/airflow/dags/dag.py for tasks to queue
[2021-09-06 14:18:53,934] {logging_mixin.py:109} INFO - [2021-09-06 14:18:53,934] {dagbag.py:496} INFO - Filling up the DagBag from /opt/airflow/dags/dag.py
[2021-09-06 14:18:53,948] {processor.py:623} INFO - DAG(s) dict_keys(['dag_teste']) retrieved from /opt/airflow/dags/dag.py
[2021-09-06 14:18:58,589] {processor.py:162} INFO - Started process (PID=27) to work on /opt/airflow/dags/dag.py
[2021-09-06 14:18:58,590] {processor.py:613} INFO - Processing file /opt/airflow/dags/dag.py for tasks to queue
[2021-09-06 14:18:58,590] {logging_mixin.py:109} INFO - [2021-09-06 14:18:58,590] {dagbag.py:496} INFO - Filling up the DagBag from /opt/airflow/dags/dag.py
[2021-09-06 14:18:58,597] {processor.py:623} INFO - DAG(s) dict_keys(['dag_teste']) retrieved from /opt/airflow/dags/dag.py
[2021-09-06 14:19:00,740] {logging_mixin.py:109} WARNING - /home/airflow/.local/lib/python3.8/site-packages/azure/cosmos/session.py:186 SyntaxWarning: "is not" with a literal. Did you mean "!="?
[2021-09-06 14:19:00,777] {logging_mixin.py:109} WARNING - /home/airflow/.local/lib/python3.8/site-packages/azure/storage/common/_connection.py:82 SyntaxWarning: "is" with a literal. Did you mean "=="?
[2021-09-06 14:19:01,257] {logging_mixin.py:109} INFO - [2021-09-06 14:19:01,257] {dag.py:1833} INFO - Sync 1 DAGs
[2021-09-06 14:19:01,260] {logging_mixin.py:109} INFO - [2021-09-06 14:19:01,260] {dag.py:1852} INFO - Creating ORM DAG for dag_teste
[2021-09-06 14:19:01,266] {logging_mixin.py:109} INFO - [2021-09-06 14:19:01,266] {dag.py:2306} INFO - Setting next_dagrun for dag_teste to 2021-09-05 13:01:00+00:00
[2021-09-06 14:19:01,270] {processor.py:170} INFO - Processing /opt/airflow/dags/dag.py took 2.682 seconds
[2021-09-06 14:19:31,737] {processor.py:162} INFO - Started process (PID=452) to work on /opt/airflow/dags/dag.py
[2021-09-06 14:19:31,737] {processor.py:613} INFO - Processing file /opt/airflow/dags/dag.py for tasks to queue
[2021-09-06 14:19:31,738] {logging_mixin.py:109} INFO - [2021-09-06 14:19:31,738] {dagbag.py:496} INFO - Filling up the DagBag from /opt/airflow/dags/dag.py
[2021-09-06 14:19:31,744] {processor.py:623} INFO - DAG(s) dict_keys(['dag_teste']) retrieved from /opt/airflow/dags/dag.py
[2021-09-06 14:19:31,753] {logging_mixin.py:109} INFO - [2021-09-06 14:19:31,753] {dag.py:1833} INFO - Sync 1 DAGs
[2021-09-06 14:19:31,762] {logging_mixin.py:109} INFO - [2021-09-06 14:19:31,762] {dag.py:2306} INFO - Setting next_dagrun for dag_teste to 2021-09-05 13:01:00+00:00
[2021-09-06 14:19:31,773] {processor.py:170} INFO - Processing /opt/airflow/dags/dag.py took 0.038 seconds
[2021-09-06 14:20:02,330] {processor.py:162} INFO - Started process (PID=505) to work on /opt/airflow/dags/dag.py
[2021-09-06 14:20:02,330] {processor.py:613} INFO - Processing file /opt/airflow/dags/dag.py for tasks to queue
[2021-09-06 14:20:02,331] {logging_mixin.py:109} INFO - [2021-09-06 14:20:02,330] {dagbag.py:496} INFO - Filling up the DagBag from /opt/airflow/dags/dag.py
[2021-09-06 14:20:02,336] {processor.py:623} INFO - DAG(s) dict_keys(['dag_teste']) retrieved from /opt/airflow/dags/dag.py
[2021-09-06 14:20:02,346] {logging_mixin.py:109} INFO - [2021-09-06 14:20:02,346] {dag.py:1833} INFO - Sync 1 DAGs
[2021-09-06 14:20:02,355] {logging_mixin.py:109} INFO - [2021-09-06 14:20:02,355] {dag.py:2306} INFO - Setting next_dagrun for dag_teste to 2021-09-05 13:01:00+00:00
[2021-09-06 14:20:02,364] {processor.py:170} INFO - Processing /opt/airflow/dags/dag.py took 0.036 seconds
[2021-09-06 14:20:32,928] {processor.py:162} INFO - Started process (PID=558) to work on /opt/airflow/dags/dag.py
[2021-09-06 14:20:32,929] {processor.py:613} INFO - Processing file /opt/airflow/dags/dag.py for tasks to queue
[2021-09-06 14:20:32,929] {logging_mixin.py:109} INFO - [2021-09-06 14:20:32,929] {dagbag.py:496} INFO - Filling up the DagBag from /opt/airflow/dags/dag.py
[2021-09-06 14:20:32,935] {processor.py:623} INFO - DAG(s) dict_keys(['dag_teste']) retrieved from /opt/airflow/dags/dag.py
[2021-09-06 14:20:32,945] {logging_mixin.py:109} INFO - [2021-09-06 14:20:32,945] {dag.py:1833} INFO - Sync 1 DAGs
[2021-09-06 14:20:32,953] {logging_mixin.py:109} INFO - [2021-09-06 14:20:32,953] {dag.py:2306} INFO - Setting next_dagrun for dag_teste to 2021-09-05 13:01:00+00:00
[2021-09-06 14:20:32,963] {processor.py:170} INFO - Processing /opt/airflow/dags/dag.py took 0.036 seconds
[2021-09-06 14:21:03,565] {processor.py:162} INFO - Started process (PID=611) to work on /opt/airflow/dags/dag.py
[2021-09-06 14:21:03,566] {processor.py:613} INFO - Processing file /opt/airflow/dags/dag.py for tasks to queue
[2021-09-06 14:21:03,566] {logging_mixin.py:109} INFO - [2021-09-06 14:21:03,566] {dagbag.py:496} INFO - Filling up the DagBag from /opt/airflow/dags/dag.py
[2021-09-06 14:21:03,572] {processor.py:623} INFO - DAG(s) dict_keys(['dag_teste']) retrieved from /opt/airflow/dags/dag.py
[2021-09-06 14:21:03,581] {logging_mixin.py:109} INFO - [2021-09-06 14:21:03,581] {dag.py:1833} INFO - Sync 1 DAGs
[2021-09-06 14:21:03,590] {logging_mixin.py:109} INFO - [2021-09-06 14:21:03,590] {dag.py:2306} INFO - Setting next_dagrun for dag_teste to 2021-09-05 13:01:00+00:00
[2021-09-06 14:21:03,601] {processor.py:170} INFO - Processing /opt/airflow/dags/dag.py took 0.038 seconds
[2021-09-06 14:21:34,209] {processor.py:162} INFO - Started process (PID=664) to work on /opt/airflow/dags/dag.py
[2021-09-06 14:21:34,209] {processor.py:613} INFO - Processing file /opt/airflow/dags/dag.py for tasks to queue
[2021-09-06 14:21:34,209] {logging_mixin.py:109} INFO - [2021-09-06 14:21:34,209] {dagbag.py:496} INFO - Filling up the DagBag from /opt/airflow/dags/dag.py
[2021-09-06 14:21:34,215] {processor.py:623} INFO - DAG(s) dict_keys(['dag_teste']) retrieved from /opt/airflow/dags/dag.py
[2021-09-06 14:21:34,224] {logging_mixin.py:109} INFO - [2021-09-06 14:21:34,224] {dag.py:1833} INFO - Sync 1 DAGs
[2021-09-06 14:21:34,233] {logging_mixin.py:109} INFO - [2021-09-06 14:21:34,233] {dag.py:2306} INFO - Setting next_dagrun for dag_teste to 2021-09-05 13:01:00+00:00
[2021-09-06 14:21:34,236] {processor.py:170} INFO - Processing /opt/airflow/dags/dag.py took 0.028 seconds
[2021-09-06 14:22:04,837] {processor.py:162} INFO - Started process (PID=717) to work on /opt/airflow/dags/dag.py
[2021-09-06 14:22:04,838] {processor.py:613} INFO - Processing file /opt/airflow/dags/dag.py for tasks to queue
[2021-09-06 14:22:04,838] {logging_mixin.py:109} INFO - [2021-09-06 14:22:04,838] {dagbag.py:496} INFO - Filling up the DagBag from /opt/airflow/dags/dag.py
[2021-09-06 14:22:04,844] {processor.py:623} INFO - DAG(s) dict_keys(['dag_teste']) retrieved from /opt/airflow/dags/dag.py
[2021-09-06 14:22:04,855] {logging_mixin.py:109} INFO - [2021-09-06 14:22:04,855] {dag.py:1833} INFO - Sync 1 DAGs
[2021-09-06 14:22:04,866] {logging_mixin.py:109} INFO - [2021-09-06 14:22:04,866] {dag.py:2306} INFO - Setting next_dagrun for dag_teste to 2021-09-05 13:01:00+00:00
[2021-09-06 14:22:04,874] {processor.py:170} INFO - Processing /opt/airflow/dags/dag.py took 0.038 seconds
[2021-09-06 14:22:35,432] {processor.py:162} INFO - Started process (PID=770) to work on /opt/airflow/dags/dag.py
[2021-09-06 14:22:35,433] {processor.py:613} INFO - Processing file /opt/airflow/dags/dag.py for tasks to queue
[2021-09-06 14:22:35,433] {logging_mixin.py:109} INFO - [2021-09-06 14:22:35,433] {dagbag.py:496} INFO - Filling up the DagBag from /opt/airflow/dags/dag.py
[2021-09-06 14:22:35,439] {processor.py:623} INFO - DAG(s) dict_keys(['dag_teste']) retrieved from /opt/airflow/dags/dag.py
[2021-09-06 14:22:35,449] {logging_mixin.py:109} INFO - [2021-09-06 14:22:35,449] {dag.py:1833} INFO - Sync 1 DAGs
[2021-09-06 14:22:35,458] {logging_mixin.py:109} INFO - [2021-09-06 14:22:35,458] {dag.py:2306} INFO - Setting next_dagrun for dag_teste to 2021-09-05 13:01:00+00:00
[2021-09-06 14:22:35,467] {processor.py:170} INFO - Processing /opt/airflow/dags/dag.py took 0.038 seconds
[2021-09-06 14:23:06,017] {processor.py:162} INFO - Started process (PID=823) to work on /opt/airflow/dags/dag.py
[2021-09-06 14:23:06,018] {processor.py:613} INFO - Processing file /opt/airflow/dags/dag.py for tasks to queue
[2021-09-06 14:23:06,018] {logging_mixin.py:109} INFO - [2021-09-06 14:23:06,018] {dagbag.py:496} INFO - Filling up the DagBag from /opt/airflow/dags/dag.py
[2021-09-06 14:23:06,024] {processor.py:623} INFO - DAG(s) dict_keys(['dag_teste']) retrieved from /opt/airflow/dags/dag.py
[2021-09-06 14:23:06,034] {logging_mixin.py:109} INFO - [2021-09-06 14:23:06,034] {dag.py:1833} INFO - Sync 1 DAGs
[2021-09-06 14:23:06,043] {logging_mixin.py:109} INFO - [2021-09-06 14:23:06,043] {dag.py:2306} INFO - Setting next_dagrun for dag_teste to 2021-09-05 13:01:00+00:00
[2021-09-06 14:23:06,053] {processor.py:170} INFO - Processing /opt/airflow/dags/dag.py took 0.038 seconds
[2021-09-06 14:23:36,615] {processor.py:162} INFO - Started process (PID=877) to work on /opt/airflow/dags/dag.py
[2021-09-06 14:23:36,615] {processor.py:613} INFO - Processing file /opt/airflow/dags/dag.py for tasks to queue
[2021-09-06 14:23:36,615] {logging_mixin.py:109} INFO - [2021-09-06 14:23:36,615] {dagbag.py:496} INFO - Filling up the DagBag from /opt/airflow/dags/dag.py
[2021-09-06 14:23:36,622] {processor.py:623} INFO - DAG(s) dict_keys(['dag_teste']) retrieved from /opt/airflow/dags/dag.py
[2021-09-06 14:23:36,632] {logging_mixin.py:109} INFO - [2021-09-06 14:23:36,632] {dag.py:1833} INFO - Sync 1 DAGs
[2021-09-06 14:23:36,641] {logging_mixin.py:109} INFO - [2021-09-06 14:23:36,641] {dag.py:2306} INFO - Setting next_dagrun for dag_teste to 2021-09-05 13:01:00+00:00
[2021-09-06 14:23:36,645] {processor.py:170} INFO - Processing /opt/airflow/dags/dag.py took 0.032 seconds
[2021-09-06 14:24:07,255] {processor.py:162} INFO - Started process (PID=930) to work on /opt/airflow/dags/dag.py
[2021-09-06 14:24:07,256] {processor.py:613} INFO - Processing file /opt/airflow/dags/dag.py for tasks to queue
[2021-09-06 14:24:07,256] {logging_mixin.py:109} INFO - [2021-09-06 14:24:07,256] {dagbag.py:496} INFO - Filling up the DagBag from /opt/airflow/dags/dag.py
[2021-09-06 14:24:07,263] {processor.py:623} INFO - DAG(s) dict_keys(['dag_teste']) retrieved from /opt/airflow/dags/dag.py
[2021-09-06 14:24:07,272] {logging_mixin.py:109} INFO - [2021-09-06 14:24:07,272] {dag.py:1833} INFO - Sync 1 DAGs
[2021-09-06 14:24:07,281] {logging_mixin.py:109} INFO - [2021-09-06 14:24:07,281] {dag.py:2306} INFO - Setting next_dagrun for dag_teste to 2021-09-05 13:01:00+00:00
[2021-09-06 14:24:07,291] {processor.py:170} INFO - Processing /opt/airflow/dags/dag.py took 0.038 seconds
[2021-09-06 14:24:37,871] {processor.py:162} INFO - Started process (PID=984) to work on /opt/airflow/dags/dag.py
[2021-09-06 14:24:37,872] {processor.py:613} INFO - Processing file /opt/airflow/dags/dag.py for tasks to queue
[2021-09-06 14:24:37,872] {logging_mixin.py:109} INFO - [2021-09-06 14:24:37,872] {dagbag.py:496} INFO - Filling up the DagBag from /opt/airflow/dags/dag.py
[2021-09-06 14:24:37,879] {processor.py:623} INFO - DAG(s) dict_keys(['dag_teste']) retrieved from /opt/airflow/dags/dag.py
[2021-09-06 14:24:37,890] {logging_mixin.py:109} INFO - [2021-09-06 14:24:37,890] {dag.py:1833} INFO - Sync 1 DAGs
[2021-09-06 14:24:37,899] {logging_mixin.py:109} INFO - [2021-09-06 14:24:37,899] {dag.py:2306} INFO - Setting next_dagrun for dag_teste to 2021-09-05 13:01:00+00:00
[2021-09-06 14:24:37,908] {processor.py:170} INFO - Processing /opt/airflow/dags/dag.py took 0.039 seconds
[2021-09-06 14:25:08,469] {processor.py:162} INFO - Started process (PID=1037) to work on /opt/airflow/dags/dag.py
[2021-09-06 14:25:08,470] {processor.py:613} INFO - Processing file /opt/airflow/dags/dag.py for tasks to queue
[2021-09-06 14:25:08,470] {logging_mixin.py:109} INFO - [2021-09-06 14:25:08,470] {dagbag.py:496} INFO - Filling up the DagBag from /opt/airflow/dags/dag.py
[2021-09-06 14:25:08,476] {processor.py:623} INFO - DAG(s) dict_keys(['dag_teste']) retrieved from /opt/airflow/dags/dag.py
[2021-09-06 14:25:08,485] {logging_mixin.py:109} INFO - [2021-09-06 14:25:08,485] {dag.py:1833} INFO - Sync 1 DAGs
[2021-09-06 14:25:08,494] {logging_mixin.py:109} INFO - [2021-09-06 14:25:08,494] {dag.py:2306} INFO - Setting next_dagrun for dag_teste to 2021-09-05 13:01:00+00:00
[2021-09-06 14:25:08,498] {processor.py:170} INFO - Processing /opt/airflow/dags/dag.py took 0.030 seconds
[2021-09-06 14:25:39,030] {processor.py:162} INFO - Started process (PID=1090) to work on /opt/airflow/dags/dag.py
[2021-09-06 14:25:39,030] {processor.py:613} INFO - Processing file /opt/airflow/dags/dag.py for tasks to queue
[2021-09-06 14:25:39,031] {logging_mixin.py:109} INFO - [2021-09-06 14:25:39,031] {dagbag.py:496} INFO - Filling up the DagBag from /opt/airflow/dags/dag.py
[2021-09-06 14:25:39,037] {processor.py:623} INFO - DAG(s) dict_keys(['dag_teste']) retrieved from /opt/airflow/dags/dag.py
[2021-09-06 14:25:39,046] {logging_mixin.py:109} INFO - [2021-09-06 14:25:39,046] {dag.py:1833} INFO - Sync 1 DAGs
[2021-09-06 14:25:39,056] {logging_mixin.py:109} INFO - [2021-09-06 14:25:39,056] {dag.py:2306} INFO - Setting next_dagrun for dag_teste to 2021-09-05 13:01:00+00:00
[2021-09-06 14:25:39,067] {processor.py:170} INFO - Processing /opt/airflow/dags/dag.py took 0.039 seconds
[2021-09-06 14:26:09,585] {processor.py:162} INFO - Started process (PID=1143) to work on /opt/airflow/dags/dag.py
[2021-09-06 14:26:09,586] {processor.py:613} INFO - Processing file /opt/airflow/dags/dag.py for tasks to queue
[2021-09-06 14:26:09,586] {logging_mixin.py:109} INFO - [2021-09-06 14:26:09,586] {dagbag.py:496} INFO - Filling up the DagBag from /opt/airflow/dags/dag.py
[2021-09-06 14:26:09,592] {processor.py:623} INFO - DAG(s) dict_keys(['dag_teste']) retrieved from /opt/airflow/dags/dag.py
[2021-09-06 14:26:09,602] {logging_mixin.py:109} INFO - [2021-09-06 14:26:09,602] {dag.py:1833} INFO - Sync 1 DAGs
[2021-09-06 14:26:09,612] {logging_mixin.py:109} INFO - [2021-09-06 14:26:09,612] {dag.py:2306} INFO - Setting next_dagrun for dag_teste to 2021-09-05 13:01:00+00:00
[2021-09-06 14:26:09,623] {processor.py:170} INFO - Processing /opt/airflow/dags/dag.py took 0.040 seconds
[2021-09-06 14:26:40,237] {processor.py:162} INFO - Started process (PID=1200) to work on /opt/airflow/dags/dag.py
[2021-09-06 14:26:40,238] {processor.py:613} INFO - Processing file /opt/airflow/dags/dag.py for tasks to queue
[2021-09-06 14:26:40,239] {logging_mixin.py:109} INFO - [2021-09-06 14:26:40,239] {dagbag.py:496} INFO - Filling up the DagBag from /opt/airflow/dags/dag.py
[2021-09-06 14:26:40,245] {processor.py:623} INFO - DAG(s) dict_keys(['dag_teste']) retrieved from /opt/airflow/dags/dag.py
[2021-09-06 14:26:40,254] {logging_mixin.py:109} INFO - [2021-09-06 14:26:40,254] {dag.py:1833} INFO - Sync 1 DAGs
[2021-09-06 14:26:40,263] {logging_mixin.py:109} INFO - [2021-09-06 14:26:40,263] {dag.py:2306} INFO - Setting next_dagrun for dag_teste to 2021-09-06 13:01:00+00:00
[2021-09-06 14:26:40,266] {processor.py:170} INFO - Processing /opt/airflow/dags/dag.py took 0.030 seconds
[2021-09-06 14:27:10,889] {processor.py:162} INFO - Started process (PID=1253) to work on /opt/airflow/dags/dag.py
[2021-09-06 14:27:10,890] {processor.py:613} INFO - Processing file /opt/airflow/dags/dag.py for tasks to queue
[2021-09-06 14:27:10,890] {logging_mixin.py:109} INFO - [2021-09-06 14:27:10,890] {dagbag.py:496} INFO - Filling up the DagBag from /opt/airflow/dags/dag.py
[2021-09-06 14:27:10,897] {processor.py:623} INFO - DAG(s) dict_keys(['dag_teste']) retrieved from /opt/airflow/dags/dag.py
[2021-09-06 14:27:10,907] {logging_mixin.py:109} INFO - [2021-09-06 14:27:10,907] {dag.py:1833} INFO - Sync 1 DAGs
[2021-09-06 14:27:10,914] {logging_mixin.py:109} INFO - [2021-09-06 14:27:10,914] {dag.py:2306} INFO - Setting next_dagrun for dag_teste to 2021-09-06 13:01:00+00:00
[2021-09-06 14:27:10,925] {processor.py:170} INFO - Processing /opt/airflow/dags/dag.py took 0.038 seconds
[2021-09-06 14:27:41,436] {processor.py:162} INFO - Started process (PID=1307) to work on /opt/airflow/dags/dag.py
[2021-09-06 14:27:41,437] {processor.py:613} INFO - Processing file /opt/airflow/dags/dag.py for tasks to queue
[2021-09-06 14:27:41,437] {logging_mixin.py:109} INFO - [2021-09-06 14:27:41,437] {dagbag.py:496} INFO - Filling up the DagBag from /opt/airflow/dags/dag.py
[2021-09-06 14:27:41,443] {processor.py:623} INFO - DAG(s) dict_keys(['dag_teste']) retrieved from /opt/airflow/dags/dag.py
[2021-09-06 14:27:41,452] {logging_mixin.py:109} INFO - [2021-09-06 14:27:41,452] {dag.py:1833} INFO - Sync 1 DAGs
[2021-09-06 14:27:41,460] {logging_mixin.py:109} INFO - [2021-09-06 14:27:41,460] {dag.py:2306} INFO - Setting next_dagrun for dag_teste to 2021-09-06 13:01:00+00:00
[2021-09-06 14:27:41,471] {processor.py:170} INFO - Processing /opt/airflow/dags/dag.py took 0.037 seconds
[2021-09-06 14:28:11,956] {processor.py:162} INFO - Started process (PID=1360) to work on /opt/airflow/dags/dag.py
[2021-09-06 14:28:11,957] {processor.py:613} INFO - Processing file /opt/airflow/dags/dag.py for tasks to queue
[2021-09-06 14:28:11,957] {logging_mixin.py:109} INFO - [2021-09-06 14:28:11,957] {dagbag.py:496} INFO - Filling up the DagBag from /opt/airflow/dags/dag.py
[2021-09-06 14:28:11,963] {processor.py:623} INFO - DAG(s) dict_keys(['dag_teste']) retrieved from /opt/airflow/dags/dag.py
[2021-09-06 14:28:11,975] {logging_mixin.py:109} INFO - [2021-09-06 14:28:11,975] {dag.py:1833} INFO - Sync 1 DAGs
[2021-09-06 14:28:11,982] {logging_mixin.py:109} INFO - [2021-09-06 14:28:11,982] {dag.py:2306} INFO - Setting next_dagrun for dag_teste to 2021-09-06 13:01:00+00:00
[2021-09-06 14:28:11,995] {processor.py:170} INFO - Processing /opt/airflow/dags/dag.py took 0.040 seconds
[2021-09-06 14:28:42,539] {processor.py:162} INFO - Started process (PID=1420) to work on /opt/airflow/dags/dag.py
[2021-09-06 14:28:42,539] {processor.py:613} INFO - Processing file /opt/airflow/dags/dag.py for tasks to queue
[2021-09-06 14:28:42,539] {logging_mixin.py:109} INFO - [2021-09-06 14:28:42,539] {dagbag.py:496} INFO - Filling up the DagBag from /opt/airflow/dags/dag.py
[2021-09-06 14:28:42,545] {processor.py:623} INFO - DAG(s) dict_keys(['dag_teste']) retrieved from /opt/airflow/dags/dag.py
[2021-09-06 14:28:42,555] {logging_mixin.py:109} INFO - [2021-09-06 14:28:42,555] {dag.py:1833} INFO - Sync 1 DAGs
[2021-09-06 14:28:42,563] {logging_mixin.py:109} INFO - [2021-09-06 14:28:42,563] {dag.py:2306} INFO - Setting next_dagrun for dag_teste to 2021-09-06 13:01:00+00:00
[2021-09-06 14:28:42,573] {processor.py:170} INFO - Processing /opt/airflow/dags/dag.py took 0.037 seconds
[2021-09-06 14:29:13,117] {processor.py:162} INFO - Started process (PID=1473) to work on /opt/airflow/dags/dag.py
[2021-09-06 14:29:13,118] {processor.py:613} INFO - Processing file /opt/airflow/dags/dag.py for tasks to queue
[2021-09-06 14:29:13,118] {logging_mixin.py:109} INFO - [2021-09-06 14:29:13,118] {dagbag.py:496} INFO - Filling up the DagBag from /opt/airflow/dags/dag.py
[2021-09-06 14:29:13,125] {processor.py:623} INFO - DAG(s) dict_keys(['dag_teste']) retrieved from /opt/airflow/dags/dag.py
[2021-09-06 14:29:13,136] {logging_mixin.py:109} INFO - [2021-09-06 14:29:13,136] {dag.py:1833} INFO - Sync 1 DAGs
[2021-09-06 14:29:13,144] {logging_mixin.py:109} INFO - [2021-09-06 14:29:13,144] {dag.py:2306} INFO - Setting next_dagrun for dag_teste to 2021-09-06 13:01:00+00:00
[2021-09-06 14:29:13,685] {processor.py:170} INFO - Processing /opt/airflow/dags/dag.py took 0.569 seconds
[2021-09-06 14:29:44,603] {processor.py:162} INFO - Started process (PID=1527) to work on /opt/airflow/dags/dag.py
[2021-09-06 14:29:44,604] {processor.py:613} INFO - Processing file /opt/airflow/dags/dag.py for tasks to queue
[2021-09-06 14:29:44,604] {logging_mixin.py:109} INFO - [2021-09-06 14:29:44,604] {dagbag.py:496} INFO - Filling up the DagBag from /opt/airflow/dags/dag.py
[2021-09-06 14:29:44,610] {processor.py:623} INFO - DAG(s) dict_keys(['dag_teste']) retrieved from /opt/airflow/dags/dag.py
[2021-09-06 14:29:44,620] {logging_mixin.py:109} INFO - [2021-09-06 14:29:44,620] {dag.py:1833} INFO - Sync 1 DAGs
[2021-09-06 14:29:44,628] {logging_mixin.py:109} INFO - [2021-09-06 14:29:44,628] {dag.py:2306} INFO - Setting next_dagrun for dag_teste to 2021-09-06 13:01:00+00:00
[2021-09-06 14:29:44,638] {processor.py:170} INFO - Processing /opt/airflow/dags/dag.py took 0.037 seconds
[2021-09-06 14:30:15,180] {processor.py:162} INFO - Started process (PID=1580) to work on /opt/airflow/dags/dag.py
[2021-09-06 14:30:15,180] {processor.py:613} INFO - Processing file /opt/airflow/dags/dag.py for tasks to queue
[2021-09-06 14:30:15,181] {logging_mixin.py:109} INFO - [2021-09-06 14:30:15,181] {dagbag.py:496} INFO - Filling up the DagBag from /opt/airflow/dags/dag.py
[2021-09-06 14:30:15,187] {processor.py:623} INFO - DAG(s) dict_keys(['dag_teste']) retrieved from /opt/airflow/dags/dag.py
[2021-09-06 14:30:15,197] {logging_mixin.py:109} INFO - [2021-09-06 14:30:15,197] {dag.py:1833} INFO - Sync 1 DAGs
[2021-09-06 14:30:15,208] {logging_mixin.py:109} INFO - [2021-09-06 14:30:15,207] {dag.py:2306} INFO - Setting next_dagrun for dag_teste to 2021-09-06 13:01:00+00:00
[2021-09-06 14:30:15,214] {processor.py:170} INFO - Processing /opt/airflow/dags/dag.py took 0.037 seconds
[2021-09-06 14:30:45,751] {processor.py:162} INFO - Started process (PID=1634) to work on /opt/airflow/dags/dag.py
[2021-09-06 14:30:45,752] {processor.py:613} INFO - Processing file /opt/airflow/dags/dag.py for tasks to queue
[2021-09-06 14:30:45,752] {logging_mixin.py:109} INFO - [2021-09-06 14:30:45,752] {dagbag.py:496} INFO - Filling up the DagBag from /opt/airflow/dags/dag.py
[2021-09-06 14:30:45,758] {processor.py:623} INFO - DAG(s) dict_keys(['dag_teste']) retrieved from /opt/airflow/dags/dag.py
[2021-09-06 14:30:45,768] {logging_mixin.py:109} INFO - [2021-09-06 14:30:45,768] {dag.py:1833} INFO - Sync 1 DAGs
[2021-09-06 14:30:45,777] {logging_mixin.py:109} INFO - [2021-09-06 14:30:45,777] {dag.py:2306} INFO - Setting next_dagrun for dag_teste to 2021-09-06 13:01:00+00:00
[2021-09-06 14:30:45,789] {processor.py:170} INFO - Processing /opt/airflow/dags/dag.py took 0.040 seconds
[2021-09-06 14:31:16,324] {processor.py:162} INFO - Started process (PID=1687) to work on /opt/airflow/dags/dag.py
[2021-09-06 14:31:16,325] {processor.py:613} INFO - Processing file /opt/airflow/dags/dag.py for tasks to queue
[2021-09-06 14:31:16,325] {logging_mixin.py:109} INFO - [2021-09-06 14:31:16,325] {dagbag.py:496} INFO - Filling up the DagBag from /opt/airflow/dags/dag.py
[2021-09-06 14:31:16,332] {processor.py:623} INFO - DAG(s) dict_keys(['dag_teste']) retrieved from /opt/airflow/dags/dag.py
[2021-09-06 14:31:16,342] {logging_mixin.py:109} INFO - [2021-09-06 14:31:16,342] {dag.py:1833} INFO - Sync 1 DAGs
[2021-09-06 14:31:16,350] {logging_mixin.py:109} INFO - [2021-09-06 14:31:16,350] {dag.py:2306} INFO - Setting next_dagrun for dag_teste to 2021-09-06 13:01:00+00:00
[2021-09-06 14:31:16,359] {processor.py:170} INFO - Processing /opt/airflow/dags/dag.py took 0.036 seconds
[2021-09-06 14:31:46,924] {processor.py:162} INFO - Started process (PID=1740) to work on /opt/airflow/dags/dag.py
[2021-09-06 14:31:46,925] {processor.py:613} INFO - Processing file /opt/airflow/dags/dag.py for tasks to queue
[2021-09-06 14:31:46,925] {logging_mixin.py:109} INFO - [2021-09-06 14:31:46,925] {dagbag.py:496} INFO - Filling up the DagBag from /opt/airflow/dags/dag.py
[2021-09-06 14:31:46,931] {processor.py:623} INFO - DAG(s) dict_keys(['dag_teste']) retrieved from /opt/airflow/dags/dag.py
[2021-09-06 14:31:46,941] {logging_mixin.py:109} INFO - [2021-09-06 14:31:46,941] {dag.py:1833} INFO - Sync 1 DAGs
[2021-09-06 14:31:46,948] {logging_mixin.py:109} INFO - [2021-09-06 14:31:46,948] {dag.py:2306} INFO - Setting next_dagrun for dag_teste to 2021-09-06 13:01:00+00:00
[2021-09-06 14:31:46,960] {processor.py:170} INFO - Processing /opt/airflow/dags/dag.py took 0.037 seconds
[2021-09-06 14:32:17,488] {processor.py:162} INFO - Started process (PID=1794) to work on /opt/airflow/dags/dag.py
[2021-09-06 14:32:17,488] {processor.py:613} INFO - Processing file /opt/airflow/dags/dag.py for tasks to queue
[2021-09-06 14:32:17,488] {logging_mixin.py:109} INFO - [2021-09-06 14:32:17,488] {dagbag.py:496} INFO - Filling up the DagBag from /opt/airflow/dags/dag.py
[2021-09-06 14:32:17,495] {processor.py:623} INFO - DAG(s) dict_keys(['dag_teste']) retrieved from /opt/airflow/dags/dag.py
[2021-09-06 14:32:17,504] {logging_mixin.py:109} INFO - [2021-09-06 14:32:17,504] {dag.py:1833} INFO - Sync 1 DAGs
[2021-09-06 14:32:17,512] {logging_mixin.py:109} INFO - [2021-09-06 14:32:17,512] {dag.py:2306} INFO - Setting next_dagrun for dag_teste to 2021-09-06 13:01:00+00:00
[2021-09-06 14:32:17,524] {processor.py:170} INFO - Processing /opt/airflow/dags/dag.py took 0.038 seconds
[2021-09-06 14:32:48,068] {processor.py:162} INFO - Started process (PID=1847) to work on /opt/airflow/dags/dag.py
[2021-09-06 14:32:48,068] {processor.py:613} INFO - Processing file /opt/airflow/dags/dag.py for tasks to queue
[2021-09-06 14:32:48,068] {logging_mixin.py:109} INFO - [2021-09-06 14:32:48,068] {dagbag.py:496} INFO - Filling up the DagBag from /opt/airflow/dags/dag.py
[2021-09-06 14:32:48,074] {processor.py:623} INFO - DAG(s) dict_keys(['dag_teste']) retrieved from /opt/airflow/dags/dag.py
[2021-09-06 14:32:48,083] {logging_mixin.py:109} INFO - [2021-09-06 14:32:48,083] {dag.py:1833} INFO - Sync 1 DAGs
[2021-09-06 14:32:48,091] {logging_mixin.py:109} INFO - [2021-09-06 14:32:48,091] {dag.py:2306} INFO - Setting next_dagrun for dag_teste to 2021-09-06 13:01:00+00:00
[2021-09-06 14:32:48,103] {processor.py:170} INFO - Processing /opt/airflow/dags/dag.py took 0.036 seconds
[2021-09-06 14:33:18,604] {processor.py:162} INFO - Started process (PID=1900) to work on /opt/airflow/dags/dag.py
[2021-09-06 14:33:18,604] {processor.py:613} INFO - Processing file /opt/airflow/dags/dag.py for tasks to queue
[2021-09-06 14:33:18,605] {logging_mixin.py:109} INFO - [2021-09-06 14:33:18,605] {dagbag.py:496} INFO - Filling up the DagBag from /opt/airflow/dags/dag.py
[2021-09-06 14:33:18,611] {processor.py:623} INFO - DAG(s) dict_keys(['dag_teste']) retrieved from /opt/airflow/dags/dag.py
[2021-09-06 14:33:18,621] {logging_mixin.py:109} INFO - [2021-09-06 14:33:18,621] {dag.py:1833} INFO - Sync 1 DAGs
[2021-09-06 14:33:18,630] {logging_mixin.py:109} INFO - [2021-09-06 14:33:18,629] {dag.py:2306} INFO - Setting next_dagrun for dag_teste to 2021-09-06 13:01:00+00:00
[2021-09-06 14:33:18,641] {processor.py:170} INFO - Processing /opt/airflow/dags/dag.py took 0.039 seconds
[2021-09-06 14:33:49,312] {processor.py:162} INFO - Started process (PID=1953) to work on /opt/airflow/dags/dag.py
[2021-09-06 14:33:49,312] {processor.py:613} INFO - Processing file /opt/airflow/dags/dag.py for tasks to queue
[2021-09-06 14:33:49,312] {logging_mixin.py:109} INFO - [2021-09-06 14:33:49,312] {dagbag.py:496} INFO - Filling up the DagBag from /opt/airflow/dags/dag.py
[2021-09-06 14:33:49,318] {processor.py:623} INFO - DAG(s) dict_keys(['dag_teste']) retrieved from /opt/airflow/dags/dag.py
[2021-09-06 14:33:49,331] {logging_mixin.py:109} INFO - [2021-09-06 14:33:49,331] {dag.py:1833} INFO - Sync 1 DAGs
[2021-09-06 14:33:49,340] {logging_mixin.py:109} INFO - [2021-09-06 14:33:49,340] {dag.py:2306} INFO - Setting next_dagrun for dag_teste to 2021-09-06 13:01:00+00:00
[2021-09-06 14:33:49,351] {processor.py:170} INFO - Processing /opt/airflow/dags/dag.py took 0.041 seconds
[2021-09-06 14:34:19,964] {processor.py:162} INFO - Started process (PID=2006) to work on /opt/airflow/dags/dag.py
[2021-09-06 14:34:19,965] {processor.py:613} INFO - Processing file /opt/airflow/dags/dag.py for tasks to queue
[2021-09-06 14:34:19,965] {logging_mixin.py:109} INFO - [2021-09-06 14:34:19,965] {dagbag.py:496} INFO - Filling up the DagBag from /opt/airflow/dags/dag.py
[2021-09-06 14:34:19,971] {processor.py:623} INFO - DAG(s) dict_keys(['dag_teste']) retrieved from /opt/airflow/dags/dag.py
[2021-09-06 14:34:19,980] {logging_mixin.py:109} INFO - [2021-09-06 14:34:19,980] {dag.py:1833} INFO - Sync 1 DAGs
[2021-09-06 14:34:19,988] {logging_mixin.py:109} INFO - [2021-09-06 14:34:19,988] {dag.py:2306} INFO - Setting next_dagrun for dag_teste to 2021-09-06 13:01:00+00:00
[2021-09-06 14:34:20,000] {processor.py:170} INFO - Processing /opt/airflow/dags/dag.py took 0.037 seconds
[2021-09-06 14:34:50,548] {processor.py:162} INFO - Started process (PID=2059) to work on /opt/airflow/dags/dag.py
[2021-09-06 14:34:50,548] {processor.py:613} INFO - Processing file /opt/airflow/dags/dag.py for tasks to queue
[2021-09-06 14:34:50,549] {logging_mixin.py:109} INFO - [2021-09-06 14:34:50,548] {dagbag.py:496} INFO - Filling up the DagBag from /opt/airflow/dags/dag.py
[2021-09-06 14:34:50,555] {processor.py:623} INFO - DAG(s) dict_keys(['dag_teste']) retrieved from /opt/airflow/dags/dag.py
[2021-09-06 14:34:50,564] {logging_mixin.py:109} INFO - [2021-09-06 14:34:50,564] {dag.py:1833} INFO - Sync 1 DAGs
[2021-09-06 14:34:50,573] {logging_mixin.py:109} INFO - [2021-09-06 14:34:50,573] {dag.py:2306} INFO - Setting next_dagrun for dag_teste to 2021-09-06 13:01:00+00:00
[2021-09-06 14:34:50,584] {processor.py:170} INFO - Processing /opt/airflow/dags/dag.py took 0.038 seconds
[2021-09-06 14:35:21,161] {processor.py:162} INFO - Started process (PID=2112) to work on /opt/airflow/dags/dag.py
[2021-09-06 14:35:21,161] {processor.py:613} INFO - Processing file /opt/airflow/dags/dag.py for tasks to queue
[2021-09-06 14:35:21,162] {logging_mixin.py:109} INFO - [2021-09-06 14:35:21,162] {dagbag.py:496} INFO - Filling up the DagBag from /opt/airflow/dags/dag.py
[2021-09-06 14:35:21,168] {processor.py:623} INFO - DAG(s) dict_keys(['dag_teste']) retrieved from /opt/airflow/dags/dag.py
[2021-09-06 14:35:21,179] {logging_mixin.py:109} INFO - [2021-09-06 14:35:21,179] {dag.py:1833} INFO - Sync 1 DAGs
[2021-09-06 14:35:21,187] {logging_mixin.py:109} INFO - [2021-09-06 14:35:21,187] {dag.py:2306} INFO - Setting next_dagrun for dag_teste to 2021-09-06 13:01:00+00:00
[2021-09-06 14:35:21,197] {processor.py:170} INFO - Processing /opt/airflow/dags/dag.py took 0.038 seconds
[2021-09-06 14:35:51,780] {processor.py:162} INFO - Started process (PID=2165) to work on /opt/airflow/dags/dag.py
[2021-09-06 14:35:51,780] {processor.py:613} INFO - Processing file /opt/airflow/dags/dag.py for tasks to queue
[2021-09-06 14:35:51,781] {logging_mixin.py:109} INFO - [2021-09-06 14:35:51,781] {dagbag.py:496} INFO - Filling up the DagBag from /opt/airflow/dags/dag.py
[2021-09-06 14:35:51,787] {processor.py:623} INFO - DAG(s) dict_keys(['dag_teste']) retrieved from /opt/airflow/dags/dag.py
[2021-09-06 14:35:51,799] {logging_mixin.py:109} INFO - [2021-09-06 14:35:51,799] {dag.py:1833} INFO - Sync 1 DAGs
[2021-09-06 14:35:51,808] {logging_mixin.py:109} INFO - [2021-09-06 14:35:51,808] {dag.py:2306} INFO - Setting next_dagrun for dag_teste to 2021-09-06 13:01:00+00:00
[2021-09-06 14:35:51,812] {processor.py:170} INFO - Processing /opt/airflow/dags/dag.py took 0.034 seconds
[2021-09-06 14:36:22,384] {processor.py:162} INFO - Started process (PID=2218) to work on /opt/airflow/dags/dag.py
[2021-09-06 14:36:22,385] {processor.py:613} INFO - Processing file /opt/airflow/dags/dag.py for tasks to queue
[2021-09-06 14:36:22,386] {logging_mixin.py:109} INFO - [2021-09-06 14:36:22,386] {dagbag.py:496} INFO - Filling up the DagBag from /opt/airflow/dags/dag.py
[2021-09-06 14:36:22,392] {processor.py:623} INFO - DAG(s) dict_keys(['dag_teste']) retrieved from /opt/airflow/dags/dag.py
[2021-09-06 14:36:22,403] {logging_mixin.py:109} INFO - [2021-09-06 14:36:22,402] {dag.py:1833} INFO - Sync 1 DAGs
[2021-09-06 14:36:22,410] {logging_mixin.py:109} INFO - [2021-09-06 14:36:22,410] {dag.py:2306} INFO - Setting next_dagrun for dag_teste to 2021-09-06 13:01:00+00:00
[2021-09-06 14:36:22,421] {processor.py:170} INFO - Processing /opt/airflow/dags/dag.py took 0.038 seconds
[2021-09-06 14:36:52,949] {processor.py:162} INFO - Started process (PID=2271) to work on /opt/airflow/dags/dag.py
[2021-09-06 14:36:52,950] {processor.py:613} INFO - Processing file /opt/airflow/dags/dag.py for tasks to queue
[2021-09-06 14:36:52,950] {logging_mixin.py:109} INFO - [2021-09-06 14:36:52,950] {dagbag.py:496} INFO - Filling up the DagBag from /opt/airflow/dags/dag.py
[2021-09-06 14:36:52,956] {processor.py:623} INFO - DAG(s) dict_keys(['dag_teste']) retrieved from /opt/airflow/dags/dag.py
[2021-09-06 14:36:52,967] {logging_mixin.py:109} INFO - [2021-09-06 14:36:52,966] {dag.py:1833} INFO - Sync 1 DAGs
[2021-09-06 14:36:52,977] {logging_mixin.py:109} INFO - [2021-09-06 14:36:52,977] {dag.py:2306} INFO - Setting next_dagrun for dag_teste to 2021-09-06 13:01:00+00:00
[2021-09-06 14:36:52,981] {processor.py:170} INFO - Processing /opt/airflow/dags/dag.py took 0.033 seconds
[2021-09-06 14:37:23,530] {processor.py:162} INFO - Started process (PID=2324) to work on /opt/airflow/dags/dag.py
[2021-09-06 14:37:23,531] {processor.py:613} INFO - Processing file /opt/airflow/dags/dag.py for tasks to queue
[2021-09-06 14:37:23,531] {logging_mixin.py:109} INFO - [2021-09-06 14:37:23,531] {dagbag.py:496} INFO - Filling up the DagBag from /opt/airflow/dags/dag.py
[2021-09-06 14:37:23,537] {processor.py:623} INFO - DAG(s) dict_keys(['dag_teste']) retrieved from /opt/airflow/dags/dag.py
[2021-09-06 14:37:23,547] {logging_mixin.py:109} INFO - [2021-09-06 14:37:23,547] {dag.py:1833} INFO - Sync 1 DAGs
[2021-09-06 14:37:23,555] {logging_mixin.py:109} INFO - [2021-09-06 14:37:23,555] {dag.py:2306} INFO - Setting next_dagrun for dag_teste to 2021-09-06 13:01:00+00:00
[2021-09-06 14:37:23,567] {processor.py:170} INFO - Processing /opt/airflow/dags/dag.py took 0.038 seconds
[2021-09-06 14:37:54,122] {processor.py:162} INFO - Started process (PID=2378) to work on /opt/airflow/dags/dag.py
[2021-09-06 14:37:54,122] {processor.py:613} INFO - Processing file /opt/airflow/dags/dag.py for tasks to queue
[2021-09-06 14:37:54,123] {logging_mixin.py:109} INFO - [2021-09-06 14:37:54,123] {dagbag.py:496} INFO - Filling up the DagBag from /opt/airflow/dags/dag.py
[2021-09-06 14:37:54,129] {processor.py:623} INFO - DAG(s) dict_keys(['dag_teste']) retrieved from /opt/airflow/dags/dag.py
[2021-09-06 14:37:54,139] {logging_mixin.py:109} INFO - [2021-09-06 14:37:54,138] {dag.py:1833} INFO - Sync 1 DAGs
[2021-09-06 14:37:54,146] {logging_mixin.py:109} INFO - [2021-09-06 14:37:54,146] {dag.py:2306} INFO - Setting next_dagrun for dag_teste to 2021-09-06 13:01:00+00:00
[2021-09-06 14:37:54,158] {processor.py:170} INFO - Processing /opt/airflow/dags/dag.py took 0.037 seconds
[2021-09-06 14:38:24,605] {processor.py:162} INFO - Started process (PID=2431) to work on /opt/airflow/dags/dag.py
[2021-09-06 14:38:24,605] {processor.py:613} INFO - Processing file /opt/airflow/dags/dag.py for tasks to queue
[2021-09-06 14:38:24,606] {logging_mixin.py:109} INFO - [2021-09-06 14:38:24,606] {dagbag.py:496} INFO - Filling up the DagBag from /opt/airflow/dags/dag.py
[2021-09-06 14:38:24,612] {processor.py:623} INFO - DAG(s) dict_keys(['dag_teste']) retrieved from /opt/airflow/dags/dag.py
[2021-09-06 14:38:24,622] {logging_mixin.py:109} INFO - [2021-09-06 14:38:24,622] {dag.py:1833} INFO - Sync 1 DAGs
[2021-09-06 14:38:24,630] {logging_mixin.py:109} INFO - [2021-09-06 14:38:24,629] {dag.py:2306} INFO - Setting next_dagrun for dag_teste to 2021-09-06 13:01:00+00:00
[2021-09-06 14:38:24,641] {processor.py:170} INFO - Processing /opt/airflow/dags/dag.py took 0.037 seconds
[2021-09-06 14:38:55,232] {processor.py:162} INFO - Started process (PID=2484) to work on /opt/airflow/dags/dag.py
[2021-09-06 14:38:55,232] {processor.py:613} INFO - Processing file /opt/airflow/dags/dag.py for tasks to queue
[2021-09-06 14:38:55,232] {logging_mixin.py:109} INFO - [2021-09-06 14:38:55,232] {dagbag.py:496} INFO - Filling up the DagBag from /opt/airflow/dags/dag.py
[2021-09-06 14:38:55,238] {processor.py:623} INFO - DAG(s) dict_keys(['dag_teste']) retrieved from /opt/airflow/dags/dag.py
[2021-09-06 14:38:55,248] {logging_mixin.py:109} INFO - [2021-09-06 14:38:55,248] {dag.py:1833} INFO - Sync 1 DAGs
[2021-09-06 14:38:55,256] {logging_mixin.py:109} INFO - [2021-09-06 14:38:55,256] {dag.py:2306} INFO - Setting next_dagrun for dag_teste to 2021-09-06 13:01:00+00:00
[2021-09-06 14:38:55,267] {processor.py:170} INFO - Processing /opt/airflow/dags/dag.py took 0.037 seconds
[2021-09-06 14:39:25,797] {processor.py:162} INFO - Started process (PID=2537) to work on /opt/airflow/dags/dag.py
[2021-09-06 14:39:25,798] {processor.py:613} INFO - Processing file /opt/airflow/dags/dag.py for tasks to queue
[2021-09-06 14:39:25,798] {logging_mixin.py:109} INFO - [2021-09-06 14:39:25,798] {dagbag.py:496} INFO - Filling up the DagBag from /opt/airflow/dags/dag.py
[2021-09-06 14:39:25,805] {processor.py:623} INFO - DAG(s) dict_keys(['dag_teste']) retrieved from /opt/airflow/dags/dag.py
[2021-09-06 14:39:25,815] {logging_mixin.py:109} INFO - [2021-09-06 14:39:25,815] {dag.py:1833} INFO - Sync 1 DAGs
[2021-09-06 14:39:25,822] {logging_mixin.py:109} INFO - [2021-09-06 14:39:25,822] {dag.py:2306} INFO - Setting next_dagrun for dag_teste to 2021-09-06 13:01:00+00:00
[2021-09-06 14:39:25,833] {processor.py:170} INFO - Processing /opt/airflow/dags/dag.py took 0.038 seconds
[2021-09-06 14:39:56,395] {processor.py:162} INFO - Started process (PID=2590) to work on /opt/airflow/dags/dag.py
[2021-09-06 14:39:56,395] {processor.py:613} INFO - Processing file /opt/airflow/dags/dag.py for tasks to queue
[2021-09-06 14:39:56,396] {logging_mixin.py:109} INFO - [2021-09-06 14:39:56,396] {dagbag.py:496} INFO - Filling up the DagBag from /opt/airflow/dags/dag.py
[2021-09-06 14:39:56,403] {processor.py:623} INFO - DAG(s) dict_keys(['dag_teste']) retrieved from /opt/airflow/dags/dag.py
[2021-09-06 14:39:56,412] {logging_mixin.py:109} INFO - [2021-09-06 14:39:56,412] {dag.py:1833} INFO - Sync 1 DAGs
[2021-09-06 14:39:56,419] {logging_mixin.py:109} INFO - [2021-09-06 14:39:56,419] {dag.py:2306} INFO - Setting next_dagrun for dag_teste to 2021-09-06 13:01:00+00:00
[2021-09-06 14:39:56,431] {processor.py:170} INFO - Processing /opt/airflow/dags/dag.py took 0.038 seconds
[2021-09-06 14:40:26,979] {processor.py:162} INFO - Started process (PID=2643) to work on /opt/airflow/dags/dag.py
[2021-09-06 14:40:26,980] {processor.py:613} INFO - Processing file /opt/airflow/dags/dag.py for tasks to queue
[2021-09-06 14:40:26,980] {logging_mixin.py:109} INFO - [2021-09-06 14:40:26,980] {dagbag.py:496} INFO - Filling up the DagBag from /opt/airflow/dags/dag.py
[2021-09-06 14:40:26,987] {processor.py:623} INFO - DAG(s) dict_keys(['dag_teste']) retrieved from /opt/airflow/dags/dag.py
[2021-09-06 14:40:26,996] {logging_mixin.py:109} INFO - [2021-09-06 14:40:26,996] {dag.py:1833} INFO - Sync 1 DAGs
[2021-09-06 14:40:27,003] {logging_mixin.py:109} INFO - [2021-09-06 14:40:27,003] {dag.py:2306} INFO - Setting next_dagrun for dag_teste to 2021-09-06 13:01:00+00:00
[2021-09-06 14:40:27,014] {processor.py:170} INFO - Processing /opt/airflow/dags/dag.py took 0.037 seconds
[2021-09-06 14:40:57,594] {processor.py:162} INFO - Started process (PID=2696) to work on /opt/airflow/dags/dag.py
[2021-09-06 14:40:57,595] {processor.py:613} INFO - Processing file /opt/airflow/dags/dag.py for tasks to queue
[2021-09-06 14:40:57,595] {logging_mixin.py:109} INFO - [2021-09-06 14:40:57,595] {dagbag.py:496} INFO - Filling up the DagBag from /opt/airflow/dags/dag.py
[2021-09-06 14:40:57,601] {processor.py:623} INFO - DAG(s) dict_keys(['dag_teste']) retrieved from /opt/airflow/dags/dag.py
[2021-09-06 14:40:57,611] {logging_mixin.py:109} INFO - [2021-09-06 14:40:57,611] {dag.py:1833} INFO - Sync 1 DAGs
[2021-09-06 14:40:57,619] {logging_mixin.py:109} INFO - [2021-09-06 14:40:57,619] {dag.py:2306} INFO - Setting next_dagrun for dag_teste to 2021-09-06 13:01:00+00:00
[2021-09-06 14:40:57,629] {processor.py:170} INFO - Processing /opt/airflow/dags/dag.py took 0.037 seconds
[2021-09-06 14:41:28,137] {processor.py:162} INFO - Started process (PID=2749) to work on /opt/airflow/dags/dag.py
[2021-09-06 14:41:28,138] {processor.py:613} INFO - Processing file /opt/airflow/dags/dag.py for tasks to queue
[2021-09-06 14:41:28,138] {logging_mixin.py:109} INFO - [2021-09-06 14:41:28,138] {dagbag.py:496} INFO - Filling up the DagBag from /opt/airflow/dags/dag.py
[2021-09-06 14:41:28,144] {processor.py:623} INFO - DAG(s) dict_keys(['dag_teste']) retrieved from /opt/airflow/dags/dag.py
[2021-09-06 14:41:28,155] {logging_mixin.py:109} INFO - [2021-09-06 14:41:28,155] {dag.py:1833} INFO - Sync 1 DAGs
[2021-09-06 14:41:28,163] {logging_mixin.py:109} INFO - [2021-09-06 14:41:28,163] {dag.py:2306} INFO - Setting next_dagrun for dag_teste to 2021-09-06 13:01:00+00:00
[2021-09-06 14:41:28,166] {processor.py:170} INFO - Processing /opt/airflow/dags/dag.py took 0.031 seconds
[2021-09-06 14:41:58,694] {processor.py:162} INFO - Started process (PID=2802) to work on /opt/airflow/dags/dag.py
[2021-09-06 14:41:58,694] {processor.py:613} INFO - Processing file /opt/airflow/dags/dag.py for tasks to queue
[2021-09-06 14:41:58,695] {logging_mixin.py:109} INFO - [2021-09-06 14:41:58,694] {dagbag.py:496} INFO - Filling up the DagBag from /opt/airflow/dags/dag.py
[2021-09-06 14:41:58,700] {processor.py:623} INFO - DAG(s) dict_keys(['dag_teste']) retrieved from /opt/airflow/dags/dag.py
[2021-09-06 14:41:58,711] {logging_mixin.py:109} INFO - [2021-09-06 14:41:58,711] {dag.py:1833} INFO - Sync 1 DAGs
[2021-09-06 14:41:58,718] {logging_mixin.py:109} INFO - [2021-09-06 14:41:58,718] {dag.py:2306} INFO - Setting next_dagrun for dag_teste to 2021-09-06 13:01:00+00:00
[2021-09-06 14:41:58,728] {processor.py:170} INFO - Processing /opt/airflow/dags/dag.py took 0.036 seconds
[2021-09-06 14:42:29,267] {processor.py:162} INFO - Started process (PID=2855) to work on /opt/airflow/dags/dag.py
[2021-09-06 14:42:29,268] {processor.py:613} INFO - Processing file /opt/airflow/dags/dag.py for tasks to queue
[2021-09-06 14:42:29,268] {logging_mixin.py:109} INFO - [2021-09-06 14:42:29,268] {dagbag.py:496} INFO - Filling up the DagBag from /opt/airflow/dags/dag.py
[2021-09-06 14:42:29,275] {processor.py:623} INFO - DAG(s) dict_keys(['dag_teste']) retrieved from /opt/airflow/dags/dag.py
[2021-09-06 14:42:29,284] {logging_mixin.py:109} INFO - [2021-09-06 14:42:29,284] {dag.py:1833} INFO - Sync 1 DAGs
[2021-09-06 14:42:29,292] {logging_mixin.py:109} INFO - [2021-09-06 14:42:29,292] {dag.py:2306} INFO - Setting next_dagrun for dag_teste to 2021-09-06 13:01:00+00:00
[2021-09-06 14:42:29,295] {processor.py:170} INFO - Processing /opt/airflow/dags/dag.py took 0.029 seconds
[2021-09-06 14:42:59,911] {processor.py:162} INFO - Started process (PID=2908) to work on /opt/airflow/dags/dag.py
[2021-09-06 14:42:59,911] {processor.py:613} INFO - Processing file /opt/airflow/dags/dag.py for tasks to queue
[2021-09-06 14:42:59,912] {logging_mixin.py:109} INFO - [2021-09-06 14:42:59,912] {dagbag.py:496} INFO - Filling up the DagBag from /opt/airflow/dags/dag.py
[2021-09-06 14:42:59,919] {processor.py:623} INFO - DAG(s) dict_keys(['dag_teste']) retrieved from /opt/airflow/dags/dag.py
[2021-09-06 14:42:59,929] {logging_mixin.py:109} INFO - [2021-09-06 14:42:59,929] {dag.py:1833} INFO - Sync 1 DAGs
[2021-09-06 14:42:59,937] {logging_mixin.py:109} INFO - [2021-09-06 14:42:59,937] {dag.py:2306} INFO - Setting next_dagrun for dag_teste to 2021-09-06 13:01:00+00:00
[2021-09-06 14:43:00,126] {processor.py:170} INFO - Processing /opt/airflow/dags/dag.py took 0.218 seconds
[2021-09-06 14:43:30,668] {processor.py:162} INFO - Started process (PID=2961) to work on /opt/airflow/dags/dag.py
[2021-09-06 14:43:30,668] {processor.py:613} INFO - Processing file /opt/airflow/dags/dag.py for tasks to queue
[2021-09-06 14:43:30,669] {logging_mixin.py:109} INFO - [2021-09-06 14:43:30,669] {dagbag.py:496} INFO - Filling up the DagBag from /opt/airflow/dags/dag.py
[2021-09-06 14:43:30,675] {processor.py:623} INFO - DAG(s) dict_keys(['dag_teste']) retrieved from /opt/airflow/dags/dag.py
[2021-09-06 14:43:30,685] {logging_mixin.py:109} INFO - [2021-09-06 14:43:30,685] {dag.py:1833} INFO - Sync 1 DAGs
[2021-09-06 14:43:30,693] {logging_mixin.py:109} INFO - [2021-09-06 14:43:30,692] {dag.py:2306} INFO - Setting next_dagrun for dag_teste to 2021-09-06 13:01:00+00:00
[2021-09-06 14:43:30,704] {processor.py:170} INFO - Processing /opt/airflow/dags/dag.py took 0.037 seconds
[2021-09-06 14:44:01,249] {processor.py:162} INFO - Started process (PID=3014) to work on /opt/airflow/dags/dag.py
[2021-09-06 14:44:01,249] {processor.py:613} INFO - Processing file /opt/airflow/dags/dag.py for tasks to queue
[2021-09-06 14:44:01,250] {logging_mixin.py:109} INFO - [2021-09-06 14:44:01,250] {dagbag.py:496} INFO - Filling up the DagBag from /opt/airflow/dags/dag.py
[2021-09-06 14:44:01,256] {processor.py:623} INFO - DAG(s) dict_keys(['dag_teste']) retrieved from /opt/airflow/dags/dag.py
[2021-09-06 14:44:01,265] {logging_mixin.py:109} INFO - [2021-09-06 14:44:01,265] {dag.py:1833} INFO - Sync 1 DAGs
[2021-09-06 14:44:01,273] {logging_mixin.py:109} INFO - [2021-09-06 14:44:01,273] {dag.py:2306} INFO - Setting next_dagrun for dag_teste to 2021-09-06 13:01:00+00:00
[2021-09-06 14:44:01,284] {processor.py:170} INFO - Processing /opt/airflow/dags/dag.py took 0.037 seconds
[2021-09-06 14:44:31,885] {processor.py:162} INFO - Started process (PID=3067) to work on /opt/airflow/dags/dag.py
[2021-09-06 14:44:31,886] {processor.py:613} INFO - Processing file /opt/airflow/dags/dag.py for tasks to queue
[2021-09-06 14:44:31,886] {logging_mixin.py:109} INFO - [2021-09-06 14:44:31,886] {dagbag.py:496} INFO - Filling up the DagBag from /opt/airflow/dags/dag.py
[2021-09-06 14:44:31,892] {processor.py:623} INFO - DAG(s) dict_keys(['dag_teste']) retrieved from /opt/airflow/dags/dag.py
[2021-09-06 14:44:31,902] {logging_mixin.py:109} INFO - [2021-09-06 14:44:31,902] {dag.py:1833} INFO - Sync 1 DAGs
[2021-09-06 14:44:31,910] {logging_mixin.py:109} INFO - [2021-09-06 14:44:31,910] {dag.py:2306} INFO - Setting next_dagrun for dag_teste to 2021-09-06 13:01:00+00:00
[2021-09-06 14:44:31,921] {processor.py:170} INFO - Processing /opt/airflow/dags/dag.py took 0.037 seconds
[2021-09-06 14:45:02,484] {processor.py:162} INFO - Started process (PID=3120) to work on /opt/airflow/dags/dag.py
[2021-09-06 14:45:02,485] {processor.py:613} INFO - Processing file /opt/airflow/dags/dag.py for tasks to queue
[2021-09-06 14:45:02,485] {logging_mixin.py:109} INFO - [2021-09-06 14:45:02,485] {dagbag.py:496} INFO - Filling up the DagBag from /opt/airflow/dags/dag.py
[2021-09-06 14:45:02,491] {processor.py:623} INFO - DAG(s) dict_keys(['dag_teste']) retrieved from /opt/airflow/dags/dag.py
[2021-09-06 14:45:02,501] {logging_mixin.py:109} INFO - [2021-09-06 14:45:02,501] {dag.py:1833} INFO - Sync 1 DAGs
[2021-09-06 14:45:02,509] {logging_mixin.py:109} INFO - [2021-09-06 14:45:02,509] {dag.py:2306} INFO - Setting next_dagrun for dag_teste to 2021-09-06 13:01:00+00:00
[2021-09-06 14:45:02,520] {processor.py:170} INFO - Processing /opt/airflow/dags/dag.py took 0.037 seconds
[2021-09-06 14:45:33,137] {processor.py:162} INFO - Started process (PID=3173) to work on /opt/airflow/dags/dag.py
[2021-09-06 14:45:33,137] {processor.py:613} INFO - Processing file /opt/airflow/dags/dag.py for tasks to queue
[2021-09-06 14:45:33,138] {logging_mixin.py:109} INFO - [2021-09-06 14:45:33,138] {dagbag.py:496} INFO - Filling up the DagBag from /opt/airflow/dags/dag.py
[2021-09-06 14:45:33,145] {processor.py:623} INFO - DAG(s) dict_keys(['dag_teste']) retrieved from /opt/airflow/dags/dag.py
[2021-09-06 14:45:33,154] {logging_mixin.py:109} INFO - [2021-09-06 14:45:33,154] {dag.py:1833} INFO - Sync 1 DAGs
[2021-09-06 14:45:33,162] {logging_mixin.py:109} INFO - [2021-09-06 14:45:33,162] {dag.py:2306} INFO - Setting next_dagrun for dag_teste to 2021-09-06 13:01:00+00:00
[2021-09-06 14:45:33,172] {processor.py:170} INFO - Processing /opt/airflow/dags/dag.py took 0.037 seconds
[2021-09-06 14:46:03,935] {processor.py:162} INFO - Started process (PID=3226) to work on /opt/airflow/dags/dag.py
[2021-09-06 14:46:03,936] {processor.py:613} INFO - Processing file /opt/airflow/dags/dag.py for tasks to queue
[2021-09-06 14:46:03,936] {logging_mixin.py:109} INFO - [2021-09-06 14:46:03,936] {dagbag.py:496} INFO - Filling up the DagBag from /opt/airflow/dags/dag.py
[2021-09-06 14:46:03,942] {processor.py:623} INFO - DAG(s) dict_keys(['dag_teste']) retrieved from /opt/airflow/dags/dag.py
[2021-09-06 14:46:03,952] {logging_mixin.py:109} INFO - [2021-09-06 14:46:03,952] {dag.py:1833} INFO - Sync 1 DAGs
[2021-09-06 14:46:03,960] {logging_mixin.py:109} INFO - [2021-09-06 14:46:03,960] {dag.py:2306} INFO - Setting next_dagrun for dag_teste to 2021-09-06 13:01:00+00:00
[2021-09-06 14:46:03,971] {processor.py:170} INFO - Processing /opt/airflow/dags/dag.py took 0.038 seconds
[2021-09-06 14:46:34,567] {processor.py:162} INFO - Started process (PID=3279) to work on /opt/airflow/dags/dag.py
[2021-09-06 14:46:34,568] {processor.py:613} INFO - Processing file /opt/airflow/dags/dag.py for tasks to queue
[2021-09-06 14:46:34,568] {logging_mixin.py:109} INFO - [2021-09-06 14:46:34,568] {dagbag.py:496} INFO - Filling up the DagBag from /opt/airflow/dags/dag.py
[2021-09-06 14:46:34,574] {processor.py:623} INFO - DAG(s) dict_keys(['dag_teste']) retrieved from /opt/airflow/dags/dag.py
[2021-09-06 14:46:34,583] {logging_mixin.py:109} INFO - [2021-09-06 14:46:34,583] {dag.py:1833} INFO - Sync 1 DAGs
[2021-09-06 14:46:34,591] {logging_mixin.py:109} INFO - [2021-09-06 14:46:34,590] {dag.py:2306} INFO - Setting next_dagrun for dag_teste to 2021-09-06 13:01:00+00:00
[2021-09-06 14:46:34,602] {processor.py:170} INFO - Processing /opt/airflow/dags/dag.py took 0.036 seconds
[2021-09-06 14:47:05,153] {processor.py:162} INFO - Started process (PID=3332) to work on /opt/airflow/dags/dag.py
[2021-09-06 14:47:05,153] {processor.py:613} INFO - Processing file /opt/airflow/dags/dag.py for tasks to queue
[2021-09-06 14:47:05,154] {logging_mixin.py:109} INFO - [2021-09-06 14:47:05,154] {dagbag.py:496} INFO - Filling up the DagBag from /opt/airflow/dags/dag.py
[2021-09-06 14:47:05,160] {processor.py:623} INFO - DAG(s) dict_keys(['dag_teste']) retrieved from /opt/airflow/dags/dag.py
[2021-09-06 14:47:05,170] {logging_mixin.py:109} INFO - [2021-09-06 14:47:05,170] {dag.py:1833} INFO - Sync 1 DAGs
[2021-09-06 14:47:05,178] {logging_mixin.py:109} INFO - [2021-09-06 14:47:05,178] {dag.py:2306} INFO - Setting next_dagrun for dag_teste to 2021-09-06 13:01:00+00:00
[2021-09-06 14:47:05,187] {processor.py:170} INFO - Processing /opt/airflow/dags/dag.py took 0.036 seconds
[2021-09-06 14:47:35,731] {processor.py:162} INFO - Started process (PID=3385) to work on /opt/airflow/dags/dag.py
[2021-09-06 14:47:35,732] {processor.py:613} INFO - Processing file /opt/airflow/dags/dag.py for tasks to queue
[2021-09-06 14:47:35,732] {logging_mixin.py:109} INFO - [2021-09-06 14:47:35,732] {dagbag.py:496} INFO - Filling up the DagBag from /opt/airflow/dags/dag.py
[2021-09-06 14:47:35,738] {processor.py:623} INFO - DAG(s) dict_keys(['dag_teste']) retrieved from /opt/airflow/dags/dag.py
[2021-09-06 14:47:35,748] {logging_mixin.py:109} INFO - [2021-09-06 14:47:35,748] {dag.py:1833} INFO - Sync 1 DAGs
[2021-09-06 14:47:35,756] {logging_mixin.py:109} INFO - [2021-09-06 14:47:35,756] {dag.py:2306} INFO - Setting next_dagrun for dag_teste to 2021-09-06 13:01:00+00:00
[2021-09-06 14:47:35,767] {processor.py:170} INFO - Processing /opt/airflow/dags/dag.py took 0.038 seconds
[2021-09-06 14:48:06,349] {processor.py:162} INFO - Started process (PID=3438) to work on /opt/airflow/dags/dag.py
[2021-09-06 14:48:06,349] {processor.py:613} INFO - Processing file /opt/airflow/dags/dag.py for tasks to queue
[2021-09-06 14:48:06,350] {logging_mixin.py:109} INFO - [2021-09-06 14:48:06,350] {dagbag.py:496} INFO - Filling up the DagBag from /opt/airflow/dags/dag.py
[2021-09-06 14:48:06,356] {processor.py:623} INFO - DAG(s) dict_keys(['dag_teste']) retrieved from /opt/airflow/dags/dag.py
[2021-09-06 14:48:06,365] {logging_mixin.py:109} INFO - [2021-09-06 14:48:06,365] {dag.py:1833} INFO - Sync 1 DAGs
[2021-09-06 14:48:06,375] {logging_mixin.py:109} INFO - [2021-09-06 14:48:06,375] {dag.py:2306} INFO - Setting next_dagrun for dag_teste to 2021-09-06 13:01:00+00:00
[2021-09-06 14:48:06,385] {processor.py:170} INFO - Processing /opt/airflow/dags/dag.py took 0.038 seconds
[2021-09-06 14:48:36,965] {processor.py:162} INFO - Started process (PID=3497) to work on /opt/airflow/dags/dag.py
[2021-09-06 14:48:36,965] {processor.py:613} INFO - Processing file /opt/airflow/dags/dag.py for tasks to queue
[2021-09-06 14:48:36,966] {logging_mixin.py:109} INFO - [2021-09-06 14:48:36,965] {dagbag.py:496} INFO - Filling up the DagBag from /opt/airflow/dags/dag.py
[2021-09-06 14:48:36,972] {processor.py:623} INFO - DAG(s) dict_keys(['dag_teste']) retrieved from /opt/airflow/dags/dag.py
[2021-09-06 14:48:36,982] {logging_mixin.py:109} INFO - [2021-09-06 14:48:36,982] {dag.py:1833} INFO - Sync 1 DAGs
[2021-09-06 14:48:36,990] {logging_mixin.py:109} INFO - [2021-09-06 14:48:36,990] {dag.py:2306} INFO - Setting next_dagrun for dag_teste to 2021-09-06 13:01:00+00:00
[2021-09-06 14:48:36,994] {processor.py:170} INFO - Processing /opt/airflow/dags/dag.py took 0.030 seconds
[2021-09-06 14:49:07,600] {processor.py:162} INFO - Started process (PID=3551) to work on /opt/airflow/dags/dag.py
[2021-09-06 14:49:07,600] {processor.py:613} INFO - Processing file /opt/airflow/dags/dag.py for tasks to queue
[2021-09-06 14:49:07,600] {logging_mixin.py:109} INFO - [2021-09-06 14:49:07,600] {dagbag.py:496} INFO - Filling up the DagBag from /opt/airflow/dags/dag.py
[2021-09-06 14:49:07,607] {processor.py:623} INFO - DAG(s) dict_keys(['dag_teste']) retrieved from /opt/airflow/dags/dag.py
[2021-09-06 14:49:07,616] {logging_mixin.py:109} INFO - [2021-09-06 14:49:07,616] {dag.py:1833} INFO - Sync 1 DAGs
[2021-09-06 14:49:07,624] {logging_mixin.py:109} INFO - [2021-09-06 14:49:07,624] {dag.py:2306} INFO - Setting next_dagrun for dag_teste to 2021-09-06 13:01:00+00:00
[2021-09-06 14:49:07,636] {processor.py:170} INFO - Processing /opt/airflow/dags/dag.py took 0.038 seconds
[2021-09-06 14:49:38,223] {processor.py:162} INFO - Started process (PID=3604) to work on /opt/airflow/dags/dag.py
[2021-09-06 14:49:38,223] {processor.py:613} INFO - Processing file /opt/airflow/dags/dag.py for tasks to queue
[2021-09-06 14:49:38,224] {logging_mixin.py:109} INFO - [2021-09-06 14:49:38,224] {dagbag.py:496} INFO - Filling up the DagBag from /opt/airflow/dags/dag.py
[2021-09-06 14:49:38,230] {processor.py:623} INFO - DAG(s) dict_keys(['dag_teste']) retrieved from /opt/airflow/dags/dag.py
[2021-09-06 14:49:38,239] {logging_mixin.py:109} INFO - [2021-09-06 14:49:38,239] {dag.py:1833} INFO - Sync 1 DAGs
[2021-09-06 14:49:38,247] {logging_mixin.py:109} INFO - [2021-09-06 14:49:38,247] {dag.py:2306} INFO - Setting next_dagrun for dag_teste to 2021-09-06 13:01:00+00:00
[2021-09-06 14:49:38,258] {processor.py:170} INFO - Processing /opt/airflow/dags/dag.py took 0.037 seconds
[2021-09-06 14:50:08,804] {processor.py:162} INFO - Started process (PID=3657) to work on /opt/airflow/dags/dag.py
[2021-09-06 14:50:08,805] {processor.py:613} INFO - Processing file /opt/airflow/dags/dag.py for tasks to queue
[2021-09-06 14:50:08,805] {logging_mixin.py:109} INFO - [2021-09-06 14:50:08,805] {dagbag.py:496} INFO - Filling up the DagBag from /opt/airflow/dags/dag.py
[2021-09-06 14:50:08,811] {processor.py:623} INFO - DAG(s) dict_keys(['dag_teste']) retrieved from /opt/airflow/dags/dag.py
[2021-09-06 14:50:08,821] {logging_mixin.py:109} INFO - [2021-09-06 14:50:08,821] {dag.py:1833} INFO - Sync 1 DAGs
[2021-09-06 14:50:08,829] {logging_mixin.py:109} INFO - [2021-09-06 14:50:08,829] {dag.py:2306} INFO - Setting next_dagrun for dag_teste to 2021-09-06 13:01:00+00:00
[2021-09-06 14:50:08,840] {processor.py:170} INFO - Processing /opt/airflow/dags/dag.py took 0.037 seconds
[2021-09-06 14:50:39,359] {processor.py:162} INFO - Started process (PID=3710) to work on /opt/airflow/dags/dag.py
[2021-09-06 14:50:39,360] {processor.py:613} INFO - Processing file /opt/airflow/dags/dag.py for tasks to queue
[2021-09-06 14:50:39,360] {logging_mixin.py:109} INFO - [2021-09-06 14:50:39,360] {dagbag.py:496} INFO - Filling up the DagBag from /opt/airflow/dags/dag.py
[2021-09-06 14:50:39,367] {processor.py:623} INFO - DAG(s) dict_keys(['dag_teste']) retrieved from /opt/airflow/dags/dag.py
[2021-09-06 14:50:39,377] {logging_mixin.py:109} INFO - [2021-09-06 14:50:39,377] {dag.py:1833} INFO - Sync 1 DAGs
[2021-09-06 14:50:39,384] {logging_mixin.py:109} INFO - [2021-09-06 14:50:39,384] {dag.py:2306} INFO - Setting next_dagrun for dag_teste to 2021-09-06 13:01:00+00:00
[2021-09-06 14:50:39,388] {processor.py:170} INFO - Processing /opt/airflow/dags/dag.py took 0.030 seconds
[2021-09-06 14:51:09,984] {processor.py:162} INFO - Started process (PID=3764) to work on /opt/airflow/dags/dag.py
[2021-09-06 14:51:09,984] {processor.py:613} INFO - Processing file /opt/airflow/dags/dag.py for tasks to queue
[2021-09-06 14:51:09,984] {logging_mixin.py:109} INFO - [2021-09-06 14:51:09,984] {dagbag.py:496} INFO - Filling up the DagBag from /opt/airflow/dags/dag.py
[2021-09-06 14:51:09,990] {processor.py:623} INFO - DAG(s) dict_keys(['dag_teste']) retrieved from /opt/airflow/dags/dag.py
[2021-09-06 14:51:10,000] {logging_mixin.py:109} INFO - [2021-09-06 14:51:10,000] {dag.py:1833} INFO - Sync 1 DAGs
[2021-09-06 14:51:10,007] {logging_mixin.py:109} INFO - [2021-09-06 14:51:10,007] {dag.py:2306} INFO - Setting next_dagrun for dag_teste to 2021-09-06 13:01:00+00:00
[2021-09-06 14:51:10,018] {processor.py:170} INFO - Processing /opt/airflow/dags/dag.py took 0.037 seconds
[2021-09-06 14:51:40,590] {processor.py:162} INFO - Started process (PID=3817) to work on /opt/airflow/dags/dag.py
[2021-09-06 14:51:40,590] {processor.py:613} INFO - Processing file /opt/airflow/dags/dag.py for tasks to queue
[2021-09-06 14:51:40,590] {logging_mixin.py:109} INFO - [2021-09-06 14:51:40,590] {dagbag.py:496} INFO - Filling up the DagBag from /opt/airflow/dags/dag.py
[2021-09-06 14:51:40,597] {processor.py:623} INFO - DAG(s) dict_keys(['dag_teste']) retrieved from /opt/airflow/dags/dag.py
[2021-09-06 14:51:40,608] {logging_mixin.py:109} INFO - [2021-09-06 14:51:40,607] {dag.py:1833} INFO - Sync 1 DAGs
[2021-09-06 14:51:40,616] {logging_mixin.py:109} INFO - [2021-09-06 14:51:40,616] {dag.py:2306} INFO - Setting next_dagrun for dag_teste to 2021-09-06 13:01:00+00:00
[2021-09-06 14:51:40,620] {processor.py:170} INFO - Processing /opt/airflow/dags/dag.py took 0.032 seconds
[2021-09-06 14:52:11,207] {processor.py:162} INFO - Started process (PID=3870) to work on /opt/airflow/dags/dag.py
[2021-09-06 14:52:11,208] {processor.py:613} INFO - Processing file /opt/airflow/dags/dag.py for tasks to queue
[2021-09-06 14:52:11,208] {logging_mixin.py:109} INFO - [2021-09-06 14:52:11,208] {dagbag.py:496} INFO - Filling up the DagBag from /opt/airflow/dags/dag.py
[2021-09-06 14:52:11,215] {processor.py:623} INFO - DAG(s) dict_keys(['dag_teste']) retrieved from /opt/airflow/dags/dag.py
[2021-09-06 14:52:11,224] {logging_mixin.py:109} INFO - [2021-09-06 14:52:11,224] {dag.py:1833} INFO - Sync 1 DAGs
[2021-09-06 14:52:11,231] {logging_mixin.py:109} INFO - [2021-09-06 14:52:11,231] {dag.py:2306} INFO - Setting next_dagrun for dag_teste to 2021-09-06 13:01:00+00:00
[2021-09-06 14:52:11,243] {processor.py:170} INFO - Processing /opt/airflow/dags/dag.py took 0.037 seconds
[2021-09-06 14:52:41,796] {processor.py:162} INFO - Started process (PID=3923) to work on /opt/airflow/dags/dag.py
[2021-09-06 14:52:41,796] {processor.py:613} INFO - Processing file /opt/airflow/dags/dag.py for tasks to queue
[2021-09-06 14:52:41,796] {logging_mixin.py:109} INFO - [2021-09-06 14:52:41,796] {dagbag.py:496} INFO - Filling up the DagBag from /opt/airflow/dags/dag.py
[2021-09-06 14:52:41,802] {processor.py:623} INFO - DAG(s) dict_keys(['dag_teste']) retrieved from /opt/airflow/dags/dag.py
[2021-09-06 14:52:41,816] {logging_mixin.py:109} INFO - [2021-09-06 14:52:41,816] {dag.py:1833} INFO - Sync 1 DAGs
[2021-09-06 14:52:41,824] {logging_mixin.py:109} INFO - [2021-09-06 14:52:41,824] {dag.py:2306} INFO - Setting next_dagrun for dag_teste to 2021-09-06 13:01:00+00:00
[2021-09-06 14:52:41,835] {processor.py:170} INFO - Processing /opt/airflow/dags/dag.py took 0.041 seconds
[2021-09-06 14:53:12,340] {processor.py:162} INFO - Started process (PID=3977) to work on /opt/airflow/dags/dag.py
[2021-09-06 14:53:12,340] {processor.py:613} INFO - Processing file /opt/airflow/dags/dag.py for tasks to queue
[2021-09-06 14:53:12,340] {logging_mixin.py:109} INFO - [2021-09-06 14:53:12,340] {dagbag.py:496} INFO - Filling up the DagBag from /opt/airflow/dags/dag.py
[2021-09-06 14:53:12,347] {processor.py:623} INFO - DAG(s) dict_keys(['dag_teste']) retrieved from /opt/airflow/dags/dag.py
[2021-09-06 14:53:12,356] {logging_mixin.py:109} INFO - [2021-09-06 14:53:12,356] {dag.py:1833} INFO - Sync 1 DAGs
[2021-09-06 14:53:12,364] {logging_mixin.py:109} INFO - [2021-09-06 14:53:12,364] {dag.py:2306} INFO - Setting next_dagrun for dag_teste to 2021-09-06 13:01:00+00:00
[2021-09-06 14:53:12,375] {processor.py:170} INFO - Processing /opt/airflow/dags/dag.py took 0.037 seconds
[2021-09-06 14:53:42,929] {processor.py:162} INFO - Started process (PID=4030) to work on /opt/airflow/dags/dag.py
[2021-09-06 14:53:42,929] {processor.py:613} INFO - Processing file /opt/airflow/dags/dag.py for tasks to queue
[2021-09-06 14:53:42,930] {logging_mixin.py:109} INFO - [2021-09-06 14:53:42,930] {dagbag.py:496} INFO - Filling up the DagBag from /opt/airflow/dags/dag.py
[2021-09-06 14:53:42,936] {processor.py:623} INFO - DAG(s) dict_keys(['dag_teste']) retrieved from /opt/airflow/dags/dag.py
[2021-09-06 14:53:42,947] {logging_mixin.py:109} INFO - [2021-09-06 14:53:42,947] {dag.py:1833} INFO - Sync 1 DAGs
[2021-09-06 14:53:42,955] {logging_mixin.py:109} INFO - [2021-09-06 14:53:42,955] {dag.py:2306} INFO - Setting next_dagrun for dag_teste to 2021-09-06 13:01:00+00:00
[2021-09-06 14:53:42,966] {processor.py:170} INFO - Processing /opt/airflow/dags/dag.py took 0.039 seconds
[2021-09-06 14:54:13,487] {processor.py:162} INFO - Started process (PID=4083) to work on /opt/airflow/dags/dag.py
[2021-09-06 14:54:13,487] {processor.py:613} INFO - Processing file /opt/airflow/dags/dag.py for tasks to queue
[2021-09-06 14:54:13,487] {logging_mixin.py:109} INFO - [2021-09-06 14:54:13,487] {dagbag.py:496} INFO - Filling up the DagBag from /opt/airflow/dags/dag.py
[2021-09-06 14:54:13,493] {processor.py:623} INFO - DAG(s) dict_keys(['dag_teste']) retrieved from /opt/airflow/dags/dag.py
[2021-09-06 14:54:13,503] {logging_mixin.py:109} INFO - [2021-09-06 14:54:13,503] {dag.py:1833} INFO - Sync 1 DAGs
[2021-09-06 14:54:13,515] {logging_mixin.py:109} INFO - [2021-09-06 14:54:13,514] {dag.py:2306} INFO - Setting next_dagrun for dag_teste to 2021-09-06 13:01:00+00:00
[2021-09-06 14:54:13,525] {processor.py:170} INFO - Processing /opt/airflow/dags/dag.py took 0.040 seconds
[2021-09-06 14:54:44,083] {processor.py:162} INFO - Started process (PID=4136) to work on /opt/airflow/dags/dag.py
[2021-09-06 14:54:44,083] {processor.py:613} INFO - Processing file /opt/airflow/dags/dag.py for tasks to queue
[2021-09-06 14:54:44,083] {logging_mixin.py:109} INFO - [2021-09-06 14:54:44,083] {dagbag.py:496} INFO - Filling up the DagBag from /opt/airflow/dags/dag.py
[2021-09-06 14:54:44,089] {processor.py:623} INFO - DAG(s) dict_keys(['dag_teste']) retrieved from /opt/airflow/dags/dag.py
[2021-09-06 14:54:44,098] {logging_mixin.py:109} INFO - [2021-09-06 14:54:44,098] {dag.py:1833} INFO - Sync 1 DAGs
[2021-09-06 14:54:44,106] {logging_mixin.py:109} INFO - [2021-09-06 14:54:44,106] {dag.py:2306} INFO - Setting next_dagrun for dag_teste to 2021-09-06 13:01:00+00:00
[2021-09-06 14:54:44,117] {processor.py:170} INFO - Processing /opt/airflow/dags/dag.py took 0.036 seconds
[2021-09-06 14:55:14,676] {processor.py:162} INFO - Started process (PID=4189) to work on /opt/airflow/dags/dag.py
[2021-09-06 14:55:14,677] {processor.py:613} INFO - Processing file /opt/airflow/dags/dag.py for tasks to queue
[2021-09-06 14:55:14,677] {logging_mixin.py:109} INFO - [2021-09-06 14:55:14,677] {dagbag.py:496} INFO - Filling up the DagBag from /opt/airflow/dags/dag.py
[2021-09-06 14:55:14,683] {processor.py:623} INFO - DAG(s) dict_keys(['dag_teste']) retrieved from /opt/airflow/dags/dag.py
[2021-09-06 14:55:14,694] {logging_mixin.py:109} INFO - [2021-09-06 14:55:14,694] {dag.py:1833} INFO - Sync 1 DAGs
[2021-09-06 14:55:14,704] {logging_mixin.py:109} INFO - [2021-09-06 14:55:14,704] {dag.py:2306} INFO - Setting next_dagrun for dag_teste to 2021-09-06 13:01:00+00:00
[2021-09-06 14:55:14,715] {processor.py:170} INFO - Processing /opt/airflow/dags/dag.py took 0.039 seconds
[2021-09-06 14:55:45,247] {processor.py:162} INFO - Started process (PID=4242) to work on /opt/airflow/dags/dag.py
[2021-09-06 14:55:45,247] {processor.py:613} INFO - Processing file /opt/airflow/dags/dag.py for tasks to queue
[2021-09-06 14:55:45,247] {logging_mixin.py:109} INFO - [2021-09-06 14:55:45,247] {dagbag.py:496} INFO - Filling up the DagBag from /opt/airflow/dags/dag.py
[2021-09-06 14:55:45,254] {processor.py:623} INFO - DAG(s) dict_keys(['dag_teste']) retrieved from /opt/airflow/dags/dag.py
[2021-09-06 14:55:45,267] {logging_mixin.py:109} INFO - [2021-09-06 14:55:45,267] {dag.py:1833} INFO - Sync 1 DAGs
[2021-09-06 14:55:45,275] {logging_mixin.py:109} INFO - [2021-09-06 14:55:45,275] {dag.py:2306} INFO - Setting next_dagrun for dag_teste to 2021-09-06 13:01:00+00:00
[2021-09-06 14:55:45,282] {processor.py:170} INFO - Processing /opt/airflow/dags/dag.py took 0.037 seconds
[2021-09-06 14:56:15,860] {processor.py:162} INFO - Started process (PID=4295) to work on /opt/airflow/dags/dag.py
[2021-09-06 14:56:15,861] {processor.py:613} INFO - Processing file /opt/airflow/dags/dag.py for tasks to queue
[2021-09-06 14:56:15,861] {logging_mixin.py:109} INFO - [2021-09-06 14:56:15,861] {dagbag.py:496} INFO - Filling up the DagBag from /opt/airflow/dags/dag.py
[2021-09-06 14:56:15,867] {processor.py:623} INFO - DAG(s) dict_keys(['dag_teste']) retrieved from /opt/airflow/dags/dag.py
[2021-09-06 14:56:15,878] {logging_mixin.py:109} INFO - [2021-09-06 14:56:15,878] {dag.py:1833} INFO - Sync 1 DAGs
[2021-09-06 14:56:15,885] {logging_mixin.py:109} INFO - [2021-09-06 14:56:15,885] {dag.py:2306} INFO - Setting next_dagrun for dag_teste to 2021-09-06 13:01:00+00:00
[2021-09-06 14:56:15,895] {processor.py:170} INFO - Processing /opt/airflow/dags/dag.py took 0.036 seconds
[2021-09-06 14:56:46,393] {processor.py:162} INFO - Started process (PID=4349) to work on /opt/airflow/dags/dag.py
[2021-09-06 14:56:46,394] {processor.py:613} INFO - Processing file /opt/airflow/dags/dag.py for tasks to queue
[2021-09-06 14:56:46,394] {logging_mixin.py:109} INFO - [2021-09-06 14:56:46,394] {dagbag.py:496} INFO - Filling up the DagBag from /opt/airflow/dags/dag.py
[2021-09-06 14:56:46,400] {processor.py:623} INFO - DAG(s) dict_keys(['dag_teste']) retrieved from /opt/airflow/dags/dag.py
[2021-09-06 14:56:46,410] {logging_mixin.py:109} INFO - [2021-09-06 14:56:46,410] {dag.py:1833} INFO - Sync 1 DAGs
[2021-09-06 14:56:46,418] {logging_mixin.py:109} INFO - [2021-09-06 14:56:46,418] {dag.py:2306} INFO - Setting next_dagrun for dag_teste to 2021-09-06 13:01:00+00:00
[2021-09-06 14:56:46,422] {processor.py:170} INFO - Processing /opt/airflow/dags/dag.py took 0.031 seconds
[2021-09-06 14:57:16,990] {processor.py:162} INFO - Started process (PID=4402) to work on /opt/airflow/dags/dag.py
[2021-09-06 14:57:16,991] {processor.py:613} INFO - Processing file /opt/airflow/dags/dag.py for tasks to queue
[2021-09-06 14:57:16,991] {logging_mixin.py:109} INFO - [2021-09-06 14:57:16,991] {dagbag.py:496} INFO - Filling up the DagBag from /opt/airflow/dags/dag.py
[2021-09-06 14:57:16,998] {processor.py:623} INFO - DAG(s) dict_keys(['dag_teste']) retrieved from /opt/airflow/dags/dag.py
[2021-09-06 14:57:17,008] {logging_mixin.py:109} INFO - [2021-09-06 14:57:17,008] {dag.py:1833} INFO - Sync 1 DAGs
[2021-09-06 14:57:17,015] {logging_mixin.py:109} INFO - [2021-09-06 14:57:17,015] {dag.py:2306} INFO - Setting next_dagrun for dag_teste to 2021-09-06 13:01:00+00:00
[2021-09-06 14:57:17,026] {processor.py:170} INFO - Processing /opt/airflow/dags/dag.py took 0.038 seconds
[2021-09-06 14:57:47,580] {processor.py:162} INFO - Started process (PID=4455) to work on /opt/airflow/dags/dag.py
[2021-09-06 14:57:47,581] {processor.py:613} INFO - Processing file /opt/airflow/dags/dag.py for tasks to queue
[2021-09-06 14:57:47,582] {logging_mixin.py:109} INFO - [2021-09-06 14:57:47,582] {dagbag.py:496} INFO - Filling up the DagBag from /opt/airflow/dags/dag.py
[2021-09-06 14:57:47,588] {processor.py:623} INFO - DAG(s) dict_keys(['dag_teste']) retrieved from /opt/airflow/dags/dag.py
[2021-09-06 14:57:47,598] {logging_mixin.py:109} INFO - [2021-09-06 14:57:47,598] {dag.py:1833} INFO - Sync 1 DAGs
[2021-09-06 14:57:47,606] {logging_mixin.py:109} INFO - [2021-09-06 14:57:47,606] {dag.py:2306} INFO - Setting next_dagrun for dag_teste to 2021-09-06 13:01:00+00:00
[2021-09-06 14:57:47,615] {processor.py:170} INFO - Processing /opt/airflow/dags/dag.py took 0.036 seconds
[2021-09-06 14:58:18,163] {processor.py:162} INFO - Started process (PID=4508) to work on /opt/airflow/dags/dag.py
[2021-09-06 14:58:18,163] {processor.py:613} INFO - Processing file /opt/airflow/dags/dag.py for tasks to queue
[2021-09-06 14:58:18,164] {logging_mixin.py:109} INFO - [2021-09-06 14:58:18,164] {dagbag.py:496} INFO - Filling up the DagBag from /opt/airflow/dags/dag.py
[2021-09-06 14:58:18,170] {processor.py:623} INFO - DAG(s) dict_keys(['dag_teste']) retrieved from /opt/airflow/dags/dag.py
[2021-09-06 14:58:18,179] {logging_mixin.py:109} INFO - [2021-09-06 14:58:18,179] {dag.py:1833} INFO - Sync 1 DAGs
[2021-09-06 14:58:18,186] {logging_mixin.py:109} INFO - [2021-09-06 14:58:18,186] {dag.py:2306} INFO - Setting next_dagrun for dag_teste to 2021-09-06 13:01:00+00:00
[2021-09-06 14:58:18,197] {processor.py:170} INFO - Processing /opt/airflow/dags/dag.py took 0.036 seconds
[2021-09-06 14:58:48,742] {processor.py:162} INFO - Started process (PID=4561) to work on /opt/airflow/dags/dag.py
[2021-09-06 14:58:48,743] {processor.py:613} INFO - Processing file /opt/airflow/dags/dag.py for tasks to queue
[2021-09-06 14:58:48,743] {logging_mixin.py:109} INFO - [2021-09-06 14:58:48,743] {dagbag.py:496} INFO - Filling up the DagBag from /opt/airflow/dags/dag.py
[2021-09-06 14:58:48,749] {processor.py:623} INFO - DAG(s) dict_keys(['dag_teste']) retrieved from /opt/airflow/dags/dag.py
[2021-09-06 14:58:48,759] {logging_mixin.py:109} INFO - [2021-09-06 14:58:48,758] {dag.py:1833} INFO - Sync 1 DAGs
[2021-09-06 14:58:48,767] {logging_mixin.py:109} INFO - [2021-09-06 14:58:48,767] {dag.py:2306} INFO - Setting next_dagrun for dag_teste to 2021-09-06 13:01:00+00:00
[2021-09-06 14:58:48,778] {processor.py:170} INFO - Processing /opt/airflow/dags/dag.py took 0.038 seconds
