[2021-09-07 13:27:48,543] {taskinstance.py:903} INFO - Dependencies all met for <TaskInstance: daily_update_covid_tables.commit_and_close_connection 2021-09-06T13:01:00+00:00 [queued]>
[2021-09-07 13:27:48,547] {taskinstance.py:903} INFO - Dependencies all met for <TaskInstance: daily_update_covid_tables.commit_and_close_connection 2021-09-06T13:01:00+00:00 [queued]>
[2021-09-07 13:27:48,547] {taskinstance.py:1094} INFO - 
--------------------------------------------------------------------------------
[2021-09-07 13:27:48,547] {taskinstance.py:1095} INFO - Starting attempt 1 of 1
[2021-09-07 13:27:48,547] {taskinstance.py:1096} INFO - 
--------------------------------------------------------------------------------
[2021-09-07 13:27:48,553] {taskinstance.py:1114} INFO - Executing <Task(PythonOperator): commit_and_close_connection> on 2021-09-06T13:01:00+00:00
[2021-09-07 13:27:48,555] {standard_task_runner.py:52} INFO - Started process 64 to run task
[2021-09-07 13:27:48,558] {standard_task_runner.py:76} INFO - Running: ['***', 'tasks', 'run', 'daily_update_covid_tables', 'commit_and_close_connection', '2021-09-06T13:01:00+00:00', '--job-id', '20', '--pool', 'default_pool', '--raw', '--subdir', 'DAGS_FOLDER/dag.py', '--cfg-path', '/tmp/tmp0b66wf5i', '--error-file', '/tmp/tmpgva_id78']
[2021-09-07 13:27:48,558] {standard_task_runner.py:77} INFO - Job 20: Subtask commit_and_close_connection
[2021-09-07 13:27:48,576] {logging_mixin.py:109} INFO - Running <TaskInstance: daily_update_covid_tables.commit_and_close_connection 2021-09-06T13:01:00+00:00 [running]> on host 42585af7096a
[2021-09-07 13:27:48,597] {taskinstance.py:1251} INFO - Exporting the following env vars:
AIRFLOW_CTX_DAG_OWNER=***
AIRFLOW_CTX_DAG_ID=daily_update_covid_tables
AIRFLOW_CTX_TASK_ID=commit_and_close_connection
AIRFLOW_CTX_EXECUTION_DATE=2021-09-06T13:01:00+00:00
AIRFLOW_CTX_DAG_RUN_ID=scheduled__2021-09-06T13:01:00+00:00
[2021-09-07 13:27:48,598] {python.py:151} INFO - Done. Returned value was: None
[2021-09-07 13:27:48,602] {taskinstance.py:1211} INFO - Marking task as SUCCESS. dag_id=daily_update_covid_tables, task_id=commit_and_close_connection, execution_date=20210906T130100, start_date=20210907T132748, end_date=20210907T132748
[2021-09-07 13:27:48,648] {local_task_job.py:151} INFO - Task exited with return code 0
[2021-09-07 13:27:48,659] {local_task_job.py:261} INFO - 0 downstream tasks scheduled from follow-on schedule check
